running egg_info
writing ../../build/robot_scripts/robot_scripts.egg-info/PKG-INFO
writing dependency_links to ../../build/robot_scripts/robot_scripts.egg-info/dependency_links.txt
writing entry points to ../../build/robot_scripts/robot_scripts.egg-info/entry_points.txt
writing requirements to ../../build/robot_scripts/robot_scripts.egg-info/requires.txt
writing top-level names to ../../build/robot_scripts/robot_scripts.egg-info/top_level.txt
reading manifest file '../../build/robot_scripts/robot_scripts.egg-info/SOURCES.txt'
writing manifest file '../../build/robot_scripts/robot_scripts.egg-info/SOURCES.txt'
running build
running build_py
copying robot_scripts/move_on_scissors.py -> /root/ws_moveit/build/robot_scripts/build/lib/robot_scripts
running install
running install_lib
copying /root/ws_moveit/build/robot_scripts/build/lib/robot_scripts/move_on_scissors.py -> /root/ws_moveit/install/robot_scripts/lib/python3.10/site-packages/robot_scripts
byte-compiling /root/ws_moveit/install/robot_scripts/lib/python3.10/site-packages/robot_scripts/move_on_scissors.py to move_on_scissors.cpython-310.pyc
running install_data
running install_egg_info
removing '/root/ws_moveit/install/robot_scripts/lib/python3.10/site-packages/robot_scripts-0.0.0-py3.10.egg-info' (and everything under it)
Copying ../../build/robot_scripts/robot_scripts.egg-info to /root/ws_moveit/install/robot_scripts/lib/python3.10/site-packages/robot_scripts-0.0.0-py3.10.egg-info
running install_scripts
Installing move_on_scissors script to /root/ws_moveit/install/robot_scripts/lib/robot_scripts
Installing move_to_joint_position script to /root/ws_moveit/install/robot_scripts/lib/robot_scripts
writing list of installed files to '/root/ws_moveit/build/robot_scripts/install.log'
