[0.006s] Invoking command in '/root/ws_moveit/build/moveit_resources': AMENT_PREFIX_PATH=/root/ws_moveit/install/moveit_resources_panda_moveit_config:/root/ws_moveit/install/moveit_resources_fanuc_moveit_config:/root/ws_moveit/install/moveit_resources_pr2_description:/root/ws_moveit/install/moveit_resources_panda_description:/root/ws_moveit/install/moveit_resources_fanuc_description:${AMENT_PREFIX_PATH} CMAKE_PREFIX_PATH=/root/ws_moveit/install/moveit_resources_panda_moveit_config:/root/ws_moveit/install/moveit_resources_fanuc_moveit_config:/root/ws_moveit/install/moveit_resources_pr2_description:/root/ws_moveit/install/moveit_resources_panda_description:/root/ws_moveit/install/moveit_resources_fanuc_description:/opt/ros/humble /usr/bin/cmake /root/ws_moveit/src/moveit_resources/moveit_resources -DCMAKE_INSTALL_PREFIX=/root/ws_moveit/install/moveit_resources
[0.059s] -- The C compiler identification is GNU 11.4.0
[0.109s] -- The CXX compiler identification is GNU 11.4.0
[0.113s] -- Detecting C compiler ABI info
[0.205s] -- Detecting C compiler ABI info - done
[0.213s] -- Check for working C compiler: /usr/bin/cc - skipped
[0.213s] -- Detecting C compile features
[0.214s] -- Detecting C compile features - done
[0.217s] -- Detecting CXX compiler ABI info
[0.315s] -- Detecting CXX compiler ABI info - done
[0.318s] -- Check for working CXX compiler: /usr/bin/c++ - skipped
[0.318s] -- Detecting CXX compile features
[0.318s] -- Detecting CXX compile features - done
[0.320s] -- Found ament_cmake: 1.3.11 (/opt/ros/humble/share/ament_cmake/cmake)
[0.405s] -- Found Python3: /usr/bin/python3 (found version "3.10.12") found components: Interpreter 
[0.488s] -- Configuring done
[0.489s] -- Generating done
[0.490s] -- Build files have been written to: /root/ws_moveit/build/moveit_resources
[0.492s] Invoked command in '/root/ws_moveit/build/moveit_resources' returned '0': AMENT_PREFIX_PATH=/root/ws_moveit/install/moveit_resources_panda_moveit_config:/root/ws_moveit/install/moveit_resources_fanuc_moveit_config:/root/ws_moveit/install/moveit_resources_pr2_description:/root/ws_moveit/install/moveit_resources_panda_description:/root/ws_moveit/install/moveit_resources_fanuc_description:${AMENT_PREFIX_PATH} CMAKE_PREFIX_PATH=/root/ws_moveit/install/moveit_resources_panda_moveit_config:/root/ws_moveit/install/moveit_resources_fanuc_moveit_config:/root/ws_moveit/install/moveit_resources_pr2_description:/root/ws_moveit/install/moveit_resources_panda_description:/root/ws_moveit/install/moveit_resources_fanuc_description:/opt/ros/humble /usr/bin/cmake /root/ws_moveit/src/moveit_resources/moveit_resources -DCMAKE_INSTALL_PREFIX=/root/ws_moveit/install/moveit_resources
[0.493s] Invoking command in '/root/ws_moveit/build/moveit_resources': AMENT_PREFIX_PATH=/root/ws_moveit/install/moveit_resources_panda_moveit_config:/root/ws_moveit/install/moveit_resources_fanuc_moveit_config:/root/ws_moveit/install/moveit_resources_pr2_description:/root/ws_moveit/install/moveit_resources_panda_description:/root/ws_moveit/install/moveit_resources_fanuc_description:${AMENT_PREFIX_PATH} CMAKE_PREFIX_PATH=/root/ws_moveit/install/moveit_resources_panda_moveit_config:/root/ws_moveit/install/moveit_resources_fanuc_moveit_config:/root/ws_moveit/install/moveit_resources_pr2_description:/root/ws_moveit/install/moveit_resources_panda_description:/root/ws_moveit/install/moveit_resources_fanuc_description:/opt/ros/humble /usr/bin/cmake --build /root/ws_moveit/build/moveit_resources
[0.523s] Invoked command in '/root/ws_moveit/build/moveit_resources' returned '0': AMENT_PREFIX_PATH=/root/ws_moveit/install/moveit_resources_panda_moveit_config:/root/ws_moveit/install/moveit_resources_fanuc_moveit_config:/root/ws_moveit/install/moveit_resources_pr2_description:/root/ws_moveit/install/moveit_resources_panda_description:/root/ws_moveit/install/moveit_resources_fanuc_description:${AMENT_PREFIX_PATH} CMAKE_PREFIX_PATH=/root/ws_moveit/install/moveit_resources_panda_moveit_config:/root/ws_moveit/install/moveit_resources_fanuc_moveit_config:/root/ws_moveit/install/moveit_resources_pr2_description:/root/ws_moveit/install/moveit_resources_panda_description:/root/ws_moveit/install/moveit_resources_fanuc_description:/opt/ros/humble /usr/bin/cmake --build /root/ws_moveit/build/moveit_resources
[0.524s] Invoking command in '/root/ws_moveit/build/moveit_resources': AMENT_PREFIX_PATH=/root/ws_moveit/install/moveit_resources_panda_moveit_config:/root/ws_moveit/install/moveit_resources_fanuc_moveit_config:/root/ws_moveit/install/moveit_resources_pr2_description:/root/ws_moveit/install/moveit_resources_panda_description:/root/ws_moveit/install/moveit_resources_fanuc_description:${AMENT_PREFIX_PATH} CMAKE_PREFIX_PATH=/root/ws_moveit/install/moveit_resources_panda_moveit_config:/root/ws_moveit/install/moveit_resources_fanuc_moveit_config:/root/ws_moveit/install/moveit_resources_pr2_description:/root/ws_moveit/install/moveit_resources_panda_description:/root/ws_moveit/install/moveit_resources_fanuc_description:/opt/ros/humble /usr/bin/cmake --install /root/ws_moveit/build/moveit_resources
[0.527s] -- Install configuration: ""
[0.527s] -- Installing: /root/ws_moveit/install/moveit_resources/share/ament_index/resource_index/package_run_dependencies/moveit_resources
[0.528s] -- Installing: /root/ws_moveit/install/moveit_resources/share/ament_index/resource_index/parent_prefix_path/moveit_resources
[0.528s] -- Installing: /root/ws_moveit/install/moveit_resources/share/moveit_resources/environment/ament_prefix_path.sh
[0.528s] -- Installing: /root/ws_moveit/install/moveit_resources/share/moveit_resources/environment/ament_prefix_path.dsv
[0.528s] -- Installing: /root/ws_moveit/install/moveit_resources/share/moveit_resources/environment/path.sh
[0.528s] -- Installing: /root/ws_moveit/install/moveit_resources/share/moveit_resources/environment/path.dsv
[0.528s] -- Installing: /root/ws_moveit/install/moveit_resources/share/moveit_resources/local_setup.bash
[0.528s] -- Installing: /root/ws_moveit/install/moveit_resources/share/moveit_resources/local_setup.sh
[0.528s] -- Installing: /root/ws_moveit/install/moveit_resources/share/moveit_resources/local_setup.zsh
[0.528s] -- Installing: /root/ws_moveit/install/moveit_resources/share/moveit_resources/local_setup.dsv
[0.528s] -- Installing: /root/ws_moveit/install/moveit_resources/share/moveit_resources/package.dsv
[0.528s] -- Installing: /root/ws_moveit/install/moveit_resources/share/ament_index/resource_index/packages/moveit_resources
[0.529s] -- Installing: /root/ws_moveit/install/moveit_resources/share/moveit_resources/cmake/moveit_resourcesConfig.cmake
[0.529s] -- Installing: /root/ws_moveit/install/moveit_resources/share/moveit_resources/cmake/moveit_resourcesConfig-version.cmake
[0.529s] -- Installing: /root/ws_moveit/install/moveit_resources/share/moveit_resources/package.xml
[0.530s] Invoked command in '/root/ws_moveit/build/moveit_resources' returned '0': AMENT_PREFIX_PATH=/root/ws_moveit/install/moveit_resources_panda_moveit_config:/root/ws_moveit/install/moveit_resources_fanuc_moveit_config:/root/ws_moveit/install/moveit_resources_pr2_description:/root/ws_moveit/install/moveit_resources_panda_description:/root/ws_moveit/install/moveit_resources_fanuc_description:${AMENT_PREFIX_PATH} CMAKE_PREFIX_PATH=/root/ws_moveit/install/moveit_resources_panda_moveit_config:/root/ws_moveit/install/moveit_resources_fanuc_moveit_config:/root/ws_moveit/install/moveit_resources_pr2_description:/root/ws_moveit/install/moveit_resources_panda_description:/root/ws_moveit/install/moveit_resources_fanuc_description:/opt/ros/humble /usr/bin/cmake --install /root/ws_moveit/build/moveit_resources
