[0.371s] Invoking command in '/root/ros2_ws/src/yolov8_detector': PYTHONPATH=/root/ros2_ws/build/yolov8_detector/prefix_override:/usr/lib/python3/dist-packages/colcon_core/task/python/colcon_distutils_commands:/root/ros2_ws/install/yolov8_detector/lib/python3.10/site-packages:${PYTHONPATH} /usr/bin/python3 -W ignore:setup.py install is deprecated -W ignore:easy_install command is deprecated setup.py egg_info --egg-base ../../build/yolov8_detector build --build-base /root/ros2_ws/build/yolov8_detector/build install --record /root/ros2_ws/build/yolov8_detector/install.log --single-version-externally-managed install_data
[0.496s] running egg_info
[0.496s] writing ../../build/yolov8_detector/yolov8_detector.egg-info/PKG-INFO
[0.497s] writing dependency_links to ../../build/yolov8_detector/yolov8_detector.egg-info/dependency_links.txt
[0.498s] writing entry points to ../../build/yolov8_detector/yolov8_detector.egg-info/entry_points.txt
[0.498s] writing requirements to ../../build/yolov8_detector/yolov8_detector.egg-info/requires.txt
[0.498s] writing top-level names to ../../build/yolov8_detector/yolov8_detector.egg-info/top_level.txt
[0.499s] reading manifest file '../../build/yolov8_detector/yolov8_detector.egg-info/SOURCES.txt'
[0.499s] writing manifest file '../../build/yolov8_detector/yolov8_detector.egg-info/SOURCES.txt'
[0.499s] running build
[0.499s] running build_py
[0.500s] running install
[0.500s] running install_lib
[0.501s] running install_data
[0.501s] running install_egg_info
[0.502s] removing '/root/ros2_ws/install/yolov8_detector/lib/python3.10/site-packages/yolov8_detector-0.0.0-py3.10.egg-info' (and everything under it)
[0.502s] Copying ../../build/yolov8_detector/yolov8_detector.egg-info to /root/ros2_ws/install/yolov8_detector/lib/python3.10/site-packages/yolov8_detector-0.0.0-py3.10.egg-info
[0.502s] running install_scripts
[0.517s] Installing yolov8_node script to /root/ros2_ws/install/yolov8_detector/lib/yolov8_detector
[0.518s] writing list of installed files to '/root/ros2_ws/build/yolov8_detector/install.log'
[0.530s] Invoked command in '/root/ros2_ws/src/yolov8_detector' returned '0': PYTHONPATH=/root/ros2_ws/build/yolov8_detector/prefix_override:/usr/lib/python3/dist-packages/colcon_core/task/python/colcon_distutils_commands:/root/ros2_ws/install/yolov8_detector/lib/python3.10/site-packages:${PYTHONPATH} /usr/bin/python3 -W ignore:setup.py install is deprecated -W ignore:easy_install command is deprecated setup.py egg_info --egg-base ../../build/yolov8_detector build --build-base /root/ros2_ws/build/yolov8_detector/build install --record /root/ros2_ws/build/yolov8_detector/install.log --single-version-externally-managed install_data
