[0.016s] Invoking command in '/root/ws_moveit/build/moveit_kinematics': AMENT_PREFIX_PATH=/root/ws_moveit/install/moveit_ros_planning:/root/ws_moveit/install/moveit_ros_occupancy_map_monitor:/root/ws_moveit/install/moveit_core:/root/ws_moveit/install/moveit_resources_panda_moveit_config:/root/ws_moveit/install/moveit_resources_fanuc_moveit_config:/root/ws_moveit/install/moveit_configs_utils:/root/ws_moveit/install/srdfdom:/root/ws_moveit/install/moveit_resources_pr2_description:/root/ws_moveit/install/moveit_resources_panda_description:/root/ws_moveit/install/moveit_resources_fanuc_description:/root/ws_moveit/install/moveit_common:/root/ws_moveit/install/launch_param_builder:${AMENT_PREFIX_PATH} CMAKE_PREFIX_PATH=/root/ws_moveit/install/moveit_ros_planning:/root/ws_moveit/install/moveit_ros_occupancy_map_monitor:/root/ws_moveit/install/moveit_core:/root/ws_moveit/install/moveit_resources_panda_moveit_config:/root/ws_moveit/install/moveit_resources_fanuc_moveit_config:/root/ws_moveit/install/srdfdom:/root/ws_moveit/install/moveit_resources_pr2_description:/root/ws_moveit/install/moveit_resources_panda_description:/root/ws_moveit/install/moveit_resources_fanuc_description:/root/ws_moveit/install/moveit_common:/opt/ros/humble LD_LIBRARY_PATH=/root/ws_moveit/install/moveit_ros_planning/lib:/root/ws_moveit/install/moveit_ros_occupancy_map_monitor/lib:/root/ws_moveit/install/moveit_core/lib:/root/ws_moveit/install/srdfdom/lib:${LD_LIBRARY_PATH} PATH=/root/ws_moveit/install/moveit_core/bin:${PATH} PYTHONPATH=/root/ws_moveit/install/moveit_configs_utils/lib/python3.10/site-packages:/root/ws_moveit/install/srdfdom/local/lib/python3.10/dist-packages:/root/ws_moveit/install/launch_param_builder/lib/python3.10/site-packages:${PYTHONPATH} /usr/bin/cmake /root/ws_moveit/src/moveit2/moveit_kinematics -DCMAKE_INSTALL_PREFIX=/root/ws_moveit/install/moveit_kinematics
[0.076s] -- The C compiler identification is GNU 11.4.0
[0.120s] -- The CXX compiler identification is GNU 11.4.0
[0.123s] -- Detecting C compiler ABI info
[0.200s] -- Detecting C compiler ABI info - done
[0.214s] -- Check for working C compiler: /usr/bin/cc - skipped
[0.215s] -- Detecting C compile features
[0.216s] -- Detecting C compile features - done
[0.220s] -- Detecting CXX compiler ABI info
[0.323s] -- Detecting CXX compiler ABI info - done
[0.326s] -- Check for working CXX compiler: /usr/bin/c++ - skipped
[0.326s] -- Detecting CXX compile features
[0.327s] -- Detecting CXX compile features - done
[0.327s] -- Found moveit_common: 2.5.9 (/root/ws_moveit/install/moveit_common/share/moveit_common/cmake)
[0.329s] -- Found ament_cmake: 1.3.11 (/opt/ros/humble/share/ament_cmake/cmake)
[0.430s] -- Found Python3: /usr/bin/python3 (found version "3.10.12") found components: Interpreter 
[0.535s] [0mmoveit_kinematics: You did not request a specific build type: Choosing 'Release' for maximum performance[0m
[0.542s] -- Found tf2_kdl: 0.25.13 (/opt/ros/humble/share/tf2_kdl/cmake)
[0.563s] -- Found rosidl_generator_c: 3.1.6 (/opt/ros/humble/share/rosidl_generator_c/cmake)
[0.566s] -- Found rosidl_adapter: 3.1.6 (/opt/ros/humble/share/rosidl_adapter/cmake)
[0.571s] -- Found rosidl_generator_cpp: 3.1.6 (/opt/ros/humble/share/rosidl_generator_cpp/cmake)
[0.578s] -- Using all available rosidl_typesupport_c: rosidl_typesupport_fastrtps_c;rosidl_typesupport_introspection_c
[0.587s] -- Using all available rosidl_typesupport_cpp: rosidl_typesupport_fastrtps_cpp;rosidl_typesupport_introspection_cpp
[0.612s] -- Found eigen3_cmake_module: 0.1.1 (/opt/ros/humble/share/eigen3_cmake_module/cmake)
[0.613s] -- Found Eigen3: TRUE (found version "3.4.0") 
[0.613s] -- Ensuring Eigen3 include directory is part of orocos-kdl CMake target
[0.657s] -- Found rmw_implementation_cmake: 6.1.2 (/opt/ros/humble/share/rmw_implementation_cmake/cmake)
[0.659s] -- Found rmw_fastrtps_cpp: 6.2.7 (/opt/ros/humble/share/rmw_fastrtps_cpp/cmake)
[0.751s] -- Found OpenSSL: /usr/lib/x86_64-linux-gnu/libcrypto.so (found version "3.0.2")  
[0.766s] -- Found FastRTPS: /opt/ros/humble/include  
[0.793s] -- Using RMW implementation 'rmw_fastrtps_cpp' as default
[0.799s] -- Looking for pthread.h
[0.869s] -- Looking for pthread.h - found
[0.869s] -- Performing Test CMAKE_HAVE_LIBC_PTHREAD
[0.932s] -- Performing Test CMAKE_HAVE_LIBC_PTHREAD - Success
[0.933s] -- Found Threads: TRUE  
[0.988s] -- Found kdl_parser: 2.6.4 (/opt/ros/humble/share/kdl_parser/cmake)
[0.990s] -- Found random_numbers: 2.0.1 (/opt/ros/humble/share/random_numbers/cmake)
[0.997s] -- Found pluginlib: 5.1.0 (/opt/ros/humble/share/pluginlib/cmake)
[1.006s] -- Found moveit_core: 2.5.9 (/root/ws_moveit/install/moveit_core/share/moveit_core/cmake)
[1.025s] -- Found Boost: /usr/lib/x86_64-linux-gnu/cmake/Boost-1.74.0/BoostConfig.cmake (found version "1.74.0") found components: chrono date_time filesystem iostreams program_options regex serialization system thread 
[1.043s] -- Found parameter_traits: 0.5.0 (/opt/ros/humble/share/parameter_traits/cmake)
[1.051s] -- Found rclcpp_lifecycle: 16.0.12 (/opt/ros/humble/share/rclcpp_lifecycle/cmake)
[1.064s] -- Found Boost: /usr/lib/x86_64-linux-gnu/cmake/Boost-1.74.0/BoostConfig.cmake (found version "1.74.0") found components: filesystem 
[1.146s] -- library: /usr/lib/x86_64-linux-gnu/libcurl.so
[1.246s] -- Found moveit_ros_planning: 2.5.9 (/root/ws_moveit/install/moveit_ros_planning/share/moveit_ros_planning/cmake)
[1.249s] -- Found Boost: /usr/lib/x86_64-linux-gnu/cmake/Boost-1.74.0/BoostConfig.cmake (found version "1.74.0") found components: system filesystem date_time program_options thread chrono 
[1.262s] -- Found Boost: /usr/lib/x86_64-linux-gnu/cmake/Boost-1.74.0/BoostConfig.cmake (found version "1.74.0") found components: program_options system 
[1.289s] -- Found ament_cmake_gtest: 1.3.11 (/opt/ros/humble/share/ament_cmake_gtest/cmake)
[1.290s] -- Found ros_testing: 0.4.0 (/opt/ros/humble/share/ros_testing/cmake)
[1.291s] -- Found launch_testing_ament_cmake: 1.0.9 (/opt/ros/humble/share/launch_testing_ament_cmake/cmake)
[1.292s] -- Found python_cmake_module: 0.10.0 (/opt/ros/humble/share/python_cmake_module/cmake)
[1.307s] -- Found PythonInterp: /usr/bin/python3 (found suitable version "3.10.12", minimum required is "3.6") 
[1.309s] -- Found PythonLibs: /usr/lib/x86_64-linux-gnu/libpython3.10.so (found suitable version "3.10.12", minimum required is "3.5") 
[1.309s] -- Using PYTHON_EXECUTABLE: /usr/bin/python3
[1.309s] -- Using PYTHON_INCLUDE_DIRS: /usr/include/python3.10
[1.310s] -- Using PYTHON_LIBRARIES: /usr/lib/x86_64-linux-gnu/libpython3.10.so
[1.325s] -- Found PythonExtra: .so  
[1.326s] -- Found moveit_resources_fanuc_description: 2.0.7 (/root/ws_moveit/install/moveit_resources_fanuc_description/share/moveit_resources_fanuc_description/cmake)
[1.327s] -- Found moveit_resources_fanuc_moveit_config: 2.0.7 (/root/ws_moveit/install/moveit_resources_fanuc_moveit_config/share/moveit_resources_fanuc_moveit_config/cmake)
[1.327s] -- Found moveit_resources_panda_description: 2.0.7 (/root/ws_moveit/install/moveit_resources_panda_description/share/moveit_resources_panda_description/cmake)
[1.328s] -- Found moveit_resources_panda_moveit_config: 2.0.7 (/root/ws_moveit/install/moveit_resources_panda_moveit_config/share/moveit_resources_panda_moveit_config/cmake)
[1.330s] -- Found gtest sources under '/opt/ros/humble/src/gtest_vendor': C++ tests using 'Google Test' will be built
[1.338s] -- Found ament_lint_auto: 0.12.12 (/opt/ros/humble/share/ament_lint_auto/cmake)
[1.343s] -- Found launch_testing_ament_cmake: 1.0.9 (/opt/ros/humble/share/launch_testing_ament_cmake/cmake)
[1.344s] -- Found python_cmake_module: 0.10.0 (/opt/ros/humble/share/python_cmake_module/cmake)
[1.356s] -- Using PYTHON_EXECUTABLE: /usr/bin/python3
[1.356s] -- Using PYTHON_INCLUDE_DIRS: /usr/include/python3.10
[1.356s] -- Using PYTHON_LIBRARIES: /usr/lib/x86_64-linux-gnu/libpython3.10.so
[1.371s] -- Added test 'cppcheck' to perform static code analysis on C / C++ code
[1.371s] -- Configured cppcheck include dirs: /root/ws_moveit/src/moveit2/moveit_kinematics/kdl_kinematics_plugin/include;/root/ws_moveit/src/moveit2/moveit_kinematics/lma_kinematics_plugin/include;/root/ws_moveit/src/moveit2/moveit_kinematics/srv_kinematics_plugin/include;/root/ws_moveit/src/moveit2/moveit_kinematics/cached_ik_kinematics_plugin/include
[1.371s] -- Configured cppcheck exclude dirs and/or files: 
[1.372s] -- Added test 'lint_cmake' to check CMake code style
[1.373s] -- Configuring done
[1.420s] -- Generating done
[1.435s] -- Build files have been written to: /root/ws_moveit/build/moveit_kinematics
[1.446s] Invoked command in '/root/ws_moveit/build/moveit_kinematics' returned '0': AMENT_PREFIX_PATH=/root/ws_moveit/install/moveit_ros_planning:/root/ws_moveit/install/moveit_ros_occupancy_map_monitor:/root/ws_moveit/install/moveit_core:/root/ws_moveit/install/moveit_resources_panda_moveit_config:/root/ws_moveit/install/moveit_resources_fanuc_moveit_config:/root/ws_moveit/install/moveit_configs_utils:/root/ws_moveit/install/srdfdom:/root/ws_moveit/install/moveit_resources_pr2_description:/root/ws_moveit/install/moveit_resources_panda_description:/root/ws_moveit/install/moveit_resources_fanuc_description:/root/ws_moveit/install/moveit_common:/root/ws_moveit/install/launch_param_builder:${AMENT_PREFIX_PATH} CMAKE_PREFIX_PATH=/root/ws_moveit/install/moveit_ros_planning:/root/ws_moveit/install/moveit_ros_occupancy_map_monitor:/root/ws_moveit/install/moveit_core:/root/ws_moveit/install/moveit_resources_panda_moveit_config:/root/ws_moveit/install/moveit_resources_fanuc_moveit_config:/root/ws_moveit/install/srdfdom:/root/ws_moveit/install/moveit_resources_pr2_description:/root/ws_moveit/install/moveit_resources_panda_description:/root/ws_moveit/install/moveit_resources_fanuc_description:/root/ws_moveit/install/moveit_common:/opt/ros/humble LD_LIBRARY_PATH=/root/ws_moveit/install/moveit_ros_planning/lib:/root/ws_moveit/install/moveit_ros_occupancy_map_monitor/lib:/root/ws_moveit/install/moveit_core/lib:/root/ws_moveit/install/srdfdom/lib:${LD_LIBRARY_PATH} PATH=/root/ws_moveit/install/moveit_core/bin:${PATH} PYTHONPATH=/root/ws_moveit/install/moveit_configs_utils/lib/python3.10/site-packages:/root/ws_moveit/install/srdfdom/local/lib/python3.10/dist-packages:/root/ws_moveit/install/launch_param_builder/lib/python3.10/site-packages:${PYTHONPATH} /usr/bin/cmake /root/ws_moveit/src/moveit2/moveit_kinematics -DCMAKE_INSTALL_PREFIX=/root/ws_moveit/install/moveit_kinematics
[1.446s] Invoking command in '/root/ws_moveit/build/moveit_kinematics': AMENT_PREFIX_PATH=/root/ws_moveit/install/moveit_ros_planning:/root/ws_moveit/install/moveit_ros_occupancy_map_monitor:/root/ws_moveit/install/moveit_core:/root/ws_moveit/install/moveit_resources_panda_moveit_config:/root/ws_moveit/install/moveit_resources_fanuc_moveit_config:/root/ws_moveit/install/moveit_configs_utils:/root/ws_moveit/install/srdfdom:/root/ws_moveit/install/moveit_resources_pr2_description:/root/ws_moveit/install/moveit_resources_panda_description:/root/ws_moveit/install/moveit_resources_fanuc_description:/root/ws_moveit/install/moveit_common:/root/ws_moveit/install/launch_param_builder:${AMENT_PREFIX_PATH} CMAKE_PREFIX_PATH=/root/ws_moveit/install/moveit_ros_planning:/root/ws_moveit/install/moveit_ros_occupancy_map_monitor:/root/ws_moveit/install/moveit_core:/root/ws_moveit/install/moveit_resources_panda_moveit_config:/root/ws_moveit/install/moveit_resources_fanuc_moveit_config:/root/ws_moveit/install/srdfdom:/root/ws_moveit/install/moveit_resources_pr2_description:/root/ws_moveit/install/moveit_resources_panda_description:/root/ws_moveit/install/moveit_resources_fanuc_description:/root/ws_moveit/install/moveit_common:/opt/ros/humble LD_LIBRARY_PATH=/root/ws_moveit/install/moveit_ros_planning/lib:/root/ws_moveit/install/moveit_ros_occupancy_map_monitor/lib:/root/ws_moveit/install/moveit_core/lib:/root/ws_moveit/install/srdfdom/lib:${LD_LIBRARY_PATH} PATH=/root/ws_moveit/install/moveit_core/bin:${PATH} PYTHONPATH=/root/ws_moveit/install/moveit_configs_utils/lib/python3.10/site-packages:/root/ws_moveit/install/srdfdom/local/lib/python3.10/dist-packages:/root/ws_moveit/install/launch_param_builder/lib/python3.10/site-packages:${PYTHONPATH} /usr/bin/cmake --build /root/ws_moveit/build/moveit_kinematics
[1.487s] [  5%] [32mBuilding CXX object srv_kinematics_plugin/CMakeFiles/moveit_srv_kinematics_plugin.dir/src/srv_kinematics_plugin.cpp.o[0m
[1.487s] [ 10%] [32mBuilding CXX object cached_ik_kinematics_plugin/CMakeFiles/moveit_cached_ik_kinematics_base.dir/src/ik_cache.cpp.o[0m
[5.463s] [ 15%] [32m[1mLinking CXX shared library libmoveit_srv_kinematics_plugin.so[0m
[5.561s] [ 15%] Built target moveit_srv_kinematics_plugin
[5.575s] [ 21%] [32mBuilding CXX object kdl_kinematics_plugin/CMakeFiles/moveit_kdl_kinematics_plugin.dir/src/kdl_kinematics_plugin.cpp.o[0m
[5.704s] [ 26%] [32m[1mLinking CXX shared library libmoveit_cached_ik_kinematics_base.so[0m
[5.805s] [ 26%] Built target moveit_cached_ik_kinematics_base
[5.818s] [ 31%] [32mBuilding CXX object lma_kinematics_plugin/CMakeFiles/moveit_lma_kinematics_plugin.dir/src/lma_kinematics_plugin.cpp.o[0m
[9.508s] [ 36%] [32m[1mLinking CXX shared library libmoveit_lma_kinematics_plugin.so[0m
[9.609s] [ 36%] Built target moveit_lma_kinematics_plugin
[9.623s] [ 42%] [32mBuilding CXX object gtest/CMakeFiles/gtest_main.dir/src/gtest_main.cc.o[0m
[9.792s] [ 47%] [32mBuilding CXX object kdl_kinematics_plugin/CMakeFiles/moveit_kdl_kinematics_plugin.dir/src/chainiksolver_vel_mimic_svd.cpp.o[0m
[10.013s] [ 52%] [32m[1mLinking CXX static library libgtest_main.a[0m
[10.033s] [ 52%] Built target gtest_main
[10.045s] [ 57%] [32mBuilding CXX object gtest/CMakeFiles/gtest.dir/src/gtest-all.cc.o[0m
[13.520s] [ 63%] [32m[1mLinking CXX shared library libmoveit_kdl_kinematics_plugin.so[0m
[13.597s] [ 68%] [32m[1mLinking CXX static library libgtest.a[0m
[13.611s] [ 68%] Built target moveit_kdl_kinematics_plugin
[13.621s] [ 68%] Built target gtest
[13.626s] [ 73%] [32mBuilding CXX object test/CMakeFiles/benchmark_ik.dir/benchmark_ik.cpp.o[0m
[13.633s] [ 78%] [32mBuilding CXX object cached_ik_kinematics_plugin/CMakeFiles/moveit_cached_ik_kinematics_plugin.dir/src/cached_ik_kinematics_plugin.cpp.o[0m
[17.273s] [ 84%] [32m[1mLinking CXX shared library libmoveit_cached_ik_kinematics_plugin.so[0m
[17.380s] [ 84%] Built target moveit_cached_ik_kinematics_plugin
[17.391s] [ 89%] [32mBuilding CXX object test/CMakeFiles/test_kinematics_plugin.dir/test_kinematics_plugin.cpp.o[0m
[18.249s] [ 94%] [32m[1mLinking CXX executable benchmark_ik[0m
[18.402s] [ 94%] Built target benchmark_ik
[26.538s] [100%] [32m[1mLinking CXX executable test_kinematics_plugin[0m
[26.724s] [100%] Built target test_kinematics_plugin
[26.732s] Invoked command in '/root/ws_moveit/build/moveit_kinematics' returned '0': AMENT_PREFIX_PATH=/root/ws_moveit/install/moveit_ros_planning:/root/ws_moveit/install/moveit_ros_occupancy_map_monitor:/root/ws_moveit/install/moveit_core:/root/ws_moveit/install/moveit_resources_panda_moveit_config:/root/ws_moveit/install/moveit_resources_fanuc_moveit_config:/root/ws_moveit/install/moveit_configs_utils:/root/ws_moveit/install/srdfdom:/root/ws_moveit/install/moveit_resources_pr2_description:/root/ws_moveit/install/moveit_resources_panda_description:/root/ws_moveit/install/moveit_resources_fanuc_description:/root/ws_moveit/install/moveit_common:/root/ws_moveit/install/launch_param_builder:${AMENT_PREFIX_PATH} CMAKE_PREFIX_PATH=/root/ws_moveit/install/moveit_ros_planning:/root/ws_moveit/install/moveit_ros_occupancy_map_monitor:/root/ws_moveit/install/moveit_core:/root/ws_moveit/install/moveit_resources_panda_moveit_config:/root/ws_moveit/install/moveit_resources_fanuc_moveit_config:/root/ws_moveit/install/srdfdom:/root/ws_moveit/install/moveit_resources_pr2_description:/root/ws_moveit/install/moveit_resources_panda_description:/root/ws_moveit/install/moveit_resources_fanuc_description:/root/ws_moveit/install/moveit_common:/opt/ros/humble LD_LIBRARY_PATH=/root/ws_moveit/install/moveit_ros_planning/lib:/root/ws_moveit/install/moveit_ros_occupancy_map_monitor/lib:/root/ws_moveit/install/moveit_core/lib:/root/ws_moveit/install/srdfdom/lib:${LD_LIBRARY_PATH} PATH=/root/ws_moveit/install/moveit_core/bin:${PATH} PYTHONPATH=/root/ws_moveit/install/moveit_configs_utils/lib/python3.10/site-packages:/root/ws_moveit/install/srdfdom/local/lib/python3.10/dist-packages:/root/ws_moveit/install/launch_param_builder/lib/python3.10/site-packages:${PYTHONPATH} /usr/bin/cmake --build /root/ws_moveit/build/moveit_kinematics
[26.733s] Invoking command in '/root/ws_moveit/build/moveit_kinematics': AMENT_PREFIX_PATH=/root/ws_moveit/install/moveit_ros_planning:/root/ws_moveit/install/moveit_ros_occupancy_map_monitor:/root/ws_moveit/install/moveit_core:/root/ws_moveit/install/moveit_resources_panda_moveit_config:/root/ws_moveit/install/moveit_resources_fanuc_moveit_config:/root/ws_moveit/install/moveit_configs_utils:/root/ws_moveit/install/srdfdom:/root/ws_moveit/install/moveit_resources_pr2_description:/root/ws_moveit/install/moveit_resources_panda_description:/root/ws_moveit/install/moveit_resources_fanuc_description:/root/ws_moveit/install/moveit_common:/root/ws_moveit/install/launch_param_builder:${AMENT_PREFIX_PATH} CMAKE_PREFIX_PATH=/root/ws_moveit/install/moveit_ros_planning:/root/ws_moveit/install/moveit_ros_occupancy_map_monitor:/root/ws_moveit/install/moveit_core:/root/ws_moveit/install/moveit_resources_panda_moveit_config:/root/ws_moveit/install/moveit_resources_fanuc_moveit_config:/root/ws_moveit/install/srdfdom:/root/ws_moveit/install/moveit_resources_pr2_description:/root/ws_moveit/install/moveit_resources_panda_description:/root/ws_moveit/install/moveit_resources_fanuc_description:/root/ws_moveit/install/moveit_common:/opt/ros/humble LD_LIBRARY_PATH=/root/ws_moveit/install/moveit_ros_planning/lib:/root/ws_moveit/install/moveit_ros_occupancy_map_monitor/lib:/root/ws_moveit/install/moveit_core/lib:/root/ws_moveit/install/srdfdom/lib:${LD_LIBRARY_PATH} PATH=/root/ws_moveit/install/moveit_core/bin:${PATH} PYTHONPATH=/root/ws_moveit/install/moveit_configs_utils/lib/python3.10/site-packages:/root/ws_moveit/install/srdfdom/local/lib/python3.10/dist-packages:/root/ws_moveit/install/launch_param_builder/lib/python3.10/site-packages:${PYTHONPATH} /usr/bin/cmake --install /root/ws_moveit/build/moveit_kinematics
[26.742s] -- Install configuration: "Release"
[26.742s] -- Installing: /root/ws_moveit/install/moveit_kinematics/share/moveit_kinematics/kdl_kinematics_plugin_description.xml
[26.742s] -- Installing: /root/ws_moveit/install/moveit_kinematics/share/moveit_kinematics/lma_kinematics_plugin_description.xml
[26.742s] -- Installing: /root/ws_moveit/install/moveit_kinematics/share/moveit_kinematics/srv_kinematics_plugin_description.xml
[26.742s] -- Installing: /root/ws_moveit/install/moveit_kinematics/share/moveit_kinematics/cached_ik_kinematics_plugin_description.xml
[26.742s] -- Installing: /root/ws_moveit/install/moveit_kinematics/include
[26.742s] -- Installing: /root/ws_moveit/install/moveit_kinematics/include/moveit
[26.743s] -- Installing: /root/ws_moveit/install/moveit_kinematics/include/moveit/cached_ik_kinematics_plugin
[26.743s] -- Installing: /root/ws_moveit/install/moveit_kinematics/include/moveit/cached_ik_kinematics_plugin/cached_ik_kinematics_plugin-inl.h
[26.743s] -- Installing: /root/ws_moveit/install/moveit_kinematics/include/moveit/cached_ik_kinematics_plugin/detail
[26.743s] -- Installing: /root/ws_moveit/install/moveit_kinematics/include/moveit/cached_ik_kinematics_plugin/detail/GreedyKCenters.h
[26.743s] -- Installing: /root/ws_moveit/install/moveit_kinematics/include/moveit/cached_ik_kinematics_plugin/detail/NearestNeighbors.h
[26.743s] -- Installing: /root/ws_moveit/install/moveit_kinematics/include/moveit/cached_ik_kinematics_plugin/detail/NearestNeighborsGNAT.h
[26.743s] -- Installing: /root/ws_moveit/install/moveit_kinematics/include/moveit/cached_ik_kinematics_plugin/cached_ik_kinematics_plugin.h
[26.743s] -- Installing: /root/ws_moveit/install/moveit_kinematics/share/moveit_kinematics/launch
[26.743s] -- Installing: /root/ws_moveit/install/moveit_kinematics/share/moveit_kinematics/launch/measure_ik_call_cost.launch
[26.743s] -- Installing: /root/ws_moveit/install/moveit_kinematics/lib/moveit_kinematics/auto_create_ikfast_moveit_plugin.sh
[26.743s] -- Installing: /root/ws_moveit/install/moveit_kinematics/lib/moveit_kinematics/create_ikfast_moveit_plugin.py
[26.743s] -- Installing: /root/ws_moveit/install/moveit_kinematics/lib/moveit_kinematics/round_collada_numbers.py
[26.743s] -- Installing: /root/ws_moveit/install/moveit_kinematics/share/moveit_kinematics/ikfast_kinematics_plugin/templates
[26.743s] -- Installing: /root/ws_moveit/install/moveit_kinematics/share/moveit_kinematics/ikfast_kinematics_plugin/templates/ikfast.h
[26.743s] -- Installing: /root/ws_moveit/install/moveit_kinematics/share/moveit_kinematics/ikfast_kinematics_plugin/templates/ikfast61_moveit_plugin_template.cpp
[26.743s] -- Installing: /root/ws_moveit/install/moveit_kinematics/share/moveit_kinematics/ikfast_kinematics_plugin/templates/CMakeLists.txt
[26.743s] -- Up-to-date: /root/ws_moveit/install/moveit_kinematics/include
[26.744s] -- Up-to-date: /root/ws_moveit/install/moveit_kinematics/include/moveit
[26.744s] -- Installing: /root/ws_moveit/install/moveit_kinematics/include/moveit/kdl_kinematics_plugin
[26.744s] -- Installing: /root/ws_moveit/install/moveit_kinematics/include/moveit/kdl_kinematics_plugin/joint_mimic.hpp
[26.744s] -- Installing: /root/ws_moveit/install/moveit_kinematics/include/moveit/kdl_kinematics_plugin/kdl_kinematics_plugin.h
[26.744s] -- Installing: /root/ws_moveit/install/moveit_kinematics/include/moveit/kdl_kinematics_plugin/chainiksolver_vel_mimic_svd.hpp
[26.744s] -- Up-to-date: /root/ws_moveit/install/moveit_kinematics/include
[26.744s] -- Up-to-date: /root/ws_moveit/install/moveit_kinematics/include/moveit
[26.744s] -- Installing: /root/ws_moveit/install/moveit_kinematics/include/moveit/lma_kinematics_plugin
[26.744s] -- Installing: /root/ws_moveit/install/moveit_kinematics/include/moveit/lma_kinematics_plugin/lma_kinematics_plugin.h
[26.744s] -- Up-to-date: /root/ws_moveit/install/moveit_kinematics/include
[26.744s] -- Up-to-date: /root/ws_moveit/install/moveit_kinematics/include/moveit
[26.744s] -- Installing: /root/ws_moveit/install/moveit_kinematics/include/moveit/srv_kinematics_plugin
[26.744s] -- Installing: /root/ws_moveit/install/moveit_kinematics/include/moveit/srv_kinematics_plugin/srv_kinematics_plugin.h
[26.744s] -- Installing: /root/ws_moveit/install/moveit_kinematics/share/moveit_kinematics/config
[26.744s] -- Installing: /root/ws_moveit/install/moveit_kinematics/share/moveit_kinematics/config/panda-kdl-test.yaml
[26.744s] -- Installing: /root/ws_moveit/install/moveit_kinematics/share/moveit_kinematics/config/fanuc-lma-test.yaml
[26.744s] -- Installing: /root/ws_moveit/install/moveit_kinematics/share/moveit_kinematics/config/fanuc-lma-singular-test.yaml
[26.744s] -- Installing: /root/ws_moveit/install/moveit_kinematics/share/moveit_kinematics/config/fanuc-kdl-singular-test.yaml
[26.744s] -- Installing: /root/ws_moveit/install/moveit_kinematics/share/moveit_kinematics/config/fanuc-kdl-test.yaml
[26.744s] -- Installing: /root/ws_moveit/install/moveit_kinematics/share/moveit_kinematics/config/panda-kdl-singular-test.yaml
[26.744s] -- Installing: /root/ws_moveit/install/moveit_kinematics/share/moveit_kinematics/config/panda-lma-test.yaml
[26.744s] -- Installing: /root/ws_moveit/install/moveit_kinematics/share/moveit_kinematics/config/panda-lma-singular-test.yaml
[26.744s] -- Up-to-date: /root/ws_moveit/install/moveit_kinematics/share/moveit_kinematics/launch
[26.745s] -- Installing: /root/ws_moveit/install/moveit_kinematics/share/moveit_kinematics/launch/panda-lma-singular.test.py
[26.745s] -- Installing: /root/ws_moveit/install/moveit_kinematics/share/moveit_kinematics/launch/fanuc-lma.test.py
[26.745s] -- Installing: /root/ws_moveit/install/moveit_kinematics/share/moveit_kinematics/launch/fanuc-lma-singular.test.py
[26.745s] -- Installing: /root/ws_moveit/install/moveit_kinematics/share/moveit_kinematics/launch/fanuc-kdl.test.py
[26.745s] -- Installing: /root/ws_moveit/install/moveit_kinematics/share/moveit_kinematics/launch/fanuc-kdl-singular.test.py
[26.745s] -- Installing: /root/ws_moveit/install/moveit_kinematics/share/moveit_kinematics/launch/panda-lma.test.py
[26.745s] -- Installing: /root/ws_moveit/install/moveit_kinematics/share/moveit_kinematics/launch/panda-kdl.test.py
[26.745s] -- Installing: /root/ws_moveit/install/moveit_kinematics/share/moveit_kinematics/launch/panda-kdl-singular.test.py
[26.745s] -- Installing: /root/ws_moveit/install/moveit_kinematics/lib/moveit_kinematics/benchmark_ik
[26.745s] -- Set runtime path of "/root/ws_moveit/install/moveit_kinematics/lib/moveit_kinematics/benchmark_ik" to ""
[26.745s] -- Installing: /root/ws_moveit/install/moveit_kinematics/lib/moveit_kinematics/test_kinematics_plugin
[26.746s] -- Set runtime path of "/root/ws_moveit/install/moveit_kinematics/lib/moveit_kinematics/test_kinematics_plugin" to ""
[26.746s] -- Installing: /root/ws_moveit/install/moveit_kinematics/lib/libmoveit_cached_ik_kinematics_base.so.2.5.9
[26.746s] -- Set runtime path of "/root/ws_moveit/install/moveit_kinematics/lib/libmoveit_cached_ik_kinematics_base.so.2.5.9" to ""
[26.746s] -- Installing: /root/ws_moveit/install/moveit_kinematics/lib/libmoveit_cached_ik_kinematics_base.so
[26.746s] -- Installing: /root/ws_moveit/install/moveit_kinematics/lib/libmoveit_cached_ik_kinematics_plugin.so.2.5.9
[26.746s] -- Set runtime path of "/root/ws_moveit/install/moveit_kinematics/lib/libmoveit_cached_ik_kinematics_plugin.so.2.5.9" to ""
[26.746s] -- Installing: /root/ws_moveit/install/moveit_kinematics/lib/libmoveit_cached_ik_kinematics_plugin.so
[26.746s] -- Installing: /root/ws_moveit/install/moveit_kinematics/lib/libmoveit_kdl_kinematics_plugin.so
[26.746s] -- Set runtime path of "/root/ws_moveit/install/moveit_kinematics/lib/libmoveit_kdl_kinematics_plugin.so" to ""
[26.746s] -- Installing: /root/ws_moveit/install/moveit_kinematics/lib/libmoveit_lma_kinematics_plugin.so.2.5.9
[26.747s] -- Set runtime path of "/root/ws_moveit/install/moveit_kinematics/lib/libmoveit_lma_kinematics_plugin.so.2.5.9" to ""
[26.747s] -- Installing: /root/ws_moveit/install/moveit_kinematics/lib/libmoveit_lma_kinematics_plugin.so
[26.747s] -- Installing: /root/ws_moveit/install/moveit_kinematics/lib/libmoveit_srv_kinematics_plugin.so.2.5.9
[26.747s] -- Set runtime path of "/root/ws_moveit/install/moveit_kinematics/lib/libmoveit_srv_kinematics_plugin.so.2.5.9" to ""
[26.747s] -- Installing: /root/ws_moveit/install/moveit_kinematics/lib/libmoveit_srv_kinematics_plugin.so
[26.747s] -- Installing: /root/ws_moveit/install/moveit_kinematics/share/moveit_kinematics/environment/library_path.sh
[26.747s] -- Installing: /root/ws_moveit/install/moveit_kinematics/share/moveit_kinematics/environment/library_path.dsv
[26.747s] -- Installing: /root/ws_moveit/install/moveit_kinematics/share/ament_index/resource_index/package_run_dependencies/moveit_kinematics
[26.747s] -- Installing: /root/ws_moveit/install/moveit_kinematics/share/ament_index/resource_index/parent_prefix_path/moveit_kinematics
[26.747s] -- Installing: /root/ws_moveit/install/moveit_kinematics/share/moveit_kinematics/environment/ament_prefix_path.sh
[26.747s] -- Installing: /root/ws_moveit/install/moveit_kinematics/share/moveit_kinematics/environment/ament_prefix_path.dsv
[26.747s] -- Installing: /root/ws_moveit/install/moveit_kinematics/share/moveit_kinematics/environment/path.sh
[26.747s] -- Installing: /root/ws_moveit/install/moveit_kinematics/share/moveit_kinematics/environment/path.dsv
[26.747s] -- Installing: /root/ws_moveit/install/moveit_kinematics/share/moveit_kinematics/local_setup.bash
[26.747s] -- Installing: /root/ws_moveit/install/moveit_kinematics/share/moveit_kinematics/local_setup.sh
[26.747s] -- Installing: /root/ws_moveit/install/moveit_kinematics/share/moveit_kinematics/local_setup.zsh
[26.748s] -- Installing: /root/ws_moveit/install/moveit_kinematics/share/moveit_kinematics/local_setup.dsv
[26.748s] -- Installing: /root/ws_moveit/install/moveit_kinematics/share/moveit_kinematics/package.dsv
[26.748s] -- Installing: /root/ws_moveit/install/moveit_kinematics/share/ament_index/resource_index/packages/moveit_kinematics
[26.748s] -- Installing: /root/ws_moveit/install/moveit_kinematics/share/ament_index/resource_index/moveit_core__pluginlib__plugin/moveit_kinematics
[26.748s] -- Installing: /root/ws_moveit/install/moveit_kinematics/share/moveit_kinematics/cmake/export_moveit_kinematicsExport.cmake
[26.748s] -- Installing: /root/ws_moveit/install/moveit_kinematics/share/moveit_kinematics/cmake/export_moveit_kinematicsExport-release.cmake
[26.748s] -- Installing: /root/ws_moveit/install/moveit_kinematics/share/moveit_kinematics/cmake/ConfigExtras.cmake
[26.748s] -- Installing: /root/ws_moveit/install/moveit_kinematics/share/moveit_kinematics/cmake/ament_cmake_export_targets-extras.cmake
[26.748s] -- Installing: /root/ws_moveit/install/moveit_kinematics/share/moveit_kinematics/cmake/ament_cmake_export_dependencies-extras.cmake
[26.748s] -- Installing: /root/ws_moveit/install/moveit_kinematics/share/moveit_kinematics/cmake/moveit_kinematicsConfig.cmake
[26.748s] -- Installing: /root/ws_moveit/install/moveit_kinematics/share/moveit_kinematics/cmake/moveit_kinematicsConfig-version.cmake
[26.748s] -- Installing: /root/ws_moveit/install/moveit_kinematics/share/moveit_kinematics/package.xml
[26.749s] Invoked command in '/root/ws_moveit/build/moveit_kinematics' returned '0': AMENT_PREFIX_PATH=/root/ws_moveit/install/moveit_ros_planning:/root/ws_moveit/install/moveit_ros_occupancy_map_monitor:/root/ws_moveit/install/moveit_core:/root/ws_moveit/install/moveit_resources_panda_moveit_config:/root/ws_moveit/install/moveit_resources_fanuc_moveit_config:/root/ws_moveit/install/moveit_configs_utils:/root/ws_moveit/install/srdfdom:/root/ws_moveit/install/moveit_resources_pr2_description:/root/ws_moveit/install/moveit_resources_panda_description:/root/ws_moveit/install/moveit_resources_fanuc_description:/root/ws_moveit/install/moveit_common:/root/ws_moveit/install/launch_param_builder:${AMENT_PREFIX_PATH} CMAKE_PREFIX_PATH=/root/ws_moveit/install/moveit_ros_planning:/root/ws_moveit/install/moveit_ros_occupancy_map_monitor:/root/ws_moveit/install/moveit_core:/root/ws_moveit/install/moveit_resources_panda_moveit_config:/root/ws_moveit/install/moveit_resources_fanuc_moveit_config:/root/ws_moveit/install/srdfdom:/root/ws_moveit/install/moveit_resources_pr2_description:/root/ws_moveit/install/moveit_resources_panda_description:/root/ws_moveit/install/moveit_resources_fanuc_description:/root/ws_moveit/install/moveit_common:/opt/ros/humble LD_LIBRARY_PATH=/root/ws_moveit/install/moveit_ros_planning/lib:/root/ws_moveit/install/moveit_ros_occupancy_map_monitor/lib:/root/ws_moveit/install/moveit_core/lib:/root/ws_moveit/install/srdfdom/lib:${LD_LIBRARY_PATH} PATH=/root/ws_moveit/install/moveit_core/bin:${PATH} PYTHONPATH=/root/ws_moveit/install/moveit_configs_utils/lib/python3.10/site-packages:/root/ws_moveit/install/srdfdom/local/lib/python3.10/dist-packages:/root/ws_moveit/install/launch_param_builder/lib/python3.10/site-packages:${PYTHONPATH} /usr/bin/cmake --install /root/ws_moveit/build/moveit_kinematics
