[0.118s] Invoking command in '/root/ws_moveit/build/moveit_task_constructor_demo': AMENT_PREFIX_PATH=/root/ws_moveit/install/moveit_task_constructor_capabilities:/root/ws_moveit/install/moveit_task_constructor_core:/root/ws_moveit/install/moveit_planners:/root/ws_moveit/install/pilz_industrial_motion_planner:/root/ws_moveit/install/moveit_resources_prbt_pg70_support:/root/ws_moveit/install/moveit_ros_planning_interface:/root/ws_moveit/install/moveit_resources_prbt_moveit_config:/root/ws_moveit/install/moveit_ros_move_group:/root/ws_moveit/install/moveit_ros_warehouse:/root/ws_moveit/install/moveit_planners_ompl:/root/ws_moveit/install/moveit_kinematics:/root/ws_moveit/install/moveit_ros_planning:/root/ws_moveit/install/moveit_planners_chomp:/root/ws_moveit/install/pilz_industrial_motion_planner_testutils:/root/ws_moveit/install/moveit_simple_controller_manager:/root/ws_moveit/install/moveit_ros_occupancy_map_monitor:/root/ws_moveit/install/moveit_resources_prbt_ikfast_manipulator_plugin:/root/ws_moveit/install/chomp_motion_planner:/root/ws_moveit/install/moveit_core:/root/ws_moveit/install/rviz_marker_tools:/root/ws_moveit/install/moveit_resources_panda_moveit_config:/root/ws_moveit/install/moveit_resources_fanuc_moveit_config:/root/ws_moveit/install/moveit_configs_utils:/root/ws_moveit/install/srdfdom:/root/ws_moveit/install/moveit_task_constructor_msgs:/root/ws_moveit/install/moveit_resources_prbt_support:/root/ws_moveit/install/moveit_resources_pr2_description:/root/ws_moveit/install/moveit_resources_panda_description:/root/ws_moveit/install/moveit_resources_fanuc_description:/root/ws_moveit/install/moveit_common:/root/ws_moveit/install/launch_param_builder:${AMENT_PREFIX_PATH} CMAKE_MODULE_PATH=/root/ws_moveit/install/moveit_task_constructor_core/share/moveit_task_constructor_core/cmake CMAKE_PREFIX_PATH=/root/ws_moveit/install/moveit_task_constructor_capabilities:/root/ws_moveit/install/moveit_task_constructor_core:/root/ws_moveit/install/moveit_planners:/root/ws_moveit/install/pilz_industrial_motion_planner:/root/ws_moveit/install/moveit_resources_prbt_pg70_support:/root/ws_moveit/install/moveit_ros_planning_interface:/root/ws_moveit/install/moveit_resources_prbt_moveit_config:/root/ws_moveit/install/moveit_ros_move_group:/root/ws_moveit/install/moveit_ros_warehouse:/root/ws_moveit/install/moveit_planners_ompl:/root/ws_moveit/install/moveit_kinematics:/root/ws_moveit/install/moveit_ros_planning:/root/ws_moveit/install/moveit_planners_chomp:/root/ws_moveit/install/pilz_industrial_motion_planner_testutils:/root/ws_moveit/install/moveit_simple_controller_manager:/root/ws_moveit/install/moveit_ros_occupancy_map_monitor:/root/ws_moveit/install/moveit_resources_prbt_ikfast_manipulator_plugin:/root/ws_moveit/install/chomp_motion_planner:/root/ws_moveit/install/moveit_core:/root/ws_moveit/install/rviz_marker_tools:/root/ws_moveit/install/moveit_resources_panda_moveit_config:/root/ws_moveit/install/moveit_resources_fanuc_moveit_config:/root/ws_moveit/install/srdfdom:/root/ws_moveit/install/moveit_task_constructor_msgs:/root/ws_moveit/install/moveit_resources_prbt_support:/root/ws_moveit/install/moveit_resources_pr2_description:/root/ws_moveit/install/moveit_resources_panda_description:/root/ws_moveit/install/moveit_resources_fanuc_description:/root/ws_moveit/install/moveit_common:/opt/ros/humble LD_LIBRARY_PATH=/root/ws_moveit/install/moveit_task_constructor_capabilities/lib:/root/ws_moveit/install/moveit_task_constructor_core/lib:/root/ws_moveit/install/pilz_industrial_motion_planner/lib:/root/ws_moveit/install/moveit_ros_planning_interface/lib:/root/ws_moveit/install/moveit_ros_move_group/lib:/root/ws_moveit/install/moveit_ros_warehouse/lib:/root/ws_moveit/install/moveit_planners_ompl/lib:/root/ws_moveit/install/moveit_kinematics/lib:/root/ws_moveit/install/moveit_ros_planning/lib:/root/ws_moveit/install/moveit_planners_chomp/lib:/root/ws_moveit/install/pilz_industrial_motion_planner_testutils/lib:/root/ws_moveit/install/moveit_simple_controller_manager/lib:/root/ws_moveit/install/moveit_ros_occupancy_map_monitor/lib:/root/ws_moveit/install/moveit_resources_prbt_ikfast_manipulator_plugin/lib:/root/ws_moveit/install/chomp_motion_planner/lib:/root/ws_moveit/install/moveit_core/lib:/root/ws_moveit/install/rviz_marker_tools/lib:/root/ws_moveit/install/srdfdom/lib:/root/ws_moveit/install/moveit_task_constructor_msgs/lib:${LD_LIBRARY_PATH} PATH=/root/ws_moveit/install/moveit_core/bin:${PATH} PYTHONPATH=/root/ws_moveit/install/moveit_task_constructor_core/local/lib/python3.10/dist-packages:/root/ws_moveit/install/moveit_configs_utils/lib/python3.10/site-packages:/root/ws_moveit/install/srdfdom/local/lib/python3.10/dist-packages:/root/ws_moveit/install/moveit_task_constructor_msgs/local/lib/python3.10/dist-packages:/root/ws_moveit/install/launch_param_builder/lib/python3.10/site-packages:${PYTHONPATH} /usr/bin/cmake /root/ws_moveit/src/moveit_task_constructor/demo -DCMAKE_INSTALL_PREFIX=/root/ws_moveit/install/moveit_task_constructor_demo
[0.194s] -- The C compiler identification is GNU 11.4.0
[0.251s] -- The CXX compiler identification is GNU 11.4.0
[0.255s] -- Detecting C compiler ABI info
[0.345s] -- Detecting C compiler ABI info - done
[0.354s] -- Check for working C compiler: /usr/bin/cc - skipped
[0.354s] -- Detecting C compile features
[0.354s] -- Detecting C compile features - done
[0.355s] -- Detecting CXX compiler ABI info
[0.462s] -- Detecting CXX compiler ABI info - done
[0.466s] -- Check for working CXX compiler: /usr/bin/c++ - skipped
[0.467s] -- Detecting CXX compile features
[0.467s] -- Detecting CXX compile features - done
[0.469s] -- Found ament_cmake: 1.3.11 (/opt/ros/humble/share/ament_cmake/cmake)
[0.580s] -- Found Python3: /usr/bin/python3 (found version "3.10.12") found components: Interpreter 
[0.645s] -- Found generate_parameter_library: 0.5.0 (/opt/ros/humble/share/generate_parameter_library/cmake)
[0.651s] -- Found parameter_traits: 0.5.0 (/opt/ros/humble/share/parameter_traits/cmake)
[0.687s] -- Found rosidl_generator_c: 3.1.6 (/opt/ros/humble/share/rosidl_generator_c/cmake)
[0.692s] -- Found rosidl_adapter: 3.1.6 (/opt/ros/humble/share/rosidl_adapter/cmake)
[0.698s] -- Found rosidl_generator_cpp: 3.1.6 (/opt/ros/humble/share/rosidl_generator_cpp/cmake)
[0.707s] -- Using all available rosidl_typesupport_c: rosidl_typesupport_fastrtps_c;rosidl_typesupport_introspection_c
[0.719s] -- Using all available rosidl_typesupport_cpp: rosidl_typesupport_fastrtps_cpp;rosidl_typesupport_introspection_cpp
[0.753s] -- Found rmw_implementation_cmake: 6.1.2 (/opt/ros/humble/share/rmw_implementation_cmake/cmake)
[0.756s] -- Found rmw_fastrtps_cpp: 6.2.7 (/opt/ros/humble/share/rmw_fastrtps_cpp/cmake)
[0.866s] -- Found OpenSSL: /usr/lib/x86_64-linux-gnu/libcrypto.so (found version "3.0.2")  
[0.890s] -- Found FastRTPS: /opt/ros/humble/include  
[0.927s] -- Using RMW implementation 'rmw_fastrtps_cpp' as default
[0.935s] -- Looking for pthread.h
[0.998s] -- Looking for pthread.h - found
[0.998s] -- Performing Test CMAKE_HAVE_LIBC_PTHREAD
[1.095s] -- Performing Test CMAKE_HAVE_LIBC_PTHREAD - Success
[1.097s] -- Found Threads: TRUE  
[1.147s] -- Found rclcpp_lifecycle: 16.0.12 (/opt/ros/humble/share/rclcpp_lifecycle/cmake)
[1.160s] -- Found moveit_common: 2.5.9 (/root/ws_moveit/install/moveit_common/share/moveit_common/cmake)
[1.193s] [0mmoveit_task_constructor_demo: You did not request a specific build type: Choosing 'Release' for maximum performance[0m
[1.194s] -- Found moveit_core: 2.5.9 (/root/ws_moveit/install/moveit_core/share/moveit_core/cmake)
[1.225s] -- Found Boost: /usr/lib/x86_64-linux-gnu/cmake/Boost-1.74.0/BoostConfig.cmake (found version "1.74.0") found components: chrono date_time filesystem iostreams program_options regex serialization system thread 
[1.252s] -- Found Boost: /usr/lib/x86_64-linux-gnu/cmake/Boost-1.74.0/BoostConfig.cmake (found version "1.74.0") found components: filesystem 
[1.381s] -- library: /usr/lib/x86_64-linux-gnu/libcurl.so
[1.426s] -- Found Eigen3: TRUE (found version "3.4.0") 
[1.426s] -- Ensuring Eigen3 include directory is part of orocos-kdl CMake target
[1.575s] -- Found moveit_ros_planning: 2.5.9 (/root/ws_moveit/install/moveit_ros_planning/share/moveit_ros_planning/cmake)
[1.577s] -- Found Boost: /usr/lib/x86_64-linux-gnu/cmake/Boost-1.74.0/BoostConfig.cmake (found version "1.74.0") found components: system filesystem date_time program_options thread chrono 
[1.589s] -- Found moveit_ros_planning_interface: 2.5.9 (/root/ws_moveit/install/moveit_ros_planning_interface/share/moveit_ros_planning_interface/cmake)
[1.592s] -- Found Boost: /usr/lib/x86_64-linux-gnu/cmake/Boost-1.74.0/BoostConfig.cmake (found version "1.74.0") found components: date_time filesystem program_options system thread 
[1.599s] -- Found Boost: /usr/lib/x86_64-linux-gnu/cmake/Boost-1.74.0/BoostConfig.cmake (found version "1.74.0") found components: thread system filesystem regex date_time program_options 
[1.611s] -- Found Boost: /usr/lib/x86_64-linux-gnu/cmake/Boost-1.74.0/BoostConfig.cmake (found version "1.74.0") found components: system filesystem date_time program_options thread 
[1.626s] -- Found moveit_task_constructor_core: 0.1.3 (/root/ws_moveit/install/moveit_task_constructor_core/share/moveit_task_constructor_core/cmake)
[1.683s] -- Configuring done
[1.743s] -- Generating done
[1.759s] -- Build files have been written to: /root/ws_moveit/build/moveit_task_constructor_demo
[1.767s] Invoked command in '/root/ws_moveit/build/moveit_task_constructor_demo' returned '0': AMENT_PREFIX_PATH=/root/ws_moveit/install/moveit_task_constructor_capabilities:/root/ws_moveit/install/moveit_task_constructor_core:/root/ws_moveit/install/moveit_planners:/root/ws_moveit/install/pilz_industrial_motion_planner:/root/ws_moveit/install/moveit_resources_prbt_pg70_support:/root/ws_moveit/install/moveit_ros_planning_interface:/root/ws_moveit/install/moveit_resources_prbt_moveit_config:/root/ws_moveit/install/moveit_ros_move_group:/root/ws_moveit/install/moveit_ros_warehouse:/root/ws_moveit/install/moveit_planners_ompl:/root/ws_moveit/install/moveit_kinematics:/root/ws_moveit/install/moveit_ros_planning:/root/ws_moveit/install/moveit_planners_chomp:/root/ws_moveit/install/pilz_industrial_motion_planner_testutils:/root/ws_moveit/install/moveit_simple_controller_manager:/root/ws_moveit/install/moveit_ros_occupancy_map_monitor:/root/ws_moveit/install/moveit_resources_prbt_ikfast_manipulator_plugin:/root/ws_moveit/install/chomp_motion_planner:/root/ws_moveit/install/moveit_core:/root/ws_moveit/install/rviz_marker_tools:/root/ws_moveit/install/moveit_resources_panda_moveit_config:/root/ws_moveit/install/moveit_resources_fanuc_moveit_config:/root/ws_moveit/install/moveit_configs_utils:/root/ws_moveit/install/srdfdom:/root/ws_moveit/install/moveit_task_constructor_msgs:/root/ws_moveit/install/moveit_resources_prbt_support:/root/ws_moveit/install/moveit_resources_pr2_description:/root/ws_moveit/install/moveit_resources_panda_description:/root/ws_moveit/install/moveit_resources_fanuc_description:/root/ws_moveit/install/moveit_common:/root/ws_moveit/install/launch_param_builder:${AMENT_PREFIX_PATH} CMAKE_MODULE_PATH=/root/ws_moveit/install/moveit_task_constructor_core/share/moveit_task_constructor_core/cmake CMAKE_PREFIX_PATH=/root/ws_moveit/install/moveit_task_constructor_capabilities:/root/ws_moveit/install/moveit_task_constructor_core:/root/ws_moveit/install/moveit_planners:/root/ws_moveit/install/pilz_industrial_motion_planner:/root/ws_moveit/install/moveit_resources_prbt_pg70_support:/root/ws_moveit/install/moveit_ros_planning_interface:/root/ws_moveit/install/moveit_resources_prbt_moveit_config:/root/ws_moveit/install/moveit_ros_move_group:/root/ws_moveit/install/moveit_ros_warehouse:/root/ws_moveit/install/moveit_planners_ompl:/root/ws_moveit/install/moveit_kinematics:/root/ws_moveit/install/moveit_ros_planning:/root/ws_moveit/install/moveit_planners_chomp:/root/ws_moveit/install/pilz_industrial_motion_planner_testutils:/root/ws_moveit/install/moveit_simple_controller_manager:/root/ws_moveit/install/moveit_ros_occupancy_map_monitor:/root/ws_moveit/install/moveit_resources_prbt_ikfast_manipulator_plugin:/root/ws_moveit/install/chomp_motion_planner:/root/ws_moveit/install/moveit_core:/root/ws_moveit/install/rviz_marker_tools:/root/ws_moveit/install/moveit_resources_panda_moveit_config:/root/ws_moveit/install/moveit_resources_fanuc_moveit_config:/root/ws_moveit/install/srdfdom:/root/ws_moveit/install/moveit_task_constructor_msgs:/root/ws_moveit/install/moveit_resources_prbt_support:/root/ws_moveit/install/moveit_resources_pr2_description:/root/ws_moveit/install/moveit_resources_panda_description:/root/ws_moveit/install/moveit_resources_fanuc_description:/root/ws_moveit/install/moveit_common:/opt/ros/humble LD_LIBRARY_PATH=/root/ws_moveit/install/moveit_task_constructor_capabilities/lib:/root/ws_moveit/install/moveit_task_constructor_core/lib:/root/ws_moveit/install/pilz_industrial_motion_planner/lib:/root/ws_moveit/install/moveit_ros_planning_interface/lib:/root/ws_moveit/install/moveit_ros_move_group/lib:/root/ws_moveit/install/moveit_ros_warehouse/lib:/root/ws_moveit/install/moveit_planners_ompl/lib:/root/ws_moveit/install/moveit_kinematics/lib:/root/ws_moveit/install/moveit_ros_planning/lib:/root/ws_moveit/install/moveit_planners_chomp/lib:/root/ws_moveit/install/pilz_industrial_motion_planner_testutils/lib:/root/ws_moveit/install/moveit_simple_controller_manager/lib:/root/ws_moveit/install/moveit_ros_occupancy_map_monitor/lib:/root/ws_moveit/install/moveit_resources_prbt_ikfast_manipulator_plugin/lib:/root/ws_moveit/install/chomp_motion_planner/lib:/root/ws_moveit/install/moveit_core/lib:/root/ws_moveit/install/rviz_marker_tools/lib:/root/ws_moveit/install/srdfdom/lib:/root/ws_moveit/install/moveit_task_constructor_msgs/lib:${LD_LIBRARY_PATH} PATH=/root/ws_moveit/install/moveit_core/bin:${PATH} PYTHONPATH=/root/ws_moveit/install/moveit_task_constructor_core/local/lib/python3.10/dist-packages:/root/ws_moveit/install/moveit_configs_utils/lib/python3.10/site-packages:/root/ws_moveit/install/srdfdom/local/lib/python3.10/dist-packages:/root/ws_moveit/install/moveit_task_constructor_msgs/local/lib/python3.10/dist-packages:/root/ws_moveit/install/launch_param_builder/lib/python3.10/site-packages:${PYTHONPATH} /usr/bin/cmake /root/ws_moveit/src/moveit_task_constructor/demo -DCMAKE_INSTALL_PREFIX=/root/ws_moveit/install/moveit_task_constructor_demo
[1.767s] Invoking command in '/root/ws_moveit/build/moveit_task_constructor_demo': AMENT_PREFIX_PATH=/root/ws_moveit/install/moveit_task_constructor_capabilities:/root/ws_moveit/install/moveit_task_constructor_core:/root/ws_moveit/install/moveit_planners:/root/ws_moveit/install/pilz_industrial_motion_planner:/root/ws_moveit/install/moveit_resources_prbt_pg70_support:/root/ws_moveit/install/moveit_ros_planning_interface:/root/ws_moveit/install/moveit_resources_prbt_moveit_config:/root/ws_moveit/install/moveit_ros_move_group:/root/ws_moveit/install/moveit_ros_warehouse:/root/ws_moveit/install/moveit_planners_ompl:/root/ws_moveit/install/moveit_kinematics:/root/ws_moveit/install/moveit_ros_planning:/root/ws_moveit/install/moveit_planners_chomp:/root/ws_moveit/install/pilz_industrial_motion_planner_testutils:/root/ws_moveit/install/moveit_simple_controller_manager:/root/ws_moveit/install/moveit_ros_occupancy_map_monitor:/root/ws_moveit/install/moveit_resources_prbt_ikfast_manipulator_plugin:/root/ws_moveit/install/chomp_motion_planner:/root/ws_moveit/install/moveit_core:/root/ws_moveit/install/rviz_marker_tools:/root/ws_moveit/install/moveit_resources_panda_moveit_config:/root/ws_moveit/install/moveit_resources_fanuc_moveit_config:/root/ws_moveit/install/moveit_configs_utils:/root/ws_moveit/install/srdfdom:/root/ws_moveit/install/moveit_task_constructor_msgs:/root/ws_moveit/install/moveit_resources_prbt_support:/root/ws_moveit/install/moveit_resources_pr2_description:/root/ws_moveit/install/moveit_resources_panda_description:/root/ws_moveit/install/moveit_resources_fanuc_description:/root/ws_moveit/install/moveit_common:/root/ws_moveit/install/launch_param_builder:${AMENT_PREFIX_PATH} CMAKE_MODULE_PATH=/root/ws_moveit/install/moveit_task_constructor_core/share/moveit_task_constructor_core/cmake CMAKE_PREFIX_PATH=/root/ws_moveit/install/moveit_task_constructor_capabilities:/root/ws_moveit/install/moveit_task_constructor_core:/root/ws_moveit/install/moveit_planners:/root/ws_moveit/install/pilz_industrial_motion_planner:/root/ws_moveit/install/moveit_resources_prbt_pg70_support:/root/ws_moveit/install/moveit_ros_planning_interface:/root/ws_moveit/install/moveit_resources_prbt_moveit_config:/root/ws_moveit/install/moveit_ros_move_group:/root/ws_moveit/install/moveit_ros_warehouse:/root/ws_moveit/install/moveit_planners_ompl:/root/ws_moveit/install/moveit_kinematics:/root/ws_moveit/install/moveit_ros_planning:/root/ws_moveit/install/moveit_planners_chomp:/root/ws_moveit/install/pilz_industrial_motion_planner_testutils:/root/ws_moveit/install/moveit_simple_controller_manager:/root/ws_moveit/install/moveit_ros_occupancy_map_monitor:/root/ws_moveit/install/moveit_resources_prbt_ikfast_manipulator_plugin:/root/ws_moveit/install/chomp_motion_planner:/root/ws_moveit/install/moveit_core:/root/ws_moveit/install/rviz_marker_tools:/root/ws_moveit/install/moveit_resources_panda_moveit_config:/root/ws_moveit/install/moveit_resources_fanuc_moveit_config:/root/ws_moveit/install/srdfdom:/root/ws_moveit/install/moveit_task_constructor_msgs:/root/ws_moveit/install/moveit_resources_prbt_support:/root/ws_moveit/install/moveit_resources_pr2_description:/root/ws_moveit/install/moveit_resources_panda_description:/root/ws_moveit/install/moveit_resources_fanuc_description:/root/ws_moveit/install/moveit_common:/opt/ros/humble LD_LIBRARY_PATH=/root/ws_moveit/install/moveit_task_constructor_capabilities/lib:/root/ws_moveit/install/moveit_task_constructor_core/lib:/root/ws_moveit/install/pilz_industrial_motion_planner/lib:/root/ws_moveit/install/moveit_ros_planning_interface/lib:/root/ws_moveit/install/moveit_ros_move_group/lib:/root/ws_moveit/install/moveit_ros_warehouse/lib:/root/ws_moveit/install/moveit_planners_ompl/lib:/root/ws_moveit/install/moveit_kinematics/lib:/root/ws_moveit/install/moveit_ros_planning/lib:/root/ws_moveit/install/moveit_planners_chomp/lib:/root/ws_moveit/install/pilz_industrial_motion_planner_testutils/lib:/root/ws_moveit/install/moveit_simple_controller_manager/lib:/root/ws_moveit/install/moveit_ros_occupancy_map_monitor/lib:/root/ws_moveit/install/moveit_resources_prbt_ikfast_manipulator_plugin/lib:/root/ws_moveit/install/chomp_motion_planner/lib:/root/ws_moveit/install/moveit_core/lib:/root/ws_moveit/install/rviz_marker_tools/lib:/root/ws_moveit/install/srdfdom/lib:/root/ws_moveit/install/moveit_task_constructor_msgs/lib:${LD_LIBRARY_PATH} PATH=/root/ws_moveit/install/moveit_core/bin:${PATH} PYTHONPATH=/root/ws_moveit/install/moveit_task_constructor_core/local/lib/python3.10/dist-packages:/root/ws_moveit/install/moveit_configs_utils/lib/python3.10/site-packages:/root/ws_moveit/install/srdfdom/local/lib/python3.10/dist-packages:/root/ws_moveit/install/moveit_task_constructor_msgs/local/lib/python3.10/dist-packages:/root/ws_moveit/install/launch_param_builder/lib/python3.10/site-packages:${PYTHONPATH} /usr/bin/cmake --build /root/ws_moveit/build/moveit_task_constructor_demo
[1.810s] [  5%] [34m[1mRunning `/opt/ros/humble/bin/generate_parameter_library_cpp /root/ws_moveit/build/moveit_task_constructor_demo/include/moveit_task_constructor_demo/pick_place_demo_parameters.hpp /root/ws_moveit/src/moveit_task_constructor/demo/src/pick_place_demo_parameters.yaml `[0m
[1.817s] [ 11%] [32mBuilding CXX object CMakeFiles/moveit_task_constructor_demo_cartesian.dir/src/cartesian.cpp.o[0m
[2.114s] [ 16%] [34m[1mCreating deprecated header file /root/ws_moveit/build/moveit_task_constructor_demo/include/pick_place_demo_parameters.hpp[0m
[2.128s] [ 16%] Built target pick_place_demo_parameters
[2.146s] [ 22%] [32mBuilding CXX object CMakeFiles/moveit_task_constructor_demo_modular.dir/src/modular.cpp.o[0m
[5.755s] [ 27%] [32m[1mLinking CXX executable cartesian[0m
[5.926s] [ 27%] Built target moveit_task_constructor_demo_cartesian
[5.944s] [ 33%] [32mBuilding CXX object CMakeFiles/moveit_task_constructor_demo_alternative_path_costs.dir/src/alternative_path_costs.cpp.o[0m
[6.016s] [ 38%] [32m[1mLinking CXX executable modular[0m
[6.175s] [ 38%] Built target moveit_task_constructor_demo_modular
[6.191s] [ 44%] [34m[1mRunning `/opt/ros/humble/bin/generate_parameter_library_cpp /root/ws_moveit/build/moveit_task_constructor_demo/include/moveit_task_constructor_demo/ik_clearance_cost_parameters.hpp /root/ws_moveit/src/moveit_task_constructor/demo/src/ik_clearance_cost_parameters.yaml `[0m
[6.275s] [ 50%] [34m[1mCreating deprecated header file /root/ws_moveit/build/moveit_task_constructor_demo/include/ik_clearance_cost_parameters.hpp[0m
[6.287s] [ 50%] Built target ik_clearance_cost_parameters
[6.302s] [ 55%] [32mBuilding CXX object CMakeFiles/moveit_task_constructor_demo_fallbacks_move_to.dir/src/fallbacks_move_to.cpp.o[0m
[9.811s] [ 61%] [32m[1mLinking CXX executable alternative_path_costs[0m
[9.980s] [ 61%] Built target moveit_task_constructor_demo_alternative_path_costs
[9.997s] [ 66%] [32mBuilding CXX object CMakeFiles/moveit_task_constructor_demo_pick_place_task.dir/src/pick_place_task.cpp.o[0m
[10.367s] [ 72%] [32m[1mLinking CXX executable fallbacks_move_to[0m
[10.541s] [ 72%] Built target moveit_task_constructor_demo_fallbacks_move_to
[10.559s] [ 77%] [32mBuilding CXX object CMakeFiles/moveit_task_constructor_demo_ik_clearance_cost.dir/src/ik_clearance_cost.cpp.o[0m
[14.834s] [ 83%] [32m[1mLinking CXX executable ik_clearance_cost[0m
[15.009s] [ 83%] Built target moveit_task_constructor_demo_ik_clearance_cost
[15.284s] [ 88%] [32m[1mLinking CXX shared library libmoveit_task_constructor_demo_pick_place_task.so[0m
[15.412s] [ 88%] Built target moveit_task_constructor_demo_pick_place_task
[15.433s] [ 94%] [32mBuilding CXX object CMakeFiles/moveit_task_constructor_demo_pick_place_demo.dir/src/pick_place_demo.cpp.o[0m
[20.243s] [100%] [32m[1mLinking CXX executable pick_place_demo[0m
[20.403s] [100%] Built target moveit_task_constructor_demo_pick_place_demo
[20.411s] Invoked command in '/root/ws_moveit/build/moveit_task_constructor_demo' returned '0': AMENT_PREFIX_PATH=/root/ws_moveit/install/moveit_task_constructor_capabilities:/root/ws_moveit/install/moveit_task_constructor_core:/root/ws_moveit/install/moveit_planners:/root/ws_moveit/install/pilz_industrial_motion_planner:/root/ws_moveit/install/moveit_resources_prbt_pg70_support:/root/ws_moveit/install/moveit_ros_planning_interface:/root/ws_moveit/install/moveit_resources_prbt_moveit_config:/root/ws_moveit/install/moveit_ros_move_group:/root/ws_moveit/install/moveit_ros_warehouse:/root/ws_moveit/install/moveit_planners_ompl:/root/ws_moveit/install/moveit_kinematics:/root/ws_moveit/install/moveit_ros_planning:/root/ws_moveit/install/moveit_planners_chomp:/root/ws_moveit/install/pilz_industrial_motion_planner_testutils:/root/ws_moveit/install/moveit_simple_controller_manager:/root/ws_moveit/install/moveit_ros_occupancy_map_monitor:/root/ws_moveit/install/moveit_resources_prbt_ikfast_manipulator_plugin:/root/ws_moveit/install/chomp_motion_planner:/root/ws_moveit/install/moveit_core:/root/ws_moveit/install/rviz_marker_tools:/root/ws_moveit/install/moveit_resources_panda_moveit_config:/root/ws_moveit/install/moveit_resources_fanuc_moveit_config:/root/ws_moveit/install/moveit_configs_utils:/root/ws_moveit/install/srdfdom:/root/ws_moveit/install/moveit_task_constructor_msgs:/root/ws_moveit/install/moveit_resources_prbt_support:/root/ws_moveit/install/moveit_resources_pr2_description:/root/ws_moveit/install/moveit_resources_panda_description:/root/ws_moveit/install/moveit_resources_fanuc_description:/root/ws_moveit/install/moveit_common:/root/ws_moveit/install/launch_param_builder:${AMENT_PREFIX_PATH} CMAKE_MODULE_PATH=/root/ws_moveit/install/moveit_task_constructor_core/share/moveit_task_constructor_core/cmake CMAKE_PREFIX_PATH=/root/ws_moveit/install/moveit_task_constructor_capabilities:/root/ws_moveit/install/moveit_task_constructor_core:/root/ws_moveit/install/moveit_planners:/root/ws_moveit/install/pilz_industrial_motion_planner:/root/ws_moveit/install/moveit_resources_prbt_pg70_support:/root/ws_moveit/install/moveit_ros_planning_interface:/root/ws_moveit/install/moveit_resources_prbt_moveit_config:/root/ws_moveit/install/moveit_ros_move_group:/root/ws_moveit/install/moveit_ros_warehouse:/root/ws_moveit/install/moveit_planners_ompl:/root/ws_moveit/install/moveit_kinematics:/root/ws_moveit/install/moveit_ros_planning:/root/ws_moveit/install/moveit_planners_chomp:/root/ws_moveit/install/pilz_industrial_motion_planner_testutils:/root/ws_moveit/install/moveit_simple_controller_manager:/root/ws_moveit/install/moveit_ros_occupancy_map_monitor:/root/ws_moveit/install/moveit_resources_prbt_ikfast_manipulator_plugin:/root/ws_moveit/install/chomp_motion_planner:/root/ws_moveit/install/moveit_core:/root/ws_moveit/install/rviz_marker_tools:/root/ws_moveit/install/moveit_resources_panda_moveit_config:/root/ws_moveit/install/moveit_resources_fanuc_moveit_config:/root/ws_moveit/install/srdfdom:/root/ws_moveit/install/moveit_task_constructor_msgs:/root/ws_moveit/install/moveit_resources_prbt_support:/root/ws_moveit/install/moveit_resources_pr2_description:/root/ws_moveit/install/moveit_resources_panda_description:/root/ws_moveit/install/moveit_resources_fanuc_description:/root/ws_moveit/install/moveit_common:/opt/ros/humble LD_LIBRARY_PATH=/root/ws_moveit/install/moveit_task_constructor_capabilities/lib:/root/ws_moveit/install/moveit_task_constructor_core/lib:/root/ws_moveit/install/pilz_industrial_motion_planner/lib:/root/ws_moveit/install/moveit_ros_planning_interface/lib:/root/ws_moveit/install/moveit_ros_move_group/lib:/root/ws_moveit/install/moveit_ros_warehouse/lib:/root/ws_moveit/install/moveit_planners_ompl/lib:/root/ws_moveit/install/moveit_kinematics/lib:/root/ws_moveit/install/moveit_ros_planning/lib:/root/ws_moveit/install/moveit_planners_chomp/lib:/root/ws_moveit/install/pilz_industrial_motion_planner_testutils/lib:/root/ws_moveit/install/moveit_simple_controller_manager/lib:/root/ws_moveit/install/moveit_ros_occupancy_map_monitor/lib:/root/ws_moveit/install/moveit_resources_prbt_ikfast_manipulator_plugin/lib:/root/ws_moveit/install/chomp_motion_planner/lib:/root/ws_moveit/install/moveit_core/lib:/root/ws_moveit/install/rviz_marker_tools/lib:/root/ws_moveit/install/srdfdom/lib:/root/ws_moveit/install/moveit_task_constructor_msgs/lib:${LD_LIBRARY_PATH} PATH=/root/ws_moveit/install/moveit_core/bin:${PATH} PYTHONPATH=/root/ws_moveit/install/moveit_task_constructor_core/local/lib/python3.10/dist-packages:/root/ws_moveit/install/moveit_configs_utils/lib/python3.10/site-packages:/root/ws_moveit/install/srdfdom/local/lib/python3.10/dist-packages:/root/ws_moveit/install/moveit_task_constructor_msgs/local/lib/python3.10/dist-packages:/root/ws_moveit/install/launch_param_builder/lib/python3.10/site-packages:${PYTHONPATH} /usr/bin/cmake --build /root/ws_moveit/build/moveit_task_constructor_demo
[20.412s] Invoking command in '/root/ws_moveit/build/moveit_task_constructor_demo': AMENT_PREFIX_PATH=/root/ws_moveit/install/moveit_task_constructor_capabilities:/root/ws_moveit/install/moveit_task_constructor_core:/root/ws_moveit/install/moveit_planners:/root/ws_moveit/install/pilz_industrial_motion_planner:/root/ws_moveit/install/moveit_resources_prbt_pg70_support:/root/ws_moveit/install/moveit_ros_planning_interface:/root/ws_moveit/install/moveit_resources_prbt_moveit_config:/root/ws_moveit/install/moveit_ros_move_group:/root/ws_moveit/install/moveit_ros_warehouse:/root/ws_moveit/install/moveit_planners_ompl:/root/ws_moveit/install/moveit_kinematics:/root/ws_moveit/install/moveit_ros_planning:/root/ws_moveit/install/moveit_planners_chomp:/root/ws_moveit/install/pilz_industrial_motion_planner_testutils:/root/ws_moveit/install/moveit_simple_controller_manager:/root/ws_moveit/install/moveit_ros_occupancy_map_monitor:/root/ws_moveit/install/moveit_resources_prbt_ikfast_manipulator_plugin:/root/ws_moveit/install/chomp_motion_planner:/root/ws_moveit/install/moveit_core:/root/ws_moveit/install/rviz_marker_tools:/root/ws_moveit/install/moveit_resources_panda_moveit_config:/root/ws_moveit/install/moveit_resources_fanuc_moveit_config:/root/ws_moveit/install/moveit_configs_utils:/root/ws_moveit/install/srdfdom:/root/ws_moveit/install/moveit_task_constructor_msgs:/root/ws_moveit/install/moveit_resources_prbt_support:/root/ws_moveit/install/moveit_resources_pr2_description:/root/ws_moveit/install/moveit_resources_panda_description:/root/ws_moveit/install/moveit_resources_fanuc_description:/root/ws_moveit/install/moveit_common:/root/ws_moveit/install/launch_param_builder:${AMENT_PREFIX_PATH} CMAKE_MODULE_PATH=/root/ws_moveit/install/moveit_task_constructor_core/share/moveit_task_constructor_core/cmake CMAKE_PREFIX_PATH=/root/ws_moveit/install/moveit_task_constructor_capabilities:/root/ws_moveit/install/moveit_task_constructor_core:/root/ws_moveit/install/moveit_planners:/root/ws_moveit/install/pilz_industrial_motion_planner:/root/ws_moveit/install/moveit_resources_prbt_pg70_support:/root/ws_moveit/install/moveit_ros_planning_interface:/root/ws_moveit/install/moveit_resources_prbt_moveit_config:/root/ws_moveit/install/moveit_ros_move_group:/root/ws_moveit/install/moveit_ros_warehouse:/root/ws_moveit/install/moveit_planners_ompl:/root/ws_moveit/install/moveit_kinematics:/root/ws_moveit/install/moveit_ros_planning:/root/ws_moveit/install/moveit_planners_chomp:/root/ws_moveit/install/pilz_industrial_motion_planner_testutils:/root/ws_moveit/install/moveit_simple_controller_manager:/root/ws_moveit/install/moveit_ros_occupancy_map_monitor:/root/ws_moveit/install/moveit_resources_prbt_ikfast_manipulator_plugin:/root/ws_moveit/install/chomp_motion_planner:/root/ws_moveit/install/moveit_core:/root/ws_moveit/install/rviz_marker_tools:/root/ws_moveit/install/moveit_resources_panda_moveit_config:/root/ws_moveit/install/moveit_resources_fanuc_moveit_config:/root/ws_moveit/install/srdfdom:/root/ws_moveit/install/moveit_task_constructor_msgs:/root/ws_moveit/install/moveit_resources_prbt_support:/root/ws_moveit/install/moveit_resources_pr2_description:/root/ws_moveit/install/moveit_resources_panda_description:/root/ws_moveit/install/moveit_resources_fanuc_description:/root/ws_moveit/install/moveit_common:/opt/ros/humble LD_LIBRARY_PATH=/root/ws_moveit/install/moveit_task_constructor_capabilities/lib:/root/ws_moveit/install/moveit_task_constructor_core/lib:/root/ws_moveit/install/pilz_industrial_motion_planner/lib:/root/ws_moveit/install/moveit_ros_planning_interface/lib:/root/ws_moveit/install/moveit_ros_move_group/lib:/root/ws_moveit/install/moveit_ros_warehouse/lib:/root/ws_moveit/install/moveit_planners_ompl/lib:/root/ws_moveit/install/moveit_kinematics/lib:/root/ws_moveit/install/moveit_ros_planning/lib:/root/ws_moveit/install/moveit_planners_chomp/lib:/root/ws_moveit/install/pilz_industrial_motion_planner_testutils/lib:/root/ws_moveit/install/moveit_simple_controller_manager/lib:/root/ws_moveit/install/moveit_ros_occupancy_map_monitor/lib:/root/ws_moveit/install/moveit_resources_prbt_ikfast_manipulator_plugin/lib:/root/ws_moveit/install/chomp_motion_planner/lib:/root/ws_moveit/install/moveit_core/lib:/root/ws_moveit/install/rviz_marker_tools/lib:/root/ws_moveit/install/srdfdom/lib:/root/ws_moveit/install/moveit_task_constructor_msgs/lib:${LD_LIBRARY_PATH} PATH=/root/ws_moveit/install/moveit_core/bin:${PATH} PYTHONPATH=/root/ws_moveit/install/moveit_task_constructor_core/local/lib/python3.10/dist-packages:/root/ws_moveit/install/moveit_configs_utils/lib/python3.10/site-packages:/root/ws_moveit/install/srdfdom/local/lib/python3.10/dist-packages:/root/ws_moveit/install/moveit_task_constructor_msgs/local/lib/python3.10/dist-packages:/root/ws_moveit/install/launch_param_builder/lib/python3.10/site-packages:${PYTHONPATH} /usr/bin/cmake --install /root/ws_moveit/build/moveit_task_constructor_demo
[20.417s] -- Install configuration: "Release"
[20.417s] -- Installing: /root/ws_moveit/install/moveit_task_constructor_demo/lib/libmoveit_task_constructor_demo_pick_place_task.so
[20.417s] -- Set runtime path of "/root/ws_moveit/install/moveit_task_constructor_demo/lib/libmoveit_task_constructor_demo_pick_place_task.so" to ""
[20.417s] -- Installing: /root/ws_moveit/install/moveit_task_constructor_demo/lib/moveit_task_constructor_demo/cartesian
[20.417s] -- Set runtime path of "/root/ws_moveit/install/moveit_task_constructor_demo/lib/moveit_task_constructor_demo/cartesian" to ""
[20.417s] -- Installing: /root/ws_moveit/install/moveit_task_constructor_demo/lib/moveit_task_constructor_demo/modular
[20.417s] -- Set runtime path of "/root/ws_moveit/install/moveit_task_constructor_demo/lib/moveit_task_constructor_demo/modular" to ""
[20.417s] -- Installing: /root/ws_moveit/install/moveit_task_constructor_demo/lib/moveit_task_constructor_demo/alternative_path_costs
[20.418s] -- Set runtime path of "/root/ws_moveit/install/moveit_task_constructor_demo/lib/moveit_task_constructor_demo/alternative_path_costs" to ""
[20.418s] -- Installing: /root/ws_moveit/install/moveit_task_constructor_demo/include/moveit_task_constructor_demo
[20.418s] -- Installing: /root/ws_moveit/install/moveit_task_constructor_demo/include/moveit_task_constructor_demo/ik_clearance_cost_parameters.hpp
[20.418s] -- Installing: /root/ws_moveit/install/moveit_task_constructor_demo/include/moveit_task_constructor_demo/pick_place_demo_parameters.hpp
[20.418s] -- Installing: /root/ws_moveit/install/moveit_task_constructor_demo/lib/moveit_task_constructor_demo/ik_clearance_cost
[20.418s] -- Set runtime path of "/root/ws_moveit/install/moveit_task_constructor_demo/lib/moveit_task_constructor_demo/ik_clearance_cost" to ""
[20.418s] -- Installing: /root/ws_moveit/install/moveit_task_constructor_demo/lib/moveit_task_constructor_demo/fallbacks_move_to
[20.418s] -- Set runtime path of "/root/ws_moveit/install/moveit_task_constructor_demo/lib/moveit_task_constructor_demo/fallbacks_move_to" to ""
[20.418s] -- Up-to-date: /root/ws_moveit/install/moveit_task_constructor_demo/include/moveit_task_constructor_demo
[20.418s] -- Up-to-date: /root/ws_moveit/install/moveit_task_constructor_demo/include/moveit_task_constructor_demo/ik_clearance_cost_parameters.hpp
[20.418s] -- Up-to-date: /root/ws_moveit/install/moveit_task_constructor_demo/include/moveit_task_constructor_demo/pick_place_demo_parameters.hpp
[20.418s] -- Installing: /root/ws_moveit/install/moveit_task_constructor_demo/lib/moveit_task_constructor_demo/pick_place_demo
[20.419s] -- Set runtime path of "/root/ws_moveit/install/moveit_task_constructor_demo/lib/moveit_task_constructor_demo/pick_place_demo" to ""
[20.419s] -- Installing: /root/ws_moveit/install/moveit_task_constructor_demo/lib/moveit_task_constructor_demo/alternatives.py
[20.419s] -- Installing: /root/ws_moveit/install/moveit_task_constructor_demo/lib/moveit_task_constructor_demo/cartesian.py
[20.419s] -- Installing: /root/ws_moveit/install/moveit_task_constructor_demo/lib/moveit_task_constructor_demo/compute_ik.py
[20.419s] -- Installing: /root/ws_moveit/install/moveit_task_constructor_demo/lib/moveit_task_constructor_demo/constrained.py
[20.419s] -- Installing: /root/ws_moveit/install/moveit_task_constructor_demo/lib/moveit_task_constructor_demo/current_state.py
[20.419s] -- Installing: /root/ws_moveit/install/moveit_task_constructor_demo/lib/moveit_task_constructor_demo/fallbacks.py
[20.419s] -- Installing: /root/ws_moveit/install/moveit_task_constructor_demo/lib/moveit_task_constructor_demo/fix_collision_objects.py
[20.419s] -- Installing: /root/ws_moveit/install/moveit_task_constructor_demo/lib/moveit_task_constructor_demo/fixed_state.py
[20.419s] -- Installing: /root/ws_moveit/install/moveit_task_constructor_demo/lib/moveit_task_constructor_demo/generate_pose.py
[20.419s] -- Installing: /root/ws_moveit/install/moveit_task_constructor_demo/lib/moveit_task_constructor_demo/merger.py
[20.419s] -- Installing: /root/ws_moveit/install/moveit_task_constructor_demo/lib/moveit_task_constructor_demo/modify_planning_scene.py
[20.419s] -- Installing: /root/ws_moveit/install/moveit_task_constructor_demo/lib/moveit_task_constructor_demo/multi_planner.py
[20.419s] -- Installing: /root/ws_moveit/install/moveit_task_constructor_demo/lib/moveit_task_constructor_demo/pickplace.py
[20.419s] -- Installing: /root/ws_moveit/install/moveit_task_constructor_demo/lib/moveit_task_constructor_demo/properties.py
[20.419s] -- Installing: /root/ws_moveit/install/moveit_task_constructor_demo/share/moveit_task_constructor_demo/launch
[20.419s] -- Installing: /root/ws_moveit/install/moveit_task_constructor_demo/share/moveit_task_constructor_demo/launch/run.launch.py
[20.419s] -- Installing: /root/ws_moveit/install/moveit_task_constructor_demo/share/moveit_task_constructor_demo/launch/demo.launch.py
[20.419s] -- Installing: /root/ws_moveit/install/moveit_task_constructor_demo/share/moveit_task_constructor_demo/config
[20.420s] -- Installing: /root/ws_moveit/install/moveit_task_constructor_demo/share/moveit_task_constructor_demo/config/mtc.rviz
[20.420s] -- Installing: /root/ws_moveit/install/moveit_task_constructor_demo/share/moveit_task_constructor_demo/config/panda_config.yaml
[20.420s] -- Installing: /root/ws_moveit/install/moveit_task_constructor_demo/share/ament_index/resource_index/package_run_dependencies/moveit_task_constructor_demo
[20.420s] -- Installing: /root/ws_moveit/install/moveit_task_constructor_demo/share/ament_index/resource_index/parent_prefix_path/moveit_task_constructor_demo
[20.420s] -- Installing: /root/ws_moveit/install/moveit_task_constructor_demo/share/moveit_task_constructor_demo/environment/ament_prefix_path.sh
[20.420s] -- Installing: /root/ws_moveit/install/moveit_task_constructor_demo/share/moveit_task_constructor_demo/environment/ament_prefix_path.dsv
[20.420s] -- Installing: /root/ws_moveit/install/moveit_task_constructor_demo/share/moveit_task_constructor_demo/environment/path.sh
[20.420s] -- Installing: /root/ws_moveit/install/moveit_task_constructor_demo/share/moveit_task_constructor_demo/environment/path.dsv
[20.420s] -- Installing: /root/ws_moveit/install/moveit_task_constructor_demo/share/moveit_task_constructor_demo/local_setup.bash
[20.420s] -- Installing: /root/ws_moveit/install/moveit_task_constructor_demo/share/moveit_task_constructor_demo/local_setup.sh
[20.420s] -- Installing: /root/ws_moveit/install/moveit_task_constructor_demo/share/moveit_task_constructor_demo/local_setup.zsh
[20.420s] -- Installing: /root/ws_moveit/install/moveit_task_constructor_demo/share/moveit_task_constructor_demo/local_setup.dsv
[20.420s] -- Installing: /root/ws_moveit/install/moveit_task_constructor_demo/share/moveit_task_constructor_demo/package.dsv
[20.421s] -- Installing: /root/ws_moveit/install/moveit_task_constructor_demo/share/ament_index/resource_index/packages/moveit_task_constructor_demo
[20.421s] -- Installing: /root/ws_moveit/install/moveit_task_constructor_demo/share/moveit_task_constructor_demo/cmake/moveit_task_constructor_demoConfig.cmake
[20.421s] -- Installing: /root/ws_moveit/install/moveit_task_constructor_demo/share/moveit_task_constructor_demo/cmake/moveit_task_constructor_demoConfig-version.cmake
[20.421s] -- Installing: /root/ws_moveit/install/moveit_task_constructor_demo/share/moveit_task_constructor_demo/package.xml
[20.422s] Invoked command in '/root/ws_moveit/build/moveit_task_constructor_demo' returned '0': AMENT_PREFIX_PATH=/root/ws_moveit/install/moveit_task_constructor_capabilities:/root/ws_moveit/install/moveit_task_constructor_core:/root/ws_moveit/install/moveit_planners:/root/ws_moveit/install/pilz_industrial_motion_planner:/root/ws_moveit/install/moveit_resources_prbt_pg70_support:/root/ws_moveit/install/moveit_ros_planning_interface:/root/ws_moveit/install/moveit_resources_prbt_moveit_config:/root/ws_moveit/install/moveit_ros_move_group:/root/ws_moveit/install/moveit_ros_warehouse:/root/ws_moveit/install/moveit_planners_ompl:/root/ws_moveit/install/moveit_kinematics:/root/ws_moveit/install/moveit_ros_planning:/root/ws_moveit/install/moveit_planners_chomp:/root/ws_moveit/install/pilz_industrial_motion_planner_testutils:/root/ws_moveit/install/moveit_simple_controller_manager:/root/ws_moveit/install/moveit_ros_occupancy_map_monitor:/root/ws_moveit/install/moveit_resources_prbt_ikfast_manipulator_plugin:/root/ws_moveit/install/chomp_motion_planner:/root/ws_moveit/install/moveit_core:/root/ws_moveit/install/rviz_marker_tools:/root/ws_moveit/install/moveit_resources_panda_moveit_config:/root/ws_moveit/install/moveit_resources_fanuc_moveit_config:/root/ws_moveit/install/moveit_configs_utils:/root/ws_moveit/install/srdfdom:/root/ws_moveit/install/moveit_task_constructor_msgs:/root/ws_moveit/install/moveit_resources_prbt_support:/root/ws_moveit/install/moveit_resources_pr2_description:/root/ws_moveit/install/moveit_resources_panda_description:/root/ws_moveit/install/moveit_resources_fanuc_description:/root/ws_moveit/install/moveit_common:/root/ws_moveit/install/launch_param_builder:${AMENT_PREFIX_PATH} CMAKE_MODULE_PATH=/root/ws_moveit/install/moveit_task_constructor_core/share/moveit_task_constructor_core/cmake CMAKE_PREFIX_PATH=/root/ws_moveit/install/moveit_task_constructor_capabilities:/root/ws_moveit/install/moveit_task_constructor_core:/root/ws_moveit/install/moveit_planners:/root/ws_moveit/install/pilz_industrial_motion_planner:/root/ws_moveit/install/moveit_resources_prbt_pg70_support:/root/ws_moveit/install/moveit_ros_planning_interface:/root/ws_moveit/install/moveit_resources_prbt_moveit_config:/root/ws_moveit/install/moveit_ros_move_group:/root/ws_moveit/install/moveit_ros_warehouse:/root/ws_moveit/install/moveit_planners_ompl:/root/ws_moveit/install/moveit_kinematics:/root/ws_moveit/install/moveit_ros_planning:/root/ws_moveit/install/moveit_planners_chomp:/root/ws_moveit/install/pilz_industrial_motion_planner_testutils:/root/ws_moveit/install/moveit_simple_controller_manager:/root/ws_moveit/install/moveit_ros_occupancy_map_monitor:/root/ws_moveit/install/moveit_resources_prbt_ikfast_manipulator_plugin:/root/ws_moveit/install/chomp_motion_planner:/root/ws_moveit/install/moveit_core:/root/ws_moveit/install/rviz_marker_tools:/root/ws_moveit/install/moveit_resources_panda_moveit_config:/root/ws_moveit/install/moveit_resources_fanuc_moveit_config:/root/ws_moveit/install/srdfdom:/root/ws_moveit/install/moveit_task_constructor_msgs:/root/ws_moveit/install/moveit_resources_prbt_support:/root/ws_moveit/install/moveit_resources_pr2_description:/root/ws_moveit/install/moveit_resources_panda_description:/root/ws_moveit/install/moveit_resources_fanuc_description:/root/ws_moveit/install/moveit_common:/opt/ros/humble LD_LIBRARY_PATH=/root/ws_moveit/install/moveit_task_constructor_capabilities/lib:/root/ws_moveit/install/moveit_task_constructor_core/lib:/root/ws_moveit/install/pilz_industrial_motion_planner/lib:/root/ws_moveit/install/moveit_ros_planning_interface/lib:/root/ws_moveit/install/moveit_ros_move_group/lib:/root/ws_moveit/install/moveit_ros_warehouse/lib:/root/ws_moveit/install/moveit_planners_ompl/lib:/root/ws_moveit/install/moveit_kinematics/lib:/root/ws_moveit/install/moveit_ros_planning/lib:/root/ws_moveit/install/moveit_planners_chomp/lib:/root/ws_moveit/install/pilz_industrial_motion_planner_testutils/lib:/root/ws_moveit/install/moveit_simple_controller_manager/lib:/root/ws_moveit/install/moveit_ros_occupancy_map_monitor/lib:/root/ws_moveit/install/moveit_resources_prbt_ikfast_manipulator_plugin/lib:/root/ws_moveit/install/chomp_motion_planner/lib:/root/ws_moveit/install/moveit_core/lib:/root/ws_moveit/install/rviz_marker_tools/lib:/root/ws_moveit/install/srdfdom/lib:/root/ws_moveit/install/moveit_task_constructor_msgs/lib:${LD_LIBRARY_PATH} PATH=/root/ws_moveit/install/moveit_core/bin:${PATH} PYTHONPATH=/root/ws_moveit/install/moveit_task_constructor_core/local/lib/python3.10/dist-packages:/root/ws_moveit/install/moveit_configs_utils/lib/python3.10/site-packages:/root/ws_moveit/install/srdfdom/local/lib/python3.10/dist-packages:/root/ws_moveit/install/moveit_task_constructor_msgs/local/lib/python3.10/dist-packages:/root/ws_moveit/install/launch_param_builder/lib/python3.10/site-packages:${PYTHONPATH} /usr/bin/cmake --install /root/ws_moveit/build/moveit_task_constructor_demo
