[0.060s] Invoking command in '/root/ws_moveit/build/moveit_ros_planning_interface': AMENT_PREFIX_PATH=/root/ws_moveit/install/moveit_ros_move_group:/root/ws_moveit/install/moveit_ros_warehouse:/root/ws_moveit/install/moveit_planners_ompl:/root/ws_moveit/install/moveit_kinematics:/root/ws_moveit/install/moveit_ros_planning:/root/ws_moveit/install/moveit_simple_controller_manager:/root/ws_moveit/install/moveit_ros_occupancy_map_monitor:/root/ws_moveit/install/moveit_core:/root/ws_moveit/install/moveit_resources_panda_moveit_config:/root/ws_moveit/install/moveit_resources_fanuc_moveit_config:/root/ws_moveit/install/moveit_configs_utils:/root/ws_moveit/install/srdfdom:/root/ws_moveit/install/moveit_resources_pr2_description:/root/ws_moveit/install/moveit_resources_panda_description:/root/ws_moveit/install/moveit_resources_fanuc_description:/root/ws_moveit/install/moveit_common:/root/ws_moveit/install/launch_param_builder:${AMENT_PREFIX_PATH} CMAKE_PREFIX_PATH=/root/ws_moveit/install/moveit_ros_move_group:/root/ws_moveit/install/moveit_ros_warehouse:/root/ws_moveit/install/moveit_planners_ompl:/root/ws_moveit/install/moveit_kinematics:/root/ws_moveit/install/moveit_ros_planning:/root/ws_moveit/install/moveit_simple_controller_manager:/root/ws_moveit/install/moveit_ros_occupancy_map_monitor:/root/ws_moveit/install/moveit_core:/root/ws_moveit/install/moveit_resources_panda_moveit_config:/root/ws_moveit/install/moveit_resources_fanuc_moveit_config:/root/ws_moveit/install/srdfdom:/root/ws_moveit/install/moveit_resources_pr2_description:/root/ws_moveit/install/moveit_resources_panda_description:/root/ws_moveit/install/moveit_resources_fanuc_description:/root/ws_moveit/install/moveit_common:/opt/ros/humble LD_LIBRARY_PATH=/root/ws_moveit/install/moveit_ros_move_group/lib:/root/ws_moveit/install/moveit_ros_warehouse/lib:/root/ws_moveit/install/moveit_planners_ompl/lib:/root/ws_moveit/install/moveit_kinematics/lib:/root/ws_moveit/install/moveit_ros_planning/lib:/root/ws_moveit/install/moveit_simple_controller_manager/lib:/root/ws_moveit/install/moveit_ros_occupancy_map_monitor/lib:/root/ws_moveit/install/moveit_core/lib:/root/ws_moveit/install/srdfdom/lib:${LD_LIBRARY_PATH} PATH=/root/ws_moveit/install/moveit_core/bin:${PATH} PYTHONPATH=/root/ws_moveit/install/moveit_configs_utils/lib/python3.10/site-packages:/root/ws_moveit/install/srdfdom/local/lib/python3.10/dist-packages:/root/ws_moveit/install/launch_param_builder/lib/python3.10/site-packages:${PYTHONPATH} /usr/bin/cmake /root/ws_moveit/src/moveit2/moveit_ros/planning_interface -DCMAKE_INSTALL_PREFIX=/root/ws_moveit/install/moveit_ros_planning_interface
[0.155s] -- The C compiler identification is GNU 11.4.0
[0.207s] -- The CXX compiler identification is GNU 11.4.0
[0.211s] -- Detecting C compiler ABI info
[0.296s] -- Detecting C compiler ABI info - done
[0.303s] -- Check for working C compiler: /usr/bin/cc - skipped
[0.303s] -- Detecting C compile features
[0.303s] -- Detecting C compile features - done
[0.305s] -- Detecting CXX compiler ABI info
[0.420s] -- Detecting CXX compiler ABI info - done
[0.427s] -- Check for working CXX compiler: /usr/bin/c++ - skipped
[0.428s] -- Detecting CXX compile features
[0.428s] -- Detecting CXX compile features - done
[0.430s] -- Found moveit_common: 2.5.9 (/root/ws_moveit/install/moveit_common/share/moveit_common/cmake)
[0.434s] -- Found ament_cmake: 1.3.11 (/opt/ros/humble/share/ament_cmake/cmake)
[0.531s] -- Found Python3: /usr/bin/python3 (found version "3.10.12") found components: Interpreter 
[0.633s] [0mmoveit_ros_planning_interface: You did not request a specific build type: Choosing 'Release' for maximum performance[0m
[0.634s] -- Found moveit_msgs: 2.2.1 (/opt/ros/humble/share/moveit_msgs/cmake)
[0.659s] -- Found rosidl_generator_c: 3.1.6 (/opt/ros/humble/share/rosidl_generator_c/cmake)
[0.662s] -- Found rosidl_adapter: 3.1.6 (/opt/ros/humble/share/rosidl_adapter/cmake)
[0.668s] -- Found rosidl_generator_cpp: 3.1.6 (/opt/ros/humble/share/rosidl_generator_cpp/cmake)
[0.675s] -- Using all available rosidl_typesupport_c: rosidl_typesupport_fastrtps_c;rosidl_typesupport_introspection_c
[0.685s] -- Using all available rosidl_typesupport_cpp: rosidl_typesupport_fastrtps_cpp;rosidl_typesupport_introspection_cpp
[0.777s] -- Found moveit_core: 2.5.9 (/root/ws_moveit/install/moveit_core/share/moveit_core/cmake)
[0.935s] -- Found Boost: /usr/lib/x86_64-linux-gnu/cmake/Boost-1.74.0/BoostConfig.cmake (found version "1.74.0") found components: chrono date_time filesystem iostreams program_options regex serialization system thread 
[0.968s] -- Found parameter_traits: 0.5.0 (/opt/ros/humble/share/parameter_traits/cmake)
[0.995s] -- Found rmw_implementation_cmake: 6.1.2 (/opt/ros/humble/share/rmw_implementation_cmake/cmake)
[0.997s] -- Found rmw_fastrtps_cpp: 6.2.7 (/opt/ros/humble/share/rmw_fastrtps_cpp/cmake)
[1.088s] -- Found OpenSSL: /usr/lib/x86_64-linux-gnu/libcrypto.so (found version "3.0.2")  
[1.108s] -- Found FastRTPS: /opt/ros/humble/include  
[1.135s] -- Using RMW implementation 'rmw_fastrtps_cpp' as default
[1.146s] -- Found Threads: TRUE  
[1.174s] -- Found rclcpp_lifecycle: 16.0.12 (/opt/ros/humble/share/rclcpp_lifecycle/cmake)
[1.188s] -- Found Boost: /usr/lib/x86_64-linux-gnu/cmake/Boost-1.74.0/BoostConfig.cmake (found version "1.74.0") found components: filesystem 
[1.300s] -- library: /usr/lib/x86_64-linux-gnu/libcurl.so
[1.319s] -- Found Eigen3: TRUE (found version "3.4.0") 
[1.319s] -- Ensuring Eigen3 include directory is part of orocos-kdl CMake target
[1.394s] -- Found moveit_ros_planning: 2.5.9 (/root/ws_moveit/install/moveit_ros_planning/share/moveit_ros_planning/cmake)
[1.396s] -- Found Boost: /usr/lib/x86_64-linux-gnu/cmake/Boost-1.74.0/BoostConfig.cmake (found version "1.74.0") found components: system filesystem date_time program_options thread chrono 
[1.408s] -- Found moveit_ros_warehouse: 2.5.9 (/root/ws_moveit/install/moveit_ros_warehouse/share/moveit_ros_warehouse/cmake)
[1.410s] -- Found Boost: /usr/lib/x86_64-linux-gnu/cmake/Boost-1.74.0/BoostConfig.cmake (found version "1.74.0") found components: thread system filesystem regex date_time program_options 
[1.419s] -- Found moveit_ros_move_group: 2.5.9 (/root/ws_moveit/install/moveit_ros_move_group/share/moveit_ros_move_group/cmake)
[1.421s] -- Found Boost: /usr/lib/x86_64-linux-gnu/cmake/Boost-1.74.0/BoostConfig.cmake (found version "1.74.0") found components: system filesystem date_time program_options thread 
[1.433s] -- Found rclpy: 3.3.16 (/opt/ros/humble/share/rclpy/cmake)
[1.437s] -- Found Boost: /usr/lib/x86_64-linux-gnu/cmake/Boost-1.74.0/BoostConfig.cmake (found version "1.74.0") found components: date_time filesystem program_options system thread 
[1.443s] -- Performing Test COMPILER_HAS_HIDDEN_VISIBILITY
[1.520s] -- Performing Test COMPILER_HAS_HIDDEN_VISIBILITY - Success
[1.521s] -- Performing Test COMPILER_HAS_HIDDEN_INLINE_VISIBILITY
[1.589s] -- Performing Test COMPILER_HAS_HIDDEN_INLINE_VISIBILITY - Success
[1.589s] -- Performing Test COMPILER_HAS_DEPRECATED_ATTR
[1.683s] -- Performing Test COMPILER_HAS_DEPRECATED_ATTR - Success
[1.690s] -- Found ament_cmake_gtest: 1.3.11 (/opt/ros/humble/share/ament_cmake_gtest/cmake)
[1.691s] -- Found ros_testing: 0.4.0 (/opt/ros/humble/share/ros_testing/cmake)
[1.693s] -- Found launch_testing_ament_cmake: 1.0.9 (/opt/ros/humble/share/launch_testing_ament_cmake/cmake)
[1.695s] -- Found python_cmake_module: 0.10.0 (/opt/ros/humble/share/python_cmake_module/cmake)
[1.714s] -- Found PythonInterp: /usr/bin/python3 (found suitable version "3.10.12", minimum required is "3.6") 
[1.717s] -- Found PythonLibs: /usr/lib/x86_64-linux-gnu/libpython3.10.so (found suitable version "3.10.12", minimum required is "3.5") 
[1.717s] -- Using PYTHON_EXECUTABLE: /usr/bin/python3
[1.717s] -- Using PYTHON_INCLUDE_DIRS: /usr/include/python3.10
[1.717s] -- Using PYTHON_LIBRARIES: /usr/lib/x86_64-linux-gnu/libpython3.10.so
[1.743s] -- Found PythonExtra: .so  
[1.745s] -- Found ament_lint_auto: 0.12.12 (/opt/ros/humble/share/ament_lint_auto/cmake)
[1.751s] -- Found Boost: /usr/lib/x86_64-linux-gnu/cmake/Boost-1.74.0/BoostConfig.cmake (found version "1.74.0") found components: thread 
[1.788s] -- Configuring done
[1.815s] -- Generating done
[1.822s] -- Build files have been written to: /root/ws_moveit/build/moveit_ros_planning_interface
[1.829s] Invoked command in '/root/ws_moveit/build/moveit_ros_planning_interface' returned '0': AMENT_PREFIX_PATH=/root/ws_moveit/install/moveit_ros_move_group:/root/ws_moveit/install/moveit_ros_warehouse:/root/ws_moveit/install/moveit_planners_ompl:/root/ws_moveit/install/moveit_kinematics:/root/ws_moveit/install/moveit_ros_planning:/root/ws_moveit/install/moveit_simple_controller_manager:/root/ws_moveit/install/moveit_ros_occupancy_map_monitor:/root/ws_moveit/install/moveit_core:/root/ws_moveit/install/moveit_resources_panda_moveit_config:/root/ws_moveit/install/moveit_resources_fanuc_moveit_config:/root/ws_moveit/install/moveit_configs_utils:/root/ws_moveit/install/srdfdom:/root/ws_moveit/install/moveit_resources_pr2_description:/root/ws_moveit/install/moveit_resources_panda_description:/root/ws_moveit/install/moveit_resources_fanuc_description:/root/ws_moveit/install/moveit_common:/root/ws_moveit/install/launch_param_builder:${AMENT_PREFIX_PATH} CMAKE_PREFIX_PATH=/root/ws_moveit/install/moveit_ros_move_group:/root/ws_moveit/install/moveit_ros_warehouse:/root/ws_moveit/install/moveit_planners_ompl:/root/ws_moveit/install/moveit_kinematics:/root/ws_moveit/install/moveit_ros_planning:/root/ws_moveit/install/moveit_simple_controller_manager:/root/ws_moveit/install/moveit_ros_occupancy_map_monitor:/root/ws_moveit/install/moveit_core:/root/ws_moveit/install/moveit_resources_panda_moveit_config:/root/ws_moveit/install/moveit_resources_fanuc_moveit_config:/root/ws_moveit/install/srdfdom:/root/ws_moveit/install/moveit_resources_pr2_description:/root/ws_moveit/install/moveit_resources_panda_description:/root/ws_moveit/install/moveit_resources_fanuc_description:/root/ws_moveit/install/moveit_common:/opt/ros/humble LD_LIBRARY_PATH=/root/ws_moveit/install/moveit_ros_move_group/lib:/root/ws_moveit/install/moveit_ros_warehouse/lib:/root/ws_moveit/install/moveit_planners_ompl/lib:/root/ws_moveit/install/moveit_kinematics/lib:/root/ws_moveit/install/moveit_ros_planning/lib:/root/ws_moveit/install/moveit_simple_controller_manager/lib:/root/ws_moveit/install/moveit_ros_occupancy_map_monitor/lib:/root/ws_moveit/install/moveit_core/lib:/root/ws_moveit/install/srdfdom/lib:${LD_LIBRARY_PATH} PATH=/root/ws_moveit/install/moveit_core/bin:${PATH} PYTHONPATH=/root/ws_moveit/install/moveit_configs_utils/lib/python3.10/site-packages:/root/ws_moveit/install/srdfdom/local/lib/python3.10/dist-packages:/root/ws_moveit/install/launch_param_builder/lib/python3.10/site-packages:${PYTHONPATH} /usr/bin/cmake /root/ws_moveit/src/moveit2/moveit_ros/planning_interface -DCMAKE_INSTALL_PREFIX=/root/ws_moveit/install/moveit_ros_planning_interface
[1.830s] Invoking command in '/root/ws_moveit/build/moveit_ros_planning_interface': AMENT_PREFIX_PATH=/root/ws_moveit/install/moveit_ros_move_group:/root/ws_moveit/install/moveit_ros_warehouse:/root/ws_moveit/install/moveit_planners_ompl:/root/ws_moveit/install/moveit_kinematics:/root/ws_moveit/install/moveit_ros_planning:/root/ws_moveit/install/moveit_simple_controller_manager:/root/ws_moveit/install/moveit_ros_occupancy_map_monitor:/root/ws_moveit/install/moveit_core:/root/ws_moveit/install/moveit_resources_panda_moveit_config:/root/ws_moveit/install/moveit_resources_fanuc_moveit_config:/root/ws_moveit/install/moveit_configs_utils:/root/ws_moveit/install/srdfdom:/root/ws_moveit/install/moveit_resources_pr2_description:/root/ws_moveit/install/moveit_resources_panda_description:/root/ws_moveit/install/moveit_resources_fanuc_description:/root/ws_moveit/install/moveit_common:/root/ws_moveit/install/launch_param_builder:${AMENT_PREFIX_PATH} CMAKE_PREFIX_PATH=/root/ws_moveit/install/moveit_ros_move_group:/root/ws_moveit/install/moveit_ros_warehouse:/root/ws_moveit/install/moveit_planners_ompl:/root/ws_moveit/install/moveit_kinematics:/root/ws_moveit/install/moveit_ros_planning:/root/ws_moveit/install/moveit_simple_controller_manager:/root/ws_moveit/install/moveit_ros_occupancy_map_monitor:/root/ws_moveit/install/moveit_core:/root/ws_moveit/install/moveit_resources_panda_moveit_config:/root/ws_moveit/install/moveit_resources_fanuc_moveit_config:/root/ws_moveit/install/srdfdom:/root/ws_moveit/install/moveit_resources_pr2_description:/root/ws_moveit/install/moveit_resources_panda_description:/root/ws_moveit/install/moveit_resources_fanuc_description:/root/ws_moveit/install/moveit_common:/opt/ros/humble LD_LIBRARY_PATH=/root/ws_moveit/install/moveit_ros_move_group/lib:/root/ws_moveit/install/moveit_ros_warehouse/lib:/root/ws_moveit/install/moveit_planners_ompl/lib:/root/ws_moveit/install/moveit_kinematics/lib:/root/ws_moveit/install/moveit_ros_planning/lib:/root/ws_moveit/install/moveit_simple_controller_manager/lib:/root/ws_moveit/install/moveit_ros_occupancy_map_monitor/lib:/root/ws_moveit/install/moveit_core/lib:/root/ws_moveit/install/srdfdom/lib:${LD_LIBRARY_PATH} PATH=/root/ws_moveit/install/moveit_core/bin:${PATH} PYTHONPATH=/root/ws_moveit/install/moveit_configs_utils/lib/python3.10/site-packages:/root/ws_moveit/install/srdfdom/local/lib/python3.10/dist-packages:/root/ws_moveit/install/launch_param_builder/lib/python3.10/site-packages:${PYTHONPATH} /usr/bin/cmake --build /root/ws_moveit/build/moveit_ros_planning_interface
[1.880s] [ 16%] [32mBuilding CXX object common_planning_interface_objects/CMakeFiles/moveit_common_planning_interface_objects.dir/src/common_objects.cpp.o[0m
[1.880s] [ 33%] [32mBuilding CXX object planning_scene_interface/CMakeFiles/moveit_planning_scene_interface.dir/src/planning_scene_interface.cpp.o[0m
[5.526s] [ 50%] [32m[1mLinking CXX shared library libmoveit_common_planning_interface_objects.so[0m
[5.654s] [ 50%] Built target moveit_common_planning_interface_objects
[7.311s] [ 66%] [32m[1mLinking CXX shared library libmoveit_planning_scene_interface.so[0m
[7.535s] [ 66%] Built target moveit_planning_scene_interface
[7.563s] [ 83%] [32mBuilding CXX object move_group_interface/CMakeFiles/moveit_move_group_interface.dir/src/move_group_interface.cpp.o[0m
[19.201s] [100%] [32m[1mLinking CXX shared library libmoveit_move_group_interface.so[0m
[19.390s] [100%] Built target moveit_move_group_interface
[19.398s] Invoked command in '/root/ws_moveit/build/moveit_ros_planning_interface' returned '0': AMENT_PREFIX_PATH=/root/ws_moveit/install/moveit_ros_move_group:/root/ws_moveit/install/moveit_ros_warehouse:/root/ws_moveit/install/moveit_planners_ompl:/root/ws_moveit/install/moveit_kinematics:/root/ws_moveit/install/moveit_ros_planning:/root/ws_moveit/install/moveit_simple_controller_manager:/root/ws_moveit/install/moveit_ros_occupancy_map_monitor:/root/ws_moveit/install/moveit_core:/root/ws_moveit/install/moveit_resources_panda_moveit_config:/root/ws_moveit/install/moveit_resources_fanuc_moveit_config:/root/ws_moveit/install/moveit_configs_utils:/root/ws_moveit/install/srdfdom:/root/ws_moveit/install/moveit_resources_pr2_description:/root/ws_moveit/install/moveit_resources_panda_description:/root/ws_moveit/install/moveit_resources_fanuc_description:/root/ws_moveit/install/moveit_common:/root/ws_moveit/install/launch_param_builder:${AMENT_PREFIX_PATH} CMAKE_PREFIX_PATH=/root/ws_moveit/install/moveit_ros_move_group:/root/ws_moveit/install/moveit_ros_warehouse:/root/ws_moveit/install/moveit_planners_ompl:/root/ws_moveit/install/moveit_kinematics:/root/ws_moveit/install/moveit_ros_planning:/root/ws_moveit/install/moveit_simple_controller_manager:/root/ws_moveit/install/moveit_ros_occupancy_map_monitor:/root/ws_moveit/install/moveit_core:/root/ws_moveit/install/moveit_resources_panda_moveit_config:/root/ws_moveit/install/moveit_resources_fanuc_moveit_config:/root/ws_moveit/install/srdfdom:/root/ws_moveit/install/moveit_resources_pr2_description:/root/ws_moveit/install/moveit_resources_panda_description:/root/ws_moveit/install/moveit_resources_fanuc_description:/root/ws_moveit/install/moveit_common:/opt/ros/humble LD_LIBRARY_PATH=/root/ws_moveit/install/moveit_ros_move_group/lib:/root/ws_moveit/install/moveit_ros_warehouse/lib:/root/ws_moveit/install/moveit_planners_ompl/lib:/root/ws_moveit/install/moveit_kinematics/lib:/root/ws_moveit/install/moveit_ros_planning/lib:/root/ws_moveit/install/moveit_simple_controller_manager/lib:/root/ws_moveit/install/moveit_ros_occupancy_map_monitor/lib:/root/ws_moveit/install/moveit_core/lib:/root/ws_moveit/install/srdfdom/lib:${LD_LIBRARY_PATH} PATH=/root/ws_moveit/install/moveit_core/bin:${PATH} PYTHONPATH=/root/ws_moveit/install/moveit_configs_utils/lib/python3.10/site-packages:/root/ws_moveit/install/srdfdom/local/lib/python3.10/dist-packages:/root/ws_moveit/install/launch_param_builder/lib/python3.10/site-packages:${PYTHONPATH} /usr/bin/cmake --build /root/ws_moveit/build/moveit_ros_planning_interface
[19.399s] Invoking command in '/root/ws_moveit/build/moveit_ros_planning_interface': AMENT_PREFIX_PATH=/root/ws_moveit/install/moveit_ros_move_group:/root/ws_moveit/install/moveit_ros_warehouse:/root/ws_moveit/install/moveit_planners_ompl:/root/ws_moveit/install/moveit_kinematics:/root/ws_moveit/install/moveit_ros_planning:/root/ws_moveit/install/moveit_simple_controller_manager:/root/ws_moveit/install/moveit_ros_occupancy_map_monitor:/root/ws_moveit/install/moveit_core:/root/ws_moveit/install/moveit_resources_panda_moveit_config:/root/ws_moveit/install/moveit_resources_fanuc_moveit_config:/root/ws_moveit/install/moveit_configs_utils:/root/ws_moveit/install/srdfdom:/root/ws_moveit/install/moveit_resources_pr2_description:/root/ws_moveit/install/moveit_resources_panda_description:/root/ws_moveit/install/moveit_resources_fanuc_description:/root/ws_moveit/install/moveit_common:/root/ws_moveit/install/launch_param_builder:${AMENT_PREFIX_PATH} CMAKE_PREFIX_PATH=/root/ws_moveit/install/moveit_ros_move_group:/root/ws_moveit/install/moveit_ros_warehouse:/root/ws_moveit/install/moveit_planners_ompl:/root/ws_moveit/install/moveit_kinematics:/root/ws_moveit/install/moveit_ros_planning:/root/ws_moveit/install/moveit_simple_controller_manager:/root/ws_moveit/install/moveit_ros_occupancy_map_monitor:/root/ws_moveit/install/moveit_core:/root/ws_moveit/install/moveit_resources_panda_moveit_config:/root/ws_moveit/install/moveit_resources_fanuc_moveit_config:/root/ws_moveit/install/srdfdom:/root/ws_moveit/install/moveit_resources_pr2_description:/root/ws_moveit/install/moveit_resources_panda_description:/root/ws_moveit/install/moveit_resources_fanuc_description:/root/ws_moveit/install/moveit_common:/opt/ros/humble LD_LIBRARY_PATH=/root/ws_moveit/install/moveit_ros_move_group/lib:/root/ws_moveit/install/moveit_ros_warehouse/lib:/root/ws_moveit/install/moveit_planners_ompl/lib:/root/ws_moveit/install/moveit_kinematics/lib:/root/ws_moveit/install/moveit_ros_planning/lib:/root/ws_moveit/install/moveit_simple_controller_manager/lib:/root/ws_moveit/install/moveit_ros_occupancy_map_monitor/lib:/root/ws_moveit/install/moveit_core/lib:/root/ws_moveit/install/srdfdom/lib:${LD_LIBRARY_PATH} PATH=/root/ws_moveit/install/moveit_core/bin:${PATH} PYTHONPATH=/root/ws_moveit/install/moveit_configs_utils/lib/python3.10/site-packages:/root/ws_moveit/install/srdfdom/local/lib/python3.10/dist-packages:/root/ws_moveit/install/launch_param_builder/lib/python3.10/site-packages:${PYTHONPATH} /usr/bin/cmake --install /root/ws_moveit/build/moveit_ros_planning_interface
[19.405s] -- Install configuration: "Release"
[19.405s] -- Installing: /root/ws_moveit/install/moveit_ros_planning_interface/include
[19.405s] -- Installing: /root/ws_moveit/install/moveit_ros_planning_interface/include/moveit
[19.405s] -- Installing: /root/ws_moveit/install/moveit_ros_planning_interface/include/moveit/common_planning_interface_objects
[19.405s] -- Installing: /root/ws_moveit/install/moveit_ros_planning_interface/include/moveit/common_planning_interface_objects/common_objects.h
[19.406s] -- Up-to-date: /root/ws_moveit/install/moveit_ros_planning_interface/include
[19.406s] -- Up-to-date: /root/ws_moveit/install/moveit_ros_planning_interface/include/moveit
[19.406s] -- Installing: /root/ws_moveit/install/moveit_ros_planning_interface/include/moveit/planning_scene_interface
[19.406s] -- Installing: /root/ws_moveit/install/moveit_ros_planning_interface/include/moveit/planning_scene_interface/planning_scene_interface.h
[19.406s] -- Up-to-date: /root/ws_moveit/install/moveit_ros_planning_interface/include
[19.406s] -- Up-to-date: /root/ws_moveit/install/moveit_ros_planning_interface/include/moveit
[19.406s] -- Installing: /root/ws_moveit/install/moveit_ros_planning_interface/include/moveit/move_group_interface
[19.406s] -- Installing: /root/ws_moveit/install/moveit_ros_planning_interface/include/moveit/move_group_interface/move_group_interface.h
[19.406s] -- Installing: /root/ws_moveit/install/moveit_ros_planning_interface/include/moveit_move_group_interface_export.h
[19.406s] -- Installing: /root/ws_moveit/install/moveit_ros_planning_interface/lib/libmoveit_common_planning_interface_objects.so.2.5.9
[19.406s] -- Set runtime path of "/root/ws_moveit/install/moveit_ros_planning_interface/lib/libmoveit_common_planning_interface_objects.so.2.5.9" to ""
[19.406s] -- Installing: /root/ws_moveit/install/moveit_ros_planning_interface/lib/libmoveit_common_planning_interface_objects.so
[19.406s] -- Installing: /root/ws_moveit/install/moveit_ros_planning_interface/lib/libmoveit_planning_scene_interface.so.2.5.9
[19.407s] -- Set runtime path of "/root/ws_moveit/install/moveit_ros_planning_interface/lib/libmoveit_planning_scene_interface.so.2.5.9" to ""
[19.407s] -- Installing: /root/ws_moveit/install/moveit_ros_planning_interface/lib/libmoveit_planning_scene_interface.so
[19.407s] -- Installing: /root/ws_moveit/install/moveit_ros_planning_interface/lib/libmoveit_move_group_interface.so.2.5.9
[19.407s] -- Set runtime path of "/root/ws_moveit/install/moveit_ros_planning_interface/lib/libmoveit_move_group_interface.so.2.5.9" to ""
[19.407s] -- Installing: /root/ws_moveit/install/moveit_ros_planning_interface/lib/libmoveit_move_group_interface.so
[19.408s] -- Installing: /root/ws_moveit/install/moveit_ros_planning_interface/share/moveit_ros_planning_interface/environment/library_path.sh
[19.408s] -- Installing: /root/ws_moveit/install/moveit_ros_planning_interface/share/moveit_ros_planning_interface/environment/library_path.dsv
[19.408s] -- Installing: /root/ws_moveit/install/moveit_ros_planning_interface/share/ament_index/resource_index/package_run_dependencies/moveit_ros_planning_interface
[19.408s] -- Installing: /root/ws_moveit/install/moveit_ros_planning_interface/share/ament_index/resource_index/parent_prefix_path/moveit_ros_planning_interface
[19.408s] -- Installing: /root/ws_moveit/install/moveit_ros_planning_interface/share/moveit_ros_planning_interface/environment/ament_prefix_path.sh
[19.408s] -- Installing: /root/ws_moveit/install/moveit_ros_planning_interface/share/moveit_ros_planning_interface/environment/ament_prefix_path.dsv
[19.408s] -- Installing: /root/ws_moveit/install/moveit_ros_planning_interface/share/moveit_ros_planning_interface/environment/path.sh
[19.408s] -- Installing: /root/ws_moveit/install/moveit_ros_planning_interface/share/moveit_ros_planning_interface/environment/path.dsv
[19.408s] -- Installing: /root/ws_moveit/install/moveit_ros_planning_interface/share/moveit_ros_planning_interface/local_setup.bash
[19.408s] -- Installing: /root/ws_moveit/install/moveit_ros_planning_interface/share/moveit_ros_planning_interface/local_setup.sh
[19.408s] -- Installing: /root/ws_moveit/install/moveit_ros_planning_interface/share/moveit_ros_planning_interface/local_setup.zsh
[19.408s] -- Installing: /root/ws_moveit/install/moveit_ros_planning_interface/share/moveit_ros_planning_interface/local_setup.dsv
[19.408s] -- Installing: /root/ws_moveit/install/moveit_ros_planning_interface/share/moveit_ros_planning_interface/package.dsv
[19.408s] -- Installing: /root/ws_moveit/install/moveit_ros_planning_interface/share/ament_index/resource_index/packages/moveit_ros_planning_interface
[19.408s] -- Installing: /root/ws_moveit/install/moveit_ros_planning_interface/share/moveit_ros_planning_interface/cmake/export_moveit_ros_planning_interfaceExport.cmake
[19.408s] -- Installing: /root/ws_moveit/install/moveit_ros_planning_interface/share/moveit_ros_planning_interface/cmake/export_moveit_ros_planning_interfaceExport-release.cmake
[19.408s] -- Installing: /root/ws_moveit/install/moveit_ros_planning_interface/share/moveit_ros_planning_interface/cmake/ConfigExtras.cmake
[19.408s] -- Installing: /root/ws_moveit/install/moveit_ros_planning_interface/share/moveit_ros_planning_interface/cmake/ament_cmake_export_targets-extras.cmake
[19.408s] -- Installing: /root/ws_moveit/install/moveit_ros_planning_interface/share/moveit_ros_planning_interface/cmake/ament_cmake_export_dependencies-extras.cmake
[19.408s] -- Installing: /root/ws_moveit/install/moveit_ros_planning_interface/share/moveit_ros_planning_interface/cmake/moveit_ros_planning_interfaceConfig.cmake
[19.408s] -- Installing: /root/ws_moveit/install/moveit_ros_planning_interface/share/moveit_ros_planning_interface/cmake/moveit_ros_planning_interfaceConfig-version.cmake
[19.409s] -- Installing: /root/ws_moveit/install/moveit_ros_planning_interface/share/moveit_ros_planning_interface/package.xml
[19.409s] Invoked command in '/root/ws_moveit/build/moveit_ros_planning_interface' returned '0': AMENT_PREFIX_PATH=/root/ws_moveit/install/moveit_ros_move_group:/root/ws_moveit/install/moveit_ros_warehouse:/root/ws_moveit/install/moveit_planners_ompl:/root/ws_moveit/install/moveit_kinematics:/root/ws_moveit/install/moveit_ros_planning:/root/ws_moveit/install/moveit_simple_controller_manager:/root/ws_moveit/install/moveit_ros_occupancy_map_monitor:/root/ws_moveit/install/moveit_core:/root/ws_moveit/install/moveit_resources_panda_moveit_config:/root/ws_moveit/install/moveit_resources_fanuc_moveit_config:/root/ws_moveit/install/moveit_configs_utils:/root/ws_moveit/install/srdfdom:/root/ws_moveit/install/moveit_resources_pr2_description:/root/ws_moveit/install/moveit_resources_panda_description:/root/ws_moveit/install/moveit_resources_fanuc_description:/root/ws_moveit/install/moveit_common:/root/ws_moveit/install/launch_param_builder:${AMENT_PREFIX_PATH} CMAKE_PREFIX_PATH=/root/ws_moveit/install/moveit_ros_move_group:/root/ws_moveit/install/moveit_ros_warehouse:/root/ws_moveit/install/moveit_planners_ompl:/root/ws_moveit/install/moveit_kinematics:/root/ws_moveit/install/moveit_ros_planning:/root/ws_moveit/install/moveit_simple_controller_manager:/root/ws_moveit/install/moveit_ros_occupancy_map_monitor:/root/ws_moveit/install/moveit_core:/root/ws_moveit/install/moveit_resources_panda_moveit_config:/root/ws_moveit/install/moveit_resources_fanuc_moveit_config:/root/ws_moveit/install/srdfdom:/root/ws_moveit/install/moveit_resources_pr2_description:/root/ws_moveit/install/moveit_resources_panda_description:/root/ws_moveit/install/moveit_resources_fanuc_description:/root/ws_moveit/install/moveit_common:/opt/ros/humble LD_LIBRARY_PATH=/root/ws_moveit/install/moveit_ros_move_group/lib:/root/ws_moveit/install/moveit_ros_warehouse/lib:/root/ws_moveit/install/moveit_planners_ompl/lib:/root/ws_moveit/install/moveit_kinematics/lib:/root/ws_moveit/install/moveit_ros_planning/lib:/root/ws_moveit/install/moveit_simple_controller_manager/lib:/root/ws_moveit/install/moveit_ros_occupancy_map_monitor/lib:/root/ws_moveit/install/moveit_core/lib:/root/ws_moveit/install/srdfdom/lib:${LD_LIBRARY_PATH} PATH=/root/ws_moveit/install/moveit_core/bin:${PATH} PYTHONPATH=/root/ws_moveit/install/moveit_configs_utils/lib/python3.10/site-packages:/root/ws_moveit/install/srdfdom/local/lib/python3.10/dist-packages:/root/ws_moveit/install/launch_param_builder/lib/python3.10/site-packages:${PYTHONPATH} /usr/bin/cmake --install /root/ws_moveit/build/moveit_ros_planning_interface
