[0.256s] Invoking command in '/root/ws_moveit/src/launch_param_builder': PYTHONPATH=/root/ws_moveit/build/launch_param_builder/prefix_override:/usr/lib/python3/dist-packages/colcon_core/task/python/colcon_distutils_commands:/root/ws_moveit/install/launch_param_builder/lib/python3.10/site-packages:${PYTHONPATH} /usr/bin/python3 -W ignore:setup.py install is deprecated -W ignore:easy_install command is deprecated setup.py egg_info --egg-base ../../build/launch_param_builder build --build-base /root/ws_moveit/build/launch_param_builder/build install --record /root/ws_moveit/build/launch_param_builder/install.log --single-version-externally-managed install_data
[0.348s] running egg_info
[0.348s] creating ../../build/launch_param_builder/launch_param_builder.egg-info
[0.348s] writing ../../build/launch_param_builder/launch_param_builder.egg-info/PKG-INFO
[0.348s] writing dependency_links to ../../build/launch_param_builder/launch_param_builder.egg-info/dependency_links.txt
[0.348s] writing entry points to ../../build/launch_param_builder/launch_param_builder.egg-info/entry_points.txt
[0.348s] writing requirements to ../../build/launch_param_builder/launch_param_builder.egg-info/requires.txt
[0.348s] writing top-level names to ../../build/launch_param_builder/launch_param_builder.egg-info/top_level.txt
[0.348s] writing manifest file '../../build/launch_param_builder/launch_param_builder.egg-info/SOURCES.txt'
[0.349s] reading manifest file '../../build/launch_param_builder/launch_param_builder.egg-info/SOURCES.txt'
[0.349s] adding license file 'LICENSE'
[0.349s] writing manifest file '../../build/launch_param_builder/launch_param_builder.egg-info/SOURCES.txt'
[0.350s] running build
[0.350s] running build_py
[0.350s] creating /root/ws_moveit/build/launch_param_builder/build
[0.350s] creating /root/ws_moveit/build/launch_param_builder/build/lib
[0.350s] creating /root/ws_moveit/build/launch_param_builder/build/lib/launch_param_builder
[0.350s] copying launch_param_builder/utils.py -> /root/ws_moveit/build/launch_param_builder/build/lib/launch_param_builder
[0.350s] copying launch_param_builder/launch_param_builder.py -> /root/ws_moveit/build/launch_param_builder/build/lib/launch_param_builder
[0.350s] copying launch_param_builder/__init__.py -> /root/ws_moveit/build/launch_param_builder/build/lib/launch_param_builder
[0.350s] running install
[0.350s] running install_lib
[0.350s] creating /root/ws_moveit/install/launch_param_builder/lib/python3.10/site-packages/launch_param_builder
[0.350s] copying /root/ws_moveit/build/launch_param_builder/build/lib/launch_param_builder/utils.py -> /root/ws_moveit/install/launch_param_builder/lib/python3.10/site-packages/launch_param_builder
[0.350s] copying /root/ws_moveit/build/launch_param_builder/build/lib/launch_param_builder/launch_param_builder.py -> /root/ws_moveit/install/launch_param_builder/lib/python3.10/site-packages/launch_param_builder
[0.350s] copying /root/ws_moveit/build/launch_param_builder/build/lib/launch_param_builder/__init__.py -> /root/ws_moveit/install/launch_param_builder/lib/python3.10/site-packages/launch_param_builder
[0.350s] byte-compiling /root/ws_moveit/install/launch_param_builder/lib/python3.10/site-packages/launch_param_builder/utils.py to utils.cpython-310.pyc
[0.351s] byte-compiling /root/ws_moveit/install/launch_param_builder/lib/python3.10/site-packages/launch_param_builder/launch_param_builder.py to launch_param_builder.cpython-310.pyc
[0.351s] byte-compiling /root/ws_moveit/install/launch_param_builder/lib/python3.10/site-packages/launch_param_builder/__init__.py to __init__.cpython-310.pyc
[0.351s] running install_data
[0.351s] creating /root/ws_moveit/install/launch_param_builder/share/ament_index
[0.351s] creating /root/ws_moveit/install/launch_param_builder/share/ament_index/resource_index
[0.351s] creating /root/ws_moveit/install/launch_param_builder/share/ament_index/resource_index/packages
[0.351s] copying resource/launch_param_builder -> /root/ws_moveit/install/launch_param_builder/share/ament_index/resource_index/packages
[0.351s] creating /root/ws_moveit/install/launch_param_builder/share/launch_param_builder/launch
[0.351s] copying example/launch_param_builder_example.launch.py -> /root/ws_moveit/install/launch_param_builder/share/launch_param_builder/launch
[0.351s] creating /root/ws_moveit/install/launch_param_builder/share/launch_param_builder/config
[0.351s] copying test/data/parameter_file -> /root/ws_moveit/install/launch_param_builder/share/launch_param_builder/config
[0.351s] copying test/data/parameters_injection.yaml -> /root/ws_moveit/install/launch_param_builder/share/launch_param_builder/config
[0.351s] copying test/data/parameters.yaml -> /root/ws_moveit/install/launch_param_builder/share/launch_param_builder/config
[0.351s] copying test/data/parameter.xacro -> /root/ws_moveit/install/launch_param_builder/share/launch_param_builder/config
[0.351s] copying test/data/param_file_to_inject.yaml -> /root/ws_moveit/install/launch_param_builder/share/launch_param_builder/config
[0.351s] copying package.xml -> /root/ws_moveit/install/launch_param_builder/share/launch_param_builder
[0.351s] creating /root/ws_moveit/install/launch_param_builder/lib/launch_param_builder
[0.351s] copying example/example_node.py -> /root/ws_moveit/install/launch_param_builder/lib/launch_param_builder
[0.351s] running install_egg_info
[0.352s] Copying ../../build/launch_param_builder/launch_param_builder.egg-info to /root/ws_moveit/install/launch_param_builder/lib/python3.10/site-packages/launch_param_builder-0.1.1-py3.10.egg-info
[0.353s] running install_scripts
[0.362s] writing list of installed files to '/root/ws_moveit/build/launch_param_builder/install.log'
[0.373s] Invoked command in '/root/ws_moveit/src/launch_param_builder' returned '0': PYTHONPATH=/root/ws_moveit/build/launch_param_builder/prefix_override:/usr/lib/python3/dist-packages/colcon_core/task/python/colcon_distutils_commands:/root/ws_moveit/install/launch_param_builder/lib/python3.10/site-packages:${PYTHONPATH} /usr/bin/python3 -W ignore:setup.py install is deprecated -W ignore:easy_install command is deprecated setup.py egg_info --egg-base ../../build/launch_param_builder build --build-base /root/ws_moveit/build/launch_param_builder/build install --record /root/ws_moveit/build/launch_param_builder/install.log --single-version-externally-managed install_data
