[0.044s] Invoking command in '/root/ws_moveit/build/moveit_ros_perception': AMENT_PREFIX_PATH=/root/ws_moveit/install/moveit_ros_planning:/root/ws_moveit/install/moveit_ros_occupancy_map_monitor:/root/ws_moveit/install/moveit_core:/root/ws_moveit/install/moveit_resources_panda_moveit_config:/root/ws_moveit/install/moveit_configs_utils:/root/ws_moveit/install/srdfdom:/root/ws_moveit/install/moveit_resources_pr2_description:/root/ws_moveit/install/moveit_resources_panda_description:/root/ws_moveit/install/moveit_common:/root/ws_moveit/install/launch_param_builder:${AMENT_PREFIX_PATH} CMAKE_PREFIX_PATH=/root/ws_moveit/install/moveit_ros_planning:/root/ws_moveit/install/moveit_ros_occupancy_map_monitor:/root/ws_moveit/install/moveit_core:/root/ws_moveit/install/moveit_resources_panda_moveit_config:/root/ws_moveit/install/srdfdom:/root/ws_moveit/install/moveit_resources_pr2_description:/root/ws_moveit/install/moveit_resources_panda_description:/root/ws_moveit/install/moveit_common:/opt/ros/humble LD_LIBRARY_PATH=/root/ws_moveit/install/moveit_ros_planning/lib:/root/ws_moveit/install/moveit_ros_occupancy_map_monitor/lib:/root/ws_moveit/install/moveit_core/lib:/root/ws_moveit/install/srdfdom/lib:${LD_LIBRARY_PATH} PATH=/root/ws_moveit/install/moveit_core/bin:${PATH} PYTHONPATH=/root/ws_moveit/install/moveit_configs_utils/lib/python3.10/site-packages:/root/ws_moveit/install/srdfdom/local/lib/python3.10/dist-packages:/root/ws_moveit/install/launch_param_builder/lib/python3.10/site-packages:${PYTHONPATH} /usr/bin/cmake /root/ws_moveit/src/moveit2/moveit_ros/perception -DCMAKE_INSTALL_PREFIX=/root/ws_moveit/install/moveit_ros_perception
[0.112s] -- The C compiler identification is GNU 11.4.0
[0.170s] -- The CXX compiler identification is GNU 11.4.0
[0.175s] -- Detecting C compiler ABI info
[0.276s] -- Detecting C compiler ABI info - done
[0.284s] -- Check for working C compiler: /usr/bin/cc - skipped
[0.284s] -- Detecting C compile features
[0.284s] -- Detecting C compile features - done
[0.288s] -- Detecting CXX compiler ABI info
[0.392s] -- Detecting CXX compiler ABI info - done
[0.396s] -- Check for working CXX compiler: /usr/bin/c++ - skipped
[0.396s] -- Detecting CXX compile features
[0.396s] -- Detecting CXX compile features - done
[0.397s] -- Found moveit_common: 2.5.9 (/root/ws_moveit/install/moveit_common/share/moveit_common/cmake)
[0.398s] -- Found ament_cmake: 1.3.11 (/opt/ros/humble/share/ament_cmake/cmake)
[0.495s] -- Found Python3: /usr/bin/python3 (found version "3.10.12") found components: Interpreter 
[0.595s] [0mmoveit_ros_perception: You did not request a specific build type: Choosing 'Release' for maximum performance[0m
[0.599s] -- Found OpenGL: /usr/lib/x86_64-linux-gnu/libOpenGL.so   
[0.623s] -- Found GLEW: /usr/include (found version "2.2.0") 
[0.626s] -- Found PkgConfig: /usr/bin/pkg-config (found version "0.29.2") 
[0.626s] -- Checking for module 'glut'
[0.627s] --   No package 'glut' found
[0.629s] -- Found GLUT: /usr/lib/x86_64-linux-gnu/libglut.so  
[0.631s] -- Found cv_bridge: 3.2.1 (/opt/ros/humble/share/cv_bridge/cmake)
[0.657s] -- Found rosidl_generator_c: 3.1.6 (/opt/ros/humble/share/rosidl_generator_c/cmake)
[0.660s] -- Found rosidl_adapter: 3.1.6 (/opt/ros/humble/share/rosidl_adapter/cmake)
[0.664s] -- Found rosidl_generator_cpp: 3.1.6 (/opt/ros/humble/share/rosidl_generator_cpp/cmake)
[0.671s] -- Using all available rosidl_typesupport_c: rosidl_typesupport_fastrtps_c;rosidl_typesupport_introspection_c
[0.680s] -- Using all available rosidl_typesupport_cpp: rosidl_typesupport_fastrtps_cpp;rosidl_typesupport_introspection_cpp
[0.710s] -- Found moveit_core: 2.5.9 (/root/ws_moveit/install/moveit_core/share/moveit_core/cmake)
[0.885s] -- Found Boost: /usr/lib/x86_64-linux-gnu/cmake/Boost-1.74.0/BoostConfig.cmake (found version "1.74.0") found components: chrono date_time filesystem iostreams program_options regex serialization system thread 
[0.920s] -- Found parameter_traits: 0.5.0 (/opt/ros/humble/share/parameter_traits/cmake)
[0.943s] -- Found rmw_implementation_cmake: 6.1.2 (/opt/ros/humble/share/rmw_implementation_cmake/cmake)
[0.945s] -- Found rmw_fastrtps_cpp: 6.2.7 (/opt/ros/humble/share/rmw_fastrtps_cpp/cmake)
[1.032s] -- Found OpenSSL: /usr/lib/x86_64-linux-gnu/libcrypto.so (found version "3.0.2")  
[1.063s] -- Found FastRTPS: /opt/ros/humble/include  
[1.099s] -- Using RMW implementation 'rmw_fastrtps_cpp' as default
[1.111s] -- Found Threads: TRUE  
[1.138s] -- Found rclcpp_lifecycle: 16.0.12 (/opt/ros/humble/share/rclcpp_lifecycle/cmake)
[1.151s] -- Found Boost: /usr/lib/x86_64-linux-gnu/cmake/Boost-1.74.0/BoostConfig.cmake (found version "1.74.0") found components: filesystem 
[1.236s] -- library: /usr/lib/x86_64-linux-gnu/libcurl.so
[1.261s] -- Found Eigen3: TRUE (found version "3.4.0") 
[1.261s] -- Ensuring Eigen3 include directory is part of orocos-kdl CMake target
[1.386s] -- Found image_transport: 3.1.12 (/opt/ros/humble/share/image_transport/cmake)
[1.388s] -- Found moveit_ros_occupancy_map_monitor: 2.5.9 (/root/ws_moveit/install/moveit_ros_occupancy_map_monitor/share/moveit_ros_occupancy_map_monitor/cmake)
[1.638s] -- Found OpenMP_C: -fopenmp (found version "4.5") 
[1.730s] -- Found OpenMP_CXX: -fopenmp (found version "4.5") 
[1.730s] -- Found OpenMP: TRUE (found version "4.5")  
[1.734s] -- Found OpenCV: /usr (found version "4.5.4") 
[1.737s] -- Found Boost: /usr/lib/x86_64-linux-gnu/cmake/Boost-1.74.0/BoostConfig.cmake (found version "1.74.0") found components: thread 
[1.749s] -- Performing Test COMPILER_HAS_HIDDEN_VISIBILITY
[1.819s] -- Performing Test COMPILER_HAS_HIDDEN_VISIBILITY - Success
[1.819s] -- Performing Test COMPILER_HAS_HIDDEN_INLINE_VISIBILITY
[1.922s] -- Performing Test COMPILER_HAS_HIDDEN_INLINE_VISIBILITY - Success
[1.922s] -- Performing Test COMPILER_HAS_DEPRECATED_ATTR
[2.008s] -- Performing Test COMPILER_HAS_DEPRECATED_ATTR - Success
[2.023s] -- Found ament_lint_auto: 0.12.12 (/opt/ros/humble/share/ament_lint_auto/cmake)
[2.038s] -- Added test 'cppcheck' to perform static code analysis on C / C++ code
[2.038s] -- Configured cppcheck include dirs: /root/ws_moveit/src/moveit2/moveit_ros/perception/depth_image_octomap_updater/include;/root/ws_moveit/src/moveit2/moveit_ros/perception/lazy_free_space_updater/include;/root/ws_moveit/src/moveit2/moveit_ros/perception/mesh_filter/include;/root/ws_moveit/src/moveit2/moveit_ros/perception/point_containment_filter/include;/root/ws_moveit/src/moveit2/moveit_ros/perception/pointcloud_octomap_updater/include;/root/ws_moveit/src/moveit2/moveit_ros/perception/semantic_world/include
[2.038s] -- Configured cppcheck exclude dirs and/or files: 
[2.039s] -- Added test 'lint_cmake' to check CMake code style
[2.040s] -- Added test 'xmllint' to check XML markup files
[2.041s] -- Configuring done
[2.094s] -- Generating done
[2.110s] -- Build files have been written to: /root/ws_moveit/build/moveit_ros_perception
[2.119s] Invoked command in '/root/ws_moveit/build/moveit_ros_perception' returned '0': AMENT_PREFIX_PATH=/root/ws_moveit/install/moveit_ros_planning:/root/ws_moveit/install/moveit_ros_occupancy_map_monitor:/root/ws_moveit/install/moveit_core:/root/ws_moveit/install/moveit_resources_panda_moveit_config:/root/ws_moveit/install/moveit_configs_utils:/root/ws_moveit/install/srdfdom:/root/ws_moveit/install/moveit_resources_pr2_description:/root/ws_moveit/install/moveit_resources_panda_description:/root/ws_moveit/install/moveit_common:/root/ws_moveit/install/launch_param_builder:${AMENT_PREFIX_PATH} CMAKE_PREFIX_PATH=/root/ws_moveit/install/moveit_ros_planning:/root/ws_moveit/install/moveit_ros_occupancy_map_monitor:/root/ws_moveit/install/moveit_core:/root/ws_moveit/install/moveit_resources_panda_moveit_config:/root/ws_moveit/install/srdfdom:/root/ws_moveit/install/moveit_resources_pr2_description:/root/ws_moveit/install/moveit_resources_panda_description:/root/ws_moveit/install/moveit_common:/opt/ros/humble LD_LIBRARY_PATH=/root/ws_moveit/install/moveit_ros_planning/lib:/root/ws_moveit/install/moveit_ros_occupancy_map_monitor/lib:/root/ws_moveit/install/moveit_core/lib:/root/ws_moveit/install/srdfdom/lib:${LD_LIBRARY_PATH} PATH=/root/ws_moveit/install/moveit_core/bin:${PATH} PYTHONPATH=/root/ws_moveit/install/moveit_configs_utils/lib/python3.10/site-packages:/root/ws_moveit/install/srdfdom/local/lib/python3.10/dist-packages:/root/ws_moveit/install/launch_param_builder/lib/python3.10/site-packages:${PYTHONPATH} /usr/bin/cmake /root/ws_moveit/src/moveit2/moveit_ros/perception -DCMAKE_INSTALL_PREFIX=/root/ws_moveit/install/moveit_ros_perception
[2.120s] Invoking command in '/root/ws_moveit/build/moveit_ros_perception': AMENT_PREFIX_PATH=/root/ws_moveit/install/moveit_ros_planning:/root/ws_moveit/install/moveit_ros_occupancy_map_monitor:/root/ws_moveit/install/moveit_core:/root/ws_moveit/install/moveit_resources_panda_moveit_config:/root/ws_moveit/install/moveit_configs_utils:/root/ws_moveit/install/srdfdom:/root/ws_moveit/install/moveit_resources_pr2_description:/root/ws_moveit/install/moveit_resources_panda_description:/root/ws_moveit/install/moveit_common:/root/ws_moveit/install/launch_param_builder:${AMENT_PREFIX_PATH} CMAKE_PREFIX_PATH=/root/ws_moveit/install/moveit_ros_planning:/root/ws_moveit/install/moveit_ros_occupancy_map_monitor:/root/ws_moveit/install/moveit_core:/root/ws_moveit/install/moveit_resources_panda_moveit_config:/root/ws_moveit/install/srdfdom:/root/ws_moveit/install/moveit_resources_pr2_description:/root/ws_moveit/install/moveit_resources_panda_description:/root/ws_moveit/install/moveit_common:/opt/ros/humble LD_LIBRARY_PATH=/root/ws_moveit/install/moveit_ros_planning/lib:/root/ws_moveit/install/moveit_ros_occupancy_map_monitor/lib:/root/ws_moveit/install/moveit_core/lib:/root/ws_moveit/install/srdfdom/lib:${LD_LIBRARY_PATH} PATH=/root/ws_moveit/install/moveit_core/bin:${PATH} PYTHONPATH=/root/ws_moveit/install/moveit_configs_utils/lib/python3.10/site-packages:/root/ws_moveit/install/srdfdom/local/lib/python3.10/dist-packages:/root/ws_moveit/install/launch_param_builder/lib/python3.10/site-packages:${PYTHONPATH} /usr/bin/cmake --build /root/ws_moveit/build/moveit_ros_perception
[2.163s] [  5%] [32mBuilding CXX object point_containment_filter/CMakeFiles/moveit_point_containment_filter.dir/src/shape_mask.cpp.o[0m
[2.166s] [ 10%] [32mBuilding CXX object lazy_free_space_updater/CMakeFiles/moveit_lazy_free_space_updater.dir/src/lazy_free_space_updater.cpp.o[0m
[3.073s] [ 15%] [32m[1mLinking CXX shared library libmoveit_lazy_free_space_updater.so[0m
[3.188s] [ 15%] Built target moveit_lazy_free_space_updater
[3.201s] [ 20%] [32mBuilding CXX object mesh_filter/CMakeFiles/moveit_mesh_filter.dir/src/mesh_filter_base.cpp.o[0m
[3.446s] [ 25%] [32m[1mLinking CXX shared library libmoveit_point_containment_filter.so[0m
[3.515s] [ 25%] Built target moveit_point_containment_filter
[3.528s] [ 30%] [32mBuilding CXX object semantic_world/CMakeFiles/moveit_semantic_world.dir/src/semantic_world.cpp.o[0m
[4.774s] [ 35%] [32mBuilding CXX object mesh_filter/CMakeFiles/moveit_mesh_filter.dir/src/sensor_model.cpp.o[0m
[5.223s] [ 40%] [32mBuilding CXX object mesh_filter/CMakeFiles/moveit_mesh_filter.dir/src/stereo_camera_model.cpp.o[0m
[5.745s] [ 45%] [32mBuilding CXX object mesh_filter/CMakeFiles/moveit_mesh_filter.dir/src/gl_renderer.cpp.o[0m
[6.271s] [ 50%] [32mBuilding CXX object mesh_filter/CMakeFiles/moveit_mesh_filter.dir/src/gl_mesh.cpp.o[0m
[6.903s] [ 55%] [32m[1mLinking CXX shared library libmoveit_mesh_filter.so[0m
[7.043s] [ 55%] Built target moveit_mesh_filter
[7.056s] [ 60%] [32mBuilding CXX object pointcloud_octomap_updater/CMakeFiles/moveit_pointcloud_octomap_updater_core.dir/src/pointcloud_octomap_updater.cpp.o[0m
[13.152s] [ 65%] [32m[1mLinking CXX shared library libmoveit_semantic_world.so[0m
[13.321s] [ 65%] Built target moveit_semantic_world
[13.336s] [ 70%] [32mBuilding CXX object depth_image_octomap_updater/CMakeFiles/moveit_depth_image_octomap_updater_core.dir/src/depth_image_octomap_updater.cpp.o[0m
[14.157s] [ 75%] [32m[1mLinking CXX shared library libmoveit_pointcloud_octomap_updater_core.so[0m
[14.294s] [ 75%] Built target moveit_pointcloud_octomap_updater_core
[14.308s] [ 80%] [32mBuilding CXX object pointcloud_octomap_updater/CMakeFiles/moveit_pointcloud_octomap_updater.dir/src/plugin_init.cpp.o[0m
[16.356s] [ 85%] [32m[1mLinking CXX shared library libmoveit_depth_image_octomap_updater_core.so[0m
[16.420s] [ 90%] [32m[1mLinking CXX shared library libmoveit_pointcloud_octomap_updater.so[0m
[16.459s] [ 90%] Built target moveit_depth_image_octomap_updater_core
[16.472s] [ 95%] [32mBuilding CXX object depth_image_octomap_updater/CMakeFiles/moveit_depth_image_octomap_updater.dir/src/updater_plugin.cpp.o[0m
[16.508s] [ 95%] Built target moveit_pointcloud_octomap_updater
[18.477s] [100%] [32m[1mLinking CXX shared library libmoveit_depth_image_octomap_updater.so[0m
[18.564s] [100%] Built target moveit_depth_image_octomap_updater
[18.573s] Invoked command in '/root/ws_moveit/build/moveit_ros_perception' returned '0': AMENT_PREFIX_PATH=/root/ws_moveit/install/moveit_ros_planning:/root/ws_moveit/install/moveit_ros_occupancy_map_monitor:/root/ws_moveit/install/moveit_core:/root/ws_moveit/install/moveit_resources_panda_moveit_config:/root/ws_moveit/install/moveit_configs_utils:/root/ws_moveit/install/srdfdom:/root/ws_moveit/install/moveit_resources_pr2_description:/root/ws_moveit/install/moveit_resources_panda_description:/root/ws_moveit/install/moveit_common:/root/ws_moveit/install/launch_param_builder:${AMENT_PREFIX_PATH} CMAKE_PREFIX_PATH=/root/ws_moveit/install/moveit_ros_planning:/root/ws_moveit/install/moveit_ros_occupancy_map_monitor:/root/ws_moveit/install/moveit_core:/root/ws_moveit/install/moveit_resources_panda_moveit_config:/root/ws_moveit/install/srdfdom:/root/ws_moveit/install/moveit_resources_pr2_description:/root/ws_moveit/install/moveit_resources_panda_description:/root/ws_moveit/install/moveit_common:/opt/ros/humble LD_LIBRARY_PATH=/root/ws_moveit/install/moveit_ros_planning/lib:/root/ws_moveit/install/moveit_ros_occupancy_map_monitor/lib:/root/ws_moveit/install/moveit_core/lib:/root/ws_moveit/install/srdfdom/lib:${LD_LIBRARY_PATH} PATH=/root/ws_moveit/install/moveit_core/bin:${PATH} PYTHONPATH=/root/ws_moveit/install/moveit_configs_utils/lib/python3.10/site-packages:/root/ws_moveit/install/srdfdom/local/lib/python3.10/dist-packages:/root/ws_moveit/install/launch_param_builder/lib/python3.10/site-packages:${PYTHONPATH} /usr/bin/cmake --build /root/ws_moveit/build/moveit_ros_perception
[18.576s] Invoking command in '/root/ws_moveit/build/moveit_ros_perception': AMENT_PREFIX_PATH=/root/ws_moveit/install/moveit_ros_planning:/root/ws_moveit/install/moveit_ros_occupancy_map_monitor:/root/ws_moveit/install/moveit_core:/root/ws_moveit/install/moveit_resources_panda_moveit_config:/root/ws_moveit/install/moveit_configs_utils:/root/ws_moveit/install/srdfdom:/root/ws_moveit/install/moveit_resources_pr2_description:/root/ws_moveit/install/moveit_resources_panda_description:/root/ws_moveit/install/moveit_common:/root/ws_moveit/install/launch_param_builder:${AMENT_PREFIX_PATH} CMAKE_PREFIX_PATH=/root/ws_moveit/install/moveit_ros_planning:/root/ws_moveit/install/moveit_ros_occupancy_map_monitor:/root/ws_moveit/install/moveit_core:/root/ws_moveit/install/moveit_resources_panda_moveit_config:/root/ws_moveit/install/srdfdom:/root/ws_moveit/install/moveit_resources_pr2_description:/root/ws_moveit/install/moveit_resources_panda_description:/root/ws_moveit/install/moveit_common:/opt/ros/humble LD_LIBRARY_PATH=/root/ws_moveit/install/moveit_ros_planning/lib:/root/ws_moveit/install/moveit_ros_occupancy_map_monitor/lib:/root/ws_moveit/install/moveit_core/lib:/root/ws_moveit/install/srdfdom/lib:${LD_LIBRARY_PATH} PATH=/root/ws_moveit/install/moveit_core/bin:${PATH} PYTHONPATH=/root/ws_moveit/install/moveit_configs_utils/lib/python3.10/site-packages:/root/ws_moveit/install/srdfdom/local/lib/python3.10/dist-packages:/root/ws_moveit/install/launch_param_builder/lib/python3.10/site-packages:${PYTHONPATH} /usr/bin/cmake --install /root/ws_moveit/build/moveit_ros_perception
[18.583s] -- Install configuration: "Release"
[18.583s] -- Installing: /root/ws_moveit/install/moveit_ros_perception/include
[18.583s] -- Installing: /root/ws_moveit/install/moveit_ros_perception/include/moveit
[18.583s] -- Installing: /root/ws_moveit/install/moveit_ros_perception/include/moveit/lazy_free_space_updater
[18.584s] -- Installing: /root/ws_moveit/install/moveit_ros_perception/include/moveit/lazy_free_space_updater/lazy_free_space_updater.h
[18.584s] -- Up-to-date: /root/ws_moveit/install/moveit_ros_perception/include
[18.584s] -- Up-to-date: /root/ws_moveit/install/moveit_ros_perception/include/moveit
[18.584s] -- Installing: /root/ws_moveit/install/moveit_ros_perception/include/moveit/point_containment_filter
[18.584s] -- Installing: /root/ws_moveit/install/moveit_ros_perception/include/moveit/point_containment_filter/shape_mask.h
[18.584s] -- Up-to-date: /root/ws_moveit/install/moveit_ros_perception/include
[18.584s] -- Up-to-date: /root/ws_moveit/install/moveit_ros_perception/include/moveit
[18.584s] -- Installing: /root/ws_moveit/install/moveit_ros_perception/include/moveit/pointcloud_octomap_updater
[18.584s] -- Installing: /root/ws_moveit/install/moveit_ros_perception/include/moveit/pointcloud_octomap_updater/pointcloud_octomap_updater.h
[18.584s] -- Up-to-date: /root/ws_moveit/install/moveit_ros_perception/include
[18.584s] -- Up-to-date: /root/ws_moveit/install/moveit_ros_perception/include/moveit
[18.584s] -- Installing: /root/ws_moveit/install/moveit_ros_perception/include/moveit/mesh_filter
[18.584s] -- Installing: /root/ws_moveit/install/moveit_ros_perception/include/moveit/mesh_filter/stereo_camera_model.h
[18.584s] -- Installing: /root/ws_moveit/install/moveit_ros_perception/include/moveit/mesh_filter/mesh_filter.h
[18.585s] -- Installing: /root/ws_moveit/install/moveit_ros_perception/include/moveit/mesh_filter/mesh_filter_base.h
[18.585s] -- Installing: /root/ws_moveit/install/moveit_ros_perception/include/moveit/mesh_filter/sensor_model.h
[18.585s] -- Installing: /root/ws_moveit/install/moveit_ros_perception/include/moveit/mesh_filter/transform_provider.h
[18.585s] -- Installing: /root/ws_moveit/install/moveit_ros_perception/include/moveit/mesh_filter/depth_self_filter_nodelet.h
[18.585s] -- Installing: /root/ws_moveit/install/moveit_ros_perception/include/moveit/mesh_filter/gl_mesh.h
[18.585s] -- Installing: /root/ws_moveit/install/moveit_ros_perception/include/moveit/mesh_filter/filter_job.h
[18.585s] -- Installing: /root/ws_moveit/install/moveit_ros_perception/include/moveit/mesh_filter/gl_renderer.h
[18.585s] -- Installing: /root/ws_moveit/install/moveit_ros_perception/include/moveit_mesh_filter_export.h
[18.585s] -- Up-to-date: /root/ws_moveit/install/moveit_ros_perception/include
[18.585s] -- Up-to-date: /root/ws_moveit/install/moveit_ros_perception/include/moveit
[18.585s] -- Installing: /root/ws_moveit/install/moveit_ros_perception/include/moveit/depth_image_octomap_updater
[18.585s] -- Installing: /root/ws_moveit/install/moveit_ros_perception/include/moveit/depth_image_octomap_updater/depth_image_octomap_updater.h
[18.585s] -- Up-to-date: /root/ws_moveit/install/moveit_ros_perception/include
[18.585s] -- Up-to-date: /root/ws_moveit/install/moveit_ros_perception/include/moveit
[18.585s] -- Installing: /root/ws_moveit/install/moveit_ros_perception/include/moveit/semantic_world
[18.585s] -- Installing: /root/ws_moveit/install/moveit_ros_perception/include/moveit/semantic_world/semantic_world.h
[18.585s] -- Installing: /root/ws_moveit/install/moveit_ros_perception/lib/libmoveit_depth_image_octomap_updater.so.2.5.9
[18.586s] -- Set runtime path of "/root/ws_moveit/install/moveit_ros_perception/lib/libmoveit_depth_image_octomap_updater.so.2.5.9" to ""
[18.586s] -- Installing: /root/ws_moveit/install/moveit_ros_perception/lib/libmoveit_depth_image_octomap_updater.so
[18.586s] -- Installing: /root/ws_moveit/install/moveit_ros_perception/lib/libmoveit_depth_image_octomap_updater_core.so.2.5.9
[18.586s] -- Set runtime path of "/root/ws_moveit/install/moveit_ros_perception/lib/libmoveit_depth_image_octomap_updater_core.so.2.5.9" to ""
[18.586s] -- Installing: /root/ws_moveit/install/moveit_ros_perception/lib/libmoveit_depth_image_octomap_updater_core.so
[18.586s] -- Installing: /root/ws_moveit/install/moveit_ros_perception/lib/libmoveit_lazy_free_space_updater.so.2.5.9
[18.586s] -- Set runtime path of "/root/ws_moveit/install/moveit_ros_perception/lib/libmoveit_lazy_free_space_updater.so.2.5.9" to ""
[18.586s] -- Installing: /root/ws_moveit/install/moveit_ros_perception/lib/libmoveit_lazy_free_space_updater.so
[18.586s] -- Installing: /root/ws_moveit/install/moveit_ros_perception/lib/libmoveit_mesh_filter.so.2.5.9
[18.586s] -- Set runtime path of "/root/ws_moveit/install/moveit_ros_perception/lib/libmoveit_mesh_filter.so.2.5.9" to ""
[18.586s] -- Installing: /root/ws_moveit/install/moveit_ros_perception/lib/libmoveit_mesh_filter.so
[18.587s] -- Installing: /root/ws_moveit/install/moveit_ros_perception/lib/libmoveit_point_containment_filter.so.2.5.9
[18.587s] -- Set runtime path of "/root/ws_moveit/install/moveit_ros_perception/lib/libmoveit_point_containment_filter.so.2.5.9" to ""
[18.587s] -- Installing: /root/ws_moveit/install/moveit_ros_perception/lib/libmoveit_point_containment_filter.so
[18.587s] -- Installing: /root/ws_moveit/install/moveit_ros_perception/lib/libmoveit_pointcloud_octomap_updater.so.2.5.9
[18.587s] -- Set runtime path of "/root/ws_moveit/install/moveit_ros_perception/lib/libmoveit_pointcloud_octomap_updater.so.2.5.9" to ""
[18.587s] -- Installing: /root/ws_moveit/install/moveit_ros_perception/lib/libmoveit_pointcloud_octomap_updater.so
[18.587s] -- Installing: /root/ws_moveit/install/moveit_ros_perception/lib/libmoveit_pointcloud_octomap_updater_core.so.2.5.9
[18.588s] -- Set runtime path of "/root/ws_moveit/install/moveit_ros_perception/lib/libmoveit_pointcloud_octomap_updater_core.so.2.5.9" to ""
[18.588s] -- Installing: /root/ws_moveit/install/moveit_ros_perception/lib/libmoveit_pointcloud_octomap_updater_core.so
[18.588s] -- Installing: /root/ws_moveit/install/moveit_ros_perception/lib/libmoveit_semantic_world.so.2.5.9
[18.588s] -- Set runtime path of "/root/ws_moveit/install/moveit_ros_perception/lib/libmoveit_semantic_world.so.2.5.9" to ""
[18.588s] -- Installing: /root/ws_moveit/install/moveit_ros_perception/lib/libmoveit_semantic_world.so
[18.588s] -- Installing: /root/ws_moveit/install/moveit_ros_perception/share/moveit_ros_perception/environment/library_path.sh
[18.588s] -- Installing: /root/ws_moveit/install/moveit_ros_perception/share/moveit_ros_perception/environment/library_path.dsv
[18.588s] -- Installing: /root/ws_moveit/install/moveit_ros_perception/share/moveit_ros_perception/pointcloud_octomap_updater_plugin_description.xml
[18.588s] -- Installing: /root/ws_moveit/install/moveit_ros_perception/share/moveit_ros_perception/depth_image_octomap_updater_plugin_description.xml
[18.589s] -- Installing: /root/ws_moveit/install/moveit_ros_perception/share/ament_index/resource_index/package_run_dependencies/moveit_ros_perception
[18.589s] -- Installing: /root/ws_moveit/install/moveit_ros_perception/share/ament_index/resource_index/parent_prefix_path/moveit_ros_perception
[18.589s] -- Installing: /root/ws_moveit/install/moveit_ros_perception/share/moveit_ros_perception/environment/ament_prefix_path.sh
[18.589s] -- Installing: /root/ws_moveit/install/moveit_ros_perception/share/moveit_ros_perception/environment/ament_prefix_path.dsv
[18.589s] -- Installing: /root/ws_moveit/install/moveit_ros_perception/share/moveit_ros_perception/environment/path.sh
[18.589s] -- Installing: /root/ws_moveit/install/moveit_ros_perception/share/moveit_ros_perception/environment/path.dsv
[18.589s] -- Installing: /root/ws_moveit/install/moveit_ros_perception/share/moveit_ros_perception/local_setup.bash
[18.589s] -- Installing: /root/ws_moveit/install/moveit_ros_perception/share/moveit_ros_perception/local_setup.sh
[18.589s] -- Installing: /root/ws_moveit/install/moveit_ros_perception/share/moveit_ros_perception/local_setup.zsh
[18.589s] -- Installing: /root/ws_moveit/install/moveit_ros_perception/share/moveit_ros_perception/local_setup.dsv
[18.589s] -- Installing: /root/ws_moveit/install/moveit_ros_perception/share/moveit_ros_perception/package.dsv
[18.589s] -- Installing: /root/ws_moveit/install/moveit_ros_perception/share/ament_index/resource_index/packages/moveit_ros_perception
[18.589s] -- Installing: /root/ws_moveit/install/moveit_ros_perception/share/ament_index/resource_index/moveit_ros_occupancy_map_monitor__pluginlib__plugin/moveit_ros_perception
[18.589s] -- Installing: /root/ws_moveit/install/moveit_ros_perception/share/moveit_ros_perception/cmake/export_moveit_ros_perceptionExport.cmake
[18.589s] -- Installing: /root/ws_moveit/install/moveit_ros_perception/share/moveit_ros_perception/cmake/export_moveit_ros_perceptionExport-release.cmake
[18.589s] -- Installing: /root/ws_moveit/install/moveit_ros_perception/share/moveit_ros_perception/cmake/ConfigExtras.cmake
[18.589s] -- Installing: /root/ws_moveit/install/moveit_ros_perception/share/moveit_ros_perception/cmake/ament_cmake_export_targets-extras.cmake
[18.589s] -- Installing: /root/ws_moveit/install/moveit_ros_perception/share/moveit_ros_perception/cmake/ament_cmake_export_dependencies-extras.cmake
[18.589s] -- Installing: /root/ws_moveit/install/moveit_ros_perception/share/moveit_ros_perception/cmake/moveit_ros_perceptionConfig.cmake
[18.589s] -- Installing: /root/ws_moveit/install/moveit_ros_perception/share/moveit_ros_perception/cmake/moveit_ros_perceptionConfig-version.cmake
[18.590s] -- Installing: /root/ws_moveit/install/moveit_ros_perception/share/moveit_ros_perception/package.xml
[18.590s] Invoked command in '/root/ws_moveit/build/moveit_ros_perception' returned '0': AMENT_PREFIX_PATH=/root/ws_moveit/install/moveit_ros_planning:/root/ws_moveit/install/moveit_ros_occupancy_map_monitor:/root/ws_moveit/install/moveit_core:/root/ws_moveit/install/moveit_resources_panda_moveit_config:/root/ws_moveit/install/moveit_configs_utils:/root/ws_moveit/install/srdfdom:/root/ws_moveit/install/moveit_resources_pr2_description:/root/ws_moveit/install/moveit_resources_panda_description:/root/ws_moveit/install/moveit_common:/root/ws_moveit/install/launch_param_builder:${AMENT_PREFIX_PATH} CMAKE_PREFIX_PATH=/root/ws_moveit/install/moveit_ros_planning:/root/ws_moveit/install/moveit_ros_occupancy_map_monitor:/root/ws_moveit/install/moveit_core:/root/ws_moveit/install/moveit_resources_panda_moveit_config:/root/ws_moveit/install/srdfdom:/root/ws_moveit/install/moveit_resources_pr2_description:/root/ws_moveit/install/moveit_resources_panda_description:/root/ws_moveit/install/moveit_common:/opt/ros/humble LD_LIBRARY_PATH=/root/ws_moveit/install/moveit_ros_planning/lib:/root/ws_moveit/install/moveit_ros_occupancy_map_monitor/lib:/root/ws_moveit/install/moveit_core/lib:/root/ws_moveit/install/srdfdom/lib:${LD_LIBRARY_PATH} PATH=/root/ws_moveit/install/moveit_core/bin:${PATH} PYTHONPATH=/root/ws_moveit/install/moveit_configs_utils/lib/python3.10/site-packages:/root/ws_moveit/install/srdfdom/local/lib/python3.10/dist-packages:/root/ws_moveit/install/launch_param_builder/lib/python3.10/site-packages:${PYTHONPATH} /usr/bin/cmake --install /root/ws_moveit/build/moveit_ros_perception
