[0.035s] Invoking command in '/root/ws_moveit/build/moveit_common': CMAKE_PREFIX_PATH=${CMAKE_PREFIX_PATH}:/root/ws_moveit/install/moveit_configs_utils:/root/ws_moveit/install/launch_param_builder:/opt/ros/humble /usr/bin/cmake /root/ws_moveit/src/moveit2/moveit_common -DAMENT_CMAKE_SYMLINK_INSTALL=1 -DCMAKE_INSTALL_PREFIX=/root/ws_moveit/install/moveit_common
[0.295s] -- Found ament_cmake: 1.3.11 (/opt/ros/humble/share/ament_cmake/cmake)
[0.295s] -- Override CMake install command with custom implementation using symlinks instead of copying resources
[0.295s] -- Found ament_lint_auto: 0.12.12 (/opt/ros/humble/share/ament_lint_auto/cmake)
[0.295s] -- Added test 'copyright' to check source files copyright and LICENSE
[0.296s] -- Added test 'lint_cmake' to check CMake code style
[0.296s] -- Added test 'xmllint' to check XML markup files
[0.296s] -- Configuring done
[0.296s] -- Generating done
[0.296s] -- Build files have been written to: /root/ws_moveit/build/moveit_common
[0.298s] Invoked command in '/root/ws_moveit/build/moveit_common' returned '0': CMAKE_PREFIX_PATH=${CMAKE_PREFIX_PATH}:/root/ws_moveit/install/moveit_configs_utils:/root/ws_moveit/install/launch_param_builder:/opt/ros/humble /usr/bin/cmake /root/ws_moveit/src/moveit2/moveit_common -DAMENT_CMAKE_SYMLINK_INSTALL=1 -DCMAKE_INSTALL_PREFIX=/root/ws_moveit/install/moveit_common
[0.298s] Invoking command in '/root/ws_moveit/build/moveit_common': CMAKE_PREFIX_PATH=${CMAKE_PREFIX_PATH}:/root/ws_moveit/install/moveit_configs_utils:/root/ws_moveit/install/launch_param_builder:/opt/ros/humble /usr/bin/cmake --build /root/ws_moveit/build/moveit_common -- -j20 -l20
[0.319s] Invoked command in '/root/ws_moveit/build/moveit_common' returned '0': CMAKE_PREFIX_PATH=${CMAKE_PREFIX_PATH}:/root/ws_moveit/install/moveit_configs_utils:/root/ws_moveit/install/launch_param_builder:/opt/ros/humble /usr/bin/cmake --build /root/ws_moveit/build/moveit_common -- -j20 -l20
[0.327s] Invoking command in '/root/ws_moveit/build/moveit_common': CMAKE_PREFIX_PATH=${CMAKE_PREFIX_PATH}:/root/ws_moveit/install/moveit_configs_utils:/root/ws_moveit/install/launch_param_builder:/opt/ros/humble /usr/bin/cmake --install /root/ws_moveit/build/moveit_common
[0.332s] -- Install configuration: ""
[0.332s] -- Execute custom install script
[0.332s] -- Symlinking: /root/ws_moveit/install/moveit_common/share/ament_index/resource_index/package_run_dependencies/moveit_common
[0.336s] -- Symlinking: /root/ws_moveit/install/moveit_common/share/ament_index/resource_index/parent_prefix_path/moveit_common
[0.342s] -- Symlinking: /root/ws_moveit/install/moveit_common/share/moveit_common/environment/ament_prefix_path.sh
[0.350s] -- Symlinking: /root/ws_moveit/install/moveit_common/share/moveit_common/environment/ament_prefix_path.dsv
[0.354s] -- Symlinking: /root/ws_moveit/install/moveit_common/share/moveit_common/environment/path.sh
[0.359s] -- Symlinking: /root/ws_moveit/install/moveit_common/share/moveit_common/environment/path.dsv
[0.365s] -- Symlinking: /root/ws_moveit/install/moveit_common/share/moveit_common/local_setup.bash
[0.369s] -- Symlinking: /root/ws_moveit/install/moveit_common/share/moveit_common/local_setup.sh
[0.373s] -- Symlinking: /root/ws_moveit/install/moveit_common/share/moveit_common/local_setup.zsh
[0.378s] -- Symlinking: /root/ws_moveit/install/moveit_common/share/moveit_common/local_setup.dsv
[0.384s] -- Symlinking: /root/ws_moveit/install/moveit_common/share/moveit_common/package.dsv
[0.390s] -- Symlinking: /root/ws_moveit/install/moveit_common/share/ament_index/resource_index/packages/moveit_common
[0.394s] -- Symlinking: /root/ws_moveit/install/moveit_common/share/moveit_common/cmake/moveit_common-extras.cmake
[0.400s] -- Symlinking: /root/ws_moveit/install/moveit_common/share/moveit_common/cmake/moveit_commonConfig.cmake
[0.405s] -- Symlinking: /root/ws_moveit/install/moveit_common/share/moveit_common/cmake/moveit_commonConfig-version.cmake
[0.410s] -- Symlinking: /root/ws_moveit/install/moveit_common/share/moveit_common/package.xml
[0.417s] -- Symlinking: /root/ws_moveit/install/moveit_common/share/moveit_common/cmake/moveit_package.cmake
[0.424s] Invoked command in '/root/ws_moveit/build/moveit_common' returned '0': CMAKE_PREFIX_PATH=${CMAKE_PREFIX_PATH}:/root/ws_moveit/install/moveit_configs_utils:/root/ws_moveit/install/launch_param_builder:/opt/ros/humble /usr/bin/cmake --install /root/ws_moveit/build/moveit_common
