[0.005s] Invoking command in '/root/ws_moveit/build/moveit_common': CMAKE_PREFIX_PATH=/opt/ros/humble /usr/bin/cmake /root/ws_moveit/src/moveit2/moveit_common -DCMAKE_INSTALL_PREFIX=/root/ws_moveit/install/moveit_common
[0.018s] -- Found ament_cmake: 1.3.11 (/opt/ros/humble/share/ament_cmake/cmake)
[0.175s] -- Found Python3: /usr/bin/python3 (found version "3.10.12") found components: Interpreter 
[0.221s] -- Found ament_lint_auto: 0.12.12 (/opt/ros/humble/share/ament_lint_auto/cmake)
[0.263s] -- Added test 'copyright' to check source files copyright and LICENSE
[0.264s] -- Added test 'lint_cmake' to check CMake code style
[0.264s] -- Added test 'xmllint' to check XML markup files
[0.265s] -- Configuring done
[0.266s] -- Generating done
[0.267s] -- Build files have been written to: /root/ws_moveit/build/moveit_common
[0.268s] Invoked command in '/root/ws_moveit/build/moveit_common' returned '0': CMAKE_PREFIX_PATH=/opt/ros/humble /usr/bin/cmake /root/ws_moveit/src/moveit2/moveit_common -DCMAKE_INSTALL_PREFIX=/root/ws_moveit/install/moveit_common
[0.269s] Invoking command in '/root/ws_moveit/build/moveit_common': CMAKE_PREFIX_PATH=/opt/ros/humble /usr/bin/cmake --build /root/ws_moveit/build/moveit_common
[0.303s] Invoked command in '/root/ws_moveit/build/moveit_common' returned '0': CMAKE_PREFIX_PATH=/opt/ros/humble /usr/bin/cmake --build /root/ws_moveit/build/moveit_common
[0.316s] Invoking command in '/root/ws_moveit/build/moveit_common': CMAKE_PREFIX_PATH=/opt/ros/humble /usr/bin/cmake --install /root/ws_moveit/build/moveit_common
[0.328s] -- Install configuration: ""
[0.328s] -- Installing: /root/ws_moveit/install/moveit_common/share/ament_index/resource_index/package_run_dependencies/moveit_common
[0.328s] -- Installing: /root/ws_moveit/install/moveit_common/share/ament_index/resource_index/parent_prefix_path/moveit_common
[0.328s] -- Installing: /root/ws_moveit/install/moveit_common/share/moveit_common/environment/ament_prefix_path.sh
[0.329s] -- Installing: /root/ws_moveit/install/moveit_common/share/moveit_common/environment/ament_prefix_path.dsv
[0.329s] -- Installing: /root/ws_moveit/install/moveit_common/share/moveit_common/environment/path.sh
[0.329s] -- Installing: /root/ws_moveit/install/moveit_common/share/moveit_common/environment/path.dsv
[0.329s] -- Installing: /root/ws_moveit/install/moveit_common/share/moveit_common/local_setup.bash
[0.329s] -- Installing: /root/ws_moveit/install/moveit_common/share/moveit_common/local_setup.sh
[0.329s] -- Installing: /root/ws_moveit/install/moveit_common/share/moveit_common/local_setup.zsh
[0.329s] -- Installing: /root/ws_moveit/install/moveit_common/share/moveit_common/local_setup.dsv
[0.330s] -- Installing: /root/ws_moveit/install/moveit_common/share/moveit_common/package.dsv
[0.330s] -- Installing: /root/ws_moveit/install/moveit_common/share/ament_index/resource_index/packages/moveit_common
[0.330s] -- Installing: /root/ws_moveit/install/moveit_common/share/moveit_common/cmake/moveit_common-extras.cmake
[0.330s] -- Installing: /root/ws_moveit/install/moveit_common/share/moveit_common/cmake/moveit_commonConfig.cmake
[0.330s] -- Installing: /root/ws_moveit/install/moveit_common/share/moveit_common/cmake/moveit_commonConfig-version.cmake
[0.330s] -- Installing: /root/ws_moveit/install/moveit_common/share/moveit_common/package.xml
[0.330s] -- Up-to-date: /root/ws_moveit/install/moveit_common/share/moveit_common/cmake
[0.330s] -- Installing: /root/ws_moveit/install/moveit_common/share/moveit_common/cmake/moveit_package.cmake
[0.332s] Invoked command in '/root/ws_moveit/build/moveit_common' returned '0': CMAKE_PREFIX_PATH=/opt/ros/humble /usr/bin/cmake --install /root/ws_moveit/build/moveit_common
