[0.004s] Invoking command in '/root/ws_moveit/build/rosparam_shortcuts': CMAKE_PREFIX_PATH=/opt/ros/humble /usr/bin/cmake /root/ws_moveit/src/rosparam_shortcuts -DCMAKE_INSTALL_PREFIX=/root/ws_moveit/install/rosparam_shortcuts
[0.076s] -- The C compiler identification is GNU 11.4.0
[0.135s] -- The CXX compiler identification is GNU 11.4.0
[0.138s] -- Detecting C compiler ABI info
[0.221s] -- Detecting C compiler ABI info - done
[0.227s] -- Check for working C compiler: /usr/bin/cc - skipped
[0.227s] -- Detecting C compile features
[0.227s] -- Detecting C compile features - done
[0.229s] -- Detecting CXX compiler ABI info
[0.294s] -- Detecting CXX compiler ABI info - done
[0.301s] -- Check for working CXX compiler: /usr/bin/c++ - skipped
[0.302s] -- Detecting CXX compile features
[0.302s] -- Detecting CXX compile features - done
[0.304s] -- Found ament_cmake: 1.3.11 (/opt/ros/humble/share/ament_cmake/cmake)
[0.398s] -- Found Python3: /usr/bin/python3 (found version "3.10.12") found components: Interpreter 
[0.451s] -- Found eigen3_cmake_module: 0.1.1 (/opt/ros/humble/share/eigen3_cmake_module/cmake)
[0.457s] -- Found Eigen3: TRUE (found version "3.4.0") 
[0.459s] -- Found geometry_msgs: 4.9.0 (/opt/ros/humble/share/geometry_msgs/cmake)
[0.476s] -- Found rosidl_generator_c: 3.1.6 (/opt/ros/humble/share/rosidl_generator_c/cmake)
[0.479s] -- Found rosidl_adapter: 3.1.6 (/opt/ros/humble/share/rosidl_adapter/cmake)
[0.483s] -- Found rosidl_generator_cpp: 3.1.6 (/opt/ros/humble/share/rosidl_generator_cpp/cmake)
[0.489s] -- Using all available rosidl_typesupport_c: rosidl_typesupport_fastrtps_c;rosidl_typesupport_introspection_c
[0.497s] -- Using all available rosidl_typesupport_cpp: rosidl_typesupport_fastrtps_cpp;rosidl_typesupport_introspection_cpp
[0.516s] -- Found rclcpp: 16.0.12 (/opt/ros/humble/share/rclcpp/cmake)
[0.535s] -- Found rmw_implementation_cmake: 6.1.2 (/opt/ros/humble/share/rmw_implementation_cmake/cmake)
[0.536s] -- Found rmw_fastrtps_cpp: 6.2.7 (/opt/ros/humble/share/rmw_fastrtps_cpp/cmake)
[0.601s] -- Found OpenSSL: /usr/lib/x86_64-linux-gnu/libcrypto.so (found version "3.0.2")  
[0.622s] -- Found FastRTPS: /opt/ros/humble/include  
[0.646s] -- Using RMW implementation 'rmw_fastrtps_cpp' as default
[0.653s] -- Looking for pthread.h
[0.755s] -- Looking for pthread.h - found
[0.755s] -- Performing Test CMAKE_HAVE_LIBC_PTHREAD
[0.856s] -- Performing Test CMAKE_HAVE_LIBC_PTHREAD - Success
[0.857s] -- Found Threads: TRUE  
[0.879s] -- Found tf2_eigen: 0.25.13 (/opt/ros/humble/share/tf2_eigen/cmake)
[0.934s] -- Found ament_lint_auto: 0.12.12 (/opt/ros/humble/share/ament_lint_auto/cmake)
[0.934s] -- Found ament_cmake_gtest: 1.3.11 (/opt/ros/humble/share/ament_cmake_gtest/cmake)
[0.935s] -- Found ros_testing: 0.4.0 (/opt/ros/humble/share/ros_testing/cmake)
[0.936s] -- Found launch_testing_ament_cmake: 1.0.9 (/opt/ros/humble/share/launch_testing_ament_cmake/cmake)
[0.937s] -- Found python_cmake_module: 0.10.0 (/opt/ros/humble/share/python_cmake_module/cmake)
[0.948s] -- Found PythonInterp: /usr/bin/python3 (found suitable version "3.10.12", minimum required is "3.6") 
[0.950s] -- Found PythonLibs: /usr/lib/x86_64-linux-gnu/libpython3.10.so (found suitable version "3.10.12", minimum required is "3.5") 
[0.950s] -- Using PYTHON_EXECUTABLE: /usr/bin/python3
[0.950s] -- Using PYTHON_INCLUDE_DIRS: /usr/include/python3.10
[0.950s] -- Using PYTHON_LIBRARIES: /usr/lib/x86_64-linux-gnu/libpython3.10.so
[0.962s] -- Found PythonExtra: .so  
[0.999s] -- Found gtest sources under '/opt/ros/humble/src/gtest_vendor': C++ tests using 'Google Test' will be built
[1.003s] -- Added test 'copyright' to check source files copyright and LICENSE
[1.004s] -- Added test 'lint_cmake' to check CMake code style
[1.004s] -- Added test 'pep257' to check Python code against some of the docstring style conventions in PEP 257
[1.004s] -- Added test 'xmllint' to check XML markup files
[1.005s] -- Configuring done
[1.017s] -- Generating done
[1.022s] -- Build files have been written to: /root/ws_moveit/build/rosparam_shortcuts
[1.028s] Invoked command in '/root/ws_moveit/build/rosparam_shortcuts' returned '0': CMAKE_PREFIX_PATH=/opt/ros/humble /usr/bin/cmake /root/ws_moveit/src/rosparam_shortcuts -DCMAKE_INSTALL_PREFIX=/root/ws_moveit/install/rosparam_shortcuts
[1.028s] Invoking command in '/root/ws_moveit/build/rosparam_shortcuts': CMAKE_PREFIX_PATH=/opt/ros/humble /usr/bin/cmake --build /root/ws_moveit/build/rosparam_shortcuts
[1.072s] [  7%] [32mBuilding CXX object gtest/CMakeFiles/gtest_main.dir/src/gtest_main.cc.o[0m
[1.074s] [ 15%] [32mBuilding CXX object CMakeFiles/rosparam_shortcuts.dir/src/node_parameters.cpp.o[0m
[1.455s] [ 23%] [32m[1mLinking CXX static library libgtest_main.a[0m
[1.475s] [ 23%] Built target gtest_main
[1.486s] [ 30%] [32mBuilding CXX object gtest/CMakeFiles/gtest.dir/src/gtest-all.cc.o[0m
[2.438s] [ 38%] [32mBuilding CXX object CMakeFiles/rosparam_shortcuts.dir/src/rosparam_shortcuts.cpp.o[0m
[2.854s] [ 46%] [32m[1mLinking CXX static library libgtest.a[0m
[2.887s] [ 46%] Built target gtest
[4.938s] [ 53%] [32m[1mLinking CXX shared library librosparam_shortcuts.so[0m
[5.023s] [ 53%] Built target rosparam_shortcuts
[5.035s] [ 61%] [32mBuilding CXX object CMakeFiles/rosparam_shortcuts_example.dir/src/example.cpp.o[0m
[5.036s] [ 69%] [32mBuilding CXX object CMakeFiles/rosparam_shortcuts_node_parameters_example.dir/src/node_parameters_example.cpp.o[0m
[6.616s] [ 76%] [32m[1mLinking CXX executable node_parameters_example[0m
[6.624s] [ 84%] [32m[1mLinking CXX executable example[0m
[6.692s] [ 84%] Built target rosparam_shortcuts_node_parameters_example
[6.697s] [ 84%] Built target rosparam_shortcuts_example
[6.703s] [ 92%] [32mBuilding CXX object CMakeFiles/test_node_parameters.dir/test/test_node_parameters.cpp.o[0m
[8.839s] [100%] [32m[1mLinking CXX executable test_node_parameters[0m
[8.961s] [100%] Built target test_node_parameters
[8.967s] Invoked command in '/root/ws_moveit/build/rosparam_shortcuts' returned '0': CMAKE_PREFIX_PATH=/opt/ros/humble /usr/bin/cmake --build /root/ws_moveit/build/rosparam_shortcuts
[8.968s] Invoking command in '/root/ws_moveit/build/rosparam_shortcuts': CMAKE_PREFIX_PATH=/opt/ros/humble /usr/bin/cmake --install /root/ws_moveit/build/rosparam_shortcuts
[8.974s] -- Install configuration: ""
[8.974s] -- Installing: /root/ws_moveit/install/rosparam_shortcuts/lib/librosparam_shortcuts.so
[8.974s] -- Set runtime path of "/root/ws_moveit/install/rosparam_shortcuts/lib/librosparam_shortcuts.so" to ""
[8.974s] -- Installing: /root/ws_moveit/install/rosparam_shortcuts/lib/rosparam_shortcuts/example
[8.975s] -- Set runtime path of "/root/ws_moveit/install/rosparam_shortcuts/lib/rosparam_shortcuts/example" to ""
[8.975s] -- Installing: /root/ws_moveit/install/rosparam_shortcuts/lib/rosparam_shortcuts/node_parameters_example
[8.975s] -- Set runtime path of "/root/ws_moveit/install/rosparam_shortcuts/lib/rosparam_shortcuts/node_parameters_example" to ""
[8.975s] -- Installing: /root/ws_moveit/install/rosparam_shortcuts/include
[8.975s] -- Installing: /root/ws_moveit/install/rosparam_shortcuts/include/rosparam_shortcuts
[8.975s] -- Installing: /root/ws_moveit/install/rosparam_shortcuts/include/rosparam_shortcuts/node_parameters.h
[8.975s] -- Installing: /root/ws_moveit/install/rosparam_shortcuts/include/rosparam_shortcuts/rosparam_shortcuts.h
[8.975s] -- Installing: /root/ws_moveit/install/rosparam_shortcuts/share/rosparam_shortcuts/launch
[8.975s] -- Installing: /root/ws_moveit/install/rosparam_shortcuts/share/rosparam_shortcuts/launch/example.launch.py
[8.975s] -- Installing: /root/ws_moveit/install/rosparam_shortcuts/share/rosparam_shortcuts/config
[8.975s] -- Installing: /root/ws_moveit/install/rosparam_shortcuts/share/rosparam_shortcuts/config/example.yaml
[8.975s] -- Installing: /root/ws_moveit/install/rosparam_shortcuts/share/rosparam_shortcuts/environment/library_path.sh
[8.975s] -- Installing: /root/ws_moveit/install/rosparam_shortcuts/share/rosparam_shortcuts/environment/library_path.dsv
[8.975s] -- Installing: /root/ws_moveit/install/rosparam_shortcuts/share/ament_index/resource_index/package_run_dependencies/rosparam_shortcuts
[8.976s] -- Installing: /root/ws_moveit/install/rosparam_shortcuts/share/ament_index/resource_index/parent_prefix_path/rosparam_shortcuts
[8.976s] -- Installing: /root/ws_moveit/install/rosparam_shortcuts/share/rosparam_shortcuts/environment/ament_prefix_path.sh
[8.976s] -- Installing: /root/ws_moveit/install/rosparam_shortcuts/share/rosparam_shortcuts/environment/ament_prefix_path.dsv
[8.976s] -- Installing: /root/ws_moveit/install/rosparam_shortcuts/share/rosparam_shortcuts/environment/path.sh
[8.976s] -- Installing: /root/ws_moveit/install/rosparam_shortcuts/share/rosparam_shortcuts/environment/path.dsv
[8.976s] -- Installing: /root/ws_moveit/install/rosparam_shortcuts/share/rosparam_shortcuts/local_setup.bash
[8.976s] -- Installing: /root/ws_moveit/install/rosparam_shortcuts/share/rosparam_shortcuts/local_setup.sh
[8.976s] -- Installing: /root/ws_moveit/install/rosparam_shortcuts/share/rosparam_shortcuts/local_setup.zsh
[8.976s] -- Installing: /root/ws_moveit/install/rosparam_shortcuts/share/rosparam_shortcuts/local_setup.dsv
[8.977s] -- Installing: /root/ws_moveit/install/rosparam_shortcuts/share/rosparam_shortcuts/package.dsv
[8.977s] -- Installing: /root/ws_moveit/install/rosparam_shortcuts/share/ament_index/resource_index/packages/rosparam_shortcuts
[8.977s] -- Installing: /root/ws_moveit/install/rosparam_shortcuts/share/rosparam_shortcuts/cmake/export_rosparam_shortcutsExport.cmake
[8.977s] -- Installing: /root/ws_moveit/install/rosparam_shortcuts/share/rosparam_shortcuts/cmake/export_rosparam_shortcutsExport-noconfig.cmake
[8.977s] -- Installing: /root/ws_moveit/install/rosparam_shortcuts/share/rosparam_shortcuts/cmake/ament_cmake_export_targets-extras.cmake
[8.977s] -- Installing: /root/ws_moveit/install/rosparam_shortcuts/share/rosparam_shortcuts/cmake/ament_cmake_export_dependencies-extras.cmake
[8.977s] -- Installing: /root/ws_moveit/install/rosparam_shortcuts/share/rosparam_shortcuts/cmake/rosparam_shortcutsConfig.cmake
[8.977s] -- Installing: /root/ws_moveit/install/rosparam_shortcuts/share/rosparam_shortcuts/cmake/rosparam_shortcutsConfig-version.cmake
[8.977s] -- Installing: /root/ws_moveit/install/rosparam_shortcuts/share/rosparam_shortcuts/package.xml
[8.979s] Invoked command in '/root/ws_moveit/build/rosparam_shortcuts' returned '0': CMAKE_PREFIX_PATH=/opt/ros/humble /usr/bin/cmake --install /root/ws_moveit/build/rosparam_shortcuts
