[0.004s] Invoking command in '/root/ws_moveit/build/srdfdom': CMAKE_PREFIX_PATH=/opt/ros/humble /usr/bin/cmake /root/ws_moveit/src/srdfdom -DCMAKE_INSTALL_PREFIX=/root/ws_moveit/install/srdfdom
[0.070s] -- The CXX compiler identification is GNU 11.4.0
[0.074s] -- Detecting CXX compiler ABI info
[0.173s] -- Detecting CXX compiler ABI info - done
[0.184s] -- Check for working CXX compiler: /usr/bin/c++ - skipped
[0.184s] -- Detecting CXX compile features
[0.185s] -- Detecting CXX compile features - done
[0.193s] -- Found Boost: /usr/lib/x86_64-linux-gnu/cmake/Boost-1.74.0/BoostConfig.cmake (found version "1.74.0")  
[0.198s] -- Found ament_cmake: 1.3.11 (/opt/ros/humble/share/ament_cmake/cmake)
[0.294s] -- Found Python3: /usr/bin/python3 (found version "3.10.12") found components: Interpreter 
[0.349s] -- Found urdf: 2.6.1 (/opt/ros/humble/share/urdf/cmake)
[0.373s] -- Found TinyXML2 via Config file: TinyXML2_DIR-NOTFOUND
[0.414s] -- Found ament_cmake_gtest: 1.3.11 (/opt/ros/humble/share/ament_cmake_gtest/cmake)
[0.415s] -- Found ament_cmake_pytest: 1.3.11 (/opt/ros/humble/share/ament_cmake_pytest/cmake)
[0.551s] -- Locale nl_NL not available. Locale test will not be meaningful.
[0.552s] -- Found gtest sources under '/opt/ros/humble/src/gtest_vendor': C++ tests using 'Google Test' will be built
[0.580s] -- The C compiler identification is GNU 11.4.0
[0.589s] -- Detecting C compiler ABI info
[0.651s] -- Detecting C compiler ABI info - done
[0.654s] -- Check for working C compiler: /usr/bin/cc - skipped
[0.655s] -- Detecting C compile features
[0.655s] -- Detecting C compile features - done
[0.656s] -- Looking for C++ include pthread.h
[0.724s] -- Looking for C++ include pthread.h - found
[0.724s] -- Performing Test CMAKE_HAVE_LIBC_PTHREAD
[0.813s] -- Performing Test CMAKE_HAVE_LIBC_PTHREAD - Success
[0.813s] -- Found Threads: TRUE  
[0.817s] -- Found ament_lint_auto: 0.12.12 (/opt/ros/humble/share/ament_lint_auto/cmake)
[0.831s] -- Configuring done
[0.836s] -- Generating done
[0.838s] -- Build files have been written to: /root/ws_moveit/build/srdfdom
[0.842s] Invoked command in '/root/ws_moveit/build/srdfdom' returned '0': CMAKE_PREFIX_PATH=/opt/ros/humble /usr/bin/cmake /root/ws_moveit/src/srdfdom -DCMAKE_INSTALL_PREFIX=/root/ws_moveit/install/srdfdom
[0.843s] Invoking command in '/root/ws_moveit/build/srdfdom': CMAKE_PREFIX_PATH=/opt/ros/humble /usr/bin/cmake --build /root/ws_moveit/build/srdfdom
[0.887s] [  9%] [32mBuilding CXX object CMakeFiles/srdfdom.dir/src/model.cpp.o[0m
[0.890s] [  9%] Built target ament_cmake_python_copy_srdfdom
[0.900s] [ 18%] [32mBuilding CXX object gtest/CMakeFiles/gtest_main.dir/src/gtest_main.cc.o[0m
[1.280s] [ 27%] [32m[1mLinking CXX static library libgtest_main.a[0m
[1.301s] [ 27%] Built target gtest_main
[1.312s] [ 36%] [32mBuilding CXX object gtest/CMakeFiles/gtest.dir/src/gtest-all.cc.o[0m
[1.721s] [ 45%] [32mBuilding CXX object CMakeFiles/srdfdom.dir/src/srdf_writer.cpp.o[0m
[2.333s] [ 54%] [32m[1mLinking CXX shared library libsrdfdom.so[0m
[2.402s] [ 54%] Built target srdfdom
[2.500s] running egg_info
[2.500s] creating srdfdom.egg-info
[2.500s] writing srdfdom.egg-info/PKG-INFO
[2.500s] writing dependency_links to srdfdom.egg-info/dependency_links.txt
[2.500s] writing top-level names to srdfdom.egg-info/top_level.txt
[2.500s] writing manifest file 'srdfdom.egg-info/SOURCES.txt'
[2.501s] reading manifest file 'srdfdom.egg-info/SOURCES.txt'
[2.501s] writing manifest file 'srdfdom.egg-info/SOURCES.txt'
[2.515s] [ 54%] Built target ament_cmake_python_build_srdfdom_egg
[2.710s] [ 63%] [32m[1mLinking CXX static library libgtest.a[0m
[2.744s] [ 63%] Built target gtest
[2.766s] [ 72%] [32mBuilding CXX object CMakeFiles/test_cpp_nl_NL.UTF-8.dir/test/test_parser.cpp.o[0m
[2.767s] [ 81%] [32mBuilding CXX object CMakeFiles/test_cpp_C.dir/test/test_parser.cpp.o[0m
[3.491s] [ 90%] [32m[1mLinking CXX executable test_cpp_C[0m
[3.491s] [100%] [32m[1mLinking CXX executable test_cpp_nl_NL.UTF-8[0m
[3.569s] [100%] Built target test_cpp_C
[3.569s] [100%] Built target test_cpp_nl_NL.UTF-8
[3.576s] Invoked command in '/root/ws_moveit/build/srdfdom' returned '0': CMAKE_PREFIX_PATH=/opt/ros/humble /usr/bin/cmake --build /root/ws_moveit/build/srdfdom
[3.577s] Invoking command in '/root/ws_moveit/build/srdfdom': CMAKE_PREFIX_PATH=/opt/ros/humble /usr/bin/cmake --install /root/ws_moveit/build/srdfdom
[3.582s] -- Install configuration: ""
[3.582s] -- Installing: /root/ws_moveit/install/srdfdom/lib/libsrdfdom.so.2.0.8
[3.583s] -- Set runtime path of "/root/ws_moveit/install/srdfdom/lib/libsrdfdom.so.2.0.8" to ""
[3.583s] -- Installing: /root/ws_moveit/install/srdfdom/lib/libsrdfdom.so
[3.583s] -- Installing: /root/ws_moveit/install/srdfdom/include/srdfdom
[3.583s] -- Installing: /root/ws_moveit/install/srdfdom/include/srdfdom/srdfdom
[3.583s] -- Installing: /root/ws_moveit/install/srdfdom/include/srdfdom/srdfdom/visibility_control.h
[3.583s] -- Installing: /root/ws_moveit/install/srdfdom/include/srdfdom/srdfdom/model.h
[3.583s] -- Installing: /root/ws_moveit/install/srdfdom/include/srdfdom/srdfdom/srdf_writer.h
[3.583s] -- Installing: /root/ws_moveit/install/srdfdom/lib/srdfdom/display_srdf
[3.583s] -- Installing: /root/ws_moveit/install/srdfdom/share/srdfdom/environment/pythonpath.sh
[3.584s] -- Installing: /root/ws_moveit/install/srdfdom/share/srdfdom/environment/pythonpath.dsv
[3.584s] -- Installing: /root/ws_moveit/install/srdfdom/local/lib/python3.10/dist-packages/srdfdom-2.0.8-py3.10.egg-info
[3.584s] -- Installing: /root/ws_moveit/install/srdfdom/local/lib/python3.10/dist-packages/srdfdom-2.0.8-py3.10.egg-info/top_level.txt
[3.584s] -- Installing: /root/ws_moveit/install/srdfdom/local/lib/python3.10/dist-packages/srdfdom-2.0.8-py3.10.egg-info/SOURCES.txt
[3.584s] -- Installing: /root/ws_moveit/install/srdfdom/local/lib/python3.10/dist-packages/srdfdom-2.0.8-py3.10.egg-info/PKG-INFO
[3.584s] -- Installing: /root/ws_moveit/install/srdfdom/local/lib/python3.10/dist-packages/srdfdom-2.0.8-py3.10.egg-info/dependency_links.txt
[3.584s] -- Installing: /root/ws_moveit/install/srdfdom/local/lib/python3.10/dist-packages/srdfdom
[3.584s] -- Installing: /root/ws_moveit/install/srdfdom/local/lib/python3.10/dist-packages/srdfdom/srdf.py
[3.584s] -- Installing: /root/ws_moveit/install/srdfdom/local/lib/python3.10/dist-packages/srdfdom/__init__.py
[3.603s] Listing '/root/ws_moveit/install/srdfdom/local/lib/python3.10/dist-packages/srdfdom'...
[3.603s] Compiling '/root/ws_moveit/install/srdfdom/local/lib/python3.10/dist-packages/srdfdom/__init__.py'...
[3.603s] Compiling '/root/ws_moveit/install/srdfdom/local/lib/python3.10/dist-packages/srdfdom/srdf.py'...
[3.605s] -- Installing: /root/ws_moveit/install/srdfdom/share/srdfdom/environment/library_path.sh
[3.605s] -- Installing: /root/ws_moveit/install/srdfdom/share/srdfdom/environment/library_path.dsv
[3.605s] -- Installing: /root/ws_moveit/install/srdfdom/share/ament_index/resource_index/package_run_dependencies/srdfdom
[3.606s] -- Installing: /root/ws_moveit/install/srdfdom/share/ament_index/resource_index/parent_prefix_path/srdfdom
[3.606s] -- Installing: /root/ws_moveit/install/srdfdom/share/srdfdom/environment/ament_prefix_path.sh
[3.606s] -- Installing: /root/ws_moveit/install/srdfdom/share/srdfdom/environment/ament_prefix_path.dsv
[3.606s] -- Installing: /root/ws_moveit/install/srdfdom/share/srdfdom/environment/path.sh
[3.606s] -- Installing: /root/ws_moveit/install/srdfdom/share/srdfdom/environment/path.dsv
[3.606s] -- Installing: /root/ws_moveit/install/srdfdom/share/srdfdom/local_setup.bash
[3.606s] -- Installing: /root/ws_moveit/install/srdfdom/share/srdfdom/local_setup.sh
[3.606s] -- Installing: /root/ws_moveit/install/srdfdom/share/srdfdom/local_setup.zsh
[3.606s] -- Installing: /root/ws_moveit/install/srdfdom/share/srdfdom/local_setup.dsv
[3.606s] -- Installing: /root/ws_moveit/install/srdfdom/share/srdfdom/package.dsv
[3.606s] -- Installing: /root/ws_moveit/install/srdfdom/share/ament_index/resource_index/packages/srdfdom
[3.606s] -- Installing: /root/ws_moveit/install/srdfdom/share/srdfdom/cmake/srdfdomTargetsExport.cmake
[3.606s] -- Installing: /root/ws_moveit/install/srdfdom/share/srdfdom/cmake/srdfdomTargetsExport-noconfig.cmake
[3.606s] -- Installing: /root/ws_moveit/install/srdfdom/share/srdfdom/cmake/ament_cmake_export_targets-extras.cmake
[3.606s] -- Installing: /root/ws_moveit/install/srdfdom/share/srdfdom/cmake/ament_cmake_export_dependencies-extras.cmake
[3.606s] -- Installing: /root/ws_moveit/install/srdfdom/share/srdfdom/cmake/srdfdomConfig.cmake
[3.606s] -- Installing: /root/ws_moveit/install/srdfdom/share/srdfdom/cmake/srdfdomConfig-version.cmake
[3.606s] -- Installing: /root/ws_moveit/install/srdfdom/share/srdfdom/package.xml
[3.608s] Invoked command in '/root/ws_moveit/build/srdfdom' returned '0': CMAKE_PREFIX_PATH=/opt/ros/humble /usr/bin/cmake --install /root/ws_moveit/build/srdfdom
