[0.116s] Invoking command in '/root/ws_moveit/build/moveit_task_constructor_core': AMENT_PREFIX_PATH=/root/ws_moveit/install/moveit_planners:/root/ws_moveit/install/pilz_industrial_motion_planner:/root/ws_moveit/install/moveit_resources_prbt_pg70_support:/root/ws_moveit/install/moveit_ros_planning_interface:/root/ws_moveit/install/moveit_resources_prbt_moveit_config:/root/ws_moveit/install/moveit_ros_move_group:/root/ws_moveit/install/moveit_ros_warehouse:/root/ws_moveit/install/moveit_planners_ompl:/root/ws_moveit/install/moveit_kinematics:/root/ws_moveit/install/moveit_ros_planning:/root/ws_moveit/install/moveit_planners_chomp:/root/ws_moveit/install/pilz_industrial_motion_planner_testutils:/root/ws_moveit/install/moveit_simple_controller_manager:/root/ws_moveit/install/moveit_ros_occupancy_map_monitor:/root/ws_moveit/install/moveit_resources_prbt_ikfast_manipulator_plugin:/root/ws_moveit/install/chomp_motion_planner:/root/ws_moveit/install/moveit_core:/root/ws_moveit/install/rviz_marker_tools:/root/ws_moveit/install/moveit_resources_panda_moveit_config:/root/ws_moveit/install/moveit_resources_fanuc_moveit_config:/root/ws_moveit/install/moveit_configs_utils:/root/ws_moveit/install/srdfdom:/root/ws_moveit/install/moveit_task_constructor_msgs:/root/ws_moveit/install/moveit_resources_prbt_support:/root/ws_moveit/install/moveit_resources_pr2_description:/root/ws_moveit/install/moveit_resources_panda_description:/root/ws_moveit/install/moveit_resources_fanuc_description:/root/ws_moveit/install/moveit_common:/root/ws_moveit/install/launch_param_builder:${AMENT_PREFIX_PATH} CMAKE_PREFIX_PATH=/root/ws_moveit/install/moveit_planners:/root/ws_moveit/install/pilz_industrial_motion_planner:/root/ws_moveit/install/moveit_resources_prbt_pg70_support:/root/ws_moveit/install/moveit_ros_planning_interface:/root/ws_moveit/install/moveit_resources_prbt_moveit_config:/root/ws_moveit/install/moveit_ros_move_group:/root/ws_moveit/install/moveit_ros_warehouse:/root/ws_moveit/install/moveit_planners_ompl:/root/ws_moveit/install/moveit_kinematics:/root/ws_moveit/install/moveit_ros_planning:/root/ws_moveit/install/moveit_planners_chomp:/root/ws_moveit/install/pilz_industrial_motion_planner_testutils:/root/ws_moveit/install/moveit_simple_controller_manager:/root/ws_moveit/install/moveit_ros_occupancy_map_monitor:/root/ws_moveit/install/moveit_resources_prbt_ikfast_manipulator_plugin:/root/ws_moveit/install/chomp_motion_planner:/root/ws_moveit/install/moveit_core:/root/ws_moveit/install/rviz_marker_tools:/root/ws_moveit/install/moveit_resources_panda_moveit_config:/root/ws_moveit/install/moveit_resources_fanuc_moveit_config:/root/ws_moveit/install/srdfdom:/root/ws_moveit/install/moveit_task_constructor_msgs:/root/ws_moveit/install/moveit_resources_prbt_support:/root/ws_moveit/install/moveit_resources_pr2_description:/root/ws_moveit/install/moveit_resources_panda_description:/root/ws_moveit/install/moveit_resources_fanuc_description:/root/ws_moveit/install/moveit_common:/opt/ros/humble LD_LIBRARY_PATH=/root/ws_moveit/install/pilz_industrial_motion_planner/lib:/root/ws_moveit/install/moveit_ros_planning_interface/lib:/root/ws_moveit/install/moveit_ros_move_group/lib:/root/ws_moveit/install/moveit_ros_warehouse/lib:/root/ws_moveit/install/moveit_planners_ompl/lib:/root/ws_moveit/install/moveit_kinematics/lib:/root/ws_moveit/install/moveit_ros_planning/lib:/root/ws_moveit/install/moveit_planners_chomp/lib:/root/ws_moveit/install/pilz_industrial_motion_planner_testutils/lib:/root/ws_moveit/install/moveit_simple_controller_manager/lib:/root/ws_moveit/install/moveit_ros_occupancy_map_monitor/lib:/root/ws_moveit/install/moveit_resources_prbt_ikfast_manipulator_plugin/lib:/root/ws_moveit/install/chomp_motion_planner/lib:/root/ws_moveit/install/moveit_core/lib:/root/ws_moveit/install/rviz_marker_tools/lib:/root/ws_moveit/install/srdfdom/lib:/root/ws_moveit/install/moveit_task_constructor_msgs/lib:${LD_LIBRARY_PATH} PATH=/root/ws_moveit/install/moveit_core/bin:${PATH} PYTHONPATH=/root/ws_moveit/install/moveit_configs_utils/lib/python3.10/site-packages:/root/ws_moveit/install/srdfdom/local/lib/python3.10/dist-packages:/root/ws_moveit/install/moveit_task_constructor_msgs/local/lib/python3.10/dist-packages:/root/ws_moveit/install/launch_param_builder/lib/python3.10/site-packages:${PYTHONPATH} /usr/bin/cmake /root/ws_moveit/src/moveit_task_constructor/core -DCMAKE_INSTALL_PREFIX=/root/ws_moveit/install/moveit_task_constructor_core
[0.191s] -- The C compiler identification is GNU 11.4.0
[0.257s] -- The CXX compiler identification is GNU 11.4.0
[0.261s] -- Detecting C compiler ABI info
[0.359s] -- Detecting C compiler ABI info - done
[0.365s] -- Check for working C compiler: /usr/bin/cc - skipped
[0.365s] -- Detecting C compile features
[0.366s] -- Detecting C compile features - done
[0.367s] -- Detecting CXX compiler ABI info
[0.469s] -- Detecting CXX compiler ABI info - done
[0.475s] -- Check for working CXX compiler: /usr/bin/c++ - skipped
[0.475s] -- Detecting CXX compile features
[0.475s] -- Detecting CXX compile features - done
[0.480s] -- Found ament_cmake: 1.3.11 (/opt/ros/humble/share/ament_cmake/cmake)
[0.609s] -- Found Python3: /usr/bin/python3 (found version "3.10.12") found components: Interpreter 
[0.679s] -- Found Boost: /usr/lib/x86_64-linux-gnu/cmake/Boost-1.74.0/BoostConfig.cmake (found version "1.74.0")  
[0.683s] -- Found geometry_msgs: 4.9.0 (/opt/ros/humble/share/geometry_msgs/cmake)
[0.712s] -- Found rosidl_generator_c: 3.1.6 (/opt/ros/humble/share/rosidl_generator_c/cmake)
[0.716s] -- Found rosidl_adapter: 3.1.6 (/opt/ros/humble/share/rosidl_adapter/cmake)
[0.722s] -- Found rosidl_generator_cpp: 3.1.6 (/opt/ros/humble/share/rosidl_generator_cpp/cmake)
[0.731s] -- Using all available rosidl_typesupport_c: rosidl_typesupport_fastrtps_c;rosidl_typesupport_introspection_c
[0.742s] -- Using all available rosidl_typesupport_cpp: rosidl_typesupport_fastrtps_cpp;rosidl_typesupport_introspection_cpp
[0.764s] -- Found moveit_common: 2.5.9 (/root/ws_moveit/install/moveit_common/share/moveit_common/cmake)
[0.796s] [0mmoveit_task_constructor_core: You did not request a specific build type: Choosing 'Release' for maximum performance[0m
[0.797s] -- Found moveit_core: 2.5.9 (/root/ws_moveit/install/moveit_core/share/moveit_core/cmake)
[1.004s] -- Found Boost: /usr/lib/x86_64-linux-gnu/cmake/Boost-1.74.0/BoostConfig.cmake (found version "1.74.0") found components: chrono date_time filesystem iostreams program_options regex serialization system thread 
[1.039s] -- Found parameter_traits: 0.5.0 (/opt/ros/humble/share/parameter_traits/cmake)
[1.071s] -- Found rmw_implementation_cmake: 6.1.2 (/opt/ros/humble/share/rmw_implementation_cmake/cmake)
[1.074s] -- Found rmw_fastrtps_cpp: 6.2.7 (/opt/ros/humble/share/rmw_fastrtps_cpp/cmake)
[1.169s] -- Found OpenSSL: /usr/lib/x86_64-linux-gnu/libcrypto.so (found version "3.0.2")  
[1.200s] -- Found FastRTPS: /opt/ros/humble/include  
[1.244s] -- Using RMW implementation 'rmw_fastrtps_cpp' as default
[1.254s] -- Found Threads: TRUE  
[1.283s] -- Found rclcpp_lifecycle: 16.0.12 (/opt/ros/humble/share/rclcpp_lifecycle/cmake)
[1.299s] -- Found Boost: /usr/lib/x86_64-linux-gnu/cmake/Boost-1.74.0/BoostConfig.cmake (found version "1.74.0") found components: filesystem 
[1.424s] -- library: /usr/lib/x86_64-linux-gnu/libcurl.so
[1.463s] -- Found Eigen3: TRUE (found version "3.4.0") 
[1.463s] -- Ensuring Eigen3 include directory is part of orocos-kdl CMake target
[1.607s] -- Found moveit_ros_planning: 2.5.9 (/root/ws_moveit/install/moveit_ros_planning/share/moveit_ros_planning/cmake)
[1.610s] -- Found Boost: /usr/lib/x86_64-linux-gnu/cmake/Boost-1.74.0/BoostConfig.cmake (found version "1.74.0") found components: system filesystem date_time program_options thread chrono 
[1.621s] -- Found moveit_ros_planning_interface: 2.5.9 (/root/ws_moveit/install/moveit_ros_planning_interface/share/moveit_ros_planning_interface/cmake)
[1.624s] -- Found Boost: /usr/lib/x86_64-linux-gnu/cmake/Boost-1.74.0/BoostConfig.cmake (found version "1.74.0") found components: date_time filesystem program_options system thread 
[1.631s] -- Found Boost: /usr/lib/x86_64-linux-gnu/cmake/Boost-1.74.0/BoostConfig.cmake (found version "1.74.0") found components: thread system filesystem regex date_time program_options 
[1.643s] -- Found Boost: /usr/lib/x86_64-linux-gnu/cmake/Boost-1.74.0/BoostConfig.cmake (found version "1.74.0") found components: system filesystem date_time program_options thread 
[1.658s] -- Found moveit_task_constructor_msgs: 0.1.3 (/root/ws_moveit/install/moveit_task_constructor_msgs/share/moveit_task_constructor_msgs/cmake)
[1.674s] -- Found py_binding_tools: 2.0.1 (/opt/ros/humble/share/py_binding_tools/cmake)
[1.676s] -- Found rviz_marker_tools: 0.1.3 (/root/ws_moveit/install/rviz_marker_tools/share/rviz_marker_tools/cmake)
[1.811s] -- Found Python3: /usr/bin/python3 (found version "3.10.12") found components: Interpreter Development Development.Module Development.Embed 
[1.815s] -- pybind11 v2.13.0 dev1
[1.836s] -- Found PythonInterp: /usr/bin/python3 (found suitable version "3.10.12", minimum required is "3.6") 
[1.853s] -- Found PythonLibs: /usr/lib/x86_64-linux-gnu/libpython3.10.so
[1.854s] -- Performing Test HAS_FLTO
[2.001s] -- Performing Test HAS_FLTO - Success
[2.005s] -- Found ament_cmake_pytest: 1.3.11 (/opt/ros/humble/share/ament_cmake_pytest/cmake)
[2.008s] -- Found launch_testing_ament_cmake: 1.0.9 (/opt/ros/humble/share/launch_testing_ament_cmake/cmake)
[2.009s] -- Found python_cmake_module: 0.10.0 (/opt/ros/humble/share/python_cmake_module/cmake)
[2.037s] -- Found PythonLibs: /usr/lib/x86_64-linux-gnu/libpython3.10.so (found suitable version "3.10.12", minimum required is "3.5") 
[2.037s] -- Using PYTHON_EXECUTABLE: /usr/bin/python3
[2.037s] -- Using PYTHON_INCLUDE_DIRS: /usr/include/python3.10
[2.037s] -- Using PYTHON_LIBRARIES: /usr/lib/x86_64-linux-gnu/libpython3.10.so
[2.053s] -- Found PythonExtra: .so  
[2.187s] -- Found ament_cmake_gtest: 1.3.11 (/opt/ros/humble/share/ament_cmake_gtest/cmake)
[2.189s] -- Found ament_cmake_gmock: 1.3.11 (/opt/ros/humble/share/ament_cmake_gmock/cmake)
[2.189s] -- Found launch_testing_ament_cmake: 1.0.9 (/opt/ros/humble/share/launch_testing_ament_cmake/cmake)
[2.189s] -- Found python_cmake_module: 0.10.0 (/opt/ros/humble/share/python_cmake_module/cmake)
[2.203s] -- Using PYTHON_EXECUTABLE: /usr/bin/python3
[2.203s] -- Using PYTHON_INCLUDE_DIRS: /usr/include/python3.10
[2.203s] -- Using PYTHON_LIBRARIES: /usr/lib/x86_64-linux-gnu/libpython3.10.so
[2.207s] -- Found gmock sources under '/opt/ros/humble/src/gmock_vendor': C++ tests using 'Google Mock' will be built
[2.212s] -- Found gtest sources under '/opt/ros/humble/src/gtest_vendor': C++ tests using 'Google Test' will be built
[2.225s] -- Configuring done
[2.385s] -- Generating done
[2.429s] -- Build files have been written to: /root/ws_moveit/build/moveit_task_constructor_core
[2.441s] Invoked command in '/root/ws_moveit/build/moveit_task_constructor_core' returned '0': AMENT_PREFIX_PATH=/root/ws_moveit/install/moveit_planners:/root/ws_moveit/install/pilz_industrial_motion_planner:/root/ws_moveit/install/moveit_resources_prbt_pg70_support:/root/ws_moveit/install/moveit_ros_planning_interface:/root/ws_moveit/install/moveit_resources_prbt_moveit_config:/root/ws_moveit/install/moveit_ros_move_group:/root/ws_moveit/install/moveit_ros_warehouse:/root/ws_moveit/install/moveit_planners_ompl:/root/ws_moveit/install/moveit_kinematics:/root/ws_moveit/install/moveit_ros_planning:/root/ws_moveit/install/moveit_planners_chomp:/root/ws_moveit/install/pilz_industrial_motion_planner_testutils:/root/ws_moveit/install/moveit_simple_controller_manager:/root/ws_moveit/install/moveit_ros_occupancy_map_monitor:/root/ws_moveit/install/moveit_resources_prbt_ikfast_manipulator_plugin:/root/ws_moveit/install/chomp_motion_planner:/root/ws_moveit/install/moveit_core:/root/ws_moveit/install/rviz_marker_tools:/root/ws_moveit/install/moveit_resources_panda_moveit_config:/root/ws_moveit/install/moveit_resources_fanuc_moveit_config:/root/ws_moveit/install/moveit_configs_utils:/root/ws_moveit/install/srdfdom:/root/ws_moveit/install/moveit_task_constructor_msgs:/root/ws_moveit/install/moveit_resources_prbt_support:/root/ws_moveit/install/moveit_resources_pr2_description:/root/ws_moveit/install/moveit_resources_panda_description:/root/ws_moveit/install/moveit_resources_fanuc_description:/root/ws_moveit/install/moveit_common:/root/ws_moveit/install/launch_param_builder:${AMENT_PREFIX_PATH} CMAKE_PREFIX_PATH=/root/ws_moveit/install/moveit_planners:/root/ws_moveit/install/pilz_industrial_motion_planner:/root/ws_moveit/install/moveit_resources_prbt_pg70_support:/root/ws_moveit/install/moveit_ros_planning_interface:/root/ws_moveit/install/moveit_resources_prbt_moveit_config:/root/ws_moveit/install/moveit_ros_move_group:/root/ws_moveit/install/moveit_ros_warehouse:/root/ws_moveit/install/moveit_planners_ompl:/root/ws_moveit/install/moveit_kinematics:/root/ws_moveit/install/moveit_ros_planning:/root/ws_moveit/install/moveit_planners_chomp:/root/ws_moveit/install/pilz_industrial_motion_planner_testutils:/root/ws_moveit/install/moveit_simple_controller_manager:/root/ws_moveit/install/moveit_ros_occupancy_map_monitor:/root/ws_moveit/install/moveit_resources_prbt_ikfast_manipulator_plugin:/root/ws_moveit/install/chomp_motion_planner:/root/ws_moveit/install/moveit_core:/root/ws_moveit/install/rviz_marker_tools:/root/ws_moveit/install/moveit_resources_panda_moveit_config:/root/ws_moveit/install/moveit_resources_fanuc_moveit_config:/root/ws_moveit/install/srdfdom:/root/ws_moveit/install/moveit_task_constructor_msgs:/root/ws_moveit/install/moveit_resources_prbt_support:/root/ws_moveit/install/moveit_resources_pr2_description:/root/ws_moveit/install/moveit_resources_panda_description:/root/ws_moveit/install/moveit_resources_fanuc_description:/root/ws_moveit/install/moveit_common:/opt/ros/humble LD_LIBRARY_PATH=/root/ws_moveit/install/pilz_industrial_motion_planner/lib:/root/ws_moveit/install/moveit_ros_planning_interface/lib:/root/ws_moveit/install/moveit_ros_move_group/lib:/root/ws_moveit/install/moveit_ros_warehouse/lib:/root/ws_moveit/install/moveit_planners_ompl/lib:/root/ws_moveit/install/moveit_kinematics/lib:/root/ws_moveit/install/moveit_ros_planning/lib:/root/ws_moveit/install/moveit_planners_chomp/lib:/root/ws_moveit/install/pilz_industrial_motion_planner_testutils/lib:/root/ws_moveit/install/moveit_simple_controller_manager/lib:/root/ws_moveit/install/moveit_ros_occupancy_map_monitor/lib:/root/ws_moveit/install/moveit_resources_prbt_ikfast_manipulator_plugin/lib:/root/ws_moveit/install/chomp_motion_planner/lib:/root/ws_moveit/install/moveit_core/lib:/root/ws_moveit/install/rviz_marker_tools/lib:/root/ws_moveit/install/srdfdom/lib:/root/ws_moveit/install/moveit_task_constructor_msgs/lib:${LD_LIBRARY_PATH} PATH=/root/ws_moveit/install/moveit_core/bin:${PATH} PYTHONPATH=/root/ws_moveit/install/moveit_configs_utils/lib/python3.10/site-packages:/root/ws_moveit/install/srdfdom/local/lib/python3.10/dist-packages:/root/ws_moveit/install/moveit_task_constructor_msgs/local/lib/python3.10/dist-packages:/root/ws_moveit/install/launch_param_builder/lib/python3.10/site-packages:${PYTHONPATH} /usr/bin/cmake /root/ws_moveit/src/moveit_task_constructor/core -DCMAKE_INSTALL_PREFIX=/root/ws_moveit/install/moveit_task_constructor_core
[2.442s] Invoking command in '/root/ws_moveit/build/moveit_task_constructor_core': AMENT_PREFIX_PATH=/root/ws_moveit/install/moveit_planners:/root/ws_moveit/install/pilz_industrial_motion_planner:/root/ws_moveit/install/moveit_resources_prbt_pg70_support:/root/ws_moveit/install/moveit_ros_planning_interface:/root/ws_moveit/install/moveit_resources_prbt_moveit_config:/root/ws_moveit/install/moveit_ros_move_group:/root/ws_moveit/install/moveit_ros_warehouse:/root/ws_moveit/install/moveit_planners_ompl:/root/ws_moveit/install/moveit_kinematics:/root/ws_moveit/install/moveit_ros_planning:/root/ws_moveit/install/moveit_planners_chomp:/root/ws_moveit/install/pilz_industrial_motion_planner_testutils:/root/ws_moveit/install/moveit_simple_controller_manager:/root/ws_moveit/install/moveit_ros_occupancy_map_monitor:/root/ws_moveit/install/moveit_resources_prbt_ikfast_manipulator_plugin:/root/ws_moveit/install/chomp_motion_planner:/root/ws_moveit/install/moveit_core:/root/ws_moveit/install/rviz_marker_tools:/root/ws_moveit/install/moveit_resources_panda_moveit_config:/root/ws_moveit/install/moveit_resources_fanuc_moveit_config:/root/ws_moveit/install/moveit_configs_utils:/root/ws_moveit/install/srdfdom:/root/ws_moveit/install/moveit_task_constructor_msgs:/root/ws_moveit/install/moveit_resources_prbt_support:/root/ws_moveit/install/moveit_resources_pr2_description:/root/ws_moveit/install/moveit_resources_panda_description:/root/ws_moveit/install/moveit_resources_fanuc_description:/root/ws_moveit/install/moveit_common:/root/ws_moveit/install/launch_param_builder:${AMENT_PREFIX_PATH} CMAKE_PREFIX_PATH=/root/ws_moveit/install/moveit_planners:/root/ws_moveit/install/pilz_industrial_motion_planner:/root/ws_moveit/install/moveit_resources_prbt_pg70_support:/root/ws_moveit/install/moveit_ros_planning_interface:/root/ws_moveit/install/moveit_resources_prbt_moveit_config:/root/ws_moveit/install/moveit_ros_move_group:/root/ws_moveit/install/moveit_ros_warehouse:/root/ws_moveit/install/moveit_planners_ompl:/root/ws_moveit/install/moveit_kinematics:/root/ws_moveit/install/moveit_ros_planning:/root/ws_moveit/install/moveit_planners_chomp:/root/ws_moveit/install/pilz_industrial_motion_planner_testutils:/root/ws_moveit/install/moveit_simple_controller_manager:/root/ws_moveit/install/moveit_ros_occupancy_map_monitor:/root/ws_moveit/install/moveit_resources_prbt_ikfast_manipulator_plugin:/root/ws_moveit/install/chomp_motion_planner:/root/ws_moveit/install/moveit_core:/root/ws_moveit/install/rviz_marker_tools:/root/ws_moveit/install/moveit_resources_panda_moveit_config:/root/ws_moveit/install/moveit_resources_fanuc_moveit_config:/root/ws_moveit/install/srdfdom:/root/ws_moveit/install/moveit_task_constructor_msgs:/root/ws_moveit/install/moveit_resources_prbt_support:/root/ws_moveit/install/moveit_resources_pr2_description:/root/ws_moveit/install/moveit_resources_panda_description:/root/ws_moveit/install/moveit_resources_fanuc_description:/root/ws_moveit/install/moveit_common:/opt/ros/humble LD_LIBRARY_PATH=/root/ws_moveit/install/pilz_industrial_motion_planner/lib:/root/ws_moveit/install/moveit_ros_planning_interface/lib:/root/ws_moveit/install/moveit_ros_move_group/lib:/root/ws_moveit/install/moveit_ros_warehouse/lib:/root/ws_moveit/install/moveit_planners_ompl/lib:/root/ws_moveit/install/moveit_kinematics/lib:/root/ws_moveit/install/moveit_ros_planning/lib:/root/ws_moveit/install/moveit_planners_chomp/lib:/root/ws_moveit/install/pilz_industrial_motion_planner_testutils/lib:/root/ws_moveit/install/moveit_simple_controller_manager/lib:/root/ws_moveit/install/moveit_ros_occupancy_map_monitor/lib:/root/ws_moveit/install/moveit_resources_prbt_ikfast_manipulator_plugin/lib:/root/ws_moveit/install/chomp_motion_planner/lib:/root/ws_moveit/install/moveit_core/lib:/root/ws_moveit/install/rviz_marker_tools/lib:/root/ws_moveit/install/srdfdom/lib:/root/ws_moveit/install/moveit_task_constructor_msgs/lib:${LD_LIBRARY_PATH} PATH=/root/ws_moveit/install/moveit_core/bin:${PATH} PYTHONPATH=/root/ws_moveit/install/moveit_configs_utils/lib/python3.10/site-packages:/root/ws_moveit/install/srdfdom/local/lib/python3.10/dist-packages:/root/ws_moveit/install/moveit_task_constructor_msgs/local/lib/python3.10/dist-packages:/root/ws_moveit/install/launch_param_builder/lib/python3.10/site-packages:${PYTHONPATH} /usr/bin/cmake --build /root/ws_moveit/build/moveit_task_constructor_core
[2.497s] [  1%] [32mBuilding CXX object src/CMakeFiles/moveit_task_constructor_core.dir/container.cpp.o[0m
[2.498s] [  1%] Built target ament_cmake_python_copy_moveit
[2.508s] [  2%] [32mBuilding CXX object src/CMakeFiles/moveit_task_constructor_core.dir/cost_terms.cpp.o[0m
[6.584s] [  3%] [32mBuilding CXX object src/CMakeFiles/moveit_task_constructor_core.dir/introspection.cpp.o[0m
[8.267s] [  4%] [32mBuilding CXX object src/CMakeFiles/moveit_task_constructor_core.dir/marker_tools.cpp.o[0m
[11.410s] [  5%] [32mBuilding CXX object src/CMakeFiles/moveit_task_constructor_core.dir/merge.cpp.o[0m
[13.393s] [  7%] [32mBuilding CXX object src/CMakeFiles/moveit_task_constructor_core.dir/properties.cpp.o[0m
[14.456s] [  8%] [32mBuilding CXX object src/CMakeFiles/moveit_task_constructor_core.dir/stage.cpp.o[0m
[14.935s] [  9%] [32mBuilding CXX object src/CMakeFiles/moveit_task_constructor_core.dir/storage.cpp.o[0m
[19.317s] [ 10%] [32mBuilding CXX object src/CMakeFiles/moveit_task_constructor_core.dir/task.cpp.o[0m
[19.417s] [ 11%] [32mBuilding CXX object src/CMakeFiles/moveit_task_constructor_core.dir/utils.cpp.o[0m
[23.205s] [ 12%] [32mBuilding CXX object src/CMakeFiles/moveit_task_constructor_core.dir/solvers/planner_interface.cpp.o[0m
[25.815s] [ 14%] [32mBuilding CXX object src/CMakeFiles/moveit_task_constructor_core.dir/solvers/cartesian_path.cpp.o[0m
[26.096s] [ 15%] [32mBuilding CXX object src/CMakeFiles/moveit_task_constructor_core.dir/solvers/joint_interpolation.cpp.o[0m
[29.596s] [ 16%] [32mBuilding CXX object src/CMakeFiles/moveit_task_constructor_core.dir/solvers/pipeline_planner.cpp.o[0m
[30.099s] [ 17%] [32mBuilding CXX object src/CMakeFiles/moveit_task_constructor_core.dir/solvers/multi_planner.cpp.o[0m
[33.046s] [ 18%] [32mBuilding CXX object gtest/CMakeFiles/gtest_main.dir/src/gtest_main.cc.o[0m
[33.434s] [ 20%] [32m[1mLinking CXX static library libgtest_main.a[0m
[33.458s] [ 20%] Built target gtest_main
[33.474s] [ 21%] [32mBuilding CXX object gmock/CMakeFiles/gmock.dir/opt/ros/humble/src/gtest_vendor/src/gtest-all.cc.o[0m
[36.970s] [ 22%] [32mBuilding CXX object gmock/CMakeFiles/gmock.dir/src/gmock-all.cc.o[0m
[37.028s] [ 23%] [32m[1mLinking CXX shared library libmoveit_task_constructor_core.so[0m
[37.204s] [ 23%] Built target moveit_task_constructor_core
[37.217s] [ 24%] [32mBuilding CXX object gmock/CMakeFiles/gmock_main.dir/src/gmock_main.cc.o[0m
[37.730s] [ 25%] [32m[1mLinking CXX static library libgmock_main.a[0m
[37.754s] [ 25%] Built target gmock_main
[37.769s] [ 27%] [32mBuilding CXX object gtest/CMakeFiles/gtest.dir/src/gtest-all.cc.o[0m
[38.346s] [ 28%] [32m[1mLinking CXX static library libgmock.a[0m
[38.376s] [ 28%] Built target gmock
[38.480s] running egg_info
[38.480s] creating moveit.egg-info
[38.480s] writing moveit.egg-info/PKG-INFO
[38.480s] writing dependency_links to moveit.egg-info/dependency_links.txt
[38.481s] writing top-level names to moveit.egg-info/top_level.txt
[38.481s] writing manifest file 'moveit.egg-info/SOURCES.txt'
[38.481s] reading manifest file 'moveit.egg-info/SOURCES.txt'
[38.482s] writing manifest file 'moveit.egg-info/SOURCES.txt'
[38.497s] [ 28%] Built target ament_cmake_python_build_moveit_egg
[38.514s] [ 29%] [32mBuilding CXX object src/stages/CMakeFiles/moveit_task_constructor_core_stages.dir/modify_planning_scene.cpp.o[0m
[41.271s] [ 30%] [32m[1mLinking CXX static library libgtest.a[0m
[41.297s] [ 30%] Built target gtest
[41.313s] [ 31%] [32mBuilding CXX object test/CMakeFiles/gtest_utils.dir/gtest_value_printers.cpp.o[0m
[42.591s] [ 32%] [32mBuilding CXX object src/stages/CMakeFiles/moveit_task_constructor_core_stages.dir/fix_collision_objects.cpp.o[0m
[43.284s] [ 34%] [32mBuilding CXX object test/CMakeFiles/gtest_utils.dir/models.cpp.o[0m
[45.628s] [ 35%] [32mBuilding CXX object test/CMakeFiles/gtest_utils.dir/stage_mockups.cpp.o[0m
[49.277s] [ 36%] [32mBuilding CXX object src/stages/CMakeFiles/moveit_task_constructor_core_stages.dir/current_state.cpp.o[0m
[49.845s] [ 37%] [32m[1mLinking CXX shared library libgtest_utils.so[0m
[49.967s] [ 37%] Built target gtest_utils
[49.975s] [ 38%] [32mBuilding CXX object src/stages/CMakeFiles/moveit_task_constructor_core_stages.dir/fixed_state.cpp.o[0m
[53.501s] [ 40%] [32mBuilding CXX object src/stages/CMakeFiles/moveit_task_constructor_core_stages.dir/fixed_cartesian_poses.cpp.o[0m
[53.543s] [ 41%] [32mBuilding CXX object src/stages/CMakeFiles/moveit_task_constructor_core_stages.dir/generate_pose.cpp.o[0m
[57.486s] [ 42%] [32mBuilding CXX object src/stages/CMakeFiles/moveit_task_constructor_core_stages.dir/generate_grasp_pose.cpp.o[0m
[57.487s] [ 43%] [32mBuilding CXX object src/stages/CMakeFiles/moveit_task_constructor_core_stages.dir/generate_random_pose.cpp.o[0m
[61.963s] [ 44%] [32mBuilding CXX object src/stages/CMakeFiles/moveit_task_constructor_core_stages.dir/generate_place_pose.cpp.o[0m
[62.132s] [ 45%] [32mBuilding CXX object src/stages/CMakeFiles/moveit_task_constructor_core_stages.dir/compute_ik.cpp.o[0m
[66.589s] [ 47%] [32mBuilding CXX object src/stages/CMakeFiles/moveit_task_constructor_core_stages.dir/passthrough.cpp.o[0m
[67.271s] [ 48%] [32mBuilding CXX object src/stages/CMakeFiles/moveit_task_constructor_core_stages.dir/predicate_filter.cpp.o[0m
[67.438s] [ 49%] [32mBuilding CXX object src/stages/CMakeFiles/moveit_task_constructor_core_stages.dir/connect.cpp.o[0m
[70.690s] [ 50%] [32mBuilding CXX object src/stages/CMakeFiles/moveit_task_constructor_core_stages.dir/move_to.cpp.o[0m
[71.953s] [ 51%] [32mBuilding CXX object src/stages/CMakeFiles/moveit_task_constructor_core_stages.dir/move_relative.cpp.o[0m
[75.653s] [ 52%] [32mBuilding CXX object src/stages/CMakeFiles/moveit_task_constructor_core_stages.dir/simple_grasp.cpp.o[0m
[79.906s] [ 54%] [32mBuilding CXX object src/stages/CMakeFiles/moveit_task_constructor_core_stages.dir/pick.cpp.o[0m
[83.702s] [ 55%] [32m[1mLinking CXX shared library libmoveit_task_constructor_core_stages.so[0m
[83.859s] [ 55%] Built target moveit_task_constructor_core_stages
[83.879s] [ 56%] [32mBuilding CXX object src/stages/CMakeFiles/moveit_task_constructor_core_stage_plugins.dir/plugins.cpp.o[0m
[83.880s] [ 57%] [32mBuilding CXX object python/bindings/CMakeFiles/pymoveit_mtc.dir/src/properties.cpp.o[0m
[84.826s] [ 58%] [32m[1mLinking CXX shared library libmoveit_task_constructor_core_stage_plugins.so[0m
[84.924s] [ 58%] Built target moveit_task_constructor_core_stage_plugins
[84.939s] [ 60%] [32mBuilding CXX object test/CMakeFiles/moveit_task_constructor_core-test-mockups.dir/test_mockups.cpp.o[0m
[86.728s] [ 61%] [32mBuilding CXX object python/bindings/CMakeFiles/pymoveit_mtc.dir/src/solvers.cpp.o[0m
[89.862s] [ 62%] [32m[1mLinking CXX executable moveit_task_constructor_core-test-mockups[0m
[90.045s] [ 62%] Built target moveit_task_constructor_core-test-mockups
[90.063s] [ 63%] [32mBuilding CXX object test/CMakeFiles/moveit_task_constructor_core-test-stage.dir/test_stage.cpp.o[0m
[90.112s] [ 64%] [32mBuilding CXX object python/bindings/CMakeFiles/pymoveit_mtc.dir/src/core.cpp.o[0m
[94.559s] [ 65%] [32m[1mLinking CXX executable moveit_task_constructor_core-test-stage[0m
[94.757s] [ 65%] Built target moveit_task_constructor_core-test-stage
[94.776s] [ 67%] [32mBuilding CXX object test/CMakeFiles/moveit_task_constructor_core-test-container.dir/test_container.cpp.o[0m
[98.201s] [ 68%] [32mBuilding CXX object python/bindings/CMakeFiles/pymoveit_mtc.dir/src/stages.cpp.o[0m
[100.303s] [ 69%] [32m[1mLinking CXX executable moveit_task_constructor_core-test-container[0m
[100.508s] [ 69%] Built target moveit_task_constructor_core-test-container
[100.526s] [ 70%] [32mBuilding CXX object test/CMakeFiles/moveit_task_constructor_core-test-serial.dir/test_serial.cpp.o[0m
[105.143s] [ 71%] [32m[1mLinking CXX executable moveit_task_constructor_core-test-serial[0m
[105.326s] [ 71%] Built target moveit_task_constructor_core-test-serial
[105.342s] [ 72%] [32mBuilding CXX object test/CMakeFiles/moveit_task_constructor_core-test-pruning.dir/test_pruning.cpp.o[0m
[105.467s] [ 74%] [32mBuilding CXX object python/bindings/CMakeFiles/pymoveit_mtc.dir/src/module.cpp.o[0m
[106.487s] [ 75%] [32m[1mLinking CXX shared module pymoveit_mtc.cpython-310-x86_64-linux-gnu.so[0m
[107.352s] lto-wrapper: warning: using serial compilation of 12 LTRANS jobs
[109.981s] [ 76%] [32m[1mLinking CXX executable moveit_task_constructor_core-test-pruning[0m
[110.164s] [ 76%] Built target moveit_task_constructor_core-test-pruning
[110.178s] [ 77%] [32mBuilding CXX object test/CMakeFiles/moveit_task_constructor_core-test-properties.dir/test_properties.cpp.o[0m
[111.403s] [ 78%] [32m[1mLinking CXX executable moveit_task_constructor_core-test-properties[0m
[111.570s] [ 78%] Built target moveit_task_constructor_core-test-properties
[111.587s] [ 80%] [32mBuilding CXX object test/CMakeFiles/moveit_task_constructor_core-test-cost-terms.dir/test_cost_terms.cpp.o[0m
[113.377s] [ 80%] Built target pymoveit_mtc
[113.395s] [ 81%] [32mBuilding CXX object test/CMakeFiles/moveit_task_constructor_core-test-fallback.dir/test_fallback.cpp.o[0m
[116.726s] [ 82%] [32m[1mLinking CXX executable moveit_task_constructor_core-test-cost-terms[0m
[116.935s] [ 82%] Built target moveit_task_constructor_core-test-cost-terms
[116.952s] [ 83%] [32mBuilding CXX object test/CMakeFiles/moveit_task_constructor_core-test-cost-queue.dir/test_cost_queue.cpp.o[0m
[118.623s] [ 84%] [32m[1mLinking CXX executable moveit_task_constructor_core-test-fallback[0m
[118.824s] [ 84%] Built target moveit_task_constructor_core-test-fallback
[118.839s] [ 85%] [32mBuilding CXX object test/CMakeFiles/moveit_task_constructor_core-test-interface-state.dir/test_interface_state.cpp.o[0m
[119.041s] [ 87%] [32m[1mLinking CXX executable moveit_task_constructor_core-test-cost-queue[0m
[119.211s] [ 87%] Built target moveit_task_constructor_core-test-cost-queue
[119.229s] [ 88%] [32mBuilding CXX object test/CMakeFiles/moveit_task_constructor_core-test-move-to.dir/test_move_to.cpp.o[0m
[122.955s] [ 89%] [32m[1mLinking CXX executable moveit_task_constructor_core-test-interface-state[0m
[123.156s] [ 89%] Built target moveit_task_constructor_core-test-interface-state
[123.172s] [ 90%] [32mBuilding CXX object test/CMakeFiles/moveit_task_constructor_core-test-move-relative.dir/test_move_relative.cpp.o[0m
[124.462s] [ 91%] [32m[1mLinking CXX executable moveit_task_constructor_core-test-move-to[0m
[124.670s] [ 91%] Built target moveit_task_constructor_core-test-move-to
[124.689s] [ 92%] [32mBuilding CXX object test/CMakeFiles/pick_ur5.dir/pick_ur5.cpp.o[0m
[127.793s] [ 94%] [32m[1mLinking CXX executable moveit_task_constructor_core-test-move-relative[0m
[127.981s] [ 94%] Built target moveit_task_constructor_core-test-move-relative
[127.999s] [ 95%] [32mBuilding CXX object test/CMakeFiles/pick_pr2.dir/pick_pr2.cpp.o[0m
[128.832s] [ 96%] [32m[1mLinking CXX executable pick_ur5[0m
[129.013s] [ 96%] Built target pick_ur5
[129.029s] [ 97%] [32mBuilding CXX object test/CMakeFiles/pick_pa10.dir/pick_pa10.cpp.o[0m
[132.148s] [ 98%] [32m[1mLinking CXX executable pick_pr2[0m
[132.330s] [ 98%] Built target pick_pr2
[133.752s] [100%] [32m[1mLinking CXX executable pick_pa10[0m
[133.944s] [100%] Built target pick_pa10
[133.954s] Invoked command in '/root/ws_moveit/build/moveit_task_constructor_core' returned '0': AMENT_PREFIX_PATH=/root/ws_moveit/install/moveit_planners:/root/ws_moveit/install/pilz_industrial_motion_planner:/root/ws_moveit/install/moveit_resources_prbt_pg70_support:/root/ws_moveit/install/moveit_ros_planning_interface:/root/ws_moveit/install/moveit_resources_prbt_moveit_config:/root/ws_moveit/install/moveit_ros_move_group:/root/ws_moveit/install/moveit_ros_warehouse:/root/ws_moveit/install/moveit_planners_ompl:/root/ws_moveit/install/moveit_kinematics:/root/ws_moveit/install/moveit_ros_planning:/root/ws_moveit/install/moveit_planners_chomp:/root/ws_moveit/install/pilz_industrial_motion_planner_testutils:/root/ws_moveit/install/moveit_simple_controller_manager:/root/ws_moveit/install/moveit_ros_occupancy_map_monitor:/root/ws_moveit/install/moveit_resources_prbt_ikfast_manipulator_plugin:/root/ws_moveit/install/chomp_motion_planner:/root/ws_moveit/install/moveit_core:/root/ws_moveit/install/rviz_marker_tools:/root/ws_moveit/install/moveit_resources_panda_moveit_config:/root/ws_moveit/install/moveit_resources_fanuc_moveit_config:/root/ws_moveit/install/moveit_configs_utils:/root/ws_moveit/install/srdfdom:/root/ws_moveit/install/moveit_task_constructor_msgs:/root/ws_moveit/install/moveit_resources_prbt_support:/root/ws_moveit/install/moveit_resources_pr2_description:/root/ws_moveit/install/moveit_resources_panda_description:/root/ws_moveit/install/moveit_resources_fanuc_description:/root/ws_moveit/install/moveit_common:/root/ws_moveit/install/launch_param_builder:${AMENT_PREFIX_PATH} CMAKE_PREFIX_PATH=/root/ws_moveit/install/moveit_planners:/root/ws_moveit/install/pilz_industrial_motion_planner:/root/ws_moveit/install/moveit_resources_prbt_pg70_support:/root/ws_moveit/install/moveit_ros_planning_interface:/root/ws_moveit/install/moveit_resources_prbt_moveit_config:/root/ws_moveit/install/moveit_ros_move_group:/root/ws_moveit/install/moveit_ros_warehouse:/root/ws_moveit/install/moveit_planners_ompl:/root/ws_moveit/install/moveit_kinematics:/root/ws_moveit/install/moveit_ros_planning:/root/ws_moveit/install/moveit_planners_chomp:/root/ws_moveit/install/pilz_industrial_motion_planner_testutils:/root/ws_moveit/install/moveit_simple_controller_manager:/root/ws_moveit/install/moveit_ros_occupancy_map_monitor:/root/ws_moveit/install/moveit_resources_prbt_ikfast_manipulator_plugin:/root/ws_moveit/install/chomp_motion_planner:/root/ws_moveit/install/moveit_core:/root/ws_moveit/install/rviz_marker_tools:/root/ws_moveit/install/moveit_resources_panda_moveit_config:/root/ws_moveit/install/moveit_resources_fanuc_moveit_config:/root/ws_moveit/install/srdfdom:/root/ws_moveit/install/moveit_task_constructor_msgs:/root/ws_moveit/install/moveit_resources_prbt_support:/root/ws_moveit/install/moveit_resources_pr2_description:/root/ws_moveit/install/moveit_resources_panda_description:/root/ws_moveit/install/moveit_resources_fanuc_description:/root/ws_moveit/install/moveit_common:/opt/ros/humble LD_LIBRARY_PATH=/root/ws_moveit/install/pilz_industrial_motion_planner/lib:/root/ws_moveit/install/moveit_ros_planning_interface/lib:/root/ws_moveit/install/moveit_ros_move_group/lib:/root/ws_moveit/install/moveit_ros_warehouse/lib:/root/ws_moveit/install/moveit_planners_ompl/lib:/root/ws_moveit/install/moveit_kinematics/lib:/root/ws_moveit/install/moveit_ros_planning/lib:/root/ws_moveit/install/moveit_planners_chomp/lib:/root/ws_moveit/install/pilz_industrial_motion_planner_testutils/lib:/root/ws_moveit/install/moveit_simple_controller_manager/lib:/root/ws_moveit/install/moveit_ros_occupancy_map_monitor/lib:/root/ws_moveit/install/moveit_resources_prbt_ikfast_manipulator_plugin/lib:/root/ws_moveit/install/chomp_motion_planner/lib:/root/ws_moveit/install/moveit_core/lib:/root/ws_moveit/install/rviz_marker_tools/lib:/root/ws_moveit/install/srdfdom/lib:/root/ws_moveit/install/moveit_task_constructor_msgs/lib:${LD_LIBRARY_PATH} PATH=/root/ws_moveit/install/moveit_core/bin:${PATH} PYTHONPATH=/root/ws_moveit/install/moveit_configs_utils/lib/python3.10/site-packages:/root/ws_moveit/install/srdfdom/local/lib/python3.10/dist-packages:/root/ws_moveit/install/moveit_task_constructor_msgs/local/lib/python3.10/dist-packages:/root/ws_moveit/install/launch_param_builder/lib/python3.10/site-packages:${PYTHONPATH} /usr/bin/cmake --build /root/ws_moveit/build/moveit_task_constructor_core
[133.955s] Invoking command in '/root/ws_moveit/build/moveit_task_constructor_core': AMENT_PREFIX_PATH=/root/ws_moveit/install/moveit_planners:/root/ws_moveit/install/pilz_industrial_motion_planner:/root/ws_moveit/install/moveit_resources_prbt_pg70_support:/root/ws_moveit/install/moveit_ros_planning_interface:/root/ws_moveit/install/moveit_resources_prbt_moveit_config:/root/ws_moveit/install/moveit_ros_move_group:/root/ws_moveit/install/moveit_ros_warehouse:/root/ws_moveit/install/moveit_planners_ompl:/root/ws_moveit/install/moveit_kinematics:/root/ws_moveit/install/moveit_ros_planning:/root/ws_moveit/install/moveit_planners_chomp:/root/ws_moveit/install/pilz_industrial_motion_planner_testutils:/root/ws_moveit/install/moveit_simple_controller_manager:/root/ws_moveit/install/moveit_ros_occupancy_map_monitor:/root/ws_moveit/install/moveit_resources_prbt_ikfast_manipulator_plugin:/root/ws_moveit/install/chomp_motion_planner:/root/ws_moveit/install/moveit_core:/root/ws_moveit/install/rviz_marker_tools:/root/ws_moveit/install/moveit_resources_panda_moveit_config:/root/ws_moveit/install/moveit_resources_fanuc_moveit_config:/root/ws_moveit/install/moveit_configs_utils:/root/ws_moveit/install/srdfdom:/root/ws_moveit/install/moveit_task_constructor_msgs:/root/ws_moveit/install/moveit_resources_prbt_support:/root/ws_moveit/install/moveit_resources_pr2_description:/root/ws_moveit/install/moveit_resources_panda_description:/root/ws_moveit/install/moveit_resources_fanuc_description:/root/ws_moveit/install/moveit_common:/root/ws_moveit/install/launch_param_builder:${AMENT_PREFIX_PATH} CMAKE_PREFIX_PATH=/root/ws_moveit/install/moveit_planners:/root/ws_moveit/install/pilz_industrial_motion_planner:/root/ws_moveit/install/moveit_resources_prbt_pg70_support:/root/ws_moveit/install/moveit_ros_planning_interface:/root/ws_moveit/install/moveit_resources_prbt_moveit_config:/root/ws_moveit/install/moveit_ros_move_group:/root/ws_moveit/install/moveit_ros_warehouse:/root/ws_moveit/install/moveit_planners_ompl:/root/ws_moveit/install/moveit_kinematics:/root/ws_moveit/install/moveit_ros_planning:/root/ws_moveit/install/moveit_planners_chomp:/root/ws_moveit/install/pilz_industrial_motion_planner_testutils:/root/ws_moveit/install/moveit_simple_controller_manager:/root/ws_moveit/install/moveit_ros_occupancy_map_monitor:/root/ws_moveit/install/moveit_resources_prbt_ikfast_manipulator_plugin:/root/ws_moveit/install/chomp_motion_planner:/root/ws_moveit/install/moveit_core:/root/ws_moveit/install/rviz_marker_tools:/root/ws_moveit/install/moveit_resources_panda_moveit_config:/root/ws_moveit/install/moveit_resources_fanuc_moveit_config:/root/ws_moveit/install/srdfdom:/root/ws_moveit/install/moveit_task_constructor_msgs:/root/ws_moveit/install/moveit_resources_prbt_support:/root/ws_moveit/install/moveit_resources_pr2_description:/root/ws_moveit/install/moveit_resources_panda_description:/root/ws_moveit/install/moveit_resources_fanuc_description:/root/ws_moveit/install/moveit_common:/opt/ros/humble LD_LIBRARY_PATH=/root/ws_moveit/install/pilz_industrial_motion_planner/lib:/root/ws_moveit/install/moveit_ros_planning_interface/lib:/root/ws_moveit/install/moveit_ros_move_group/lib:/root/ws_moveit/install/moveit_ros_warehouse/lib:/root/ws_moveit/install/moveit_planners_ompl/lib:/root/ws_moveit/install/moveit_kinematics/lib:/root/ws_moveit/install/moveit_ros_planning/lib:/root/ws_moveit/install/moveit_planners_chomp/lib:/root/ws_moveit/install/pilz_industrial_motion_planner_testutils/lib:/root/ws_moveit/install/moveit_simple_controller_manager/lib:/root/ws_moveit/install/moveit_ros_occupancy_map_monitor/lib:/root/ws_moveit/install/moveit_resources_prbt_ikfast_manipulator_plugin/lib:/root/ws_moveit/install/chomp_motion_planner/lib:/root/ws_moveit/install/moveit_core/lib:/root/ws_moveit/install/rviz_marker_tools/lib:/root/ws_moveit/install/srdfdom/lib:/root/ws_moveit/install/moveit_task_constructor_msgs/lib:${LD_LIBRARY_PATH} PATH=/root/ws_moveit/install/moveit_core/bin:${PATH} PYTHONPATH=/root/ws_moveit/install/moveit_configs_utils/lib/python3.10/site-packages:/root/ws_moveit/install/srdfdom/local/lib/python3.10/dist-packages:/root/ws_moveit/install/moveit_task_constructor_msgs/local/lib/python3.10/dist-packages:/root/ws_moveit/install/launch_param_builder/lib/python3.10/site-packages:${PYTHONPATH} /usr/bin/cmake --install /root/ws_moveit/build/moveit_task_constructor_core
[133.962s] -- Install configuration: "Release"
[133.962s] -- Installing: /root/ws_moveit/install/moveit_task_constructor_core/lib/libmoveit_task_constructor_core_stages.so
[133.963s] -- Set runtime path of "/root/ws_moveit/install/moveit_task_constructor_core/lib/libmoveit_task_constructor_core_stages.so" to ""
[133.963s] -- Installing: /root/ws_moveit/install/moveit_task_constructor_core/lib/libmoveit_task_constructor_core_stage_plugins.so
[133.963s] -- Set runtime path of "/root/ws_moveit/install/moveit_task_constructor_core/lib/libmoveit_task_constructor_core_stage_plugins.so" to ""
[133.963s] -- Installing: /root/ws_moveit/install/moveit_task_constructor_core/lib/libmoveit_task_constructor_core.so
[133.964s] -- Set runtime path of "/root/ws_moveit/install/moveit_task_constructor_core/lib/libmoveit_task_constructor_core.so" to ""
[133.964s] -- Installing: /root/ws_moveit/install/moveit_task_constructor_core/share/moveit_task_constructor_core/environment/pythonpath.sh
[133.964s] -- Installing: /root/ws_moveit/install/moveit_task_constructor_core/share/moveit_task_constructor_core/environment/pythonpath.dsv
[133.965s] -- Installing: /root/ws_moveit/install/moveit_task_constructor_core/local/lib/python3.10/dist-packages/moveit-0.1.3-py3.10.egg-info
[133.965s] -- Installing: /root/ws_moveit/install/moveit_task_constructor_core/local/lib/python3.10/dist-packages/moveit-0.1.3-py3.10.egg-info/top_level.txt
[133.965s] -- Installing: /root/ws_moveit/install/moveit_task_constructor_core/local/lib/python3.10/dist-packages/moveit-0.1.3-py3.10.egg-info/SOURCES.txt
[133.965s] -- Installing: /root/ws_moveit/install/moveit_task_constructor_core/local/lib/python3.10/dist-packages/moveit-0.1.3-py3.10.egg-info/PKG-INFO
[133.965s] -- Installing: /root/ws_moveit/install/moveit_task_constructor_core/local/lib/python3.10/dist-packages/moveit-0.1.3-py3.10.egg-info/dependency_links.txt
[133.965s] -- Installing: /root/ws_moveit/install/moveit_task_constructor_core/local/lib/python3.10/dist-packages/moveit
[133.965s] -- Installing: /root/ws_moveit/install/moveit_task_constructor_core/local/lib/python3.10/dist-packages/moveit/__init__.py
[133.965s] -- Installing: /root/ws_moveit/install/moveit_task_constructor_core/local/lib/python3.10/dist-packages/moveit/task_constructor
[133.965s] -- Installing: /root/ws_moveit/install/moveit_task_constructor_core/local/lib/python3.10/dist-packages/moveit/task_constructor/stages.py
[133.965s] -- Installing: /root/ws_moveit/install/moveit_task_constructor_core/local/lib/python3.10/dist-packages/moveit/task_constructor/core.py
[133.965s] -- Installing: /root/ws_moveit/install/moveit_task_constructor_core/local/lib/python3.10/dist-packages/moveit/task_constructor/__init__.py
[133.991s] Listing '/root/ws_moveit/install/moveit_task_constructor_core/local/lib/python3.10/dist-packages/moveit'...
[133.991s] Compiling '/root/ws_moveit/install/moveit_task_constructor_core/local/lib/python3.10/dist-packages/moveit/__init__.py'...
[133.991s] Listing '/root/ws_moveit/install/moveit_task_constructor_core/local/lib/python3.10/dist-packages/moveit/task_constructor'...
[133.991s] Compiling '/root/ws_moveit/install/moveit_task_constructor_core/local/lib/python3.10/dist-packages/moveit/task_constructor/__init__.py'...
[133.992s] Compiling '/root/ws_moveit/install/moveit_task_constructor_core/local/lib/python3.10/dist-packages/moveit/task_constructor/core.py'...
[133.992s] Compiling '/root/ws_moveit/install/moveit_task_constructor_core/local/lib/python3.10/dist-packages/moveit/task_constructor/stages.py'...
[133.994s] -- Installing: /root/ws_moveit/install/moveit_task_constructor_core/include/moveit/python/pybind11
[133.994s] -- Installing: /root/ws_moveit/install/moveit_task_constructor_core/include/moveit/python/pybind11/attr.h
[133.994s] -- Installing: /root/ws_moveit/install/moveit_task_constructor_core/include/moveit/python/pybind11/typing.h
[133.994s] -- Installing: /root/ws_moveit/install/moveit_task_constructor_core/include/moveit/python/pybind11/pybind11.h
[133.994s] -- Installing: /root/ws_moveit/install/moveit_task_constructor_core/include/moveit/python/pybind11/iostream.h
[133.994s] -- Installing: /root/ws_moveit/install/moveit_task_constructor_core/include/moveit/python/pybind11/buffer_info.h
[133.994s] -- Installing: /root/ws_moveit/install/moveit_task_constructor_core/include/moveit/python/pybind11/operators.h
[133.994s] -- Installing: /root/ws_moveit/install/moveit_task_constructor_core/include/moveit/python/pybind11/type_caster_pyobject_ptr.h
[133.994s] -- Installing: /root/ws_moveit/install/moveit_task_constructor_core/include/moveit/python/pybind11/embed.h
[133.994s] -- Installing: /root/ws_moveit/install/moveit_task_constructor_core/include/moveit/python/pybind11/options.h
[133.994s] -- Installing: /root/ws_moveit/install/moveit_task_constructor_core/include/moveit/python/pybind11/stl
[133.994s] -- Installing: /root/ws_moveit/install/moveit_task_constructor_core/include/moveit/python/pybind11/stl/filesystem.h
[133.994s] -- Installing: /root/ws_moveit/install/moveit_task_constructor_core/include/moveit/python/pybind11/cast.h
[133.994s] -- Installing: /root/ws_moveit/install/moveit_task_constructor_core/include/moveit/python/pybind11/chrono.h
[133.994s] -- Installing: /root/ws_moveit/install/moveit_task_constructor_core/include/moveit/python/pybind11/eigen
[133.994s] -- Installing: /root/ws_moveit/install/moveit_task_constructor_core/include/moveit/python/pybind11/eigen/matrix.h
[133.994s] -- Installing: /root/ws_moveit/install/moveit_task_constructor_core/include/moveit/python/pybind11/eigen/tensor.h
[133.994s] -- Installing: /root/ws_moveit/install/moveit_task_constructor_core/include/moveit/python/pybind11/eigen/common.h
[133.995s] -- Installing: /root/ws_moveit/install/moveit_task_constructor_core/include/moveit/python/pybind11/detail
[133.995s] -- Installing: /root/ws_moveit/install/moveit_task_constructor_core/include/moveit/python/pybind11/detail/dynamic_raw_ptr_cast_if_possible.h
[133.995s] -- Installing: /root/ws_moveit/install/moveit_task_constructor_core/include/moveit/python/pybind11/detail/smart_holder_type_casters.h
[133.995s] -- Installing: /root/ws_moveit/install/moveit_task_constructor_core/include/moveit/python/pybind11/detail/class.h
[133.995s] -- Installing: /root/ws_moveit/install/moveit_task_constructor_core/include/moveit/python/pybind11/detail/type_caster_odr_guard.h
[133.995s] -- Installing: /root/ws_moveit/install/moveit_task_constructor_core/include/moveit/python/pybind11/detail/smart_holder_poc.h
[133.995s] -- Installing: /root/ws_moveit/install/moveit_task_constructor_core/include/moveit/python/pybind11/detail/type_caster_base.h
[133.995s] -- Installing: /root/ws_moveit/install/moveit_task_constructor_core/include/moveit/python/pybind11/detail/internals.h
[133.995s] -- Installing: /root/ws_moveit/install/moveit_task_constructor_core/include/moveit/python/pybind11/detail/smart_holder_sfinae_hooks_only.h
[133.995s] -- Installing: /root/ws_moveit/install/moveit_task_constructor_core/include/moveit/python/pybind11/detail/typeid.h
[133.995s] -- Installing: /root/ws_moveit/install/moveit_task_constructor_core/include/moveit/python/pybind11/detail/init.h
[133.995s] -- Installing: /root/ws_moveit/install/moveit_task_constructor_core/include/moveit/python/pybind11/detail/descr.h
[133.995s] -- Installing: /root/ws_moveit/install/moveit_task_constructor_core/include/moveit/python/pybind11/detail/common.h
[133.995s] -- Installing: /root/ws_moveit/install/moveit_task_constructor_core/include/moveit/python/pybind11/eval.h
[133.995s] -- Installing: /root/ws_moveit/install/moveit_task_constructor_core/include/moveit/python/pybind11/pytypes.h
[133.995s] -- Installing: /root/ws_moveit/install/moveit_task_constructor_core/include/moveit/python/pybind11/trampoline_self_life_support.h
[133.995s] -- Installing: /root/ws_moveit/install/moveit_task_constructor_core/include/moveit/python/pybind11/smart_holder.h
[133.995s] -- Installing: /root/ws_moveit/install/moveit_task_constructor_core/include/moveit/python/pybind11/eigen.h
[133.995s] -- Installing: /root/ws_moveit/install/moveit_task_constructor_core/include/moveit/python/pybind11/gil_safe_call_once.h
[133.995s] -- Installing: /root/ws_moveit/install/moveit_task_constructor_core/include/moveit/python/pybind11/gil.h
[133.995s] -- Installing: /root/ws_moveit/install/moveit_task_constructor_core/include/moveit/python/pybind11/numpy.h
[133.995s] -- Installing: /root/ws_moveit/install/moveit_task_constructor_core/include/moveit/python/pybind11/functional.h
[133.996s] -- Installing: /root/ws_moveit/install/moveit_task_constructor_core/include/moveit/python/pybind11/complex.h
[133.996s] -- Installing: /root/ws_moveit/install/moveit_task_constructor_core/include/moveit/python/pybind11/common.h
[133.996s] -- Installing: /root/ws_moveit/install/moveit_task_constructor_core/include/moveit/python/pybind11/stl.h
[133.996s] -- Installing: /root/ws_moveit/install/moveit_task_constructor_core/include/moveit/python/pybind11/stl_bind.h
[133.996s] -- Installing: /root/ws_moveit/install/moveit_task_constructor_core/share/moveit_task_constructor_core/cmake/pybind11Config.cmake
[133.996s] -- Installing: /root/ws_moveit/install/moveit_task_constructor_core/share/moveit_task_constructor_core/cmake/pybind11ConfigVersion.cmake
[133.996s] -- Installing: /root/ws_moveit/install/moveit_task_constructor_core/share/moveit_task_constructor_core/cmake/FindPythonLibsNew.cmake
[133.996s] -- Installing: /root/ws_moveit/install/moveit_task_constructor_core/share/moveit_task_constructor_core/cmake/pybind11Common.cmake
[133.996s] -- Installing: /root/ws_moveit/install/moveit_task_constructor_core/share/moveit_task_constructor_core/cmake/pybind11Tools.cmake
[133.996s] -- Installing: /root/ws_moveit/install/moveit_task_constructor_core/share/moveit_task_constructor_core/cmake/pybind11NewTools.cmake
[133.996s] -- Installing: /root/ws_moveit/install/moveit_task_constructor_core/share/moveit_task_constructor_core/cmake/pybind11Targets.cmake
[133.996s] -- Installing: /root/ws_moveit/install/moveit_task_constructor_core/share/pkgconfig/pybind11.pc
[133.996s] -- Installing: /root/ws_moveit/install/moveit_task_constructor_core/local/lib/python3.10/dist-packages/pymoveit_mtc.cpython-310-x86_64-linux-gnu.so
[133.997s] -- Set runtime path of "/root/ws_moveit/install/moveit_task_constructor_core/local/lib/python3.10/dist-packages/pymoveit_mtc.cpython-310-x86_64-linux-gnu.so" to ""
[133.997s] -- Up-to-date: /root/ws_moveit/install/moveit_task_constructor_core/include
[133.997s] -- Up-to-date: /root/ws_moveit/install/moveit_task_constructor_core/include/moveit
[133.997s] -- Up-to-date: /root/ws_moveit/install/moveit_task_constructor_core/include/moveit/python
[133.997s] -- Installing: /root/ws_moveit/install/moveit_task_constructor_core/include/moveit/python/task_constructor
[133.997s] -- Installing: /root/ws_moveit/install/moveit_task_constructor_core/include/moveit/python/task_constructor/properties.h
[133.997s] -- Installing: /root/ws_moveit/install/moveit_task_constructor_core/include/moveit/task_constructor
[133.997s] -- Installing: /root/ws_moveit/install/moveit_task_constructor_core/include/moveit/task_constructor/solvers.h
[133.997s] -- Installing: /root/ws_moveit/install/moveit_task_constructor_core/include/moveit/task_constructor/stages.h
[133.997s] -- Installing: /root/ws_moveit/install/moveit_task_constructor_core/include/moveit/task_constructor/cost_terms.h
[133.997s] -- Installing: /root/ws_moveit/install/moveit_task_constructor_core/include/moveit/task_constructor/utils.h
[133.997s] -- Installing: /root/ws_moveit/install/moveit_task_constructor_core/include/moveit/task_constructor/container.h
[133.997s] -- Installing: /root/ws_moveit/install/moveit_task_constructor_core/include/moveit/task_constructor/marker_tools.h
[133.997s] -- Installing: /root/ws_moveit/install/moveit_task_constructor_core/include/moveit/task_constructor/moveit_compat.h
[133.997s] -- Installing: /root/ws_moveit/install/moveit_task_constructor_core/include/moveit/task_constructor/task.h
[133.997s] -- Installing: /root/ws_moveit/install/moveit_task_constructor_core/include/moveit/task_constructor/merge.h
[133.997s] -- Installing: /root/ws_moveit/install/moveit_task_constructor_core/include/moveit/task_constructor/type_traits.h
[133.997s] -- Installing: /root/ws_moveit/install/moveit_task_constructor_core/include/moveit/task_constructor/stage.h
[133.997s] -- Installing: /root/ws_moveit/install/moveit_task_constructor_core/include/moveit/task_constructor/stages
[133.997s] -- Installing: /root/ws_moveit/install/moveit_task_constructor_core/include/moveit/task_constructor/stages/fixed_cartesian_poses.h
[133.997s] -- Installing: /root/ws_moveit/install/moveit_task_constructor_core/include/moveit/task_constructor/stages/simple_grasp.h
[133.998s] -- Installing: /root/ws_moveit/install/moveit_task_constructor_core/include/moveit/task_constructor/stages/connect.h
[133.998s] -- Installing: /root/ws_moveit/install/moveit_task_constructor_core/include/moveit/task_constructor/stages/generate_place_pose.h
[133.998s] -- Installing: /root/ws_moveit/install/moveit_task_constructor_core/include/moveit/task_constructor/stages/move_to.h
[133.998s] -- Installing: /root/ws_moveit/install/moveit_task_constructor_core/include/moveit/task_constructor/stages/fix_collision_objects.h
[133.998s] -- Installing: /root/ws_moveit/install/moveit_task_constructor_core/include/moveit/task_constructor/stages/generate_pose.h
[133.998s] -- Installing: /root/ws_moveit/install/moveit_task_constructor_core/include/moveit/task_constructor/stages/move_relative.h
[133.998s] -- Installing: /root/ws_moveit/install/moveit_task_constructor_core/include/moveit/task_constructor/stages/current_state.h
[133.998s] -- Installing: /root/ws_moveit/install/moveit_task_constructor_core/include/moveit/task_constructor/stages/compute_ik.h
[133.998s] -- Installing: /root/ws_moveit/install/moveit_task_constructor_core/include/moveit/task_constructor/stages/predicate_filter.h
[133.998s] -- Installing: /root/ws_moveit/install/moveit_task_constructor_core/include/moveit/task_constructor/stages/modify_planning_scene.h
[133.998s] -- Installing: /root/ws_moveit/install/moveit_task_constructor_core/include/moveit/task_constructor/stages/fixed_state.h
[133.998s] -- Installing: /root/ws_moveit/install/moveit_task_constructor_core/include/moveit/task_constructor/stages/generate_random_pose.h
[133.998s] -- Installing: /root/ws_moveit/install/moveit_task_constructor_core/include/moveit/task_constructor/stages/passthrough.h
[133.998s] -- Installing: /root/ws_moveit/install/moveit_task_constructor_core/include/moveit/task_constructor/stages/pick.h
[133.998s] -- Installing: /root/ws_moveit/install/moveit_task_constructor_core/include/moveit/task_constructor/stages/generate_grasp_pose.h
[133.998s] -- Installing: /root/ws_moveit/install/moveit_task_constructor_core/include/moveit/task_constructor/stages/noop.h
[133.998s] -- Installing: /root/ws_moveit/install/moveit_task_constructor_core/include/moveit/task_constructor/properties.h
[133.998s] -- Installing: /root/ws_moveit/install/moveit_task_constructor_core/include/moveit/task_constructor/introspection.h
[133.998s] -- Installing: /root/ws_moveit/install/moveit_task_constructor_core/include/moveit/task_constructor/trajectory_execution_info.h
[133.998s] -- Installing: /root/ws_moveit/install/moveit_task_constructor_core/include/moveit/task_constructor/solvers
[133.998s] -- Installing: /root/ws_moveit/install/moveit_task_constructor_core/include/moveit/task_constructor/solvers/joint_interpolation.h
[133.998s] -- Installing: /root/ws_moveit/install/moveit_task_constructor_core/include/moveit/task_constructor/solvers/cartesian_path.h
[133.998s] -- Installing: /root/ws_moveit/install/moveit_task_constructor_core/include/moveit/task_constructor/solvers/multi_planner.h
[133.998s] -- Installing: /root/ws_moveit/install/moveit_task_constructor_core/include/moveit/task_constructor/solvers/planner_interface.h
[133.998s] -- Installing: /root/ws_moveit/install/moveit_task_constructor_core/include/moveit/task_constructor/solvers/pipeline_planner.h
[133.999s] -- Installing: /root/ws_moveit/install/moveit_task_constructor_core/include/moveit/task_constructor/cost_queue.h
[133.999s] -- Installing: /root/ws_moveit/install/moveit_task_constructor_core/include/moveit/task_constructor/storage.h
[133.999s] -- Installing: /root/ws_moveit/install/moveit_task_constructor_core/share/moveit_task_constructor_core/motion_planning_stages_plugin_description.xml
[133.999s] -- Installing: /root/ws_moveit/install/moveit_task_constructor_core/share/moveit_task_constructor_core/environment/library_path.sh
[133.999s] -- Installing: /root/ws_moveit/install/moveit_task_constructor_core/share/moveit_task_constructor_core/environment/library_path.dsv
[133.999s] -- Installing: /root/ws_moveit/install/moveit_task_constructor_core/share/ament_index/resource_index/package_run_dependencies/moveit_task_constructor_core
[133.999s] -- Installing: /root/ws_moveit/install/moveit_task_constructor_core/share/ament_index/resource_index/parent_prefix_path/moveit_task_constructor_core
[133.999s] -- Installing: /root/ws_moveit/install/moveit_task_constructor_core/share/moveit_task_constructor_core/environment/ament_prefix_path.sh
[133.999s] -- Installing: /root/ws_moveit/install/moveit_task_constructor_core/share/moveit_task_constructor_core/environment/ament_prefix_path.dsv
[133.999s] -- Installing: /root/ws_moveit/install/moveit_task_constructor_core/share/moveit_task_constructor_core/environment/path.sh
[133.999s] -- Installing: /root/ws_moveit/install/moveit_task_constructor_core/share/moveit_task_constructor_core/environment/path.dsv
[133.999s] -- Installing: /root/ws_moveit/install/moveit_task_constructor_core/share/moveit_task_constructor_core/local_setup.bash
[133.999s] -- Installing: /root/ws_moveit/install/moveit_task_constructor_core/share/moveit_task_constructor_core/local_setup.sh
[133.999s] -- Installing: /root/ws_moveit/install/moveit_task_constructor_core/share/moveit_task_constructor_core/local_setup.zsh
[133.999s] -- Installing: /root/ws_moveit/install/moveit_task_constructor_core/share/moveit_task_constructor_core/local_setup.dsv
[133.999s] -- Installing: /root/ws_moveit/install/moveit_task_constructor_core/share/moveit_task_constructor_core/package.dsv
[133.999s] -- Installing: /root/ws_moveit/install/moveit_task_constructor_core/share/ament_index/resource_index/packages/moveit_task_constructor_core
[133.999s] -- Installing: /root/ws_moveit/install/moveit_task_constructor_core/share/ament_index/resource_index/moveit_task_constructor_core__pluginlib__plugin/moveit_task_constructor_core
[134.000s] -- Installing: /root/ws_moveit/install/moveit_task_constructor_core/share/moveit_task_constructor_core/cmake/moveit_task_constructor_coreTargetsExport.cmake
[134.000s] -- Installing: /root/ws_moveit/install/moveit_task_constructor_core/share/moveit_task_constructor_core/cmake/moveit_task_constructor_coreTargetsExport-release.cmake
[134.000s] -- Installing: /root/ws_moveit/install/moveit_task_constructor_core/share/moveit_task_constructor_core/cmake/ament_cmake_export_targets-extras.cmake
[134.000s] -- Installing: /root/ws_moveit/install/moveit_task_constructor_core/share/moveit_task_constructor_core/cmake/ament_cmake_export_dependencies-extras.cmake
[134.000s] -- Installing: /root/ws_moveit/install/moveit_task_constructor_core/share/moveit_task_constructor_core/cmake/moveit_task_constructor_coreConfig.cmake
[134.000s] -- Installing: /root/ws_moveit/install/moveit_task_constructor_core/share/moveit_task_constructor_core/cmake/moveit_task_constructor_coreConfig-version.cmake
[134.000s] -- Installing: /root/ws_moveit/install/moveit_task_constructor_core/share/moveit_task_constructor_core/package.xml
[134.002s] Invoked command in '/root/ws_moveit/build/moveit_task_constructor_core' returned '0': AMENT_PREFIX_PATH=/root/ws_moveit/install/moveit_planners:/root/ws_moveit/install/pilz_industrial_motion_planner:/root/ws_moveit/install/moveit_resources_prbt_pg70_support:/root/ws_moveit/install/moveit_ros_planning_interface:/root/ws_moveit/install/moveit_resources_prbt_moveit_config:/root/ws_moveit/install/moveit_ros_move_group:/root/ws_moveit/install/moveit_ros_warehouse:/root/ws_moveit/install/moveit_planners_ompl:/root/ws_moveit/install/moveit_kinematics:/root/ws_moveit/install/moveit_ros_planning:/root/ws_moveit/install/moveit_planners_chomp:/root/ws_moveit/install/pilz_industrial_motion_planner_testutils:/root/ws_moveit/install/moveit_simple_controller_manager:/root/ws_moveit/install/moveit_ros_occupancy_map_monitor:/root/ws_moveit/install/moveit_resources_prbt_ikfast_manipulator_plugin:/root/ws_moveit/install/chomp_motion_planner:/root/ws_moveit/install/moveit_core:/root/ws_moveit/install/rviz_marker_tools:/root/ws_moveit/install/moveit_resources_panda_moveit_config:/root/ws_moveit/install/moveit_resources_fanuc_moveit_config:/root/ws_moveit/install/moveit_configs_utils:/root/ws_moveit/install/srdfdom:/root/ws_moveit/install/moveit_task_constructor_msgs:/root/ws_moveit/install/moveit_resources_prbt_support:/root/ws_moveit/install/moveit_resources_pr2_description:/root/ws_moveit/install/moveit_resources_panda_description:/root/ws_moveit/install/moveit_resources_fanuc_description:/root/ws_moveit/install/moveit_common:/root/ws_moveit/install/launch_param_builder:${AMENT_PREFIX_PATH} CMAKE_PREFIX_PATH=/root/ws_moveit/install/moveit_planners:/root/ws_moveit/install/pilz_industrial_motion_planner:/root/ws_moveit/install/moveit_resources_prbt_pg70_support:/root/ws_moveit/install/moveit_ros_planning_interface:/root/ws_moveit/install/moveit_resources_prbt_moveit_config:/root/ws_moveit/install/moveit_ros_move_group:/root/ws_moveit/install/moveit_ros_warehouse:/root/ws_moveit/install/moveit_planners_ompl:/root/ws_moveit/install/moveit_kinematics:/root/ws_moveit/install/moveit_ros_planning:/root/ws_moveit/install/moveit_planners_chomp:/root/ws_moveit/install/pilz_industrial_motion_planner_testutils:/root/ws_moveit/install/moveit_simple_controller_manager:/root/ws_moveit/install/moveit_ros_occupancy_map_monitor:/root/ws_moveit/install/moveit_resources_prbt_ikfast_manipulator_plugin:/root/ws_moveit/install/chomp_motion_planner:/root/ws_moveit/install/moveit_core:/root/ws_moveit/install/rviz_marker_tools:/root/ws_moveit/install/moveit_resources_panda_moveit_config:/root/ws_moveit/install/moveit_resources_fanuc_moveit_config:/root/ws_moveit/install/srdfdom:/root/ws_moveit/install/moveit_task_constructor_msgs:/root/ws_moveit/install/moveit_resources_prbt_support:/root/ws_moveit/install/moveit_resources_pr2_description:/root/ws_moveit/install/moveit_resources_panda_description:/root/ws_moveit/install/moveit_resources_fanuc_description:/root/ws_moveit/install/moveit_common:/opt/ros/humble LD_LIBRARY_PATH=/root/ws_moveit/install/pilz_industrial_motion_planner/lib:/root/ws_moveit/install/moveit_ros_planning_interface/lib:/root/ws_moveit/install/moveit_ros_move_group/lib:/root/ws_moveit/install/moveit_ros_warehouse/lib:/root/ws_moveit/install/moveit_planners_ompl/lib:/root/ws_moveit/install/moveit_kinematics/lib:/root/ws_moveit/install/moveit_ros_planning/lib:/root/ws_moveit/install/moveit_planners_chomp/lib:/root/ws_moveit/install/pilz_industrial_motion_planner_testutils/lib:/root/ws_moveit/install/moveit_simple_controller_manager/lib:/root/ws_moveit/install/moveit_ros_occupancy_map_monitor/lib:/root/ws_moveit/install/moveit_resources_prbt_ikfast_manipulator_plugin/lib:/root/ws_moveit/install/chomp_motion_planner/lib:/root/ws_moveit/install/moveit_core/lib:/root/ws_moveit/install/rviz_marker_tools/lib:/root/ws_moveit/install/srdfdom/lib:/root/ws_moveit/install/moveit_task_constructor_msgs/lib:${LD_LIBRARY_PATH} PATH=/root/ws_moveit/install/moveit_core/bin:${PATH} PYTHONPATH=/root/ws_moveit/install/moveit_configs_utils/lib/python3.10/site-packages:/root/ws_moveit/install/srdfdom/local/lib/python3.10/dist-packages:/root/ws_moveit/install/moveit_task_constructor_msgs/local/lib/python3.10/dist-packages:/root/ws_moveit/install/launch_param_builder/lib/python3.10/site-packages:${PYTHONPATH} /usr/bin/cmake --install /root/ws_moveit/build/moveit_task_constructor_core
