running egg_info
creating ../../build/yolov8_detector/yolov8_detector.egg-info
writing ../../build/yolov8_detector/yolov8_detector.egg-info/PKG-INFO
writing dependency_links to ../../build/yolov8_detector/yolov8_detector.egg-info/dependency_links.txt
writing entry points to ../../build/yolov8_detector/yolov8_detector.egg-info/entry_points.txt
writing requirements to ../../build/yolov8_detector/yolov8_detector.egg-info/requires.txt
writing top-level names to ../../build/yolov8_detector/yolov8_detector.egg-info/top_level.txt
writing manifest file '../../build/yolov8_detector/yolov8_detector.egg-info/SOURCES.txt'
reading manifest file '../../build/yolov8_detector/yolov8_detector.egg-info/SOURCES.txt'
writing manifest file '../../build/yolov8_detector/yolov8_detector.egg-info/SOURCES.txt'
running build
running build_py
creating /root/ros2_ws/build/yolov8_detector/build
creating /root/ros2_ws/build/yolov8_detector/build/lib
creating /root/ros2_ws/build/yolov8_detector/build/lib/yolov8_detector
copying yolov8_detector/yolov8_node.py -> /root/ros2_ws/build/yolov8_detector/build/lib/yolov8_detector
copying yolov8_detector/__init__.py -> /root/ros2_ws/build/yolov8_detector/build/lib/yolov8_detector
running install
running install_lib
creating /root/ros2_ws/install/yolov8_detector/lib/python3.10/site-packages/yolov8_detector
copying /root/ros2_ws/build/yolov8_detector/build/lib/yolov8_detector/yolov8_node.py -> /root/ros2_ws/install/yolov8_detector/lib/python3.10/site-packages/yolov8_detector
copying /root/ros2_ws/build/yolov8_detector/build/lib/yolov8_detector/__init__.py -> /root/ros2_ws/install/yolov8_detector/lib/python3.10/site-packages/yolov8_detector
byte-compiling /root/ros2_ws/install/yolov8_detector/lib/python3.10/site-packages/yolov8_detector/yolov8_node.py to yolov8_node.cpython-310.pyc
byte-compiling /root/ros2_ws/install/yolov8_detector/lib/python3.10/site-packages/yolov8_detector/__init__.py to __init__.cpython-310.pyc
running install_data
creating /root/ros2_ws/install/yolov8_detector/share/ament_index
creating /root/ros2_ws/install/yolov8_detector/share/ament_index/resource_index
creating /root/ros2_ws/install/yolov8_detector/share/ament_index/resource_index/packages
copying resource/yolov8_detector -> /root/ros2_ws/install/yolov8_detector/share/ament_index/resource_index/packages
copying package.xml -> /root/ros2_ws/install/yolov8_detector/share/yolov8_detector
running install_egg_info
Copying ../../build/yolov8_detector/yolov8_detector.egg-info to /root/ros2_ws/install/yolov8_detector/lib/python3.10/site-packages/yolov8_detector-0.0.0-py3.10.egg-info
running install_scripts
Installing yolov8_node script to /root/ros2_ws/install/yolov8_detector/lib/yolov8_detector
writing list of installed files to '/root/ros2_ws/build/yolov8_detector/install.log'
