[0.007s] Invoking command in '/root/ws_moveit/build/moveit_core': AMENT_PREFIX_PATH=/root/ws_moveit/install/moveit_resources_panda_moveit_config:/root/ws_moveit/install/srdfdom:/root/ws_moveit/install/moveit_resources_pr2_description:/root/ws_moveit/install/moveit_resources_panda_description:/root/ws_moveit/install/moveit_common:${AMENT_PREFIX_PATH} CMAKE_PREFIX_PATH=/root/ws_moveit/install/moveit_resources_panda_moveit_config:/root/ws_moveit/install/srdfdom:/root/ws_moveit/install/moveit_resources_pr2_description:/root/ws_moveit/install/moveit_resources_panda_description:/root/ws_moveit/install/moveit_common:/opt/ros/humble LD_LIBRARY_PATH=/root/ws_moveit/install/srdfdom/lib:${LD_LIBRARY_PATH} PYTHONPATH=/root/ws_moveit/install/srdfdom/local/lib/python3.10/dist-packages:${PYTHONPATH} /usr/bin/cmake /root/ws_moveit/src/moveit2/moveit_core -DCMAKE_INSTALL_PREFIX=/root/ws_moveit/install/moveit_core
[0.045s] -- The CXX compiler identification is GNU 11.4.0
[0.049s] -- Detecting CXX compiler ABI info
[0.094s] -- Detecting CXX compiler ABI info - done
[0.097s] -- Check for working CXX compiler: /usr/bin/c++ - skipped
[0.097s] -- Detecting CXX compile features
[0.097s] -- Detecting CXX compile features - done
[0.098s] -- Found moveit_common: 2.5.9 (/root/ws_moveit/install/moveit_common/share/moveit_common/cmake)
[0.099s] -- Found ament_cmake: 1.3.11 (/opt/ros/humble/share/ament_cmake/cmake)
[0.185s] -- Found Python3: /usr/bin/python3 (found version "3.10.12") found components: Interpreter 
[0.267s] [0mmoveit_core: You did not request a specific build type: Choosing 'Release' for maximum performance[0m
[0.268s] -- Found angles: 1.15.0 (/opt/ros/humble/share/angles/cmake)
[0.277s] -- Found Bullet: /usr/lib/x86_64-linux-gnu/libBulletDynamics.so (Required is at least version "2.87") 
[0.278s] -- Found common_interfaces: 4.9.0 (/opt/ros/humble/share/common_interfaces/cmake)
[0.279s] -- Found eigen_stl_containers: 1.1.0 (/opt/ros/humble/share/eigen_stl_containers/cmake)
[0.285s] -- Found eigen3_cmake_module: 0.1.1 (/opt/ros/humble/share/eigen3_cmake_module/cmake)
[0.287s] -- Found Eigen3: TRUE (found version "3.4.0") 
[0.289s] -- Found generate_parameter_library: 0.5.0 (/opt/ros/humble/share/generate_parameter_library/cmake)
[0.291s] -- Found parameter_traits: 0.5.0 (/opt/ros/humble/share/parameter_traits/cmake)
[0.312s] -- Found rosidl_generator_c: 3.1.6 (/opt/ros/humble/share/rosidl_generator_c/cmake)
[0.315s] -- Found rosidl_adapter: 3.1.6 (/opt/ros/humble/share/rosidl_adapter/cmake)
[0.320s] -- Found rosidl_generator_cpp: 3.1.6 (/opt/ros/humble/share/rosidl_generator_cpp/cmake)
[0.326s] -- Using all available rosidl_typesupport_c: rosidl_typesupport_fastrtps_c;rosidl_typesupport_introspection_c
[0.335s] -- Using all available rosidl_typesupport_cpp: rosidl_typesupport_fastrtps_cpp;rosidl_typesupport_introspection_cpp
[0.358s] -- Found rmw_implementation_cmake: 6.1.2 (/opt/ros/humble/share/rmw_implementation_cmake/cmake)
[0.360s] -- Found rmw_fastrtps_cpp: 6.2.7 (/opt/ros/humble/share/rmw_fastrtps_cpp/cmake)
[0.413s] -- Found OpenSSL: /usr/lib/x86_64-linux-gnu/libcrypto.so (found version "3.0.2")  
[0.428s] -- Found FastRTPS: /opt/ros/humble/include  
[0.451s] -- Using RMW implementation 'rmw_fastrtps_cpp' as default
[0.456s] -- Looking for C++ include pthread.h
[0.519s] -- Looking for C++ include pthread.h - found
[0.519s] -- Performing Test CMAKE_HAVE_LIBC_PTHREAD
[0.585s] -- Performing Test CMAKE_HAVE_LIBC_PTHREAD - Success
[0.586s] -- Found Threads: TRUE  
[0.618s] -- Found rclcpp_lifecycle: 16.0.12 (/opt/ros/humble/share/rclcpp_lifecycle/cmake)
[0.629s] -- Found geometric_shapes: 2.3.2 (/opt/ros/humble/share/geometric_shapes/cmake)
[0.635s] -- Found Boost: /usr/lib/x86_64-linux-gnu/cmake/Boost-1.74.0/BoostConfig.cmake (found version "1.74.0") found components: filesystem 
[0.726s] -- library: /usr/lib/x86_64-linux-gnu/libcurl.so
[0.764s] -- Found kdl_parser: 2.6.4 (/opt/ros/humble/share/kdl_parser/cmake)
[0.768s] -- Ensuring Eigen3 include directory is part of orocos-kdl CMake target
[0.770s] -- Found moveit_msgs: 2.2.1 (/opt/ros/humble/share/moveit_msgs/cmake)
[0.829s] -- Found pluginlib: 5.1.0 (/opt/ros/humble/share/pluginlib/cmake)
[0.839s] -- Found srdfdom: 2.0.8 (/root/ws_moveit/install/srdfdom/share/srdfdom/cmake)
[0.846s] -- Found tf2_eigen: 0.25.13 (/opt/ros/humble/share/tf2_eigen/cmake)
[0.883s] -- Found tf2_geometry_msgs: 0.25.13 (/opt/ros/humble/share/tf2_geometry_msgs/cmake)
[0.885s] -- Found tf2_kdl: 0.25.13 (/opt/ros/humble/share/tf2_kdl/cmake)
[0.904s] -- Found Boost: /usr/lib/x86_64-linux-gnu/cmake/Boost-1.74.0/BoostConfig.cmake (found version "1.74.0") found components: chrono date_time filesystem iostreams program_options regex serialization system thread 
[0.905s] --  *** Building MoveIt 2.5.9-Alpha ***
[0.907s] -- Performing Test COMPILER_HAS_HIDDEN_VISIBILITY
[0.970s] -- Performing Test COMPILER_HAS_HIDDEN_VISIBILITY - Success
[0.970s] -- Performing Test COMPILER_HAS_HIDDEN_INLINE_VISIBILITY
[1.074s] -- Performing Test COMPILER_HAS_HIDDEN_INLINE_VISIBILITY - Success
[1.074s] -- Performing Test COMPILER_HAS_DEPRECATED_ATTR
[1.176s] -- Performing Test COMPILER_HAS_DEPRECATED_ATTR - Success
[1.179s] -- Found ament_cmake_gtest: 1.3.11 (/opt/ros/humble/share/ament_cmake_gtest/cmake)
[1.180s] -- Found gtest sources under '/opt/ros/humble/src/gtest_vendor': C++ tests using 'Google Test' will be built
[1.222s] -- The C compiler identification is GNU 11.4.0
[1.229s] -- Detecting C compiler ABI info
[1.326s] -- Detecting C compiler ABI info - done
[1.329s] -- Check for working C compiler: /usr/bin/cc - skipped
[1.330s] -- Detecting C compile features
[1.330s] -- Detecting C compile features - done
[1.335s] -- Found ament_cmake_gmock: 1.3.11 (/opt/ros/humble/share/ament_cmake_gmock/cmake)
[1.338s] -- Found gmock sources under '/opt/ros/humble/src/gmock_vendor': C++ tests using 'Google Mock' will be built
[1.340s] -- Found ament_cmake_gtest: 1.3.11 (/opt/ros/humble/share/ament_cmake_gtest/cmake)
[1.340s] -- Found gtest sources under '/opt/ros/humble/src/gtest_vendor': C++ tests using 'Google Test' will be built
[1.344s] -- Found ament_cmake_gtest: 1.3.11 (/opt/ros/humble/share/ament_cmake_gtest/cmake)
[1.345s] -- Found gtest sources under '/opt/ros/humble/src/gtest_vendor': C++ tests using 'Google Test' will be built
[1.355s] -- Found ament_cmake_gtest: 1.3.11 (/opt/ros/humble/share/ament_cmake_gtest/cmake)
[1.356s] -- Found gtest sources under '/opt/ros/humble/src/gtest_vendor': C++ tests using 'Google Test' will be built
[1.363s] -- Found ament_lint_auto: 0.12.12 (/opt/ros/humble/share/ament_lint_auto/cmake)
[1.364s] -- Found ament_cmake_gtest: 1.3.11 (/opt/ros/humble/share/ament_cmake_gtest/cmake)
[1.364s] -- Found gtest sources under '/opt/ros/humble/src/gtest_vendor': C++ tests using 'Google Test' will be built
[1.371s] -- Found ament_cmake_gtest: 1.3.11 (/opt/ros/humble/share/ament_cmake_gtest/cmake)
[1.371s] -- Found gtest sources under '/opt/ros/humble/src/gtest_vendor': C++ tests using 'Google Test' will be built
[1.377s] -- Found ament_cmake_gtest: 1.3.11 (/opt/ros/humble/share/ament_cmake_gtest/cmake)
[1.377s] -- Found gtest sources under '/opt/ros/humble/src/gtest_vendor': C++ tests using 'Google Test' will be built
[1.380s] -- Found ament_cmake_gtest: 1.3.11 (/opt/ros/humble/share/ament_cmake_gtest/cmake)
[1.381s] -- Found gmock sources under '/opt/ros/humble/src/gmock_vendor': C++ tests using 'Google Mock' will be built
[1.381s] -- Found gtest sources under '/opt/ros/humble/src/gtest_vendor': C++ tests using 'Google Test' will be built
[1.387s] -- Found gtest sources under '/opt/ros/humble/src/gtest_vendor': C++ tests using 'Google Test' will be built
[1.391s] -- Found gtest sources under '/opt/ros/humble/src/gtest_vendor': C++ tests using 'Google Test' will be built
[1.396s] -- Found ament_cmake_gtest: 1.3.11 (/opt/ros/humble/share/ament_cmake_gtest/cmake)
[1.396s] -- Found gtest sources under '/opt/ros/humble/src/gtest_vendor': C++ tests using 'Google Test' will be built
[1.405s] -- Found gtest sources under '/opt/ros/humble/src/gtest_vendor': C++ tests using 'Google Test' will be built
[1.412s] -- Found gtest sources under '/opt/ros/humble/src/gtest_vendor': C++ tests using 'Google Test' will be built
[1.417s] -- Found gtest sources under '/opt/ros/humble/src/gtest_vendor': C++ tests using 'Google Test' will be built
[1.421s] -- Found ament_lint_auto: 0.12.12 (/opt/ros/humble/share/ament_lint_auto/cmake)
[1.439s] -- Added test 'cppcheck' to perform static code analysis on C / C++ code
[1.440s] -- Configured cppcheck include dirs: /root/ws_moveit/src/moveit2/moveit_core/exceptions/include;/root/ws_moveit/src/moveit2/moveit_core/collision_detection/include;/root/ws_moveit/src/moveit2/moveit_core/collision_detection_fcl/include;/root/ws_moveit/src/moveit2/moveit_core/collision_detection_bullet/include;/root/ws_moveit/src/moveit2/moveit_core/constraint_samplers/include;/root/ws_moveit/src/moveit2/moveit_core/controller_manager/include;/root/ws_moveit/src/moveit2/moveit_core/distance_field/include;/root/ws_moveit/src/moveit2/moveit_core/collision_distance_field/include;/root/ws_moveit/src/moveit2/moveit_core/dynamics_solver/include;/root/ws_moveit/src/moveit2/moveit_core/kinematics_base/include;/root/ws_moveit/src/moveit2/moveit_core/kinematics_metrics/include;/root/ws_moveit/src/moveit2/moveit_core/robot_model/include;/root/ws_moveit/src/moveit2/moveit_core/transforms/include;/root/ws_moveit/src/moveit2/moveit_core/robot_state/include;/root/ws_moveit/src/moveit2/moveit_core/robot_trajectory/include;/root/ws_moveit/src/moveit2/moveit_core/kinematic_constraints/include;/root/ws_moveit/src/moveit2/moveit_core/macros/include;/root/ws_moveit/src/moveit2/moveit_core/online_signal_smoothing/include;/root/ws_moveit/src/moveit2/moveit_core/planning_interface/include;/root/ws_moveit/src/moveit2/moveit_core/planning_request_adapter/include;/root/ws_moveit/src/moveit2/moveit_core/planning_scene/include;/root/ws_moveit/src/moveit2/moveit_core/sensor_manager/include;/root/ws_moveit/src/moveit2/moveit_core/trajectory_processing/include;/root/ws_moveit/src/moveit2/moveit_core/utils/include
[1.440s] -- Configured cppcheck exclude dirs and/or files: 
[1.442s] -- Added test 'pep257' to check Python code against some of the docstring style conventions in PEP 257
[1.443s] -- Added test 'xmllint' to check XML markup files
[1.445s] -- Configuring done
[1.725s] -- Generating done
[1.808s] -- Build files have been written to: /root/ws_moveit/build/moveit_core
[1.829s] Invoked command in '/root/ws_moveit/build/moveit_core' returned '0': AMENT_PREFIX_PATH=/root/ws_moveit/install/moveit_resources_panda_moveit_config:/root/ws_moveit/install/srdfdom:/root/ws_moveit/install/moveit_resources_pr2_description:/root/ws_moveit/install/moveit_resources_panda_description:/root/ws_moveit/install/moveit_common:${AMENT_PREFIX_PATH} CMAKE_PREFIX_PATH=/root/ws_moveit/install/moveit_resources_panda_moveit_config:/root/ws_moveit/install/srdfdom:/root/ws_moveit/install/moveit_resources_pr2_description:/root/ws_moveit/install/moveit_resources_panda_description:/root/ws_moveit/install/moveit_common:/opt/ros/humble LD_LIBRARY_PATH=/root/ws_moveit/install/srdfdom/lib:${LD_LIBRARY_PATH} PYTHONPATH=/root/ws_moveit/install/srdfdom/local/lib/python3.10/dist-packages:${PYTHONPATH} /usr/bin/cmake /root/ws_moveit/src/moveit2/moveit_core -DCMAKE_INSTALL_PREFIX=/root/ws_moveit/install/moveit_core
[1.829s] Invoking command in '/root/ws_moveit/build/moveit_core': AMENT_PREFIX_PATH=/root/ws_moveit/install/moveit_resources_panda_moveit_config:/root/ws_moveit/install/srdfdom:/root/ws_moveit/install/moveit_resources_pr2_description:/root/ws_moveit/install/moveit_resources_panda_description:/root/ws_moveit/install/moveit_common:${AMENT_PREFIX_PATH} CMAKE_PREFIX_PATH=/root/ws_moveit/install/moveit_resources_panda_moveit_config:/root/ws_moveit/install/srdfdom:/root/ws_moveit/install/moveit_resources_pr2_description:/root/ws_moveit/install/moveit_resources_panda_description:/root/ws_moveit/install/moveit_common:/opt/ros/humble LD_LIBRARY_PATH=/root/ws_moveit/install/srdfdom/lib:${LD_LIBRARY_PATH} PYTHONPATH=/root/ws_moveit/install/srdfdom/local/lib/python3.10/dist-packages:${PYTHONPATH} /usr/bin/cmake --build /root/ws_moveit/build/moveit_core
[1.893s] [  1%] [32mBuilding CXX object exceptions/CMakeFiles/moveit_exceptions.dir/src/exceptions.cpp.o[0m
[1.895s] [  2%] [32mBuilding CXX object transforms/CMakeFiles/moveit_transforms.dir/src/transforms.cpp.o[0m
[2.218s] [  2%] [32m[1mLinking CXX shared library libmoveit_exceptions.so[0m
[2.281s] [  2%] Built target moveit_exceptions
[2.293s] [  3%] [32mBuilding CXX object kinematics_base/CMakeFiles/moveit_kinematics_base.dir/src/kinematics_base.cpp.o[0m
[4.403s] [  3%] [32m[1mLinking CXX shared library libmoveit_kinematics_base.so[0m
[4.473s] [  3%] Built target moveit_kinematics_base
[4.484s] [  4%] [32mBuilding CXX object distance_field/CMakeFiles/moveit_distance_field.dir/src/distance_field.cpp.o[0m
[4.933s] [  4%] [32m[1mLinking CXX shared library libmoveit_transforms.so[0m
[5.012s] [  4%] Built target moveit_transforms
[5.025s] [  5%] [32mBuilding CXX object utils/CMakeFiles/moveit_utils.dir/src/lexical_casts.cpp.o[0m
[5.230s] [  5%] [32mBuilding CXX object utils/CMakeFiles/moveit_utils.dir/src/message_checks.cpp.o[0m
[5.661s] [  6%] [32mBuilding CXX object utils/CMakeFiles/moveit_utils.dir/src/rclcpp_utils.cpp.o[0m
[5.777s] [  7%] [32m[1mLinking CXX shared library libmoveit_utils.so[0m
[6.106s] [  7%] Built target moveit_utils
[6.120s] [  7%] [32mBuilding CXX object gtest/CMakeFiles/gtest.dir/src/gtest-all.cc.o[0m
[7.525s] [  8%] [32mBuilding CXX object distance_field/CMakeFiles/moveit_distance_field.dir/src/find_internal_points.cpp.o[0m
[8.172s] [  8%] [32mBuilding CXX object distance_field/CMakeFiles/moveit_distance_field.dir/src/propagation_distance_field.cpp.o[0m
[9.698s] [  9%] [32m[1mLinking CXX static library libgtest.a[0m
[9.722s] [  9%] Built target gtest
[9.734s] [ 10%] [32mBuilding CXX object gtest/CMakeFiles/gtest_main.dir/src/gtest_main.cc.o[0m
[10.137s] [ 10%] [32m[1mLinking CXX static library libgtest_main.a[0m
[10.159s] [ 10%] Built target gtest_main
[10.170s] [ 10%] [32mBuilding CXX object gmock/CMakeFiles/gmock.dir/opt/ros/humble/src/gtest_vendor/src/gtest-all.cc.o[0m
[11.499s] [ 11%] [32m[1mLinking CXX shared library libmoveit_distance_field.so[0m
[11.585s] [ 11%] Built target moveit_distance_field
[11.598s] [ 11%] [32mBuilding CXX object gmock/CMakeFiles/gmock_main.dir/src/gmock_main.cc.o[0m
[12.129s] [ 12%] [32m[1mLinking CXX static library libgmock_main.a[0m
[12.149s] [ 12%] Built target gmock_main
[12.164s] [ 13%] [32mBuilding CXX object distance_field/CMakeFiles/test_voxel_grid.dir/test/test_voxel_grid.cpp.o[0m
[13.732s] [ 14%] [32mBuilding CXX object gmock/CMakeFiles/gmock.dir/src/gmock-all.cc.o[0m
[14.158s] [ 14%] [32m[1mLinking CXX executable test_voxel_grid[0m
[14.255s] [ 14%] Built target test_voxel_grid
[14.268s] [ 15%] [32mBuilding CXX object distance_field/CMakeFiles/test_distance_field.dir/test/test_distance_field.cpp.o[0m
[15.150s] [ 16%] [32m[1mLinking CXX static library libgmock.a[0m
[15.174s] [ 16%] Built target gmock
[15.185s] [ 17%] [32mBuilding CXX object online_signal_smoothing/CMakeFiles/moveit_smoothing_base.dir/src/smoothing_base_class.cpp.o[0m
[16.435s] [ 17%] [32m[1mLinking CXX shared library libmoveit_smoothing_base.so[0m
[16.497s] [ 17%] Built target moveit_smoothing_base
[16.509s] [ 18%] [34m[1mRunning `/opt/ros/humble/bin/generate_parameter_library_cpp /root/ws_moveit/build/moveit_core/online_signal_smoothing/include/moveit_core/moveit_butterworth_parameters.hpp /root/ws_moveit/src/moveit2/moveit_core/online_signal_smoothing/src/butterworth_parameters.yaml `[0m
[16.582s] [ 19%] [34m[1mCreating deprecated header file /root/ws_moveit/build/moveit_core/online_signal_smoothing/include/moveit_butterworth_parameters.hpp[0m
[16.593s] [ 19%] Built target moveit_butterworth_parameters
[16.606s] [ 19%] [32mBuilding CXX object transforms/CMakeFiles/test_transforms.dir/test/test_transforms.cpp.o[0m
[17.960s] [ 20%] [32m[1mLinking CXX executable test_transforms[0m
[18.031s] [ 20%] Built target test_transforms
[18.045s] [ 20%] [32mBuilding CXX object version/CMakeFiles/moveit_version.dir/version.cpp.o[0m
[18.065s] [ 21%] [32m[1mLinking CXX executable moveit_version[0m
[18.107s] [ 21%] Built target moveit_version
[18.120s] [ 21%] [32mBuilding CXX object robot_model/CMakeFiles/moveit_robot_model.dir/src/aabb.cpp.o[0m
[18.781s] [ 21%] [32m[1mLinking CXX executable test_distance_field[0m
[18.891s] [ 21%] Built target test_distance_field
[18.897s] [ 22%] [32mBuilding CXX object robot_model/CMakeFiles/moveit_robot_model.dir/src/fixed_joint_model.cpp.o[0m
[19.031s] [ 22%] [32mBuilding CXX object robot_model/CMakeFiles/moveit_robot_model.dir/src/floating_joint_model.cpp.o[0m
[19.536s] [ 23%] [32mBuilding CXX object robot_model/CMakeFiles/moveit_robot_model.dir/src/joint_model.cpp.o[0m
[20.657s] [ 23%] [32mBuilding CXX object robot_model/CMakeFiles/moveit_robot_model.dir/src/joint_model_group.cpp.o[0m
[20.742s] [ 24%] [32mBuilding CXX object robot_model/CMakeFiles/moveit_robot_model.dir/src/link_model.cpp.o[0m
[22.344s] [ 25%] [32mBuilding CXX object robot_model/CMakeFiles/moveit_robot_model.dir/src/planar_joint_model.cpp.o[0m
[23.650s] [ 25%] [32mBuilding CXX object robot_model/CMakeFiles/moveit_robot_model.dir/src/prismatic_joint_model.cpp.o[0m
[23.817s] [ 26%] [32mBuilding CXX object robot_model/CMakeFiles/moveit_robot_model.dir/src/revolute_joint_model.cpp.o[0m
[24.470s] [ 26%] [32mBuilding CXX object robot_model/CMakeFiles/moveit_robot_model.dir/src/robot_model.cpp.o[0m
[28.711s] [ 27%] [32m[1mLinking CXX shared library libmoveit_robot_model.so[0m
[28.837s] [ 27%] Built target moveit_robot_model
[28.867s] [ 28%] [32mBuilding CXX object utils/CMakeFiles/moveit_test_utils.dir/src/robot_model_test_utils.cpp.o[0m
[28.867s] [ 29%] [32mBuilding CXX object robot_state/CMakeFiles/moveit_robot_state.dir/src/attached_body.cpp.o[0m
[30.420s] [ 29%] [32mBuilding CXX object robot_state/CMakeFiles/moveit_robot_state.dir/src/conversions.cpp.o[0m
[32.931s] [ 30%] [32m[1mLinking CXX shared library libmoveit_test_utils.so[0m
[33.027s] [ 30%] Built target moveit_test_utils
[33.039s] [ 31%] [32mBuilding CXX object online_signal_smoothing/CMakeFiles/moveit_butterworth_filter.dir/src/butterworth_filter.cpp.o[0m
[34.775s] [ 32%] [32mBuilding CXX object robot_state/CMakeFiles/moveit_robot_state.dir/src/robot_state.cpp.o[0m
[35.896s] [ 32%] [32m[1mLinking CXX shared library libmoveit_butterworth_filter.so[0m
[35.982s] [ 32%] Built target moveit_butterworth_filter
[35.995s] [ 33%] [32mBuilding CXX object robot_model/CMakeFiles/test_robot_model.dir/test/test.cpp.o[0m
[38.595s] [ 33%] [32m[1mLinking CXX executable test_robot_model[0m
[38.726s] [ 33%] Built target test_robot_model
[38.740s] [ 33%] [32mBuilding CXX object online_signal_smoothing/CMakeFiles/test_butterworth_filter.dir/test/test_butterworth_filter.cpp.o[0m
[41.745s] [ 34%] [32m[1mLinking CXX executable test_butterworth_filter[0m
[41.822s] [ 34%] Built target test_butterworth_filter
[41.825s] [ 34%] [32mBuilding CXX object robot_state/CMakeFiles/moveit_robot_state.dir/src/cartesian_interpolator.cpp.o[0m
[44.968s] [ 35%] [32m[1mLinking CXX shared library libmoveit_robot_state.so[0m
[45.064s] [ 35%] Built target moveit_robot_state
[45.088s] [ 35%] [32mBuilding CXX object collision_detection/CMakeFiles/moveit_collision_detection.dir/src/allvalid/collision_env_allvalid.cpp.o[0m
[45.088s] [ 36%] [32mBuilding CXX object robot_trajectory/CMakeFiles/moveit_robot_trajectory.dir/src/robot_trajectory.cpp.o[0m
[47.419s] [ 37%] [32mBuilding CXX object collision_detection/CMakeFiles/moveit_collision_detection.dir/src/collision_common.cpp.o[0m
[49.100s] [ 37%] [32m[1mLinking CXX shared library libmoveit_robot_trajectory.so[0m
[49.196s] [ 37%] Built target moveit_robot_trajectory
[49.210s] [ 37%] [32mBuilding CXX object dynamics_solver/CMakeFiles/moveit_dynamics_solver.dir/src/dynamics_solver.cpp.o[0m
[49.405s] [ 37%] [32mBuilding CXX object collision_detection/CMakeFiles/moveit_collision_detection.dir/src/collision_matrix.cpp.o[0m
[51.955s] [ 38%] [32m[1mLinking CXX shared library libmoveit_dynamics_solver.so[0m
[52.006s] [ 39%] [32mBuilding CXX object collision_detection/CMakeFiles/moveit_collision_detection.dir/src/collision_octomap_filter.cpp.o[0m
[52.043s] [ 39%] Built target moveit_dynamics_solver
[52.055s] [ 40%] [32mBuilding CXX object kinematics_metrics/CMakeFiles/moveit_kinematics_metrics.dir/src/kinematics_metrics.cpp.o[0m
[54.580s] [ 41%] [32mBuilding CXX object collision_detection/CMakeFiles/moveit_collision_detection.dir/src/collision_tools.cpp.o[0m
[57.884s] [ 41%] [32mBuilding CXX object collision_detection/CMakeFiles/moveit_collision_detection.dir/src/world.cpp.o[0m
[59.723s] [ 42%] [32mBuilding CXX object collision_detection/CMakeFiles/moveit_collision_detection.dir/src/world_diff.cpp.o[0m
[60.337s] [ 42%] [32m[1mLinking CXX shared library libmoveit_kinematics_metrics.so[0m
[60.426s] [ 42%] Built target moveit_kinematics_metrics
[60.437s] [ 43%] [32mBuilding CXX object planning_interface/CMakeFiles/moveit_planning_interface.dir/src/planning_interface.cpp.o[0m
[60.700s] [ 43%] [32mBuilding CXX object collision_detection/CMakeFiles/moveit_collision_detection.dir/src/collision_env.cpp.o[0m
[63.373s] [ 44%] [32mBuilding CXX object collision_detection/CMakeFiles/moveit_collision_detection.dir/src/collision_plugin_cache.cpp.o[0m
[64.445s] [ 45%] [32mBuilding CXX object planning_interface/CMakeFiles/moveit_planning_interface.dir/src/planning_response.cpp.o[0m
[67.374s] [ 45%] [32m[1mLinking CXX shared library libmoveit_planning_interface.so[0m
[67.456s] [ 45%] Built target moveit_planning_interface
[67.470s] [ 46%] [32mBuilding CXX object robot_state/CMakeFiles/test_robot_state.dir/test/robot_state_test.cpp.o[0m
[69.209s] [ 46%] [32m[1mLinking CXX shared library libmoveit_collision_detection.so[0m
[69.314s] [ 46%] Built target moveit_collision_detection
[69.329s] [ 46%] [32mBuilding CXX object robot_state/CMakeFiles/test_robot_state_benchmark.dir/test/robot_state_benchmark.cpp.o[0m
[72.001s] [ 47%] [32m[1mLinking CXX executable test_robot_state[0m
[72.152s] [ 47%] Built target test_robot_state
[72.166s] [ 47%] [32mBuilding CXX object robot_state/CMakeFiles/test_robot_state_complex.dir/test/test_kinematic_complex.cpp.o[0m
[72.428s] [ 48%] [32m[1mLinking CXX executable test_robot_state_benchmark[0m
[72.558s] [ 48%] Built target test_robot_state_benchmark
[72.572s] [ 48%] [32mBuilding CXX object robot_state/CMakeFiles/test_aabb.dir/test/test_aabb.cpp.o[0m
[76.025s] [ 49%] [32m[1mLinking CXX executable test_aabb[0m
[76.026s] [ 50%] [32m[1mLinking CXX executable test_robot_state_complex[0m
[76.156s] [ 50%] Built target test_aabb
[76.172s] [ 51%] [32mBuilding CXX object robot_state/CMakeFiles/test_cartesian_interpolator.dir/test/test_cartesian_interpolator.cpp.o[0m
[76.179s] [ 51%] Built target test_robot_state_complex
[76.191s] [ 52%] [32mBuilding CXX object robot_trajectory/CMakeFiles/test_robot_trajectory.dir/test/test_robot_trajectory.cpp.o[0m
[78.937s] [ 52%] [32m[1mLinking CXX executable test_cartesian_interpolator[0m
[79.068s] [ 52%] Built target test_cartesian_interpolator
[79.083s] [ 53%] [32mBuilding CXX object collision_detection/CMakeFiles/test_world.dir/test/test_world.cpp.o[0m
[80.084s] [ 53%] [32m[1mLinking CXX executable test_robot_trajectory[0m
[80.227s] [ 53%] Built target test_robot_trajectory
[80.242s] [ 54%] [32mBuilding CXX object collision_detection/CMakeFiles/test_world_diff.dir/test/test_world_diff.cpp.o[0m
[81.507s] [ 54%] [32m[1mLinking CXX executable test_world[0m
[81.627s] [ 54%] Built target test_world
[81.641s] [ 55%] [32mBuilding CXX object collision_detection/CMakeFiles/test_all_valid.dir/test/test_all_valid.cpp.o[0m
[82.249s] [ 56%] [32m[1mLinking CXX executable test_world_diff[0m
[82.368s] [ 56%] Built target test_world_diff
[82.384s] [ 57%] [32mBuilding CXX object collision_detection_bullet/CMakeFiles/moveit_collision_detection_bullet.dir/src/bullet_integration/bullet_utils.cpp.o[0m
[84.540s] [ 57%] [32m[1mLinking CXX executable test_all_valid[0m
[84.656s] [ 57%] Built target test_all_valid
[84.672s] [ 58%] [32mBuilding CXX object collision_detection_fcl/CMakeFiles/moveit_collision_detection_fcl.dir/src/collision_common.cpp.o[0m
[85.879s] [ 59%] [32mBuilding CXX object collision_detection_bullet/CMakeFiles/moveit_collision_detection_bullet.dir/src/bullet_integration/bullet_discrete_bvh_manager.cpp.o[0m
[88.289s] [ 59%] [32mBuilding CXX object collision_detection_bullet/CMakeFiles/moveit_collision_detection_bullet.dir/src/bullet_integration/bullet_cast_bvh_manager.cpp.o[0m
[88.690s] [ 59%] [32mBuilding CXX object collision_detection_fcl/CMakeFiles/moveit_collision_detection_fcl.dir/src/collision_env_fcl.cpp.o[0m
[90.822s] [ 60%] [32mBuilding CXX object collision_detection_bullet/CMakeFiles/moveit_collision_detection_bullet.dir/src/collision_env_bullet.cpp.o[0m
[92.127s] [ 61%] [32m[1mLinking CXX shared library libmoveit_collision_detection_fcl.so[0m
[92.239s] [ 61%] Built target moveit_collision_detection_fcl
[92.254s] [ 61%] [32mBuilding CXX object trajectory_processing/CMakeFiles/moveit_trajectory_processing.dir/src/iterative_time_parameterization.cpp.o[0m
[94.119s] [ 61%] [32mBuilding CXX object collision_detection_bullet/CMakeFiles/moveit_collision_detection_bullet.dir/src/bullet_integration/bullet_bvh_manager.cpp.o[0m
[95.291s] [ 62%] [32mBuilding CXX object trajectory_processing/CMakeFiles/moveit_trajectory_processing.dir/src/iterative_spline_parameterization.cpp.o[0m
[96.505s] [ 63%] [32mBuilding CXX object collision_detection_bullet/CMakeFiles/moveit_collision_detection_bullet.dir/src/bullet_integration/contact_checker_common.cpp.o[0m
[98.550s] [ 63%] [32mBuilding CXX object trajectory_processing/CMakeFiles/moveit_trajectory_processing.dir/src/ruckig_traj_smoothing.cpp.o[0m
[98.759s] [ 64%] [32mBuilding CXX object collision_detection_bullet/CMakeFiles/moveit_collision_detection_bullet.dir/src/bullet_integration/ros_bullet_utils.cpp.o[0m
[101.152s] [ 64%] [32m[1mLinking CXX shared library libmoveit_collision_detection_bullet.so[0m
[101.267s] [ 64%] Built target moveit_collision_detection_bullet
[101.279s] [ 64%] [32mBuilding CXX object collision_detection_fcl/CMakeFiles/test_fcl_collision_env.dir/test/test_fcl_env.cpp.o[0m
[102.610s] [ 65%] [32mBuilding CXX object trajectory_processing/CMakeFiles/moveit_trajectory_processing.dir/src/trajectory_tools.cpp.o[0m
[102.920s] [ 65%] [32mBuilding CXX object trajectory_processing/CMakeFiles/moveit_trajectory_processing.dir/src/time_optimal_trajectory_generation.cpp.o[0m
[105.435s] [ 66%] [32m[1mLinking CXX executable test_fcl_collision_env[0m
[105.592s] [ 66%] Built target test_fcl_collision_env
[105.607s] [ 67%] [32mBuilding CXX object collision_detection_fcl/CMakeFiles/test_fcl_collision_detection.dir/test/test_fcl_collision_detection_pr2.cpp.o[0m
[106.798s] [ 68%] [32m[1mLinking CXX shared library libmoveit_trajectory_processing.so[0m
[106.892s] [ 68%] Built target moveit_trajectory_processing
[106.904s] [ 69%] [32mBuilding CXX object collision_detection_fcl/CMakeFiles/test_fcl_collision_detection_panda.dir/test/test_fcl_collision_detection_panda.cpp.o[0m
[110.404s] [ 69%] [32m[1mLinking CXX executable test_fcl_collision_detection[0m
[110.564s] [ 69%] Built target test_fcl_collision_detection
[110.577s] [ 70%] [32mBuilding CXX object kinematic_constraints/CMakeFiles/moveit_kinematic_constraints.dir/src/kinematic_constraint.cpp.o[0m
[111.226s] [ 71%] [32m[1mLinking CXX executable test_fcl_collision_detection_panda[0m
[111.366s] [ 71%] Built target test_fcl_collision_detection_panda
[111.379s] [ 71%] [32mBuilding CXX object trajectory_processing/CMakeFiles/test_time_parameterization.dir/test/test_time_parameterization.cpp.o[0m
[114.869s] [ 72%] [32m[1mLinking CXX executable test_time_parameterization[0m
[115.007s] [ 72%] Built target test_time_parameterization
[115.020s] [ 73%] [32mBuilding CXX object trajectory_processing/CMakeFiles/test_time_optimal_trajectory_generation.dir/test/test_time_optimal_trajectory_generation.cpp.o[0m
[116.849s] [ 73%] [32mBuilding CXX object kinematic_constraints/CMakeFiles/moveit_kinematic_constraints.dir/src/utils.cpp.o[0m
[119.193s] [ 74%] [32m[1mLinking CXX executable test_time_optimal_trajectory_generation[0m
[119.337s] [ 74%] Built target test_time_optimal_trajectory_generation
[119.352s] [ 75%] [32mBuilding CXX object trajectory_processing/CMakeFiles/test_ruckig_traj_smoothing.dir/test/test_ruckig_traj_smoothing.cpp.o[0m
[121.709s] [ 76%] [32m[1mLinking CXX shared library libmoveit_kinematic_constraints.so[0m
[121.813s] [ 76%] Built target moveit_kinematic_constraints
[121.824s] [ 77%] [32mBuilding CXX object collision_detection_bullet/CMakeFiles/test_bullet_collision_detection.dir/test/test_bullet_collision_detection_pr2.cpp.o[0m
[122.884s] [ 77%] [32m[1mLinking CXX executable test_ruckig_traj_smoothing[0m
[123.023s] [ 77%] Built target test_ruckig_traj_smoothing
[123.034s] [ 78%] [32mBuilding CXX object collision_detection_bullet/CMakeFiles/test_bullet_collision_detection_panda.dir/test/test_bullet_collision_detection_panda.cpp.o[0m
[126.384s] [ 78%] [32m[1mLinking CXX executable test_bullet_collision_detection[0m
[126.534s] [ 78%] Built target test_bullet_collision_detection
[126.550s] [ 78%] [32mBuilding CXX object collision_detection_bullet/CMakeFiles/test_bullet_continuous_collision_checking.dir/test/test_bullet_continuous_collision_checking.cpp.o[0m
[126.799s] [ 79%] [32m[1mLinking CXX executable test_bullet_collision_detection_panda[0m
[126.946s] [ 79%] Built target test_bullet_collision_detection_panda
[126.961s] [ 80%] [32mBuilding CXX object planning_scene/CMakeFiles/moveit_planning_scene.dir/src/planning_scene.cpp.o[0m
[131.249s] [ 81%] [32m[1mLinking CXX executable test_bullet_continuous_collision_checking[0m
[131.406s] [ 81%] Built target test_bullet_continuous_collision_checking
[131.418s] [ 81%] [32mBuilding CXX object kinematic_constraints/CMakeFiles/test_constraints.dir/test/test_constraints.cpp.o[0m
[135.448s] [ 82%] [32m[1mLinking CXX shared library libmoveit_planning_scene.so[0m
[135.562s] [ 82%] Built target moveit_planning_scene
[135.575s] [ 83%] [32mBuilding CXX object kinematic_constraints/CMakeFiles/test_orientation_constraints.dir/test/test_orientation_constraints.cpp.o[0m
[136.573s] [ 84%] [32m[1mLinking CXX executable test_constraints[0m
[136.715s] [ 84%] Built target test_constraints
[136.729s] [ 85%] [32mBuilding CXX object planning_request_adapter/CMakeFiles/moveit_planning_request_adapter.dir/src/planning_request_adapter.cpp.o[0m
[139.947s] [ 85%] [32m[1mLinking CXX shared library libmoveit_planning_request_adapter.so[0m
[140.042s] [ 85%] Built target moveit_planning_request_adapter
[140.054s] [ 86%] [32mBuilding CXX object planning_scene/CMakeFiles/test_planning_scene.dir/test/test_planning_scene.cpp.o[0m
[140.121s] [ 86%] [32m[1mLinking CXX executable test_orientation_constraints[0m
[140.255s] [ 86%] Built target test_orientation_constraints
[140.270s] [ 87%] [32mBuilding CXX object planning_scene/CMakeFiles/test_collision_objects.dir/test/test_collision_objects.cpp.o[0m
[145.226s] [ 87%] [32m[1mLinking CXX executable test_collision_objects[0m
[145.362s] [ 87%] Built target test_collision_objects
[145.377s] [ 87%] [32mBuilding CXX object planning_scene/CMakeFiles/test_multi_threaded.dir/test/test_multi_threaded.cpp.o[0m
[146.847s] [ 87%] [32m[1mLinking CXX executable test_planning_scene[0m
[147.003s] [ 87%] Built target test_planning_scene
[147.016s] [ 87%] [32mBuilding CXX object collision_detection_bullet/CMakeFiles/collision_detector_bullet_plugin.dir/src/collision_detector_bullet_plugin_loader.cpp.o[0m
[149.240s] [ 88%] [32m[1mLinking CXX executable test_multi_threaded[0m
[149.377s] [ 88%] Built target test_multi_threaded
[149.391s] [ 88%] [32mBuilding CXX object collision_detection_fcl/CMakeFiles/collision_detector_fcl_plugin.dir/src/collision_detector_fcl_plugin_loader.cpp.o[0m
[150.410s] [ 89%] [32m[1mLinking CXX shared library libcollision_detector_bullet_plugin.so[0m
[150.497s] [ 89%] Built target collision_detector_bullet_plugin
[150.512s] [ 90%] [32mBuilding CXX object collision_distance_field/CMakeFiles/moveit_collision_distance_field.dir/src/collision_distance_field_types.cpp.o[0m
[153.257s] [ 91%] [32m[1mLinking CXX shared library libcollision_detector_fcl_plugin.so[0m
[153.337s] [ 91%] Built target collision_detector_fcl_plugin
[153.349s] [ 92%] [32mBuilding CXX object constraint_samplers/CMakeFiles/moveit_constraint_samplers.dir/src/constraint_sampler.cpp.o[0m
[153.543s] [ 92%] [32mBuilding CXX object collision_distance_field/CMakeFiles/moveit_collision_distance_field.dir/src/collision_common_distance_field.cpp.o[0m
[156.341s] [ 92%] [32mBuilding CXX object constraint_samplers/CMakeFiles/moveit_constraint_samplers.dir/src/constraint_sampler_manager.cpp.o[0m
[157.404s] [ 93%] [32mBuilding CXX object collision_distance_field/CMakeFiles/moveit_collision_distance_field.dir/src/collision_env_distance_field.cpp.o[0m
[160.077s] [ 94%] [32mBuilding CXX object constraint_samplers/CMakeFiles/moveit_constraint_samplers.dir/src/constraint_sampler_tools.cpp.o[0m
[163.226s] [ 94%] [32mBuilding CXX object constraint_samplers/CMakeFiles/moveit_constraint_samplers.dir/src/default_constraint_samplers.cpp.o[0m
[163.863s] [ 94%] [32mBuilding CXX object collision_distance_field/CMakeFiles/moveit_collision_distance_field.dir/src/collision_env_hybrid.cpp.o[0m
[167.852s] [ 95%] [32mBuilding CXX object constraint_samplers/CMakeFiles/moveit_constraint_samplers.dir/src/union_constraint_sampler.cpp.o[0m
[167.870s] [ 96%] [32m[1mLinking CXX shared library libmoveit_collision_distance_field.so[0m
[167.977s] [ 96%] Built target moveit_collision_distance_field
[167.990s] [ 97%] [32mBuilding CXX object collision_distance_field/CMakeFiles/test_collision_distance_field.dir/test/test_collision_distance_field.cpp.o[0m
[171.161s] [ 97%] [32m[1mLinking CXX shared library libmoveit_constraint_samplers.so[0m
[171.257s] [ 97%] Built target moveit_constraint_samplers
[171.270s] [ 98%] [32mBuilding CXX object constraint_samplers/CMakeFiles/test_constraint_samplers.dir/test/test_constraint_samplers.cpp.o[0m
[172.964s] [ 98%] [32m[1mLinking CXX executable test_collision_distance_field[0m
[173.110s] [ 98%] Built target test_collision_distance_field
[173.116s] [ 99%] [32mBuilding CXX object constraint_samplers/CMakeFiles/test_constraint_samplers.dir/test/pr2_arm_kinematics_plugin.cpp.o[0m
[176.109s] [ 99%] [32mBuilding CXX object constraint_samplers/CMakeFiles/test_constraint_samplers.dir/test/pr2_arm_ik.cpp.o[0m
[178.857s] [100%] [32m[1mLinking CXX executable test_constraint_samplers[0m
[179.030s] [100%] Built target test_constraint_samplers
[179.039s] Invoked command in '/root/ws_moveit/build/moveit_core' returned '0': AMENT_PREFIX_PATH=/root/ws_moveit/install/moveit_resources_panda_moveit_config:/root/ws_moveit/install/srdfdom:/root/ws_moveit/install/moveit_resources_pr2_description:/root/ws_moveit/install/moveit_resources_panda_description:/root/ws_moveit/install/moveit_common:${AMENT_PREFIX_PATH} CMAKE_PREFIX_PATH=/root/ws_moveit/install/moveit_resources_panda_moveit_config:/root/ws_moveit/install/srdfdom:/root/ws_moveit/install/moveit_resources_pr2_description:/root/ws_moveit/install/moveit_resources_panda_description:/root/ws_moveit/install/moveit_common:/opt/ros/humble LD_LIBRARY_PATH=/root/ws_moveit/install/srdfdom/lib:${LD_LIBRARY_PATH} PYTHONPATH=/root/ws_moveit/install/srdfdom/local/lib/python3.10/dist-packages:${PYTHONPATH} /usr/bin/cmake --build /root/ws_moveit/build/moveit_core
[179.041s] Invoking command in '/root/ws_moveit/build/moveit_core': AMENT_PREFIX_PATH=/root/ws_moveit/install/moveit_resources_panda_moveit_config:/root/ws_moveit/install/srdfdom:/root/ws_moveit/install/moveit_resources_pr2_description:/root/ws_moveit/install/moveit_resources_panda_description:/root/ws_moveit/install/moveit_common:${AMENT_PREFIX_PATH} CMAKE_PREFIX_PATH=/root/ws_moveit/install/moveit_resources_panda_moveit_config:/root/ws_moveit/install/srdfdom:/root/ws_moveit/install/moveit_resources_pr2_description:/root/ws_moveit/install/moveit_resources_panda_description:/root/ws_moveit/install/moveit_common:/opt/ros/humble LD_LIBRARY_PATH=/root/ws_moveit/install/srdfdom/lib:${LD_LIBRARY_PATH} PYTHONPATH=/root/ws_moveit/install/srdfdom/local/lib/python3.10/dist-packages:${PYTHONPATH} /usr/bin/cmake --install /root/ws_moveit/build/moveit_core
[179.046s] -- Install configuration: "Release"
[179.046s] -- Installing: /root/ws_moveit/install/moveit_core/include/moveit/version.h
[179.046s] -- Up-to-date: /root/ws_moveit/install/moveit_core/include
[179.046s] -- Up-to-date: /root/ws_moveit/install/moveit_core/include/moveit
[179.046s] -- Installing: /root/ws_moveit/install/moveit_core/include/moveit/collision_distance_field
[179.046s] -- Installing: /root/ws_moveit/install/moveit_core/include/moveit/collision_distance_field/collision_env_distance_field.h
[179.046s] -- Installing: /root/ws_moveit/install/moveit_core/include/moveit/collision_distance_field/collision_env_hybrid.h
[179.046s] -- Installing: /root/ws_moveit/install/moveit_core/include/moveit/collision_distance_field/collision_common_distance_field.h
[179.046s] -- Installing: /root/ws_moveit/install/moveit_core/include/moveit/collision_distance_field/collision_detector_allocator_distance_field.h
[179.047s] -- Installing: /root/ws_moveit/install/moveit_core/include/moveit/collision_distance_field/collision_detector_allocator_hybrid.h
[179.047s] -- Installing: /root/ws_moveit/install/moveit_core/include/moveit/collision_distance_field/collision_distance_field_types.h
[179.047s] -- Installing: /root/ws_moveit/install/moveit_core/include/moveit_collision_distance_field_export.h
[179.047s] -- Up-to-date: /root/ws_moveit/install/moveit_core/include
[179.047s] -- Up-to-date: /root/ws_moveit/install/moveit_core/include/moveit
[179.047s] -- Installing: /root/ws_moveit/install/moveit_core/include/moveit/constraint_samplers
[179.047s] -- Installing: /root/ws_moveit/install/moveit_core/include/moveit/constraint_samplers/constraint_sampler_allocator.h
[179.047s] -- Installing: /root/ws_moveit/install/moveit_core/include/moveit/constraint_samplers/constraint_sampler_tools.h
[179.047s] -- Installing: /root/ws_moveit/install/moveit_core/include/moveit/constraint_samplers/union_constraint_sampler.h
[179.047s] -- Installing: /root/ws_moveit/install/moveit_core/include/moveit/constraint_samplers/constraint_sampler.h
[179.047s] -- Installing: /root/ws_moveit/install/moveit_core/include/moveit/constraint_samplers/default_constraint_samplers.h
[179.047s] -- Installing: /root/ws_moveit/install/moveit_core/include/moveit/constraint_samplers/constraint_sampler_manager.h
[179.047s] -- Up-to-date: /root/ws_moveit/install/moveit_core/include
[179.047s] -- Up-to-date: /root/ws_moveit/install/moveit_core/include/moveit
[179.047s] -- Installing: /root/ws_moveit/install/moveit_core/include/moveit/controller_manager
[179.048s] -- Installing: /root/ws_moveit/install/moveit_core/include/moveit/controller_manager/controller_manager.h
[179.048s] -- Up-to-date: /root/ws_moveit/install/moveit_core/include
[179.048s] -- Up-to-date: /root/ws_moveit/install/moveit_core/include/moveit
[179.048s] -- Installing: /root/ws_moveit/install/moveit_core/include/moveit/distance_field
[179.048s] -- Installing: /root/ws_moveit/install/moveit_core/include/moveit/distance_field/voxel_grid.h
[179.048s] -- Installing: /root/ws_moveit/install/moveit_core/include/moveit/distance_field/distance_field.h
[179.048s] -- Installing: /root/ws_moveit/install/moveit_core/include/moveit/distance_field/find_internal_points.h
[179.048s] -- Installing: /root/ws_moveit/install/moveit_core/include/moveit/distance_field/propagation_distance_field.h
[179.048s] -- Up-to-date: /root/ws_moveit/install/moveit_core/include
[179.048s] -- Up-to-date: /root/ws_moveit/install/moveit_core/include/moveit
[179.048s] -- Installing: /root/ws_moveit/install/moveit_core/include/moveit/dynamics_solver
[179.048s] -- Installing: /root/ws_moveit/install/moveit_core/include/moveit/dynamics_solver/dynamics_solver.h
[179.048s] -- Up-to-date: /root/ws_moveit/install/moveit_core/include
[179.048s] -- Up-to-date: /root/ws_moveit/install/moveit_core/include/moveit
[179.048s] -- Installing: /root/ws_moveit/install/moveit_core/include/moveit/exceptions
[179.048s] -- Installing: /root/ws_moveit/install/moveit_core/include/moveit/exceptions/exceptions.h
[179.048s] -- Up-to-date: /root/ws_moveit/install/moveit_core/include
[179.048s] -- Up-to-date: /root/ws_moveit/install/moveit_core/include/moveit
[179.049s] -- Installing: /root/ws_moveit/install/moveit_core/include/moveit/kinematics_base
[179.049s] -- Installing: /root/ws_moveit/install/moveit_core/include/moveit/kinematics_base/kinematics_base.h
[179.049s] -- Installing: /root/ws_moveit/install/moveit_core/include/moveit_kinematics_base_export.h
[179.049s] -- Up-to-date: /root/ws_moveit/install/moveit_core/include
[179.049s] -- Up-to-date: /root/ws_moveit/install/moveit_core/include/moveit
[179.049s] -- Installing: /root/ws_moveit/install/moveit_core/include/moveit/kinematic_constraints
[179.049s] -- Installing: /root/ws_moveit/install/moveit_core/include/moveit/kinematic_constraints/utils.h
[179.049s] -- Installing: /root/ws_moveit/install/moveit_core/include/moveit/kinematic_constraints/kinematic_constraint.h
[179.049s] -- Up-to-date: /root/ws_moveit/install/moveit_core/include
[179.049s] -- Up-to-date: /root/ws_moveit/install/moveit_core/include/moveit
[179.049s] -- Installing: /root/ws_moveit/install/moveit_core/include/moveit/kinematics_metrics
[179.049s] -- Installing: /root/ws_moveit/install/moveit_core/include/moveit/kinematics_metrics/kinematics_metrics.h
[179.049s] -- Up-to-date: /root/ws_moveit/install/moveit_core/include
[179.049s] -- Up-to-date: /root/ws_moveit/install/moveit_core/include/moveit
[179.049s] -- Installing: /root/ws_moveit/install/moveit_core/include/moveit/macros
[179.049s] -- Installing: /root/ws_moveit/install/moveit_core/include/moveit/macros/declare_ptr.h
[179.049s] -- Installing: /root/ws_moveit/install/moveit_core/include/moveit/macros/deprecation.h
[179.049s] -- Installing: /root/ws_moveit/install/moveit_core/include/moveit/macros/class_forward.h
[179.050s] -- Installing: /root/ws_moveit/install/moveit_core/include/moveit/macros/console_colors.h
[179.050s] -- Installing: /root/ws_moveit/install/moveit_core/include/moveit_core
[179.050s] -- Installing: /root/ws_moveit/install/moveit_core/include/moveit_core/moveit_butterworth_parameters.hpp
[179.050s] -- Up-to-date: /root/ws_moveit/install/moveit_core/include
[179.050s] -- Up-to-date: /root/ws_moveit/install/moveit_core/include/moveit
[179.050s] -- Installing: /root/ws_moveit/install/moveit_core/include/moveit/online_signal_smoothing
[179.050s] -- Installing: /root/ws_moveit/install/moveit_core/include/moveit/online_signal_smoothing/smoothing_base_class.h
[179.050s] -- Installing: /root/ws_moveit/install/moveit_core/include/moveit/online_signal_smoothing/butterworth_filter.h
[179.050s] -- Installing: /root/ws_moveit/install/moveit_core/include/moveit_smoothing_base_export.h
[179.050s] -- Installing: /root/ws_moveit/install/moveit_core/include/moveit_butterworth_filter_export.h
[179.050s] -- Up-to-date: /root/ws_moveit/install/moveit_core/include
[179.050s] -- Up-to-date: /root/ws_moveit/install/moveit_core/include/moveit
[179.050s] -- Installing: /root/ws_moveit/install/moveit_core/include/moveit/planning_interface
[179.050s] -- Installing: /root/ws_moveit/install/moveit_core/include/moveit/planning_interface/planning_response.h
[179.050s] -- Installing: /root/ws_moveit/install/moveit_core/include/moveit/planning_interface/planning_interface.h
[179.050s] -- Installing: /root/ws_moveit/install/moveit_core/include/moveit/planning_interface/planning_request.h
[179.051s] -- Up-to-date: /root/ws_moveit/install/moveit_core/include
[179.051s] -- Up-to-date: /root/ws_moveit/install/moveit_core/include/moveit
[179.051s] -- Installing: /root/ws_moveit/install/moveit_core/include/moveit/planning_request_adapter
[179.051s] -- Installing: /root/ws_moveit/install/moveit_core/include/moveit/planning_request_adapter/planning_request_adapter.h
[179.051s] -- Up-to-date: /root/ws_moveit/install/moveit_core/include
[179.051s] -- Up-to-date: /root/ws_moveit/install/moveit_core/include/moveit
[179.051s] -- Installing: /root/ws_moveit/install/moveit_core/include/moveit/planning_scene
[179.051s] -- Installing: /root/ws_moveit/install/moveit_core/include/moveit/planning_scene/planning_scene.h
[179.051s] -- Installing: /root/ws_moveit/install/moveit_core/include/moveit_planning_scene_export.h
[179.051s] -- Up-to-date: /root/ws_moveit/install/moveit_core/include
[179.051s] -- Up-to-date: /root/ws_moveit/install/moveit_core/include/moveit
[179.051s] -- Installing: /root/ws_moveit/install/moveit_core/include/moveit/robot_model
[179.051s] -- Installing: /root/ws_moveit/install/moveit_core/include/moveit/robot_model/link_model.h
[179.051s] -- Installing: /root/ws_moveit/install/moveit_core/include/moveit/robot_model/joint_model_group.h
[179.051s] -- Installing: /root/ws_moveit/install/moveit_core/include/moveit/robot_model/planar_joint_model.h
[179.052s] -- Installing: /root/ws_moveit/install/moveit_core/include/moveit/robot_model/fixed_joint_model.h
[179.052s] -- Installing: /root/ws_moveit/install/moveit_core/include/moveit/robot_model/joint_model.h
[179.052s] -- Installing: /root/ws_moveit/install/moveit_core/include/moveit/robot_model/aabb.h
[179.052s] -- Installing: /root/ws_moveit/install/moveit_core/include/moveit/robot_model/revolute_joint_model.h
[179.052s] -- Installing: /root/ws_moveit/install/moveit_core/include/moveit/robot_model/floating_joint_model.h
[179.052s] -- Installing: /root/ws_moveit/install/moveit_core/include/moveit/robot_model/robot_model.h
[179.052s] -- Installing: /root/ws_moveit/install/moveit_core/include/moveit/robot_model/prismatic_joint_model.h
[179.052s] -- Up-to-date: /root/ws_moveit/install/moveit_core/include
[179.052s] -- Up-to-date: /root/ws_moveit/install/moveit_core/include/moveit
[179.052s] -- Installing: /root/ws_moveit/install/moveit_core/include/moveit/robot_state
[179.052s] -- Installing: /root/ws_moveit/install/moveit_core/include/moveit/robot_state/conversions.h
[179.052s] -- Installing: /root/ws_moveit/install/moveit_core/include/moveit/robot_state/attached_body.h
[179.052s] -- Installing: /root/ws_moveit/install/moveit_core/include/moveit/robot_state/cartesian_interpolator.h
[179.052s] -- Installing: /root/ws_moveit/install/moveit_core/include/moveit/robot_state/robot_state.h
[179.053s] -- Up-to-date: /root/ws_moveit/install/moveit_core/include
[179.053s] -- Up-to-date: /root/ws_moveit/install/moveit_core/include/moveit
[179.053s] -- Installing: /root/ws_moveit/install/moveit_core/include/moveit/robot_trajectory
[179.053s] -- Installing: /root/ws_moveit/install/moveit_core/include/moveit/robot_trajectory/robot_trajectory.h
[179.053s] -- Up-to-date: /root/ws_moveit/install/moveit_core/include
[179.053s] -- Up-to-date: /root/ws_moveit/install/moveit_core/include/moveit
[179.053s] -- Installing: /root/ws_moveit/install/moveit_core/include/moveit/sensor_manager
[179.053s] -- Installing: /root/ws_moveit/install/moveit_core/include/moveit/sensor_manager/sensor_manager.h
[179.053s] -- Up-to-date: /root/ws_moveit/install/moveit_core/include
[179.053s] -- Up-to-date: /root/ws_moveit/install/moveit_core/include/moveit
[179.053s] -- Installing: /root/ws_moveit/install/moveit_core/include/moveit/trajectory_processing
[179.053s] -- Installing: /root/ws_moveit/install/moveit_core/include/moveit/trajectory_processing/trajectory_tools.h
[179.053s] -- Installing: /root/ws_moveit/install/moveit_core/include/moveit/trajectory_processing/iterative_spline_parameterization.h
[179.053s] -- Installing: /root/ws_moveit/install/moveit_core/include/moveit/trajectory_processing/time_parameterization.h
[179.053s] -- Installing: /root/ws_moveit/install/moveit_core/include/moveit/trajectory_processing/iterative_time_parameterization.h
[179.053s] -- Installing: /root/ws_moveit/install/moveit_core/include/moveit/trajectory_processing/time_optimal_trajectory_generation.h
[179.053s] -- Installing: /root/ws_moveit/install/moveit_core/include/moveit/trajectory_processing/ruckig_traj_smoothing.h
[179.054s] -- Up-to-date: /root/ws_moveit/install/moveit_core/include
[179.054s] -- Up-to-date: /root/ws_moveit/install/moveit_core/include/moveit
[179.054s] -- Installing: /root/ws_moveit/install/moveit_core/include/moveit/transforms
[179.054s] -- Installing: /root/ws_moveit/install/moveit_core/include/moveit/transforms/transforms.h
[179.054s] -- Up-to-date: /root/ws_moveit/install/moveit_core/include
[179.054s] -- Up-to-date: /root/ws_moveit/install/moveit_core/include/moveit
[179.054s] -- Installing: /root/ws_moveit/install/moveit_core/include/moveit/utils
[179.054s] -- Installing: /root/ws_moveit/install/moveit_core/include/moveit/utils/rclcpp_utils.h
[179.054s] -- Installing: /root/ws_moveit/install/moveit_core/include/moveit/utils/message_checks.h
[179.054s] -- Installing: /root/ws_moveit/install/moveit_core/include/moveit/utils/robot_model_test_utils.h
[179.054s] -- Installing: /root/ws_moveit/install/moveit_core/include/moveit/utils/moveit_error_code.h
[179.054s] -- Installing: /root/ws_moveit/install/moveit_core/include/moveit/utils/lexical_casts.h
[179.054s] -- Installing: /root/ws_moveit/install/moveit_core/bin/moveit_version
[179.054s] -- Up-to-date: /root/ws_moveit/install/moveit_core/include
[179.055s] -- Up-to-date: /root/ws_moveit/install/moveit_core/include/moveit
[179.055s] -- Installing: /root/ws_moveit/install/moveit_core/include/moveit/collision_detection
[179.055s] -- Installing: /root/ws_moveit/install/moveit_core/include/moveit/collision_detection/test_collision_common_pr2.h
[179.055s] -- Installing: /root/ws_moveit/install/moveit_core/include/moveit/collision_detection/test_collision_common_panda.h
[179.055s] -- Installing: /root/ws_moveit/install/moveit_core/include/moveit/collision_detection/world_diff.h
[179.055s] -- Installing: /root/ws_moveit/install/moveit_core/include/moveit/collision_detection/collision_matrix.h
[179.055s] -- Installing: /root/ws_moveit/install/moveit_core/include/moveit/collision_detection/collision_plugin_cache.h
[179.055s] -- Installing: /root/ws_moveit/install/moveit_core/include/moveit/collision_detection/occupancy_map.h
[179.055s] -- Installing: /root/ws_moveit/install/moveit_core/include/moveit/collision_detection/collision_octomap_filter.h
[179.055s] -- Installing: /root/ws_moveit/install/moveit_core/include/moveit/collision_detection/collision_detector_allocator.h
[179.055s] -- Installing: /root/ws_moveit/install/moveit_core/include/moveit/collision_detection/collision_common.h
[179.055s] -- Installing: /root/ws_moveit/install/moveit_core/include/moveit/collision_detection/collision_tools.h
[179.055s] -- Installing: /root/ws_moveit/install/moveit_core/include/moveit/collision_detection/collision_plugin.h
[179.055s] -- Installing: /root/ws_moveit/install/moveit_core/include/moveit/collision_detection/collision_env.h
[179.055s] -- Installing: /root/ws_moveit/install/moveit_core/include/moveit/collision_detection/world.h
[179.055s] -- Installing: /root/ws_moveit/install/moveit_core/include/moveit/collision_detection/allvalid
[179.055s] -- Installing: /root/ws_moveit/install/moveit_core/include/moveit/collision_detection/allvalid/collision_detector_allocator_allvalid.h
[179.055s] -- Installing: /root/ws_moveit/install/moveit_core/include/moveit/collision_detection/allvalid/collision_env_allvalid.h
[179.055s] -- Installing: /root/ws_moveit/install/moveit_core/include/moveit_collision_detection_export.h
[179.056s] -- Up-to-date: /root/ws_moveit/install/moveit_core/include
[179.056s] -- Up-to-date: /root/ws_moveit/install/moveit_core/include/moveit
[179.056s] -- Installing: /root/ws_moveit/install/moveit_core/include/moveit/collision_detection_bullet
[179.056s] -- Installing: /root/ws_moveit/install/moveit_core/include/moveit/collision_detection_bullet/collision_env_bullet.h
[179.056s] -- Installing: /root/ws_moveit/install/moveit_core/include/moveit/collision_detection_bullet/collision_detector_bullet_plugin_loader.h
[179.056s] -- Installing: /root/ws_moveit/install/moveit_core/include/moveit/collision_detection_bullet/collision_detector_allocator_bullet.h
[179.056s] -- Installing: /root/ws_moveit/install/moveit_core/include/moveit/collision_detection_bullet/bullet_integration
[179.056s] -- Installing: /root/ws_moveit/install/moveit_core/include/moveit/collision_detection_bullet/bullet_integration/bullet_discrete_bvh_manager.h
[179.056s] -- Installing: /root/ws_moveit/install/moveit_core/include/moveit/collision_detection_bullet/bullet_integration/bullet_bvh_manager.h
[179.056s] -- Installing: /root/ws_moveit/install/moveit_core/include/moveit/collision_detection_bullet/bullet_integration/bullet_cast_bvh_manager.h
[179.056s] -- Installing: /root/ws_moveit/install/moveit_core/include/moveit/collision_detection_bullet/bullet_integration/bullet_utils.h
[179.056s] -- Installing: /root/ws_moveit/install/moveit_core/include/moveit/collision_detection_bullet/bullet_integration/basic_types.h
[179.056s] -- Installing: /root/ws_moveit/install/moveit_core/include/moveit/collision_detection_bullet/bullet_integration/contact_checker_common.h
[179.056s] -- Installing: /root/ws_moveit/install/moveit_core/include/moveit/collision_detection_bullet/bullet_integration/ros_bullet_utils.h
[179.056s] -- Installing: /root/ws_moveit/install/moveit_core/include/moveit_collision_detection_bullet_export.h
[179.056s] -- Up-to-date: /root/ws_moveit/install/moveit_core/include
[179.056s] -- Up-to-date: /root/ws_moveit/install/moveit_core/include/moveit
[179.056s] -- Installing: /root/ws_moveit/install/moveit_core/include/moveit/collision_detection_fcl
[179.056s] -- Installing: /root/ws_moveit/install/moveit_core/include/moveit/collision_detection_fcl/collision_detector_allocator_fcl.h
[179.056s] -- Installing: /root/ws_moveit/install/moveit_core/include/moveit/collision_detection_fcl/collision_detector_fcl_plugin_loader.h
[179.056s] -- Installing: /root/ws_moveit/install/moveit_core/include/moveit/collision_detection_fcl/collision_common.h
[179.057s] -- Installing: /root/ws_moveit/install/moveit_core/include/moveit/collision_detection_fcl/fcl_compat.h
[179.057s] -- Installing: /root/ws_moveit/install/moveit_core/include/moveit/collision_detection_fcl/collision_env_fcl.h
[179.057s] -- Installing: /root/ws_moveit/install/moveit_core/include/moveit_collision_detection_fcl_export.h
[179.057s] -- Installing: /root/ws_moveit/install/moveit_core/lib/libcollision_detector_bullet_plugin.so.2.5.9
[179.057s] -- Set runtime path of "/root/ws_moveit/install/moveit_core/lib/libcollision_detector_bullet_plugin.so.2.5.9" to ""
[179.057s] -- Installing: /root/ws_moveit/install/moveit_core/lib/libcollision_detector_bullet_plugin.so
[179.057s] -- Installing: /root/ws_moveit/install/moveit_core/lib/libmoveit_butterworth_filter.so.2.5.9
[179.057s] -- Set runtime path of "/root/ws_moveit/install/moveit_core/lib/libmoveit_butterworth_filter.so.2.5.9" to ""
[179.057s] -- Installing: /root/ws_moveit/install/moveit_core/lib/libmoveit_butterworth_filter.so
[179.057s] -- Installing: /root/ws_moveit/install/moveit_core/lib/libmoveit_collision_distance_field.so.2.5.9
[179.058s] -- Set runtime path of "/root/ws_moveit/install/moveit_core/lib/libmoveit_collision_distance_field.so.2.5.9" to ""
[179.058s] -- Installing: /root/ws_moveit/install/moveit_core/lib/libmoveit_collision_distance_field.so
[179.058s] -- Installing: /root/ws_moveit/install/moveit_core/lib/libmoveit_collision_detection.so.2.5.9
[179.058s] -- Set runtime path of "/root/ws_moveit/install/moveit_core/lib/libmoveit_collision_detection.so.2.5.9" to ""
[179.058s] -- Installing: /root/ws_moveit/install/moveit_core/lib/libmoveit_collision_detection.so
[179.058s] -- Installing: /root/ws_moveit/install/moveit_core/lib/libmoveit_collision_detection_fcl.so.2.5.9
[179.058s] -- Set runtime path of "/root/ws_moveit/install/moveit_core/lib/libmoveit_collision_detection_fcl.so.2.5.9" to ""
[179.058s] -- Installing: /root/ws_moveit/install/moveit_core/lib/libmoveit_collision_detection_fcl.so
[179.058s] -- Installing: /root/ws_moveit/install/moveit_core/lib/libmoveit_collision_detection_bullet.so.2.5.9
[179.059s] -- Set runtime path of "/root/ws_moveit/install/moveit_core/lib/libmoveit_collision_detection_bullet.so.2.5.9" to ""
[179.059s] -- Installing: /root/ws_moveit/install/moveit_core/lib/libmoveit_collision_detection_bullet.so
[179.059s] -- Installing: /root/ws_moveit/install/moveit_core/lib/libmoveit_dynamics_solver.so.2.5.9
[179.059s] -- Set runtime path of "/root/ws_moveit/install/moveit_core/lib/libmoveit_dynamics_solver.so.2.5.9" to ""
[179.059s] -- Installing: /root/ws_moveit/install/moveit_core/lib/libmoveit_dynamics_solver.so
[179.059s] -- Installing: /root/ws_moveit/install/moveit_core/lib/libmoveit_constraint_samplers.so.2.5.9
[179.059s] -- Set runtime path of "/root/ws_moveit/install/moveit_core/lib/libmoveit_constraint_samplers.so.2.5.9" to ""
[179.059s] -- Installing: /root/ws_moveit/install/moveit_core/lib/libmoveit_constraint_samplers.so
[179.059s] -- Installing: /root/ws_moveit/install/moveit_core/lib/libmoveit_distance_field.so.2.5.9
[179.059s] -- Set runtime path of "/root/ws_moveit/install/moveit_core/lib/libmoveit_distance_field.so.2.5.9" to ""
[179.059s] -- Installing: /root/ws_moveit/install/moveit_core/lib/libmoveit_distance_field.so
[179.059s] -- Installing: /root/ws_moveit/install/moveit_core/lib/libmoveit_exceptions.so.2.5.9
[179.059s] -- Set runtime path of "/root/ws_moveit/install/moveit_core/lib/libmoveit_exceptions.so.2.5.9" to ""
[179.060s] -- Installing: /root/ws_moveit/install/moveit_core/lib/libmoveit_exceptions.so
[179.060s] -- Installing: /root/ws_moveit/install/moveit_core/lib/libmoveit_kinematics_base.so
[179.060s] -- Set runtime path of "/root/ws_moveit/install/moveit_core/lib/libmoveit_kinematics_base.so" to ""
[179.060s] -- Installing: /root/ws_moveit/install/moveit_core/lib/libmoveit_kinematic_constraints.so.2.5.9
[179.060s] -- Set runtime path of "/root/ws_moveit/install/moveit_core/lib/libmoveit_kinematic_constraints.so.2.5.9" to ""
[179.060s] -- Installing: /root/ws_moveit/install/moveit_core/lib/libmoveit_kinematic_constraints.so
[179.060s] -- Installing: /root/ws_moveit/install/moveit_core/lib/libmoveit_kinematics_metrics.so.2.5.9
[179.060s] -- Set runtime path of "/root/ws_moveit/install/moveit_core/lib/libmoveit_kinematics_metrics.so.2.5.9" to ""
[179.060s] -- Installing: /root/ws_moveit/install/moveit_core/lib/libmoveit_kinematics_metrics.so
[179.060s] -- Installing: /root/ws_moveit/install/moveit_core/lib/libmoveit_planning_interface.so.2.5.9
[179.060s] -- Set runtime path of "/root/ws_moveit/install/moveit_core/lib/libmoveit_planning_interface.so.2.5.9" to ""
[179.060s] -- Installing: /root/ws_moveit/install/moveit_core/lib/libmoveit_planning_interface.so
[179.060s] -- Installing: /root/ws_moveit/install/moveit_core/lib/libmoveit_planning_scene.so.2.5.9
[179.061s] -- Set runtime path of "/root/ws_moveit/install/moveit_core/lib/libmoveit_planning_scene.so.2.5.9" to ""
[179.061s] -- Installing: /root/ws_moveit/install/moveit_core/lib/libmoveit_planning_scene.so
[179.061s] -- Installing: /root/ws_moveit/install/moveit_core/lib/libmoveit_planning_request_adapter.so.2.5.9
[179.061s] -- Set runtime path of "/root/ws_moveit/install/moveit_core/lib/libmoveit_planning_request_adapter.so.2.5.9" to ""
[179.061s] -- Installing: /root/ws_moveit/install/moveit_core/lib/libmoveit_planning_request_adapter.so
[179.061s] -- Installing: /root/ws_moveit/install/moveit_core/lib/libmoveit_robot_model.so.2.5.9
[179.061s] -- Set runtime path of "/root/ws_moveit/install/moveit_core/lib/libmoveit_robot_model.so.2.5.9" to ""
[179.061s] -- Installing: /root/ws_moveit/install/moveit_core/lib/libmoveit_robot_model.so
[179.061s] -- Installing: /root/ws_moveit/install/moveit_core/lib/libmoveit_robot_state.so.2.5.9
[179.062s] -- Set runtime path of "/root/ws_moveit/install/moveit_core/lib/libmoveit_robot_state.so.2.5.9" to ""
[179.062s] -- Installing: /root/ws_moveit/install/moveit_core/lib/libmoveit_robot_state.so
[179.062s] -- Installing: /root/ws_moveit/install/moveit_core/lib/libmoveit_robot_trajectory.so.2.5.9
[179.062s] -- Set runtime path of "/root/ws_moveit/install/moveit_core/lib/libmoveit_robot_trajectory.so.2.5.9" to ""
[179.062s] -- Installing: /root/ws_moveit/install/moveit_core/lib/libmoveit_robot_trajectory.so
[179.062s] -- Installing: /root/ws_moveit/install/moveit_core/lib/libmoveit_smoothing_base.so.2.5.9
[179.062s] -- Set runtime path of "/root/ws_moveit/install/moveit_core/lib/libmoveit_smoothing_base.so.2.5.9" to ""
[179.062s] -- Installing: /root/ws_moveit/install/moveit_core/lib/libmoveit_smoothing_base.so
[179.062s] -- Installing: /root/ws_moveit/install/moveit_core/lib/libmoveit_test_utils.so.2.5.9
[179.062s] -- Set runtime path of "/root/ws_moveit/install/moveit_core/lib/libmoveit_test_utils.so.2.5.9" to ""
[179.062s] -- Installing: /root/ws_moveit/install/moveit_core/lib/libmoveit_test_utils.so
[179.062s] -- Installing: /root/ws_moveit/install/moveit_core/lib/libmoveit_trajectory_processing.so.2.5.9
[179.063s] -- Set runtime path of "/root/ws_moveit/install/moveit_core/lib/libmoveit_trajectory_processing.so.2.5.9" to ""
[179.063s] -- Installing: /root/ws_moveit/install/moveit_core/lib/libmoveit_trajectory_processing.so
[179.063s] -- Installing: /root/ws_moveit/install/moveit_core/lib/libmoveit_transforms.so.2.5.9
[179.063s] -- Set runtime path of "/root/ws_moveit/install/moveit_core/lib/libmoveit_transforms.so.2.5.9" to ""
[179.063s] -- Installing: /root/ws_moveit/install/moveit_core/lib/libmoveit_transforms.so
[179.063s] -- Installing: /root/ws_moveit/install/moveit_core/lib/libmoveit_utils.so.2.5.9
[179.063s] -- Set runtime path of "/root/ws_moveit/install/moveit_core/lib/libmoveit_utils.so.2.5.9" to ""
[179.063s] -- Installing: /root/ws_moveit/install/moveit_core/lib/libmoveit_utils.so
[179.063s] -- Installing: /root/ws_moveit/install/moveit_core/share/moveit_core/environment/library_path.sh
[179.063s] -- Installing: /root/ws_moveit/install/moveit_core/share/moveit_core/environment/library_path.dsv
[179.063s] -- Installing: /root/ws_moveit/install/moveit_core/share/moveit_core/collision_detector_fcl_description.xml
[179.063s] -- Installing: /root/ws_moveit/install/moveit_core/share/moveit_core/collision_detector_bullet_description.xml
[179.063s] -- Installing: /root/ws_moveit/install/moveit_core/share/moveit_core/filter_plugin_butterworth.xml
[179.063s] -- Installing: /root/ws_moveit/install/moveit_core/share/ament_index/resource_index/package_run_dependencies/moveit_core
[179.063s] -- Installing: /root/ws_moveit/install/moveit_core/share/ament_index/resource_index/parent_prefix_path/moveit_core
[179.063s] -- Installing: /root/ws_moveit/install/moveit_core/share/moveit_core/environment/ament_prefix_path.sh
[179.063s] -- Installing: /root/ws_moveit/install/moveit_core/share/moveit_core/environment/ament_prefix_path.dsv
[179.063s] -- Installing: /root/ws_moveit/install/moveit_core/share/moveit_core/environment/path.sh
[179.063s] -- Installing: /root/ws_moveit/install/moveit_core/share/moveit_core/environment/path.dsv
[179.064s] -- Installing: /root/ws_moveit/install/moveit_core/share/moveit_core/local_setup.bash
[179.064s] -- Installing: /root/ws_moveit/install/moveit_core/share/moveit_core/local_setup.sh
[179.064s] -- Installing: /root/ws_moveit/install/moveit_core/share/moveit_core/local_setup.zsh
[179.064s] -- Installing: /root/ws_moveit/install/moveit_core/share/moveit_core/local_setup.dsv
[179.064s] -- Installing: /root/ws_moveit/install/moveit_core/share/moveit_core/package.dsv
[179.064s] -- Installing: /root/ws_moveit/install/moveit_core/share/ament_index/resource_index/packages/moveit_core
[179.064s] -- Installing: /root/ws_moveit/install/moveit_core/share/ament_index/resource_index/moveit_core__pluginlib__plugin/moveit_core
[179.064s] -- Installing: /root/ws_moveit/install/moveit_core/share/moveit_core/cmake/export_moveit_coreExport.cmake
[179.064s] -- Installing: /root/ws_moveit/install/moveit_core/share/moveit_core/cmake/export_moveit_coreExport-release.cmake
[179.064s] -- Installing: /root/ws_moveit/install/moveit_core/share/moveit_core/cmake/ConfigExtras.cmake
[179.064s] -- Installing: /root/ws_moveit/install/moveit_core/share/moveit_core/cmake/ament_cmake_export_targets-extras.cmake
[179.064s] -- Installing: /root/ws_moveit/install/moveit_core/share/moveit_core/cmake/ament_cmake_export_dependencies-extras.cmake
[179.064s] -- Installing: /root/ws_moveit/install/moveit_core/share/moveit_core/cmake/moveit_coreConfig.cmake
[179.064s] -- Installing: /root/ws_moveit/install/moveit_core/share/moveit_core/cmake/moveit_coreConfig-version.cmake
[179.064s] -- Installing: /root/ws_moveit/install/moveit_core/share/moveit_core/package.xml
[179.065s] Invoked command in '/root/ws_moveit/build/moveit_core' returned '0': AMENT_PREFIX_PATH=/root/ws_moveit/install/moveit_resources_panda_moveit_config:/root/ws_moveit/install/srdfdom:/root/ws_moveit/install/moveit_resources_pr2_description:/root/ws_moveit/install/moveit_resources_panda_description:/root/ws_moveit/install/moveit_common:${AMENT_PREFIX_PATH} CMAKE_PREFIX_PATH=/root/ws_moveit/install/moveit_resources_panda_moveit_config:/root/ws_moveit/install/srdfdom:/root/ws_moveit/install/moveit_resources_pr2_description:/root/ws_moveit/install/moveit_resources_panda_description:/root/ws_moveit/install/moveit_common:/opt/ros/humble LD_LIBRARY_PATH=/root/ws_moveit/install/srdfdom/lib:${LD_LIBRARY_PATH} PYTHONPATH=/root/ws_moveit/install/srdfdom/local/lib/python3.10/dist-packages:${PYTHONPATH} /usr/bin/cmake --install /root/ws_moveit/build/moveit_core
