[0.000000] (-) TimerEvent: {}
[0.000123] (-) JobUnselected: {'identifier': 'chomp_motion_planner'}
[0.000136] (-) JobUnselected: {'identifier': 'joint_trajectory_bridge'}
[0.000144] (-) JobUnselected: {'identifier': 'launch_param_builder'}
[0.000150] (-) JobUnselected: {'identifier': 'moveit'}
[0.000156] (-) JobUnselected: {'identifier': 'moveit2_tutorials'}
[0.000162] (-) JobUnselected: {'identifier': 'moveit_chomp_optimizer_adapter'}
[0.000168] (-) JobUnselected: {'identifier': 'moveit_common'}
[0.000174] (-) JobUnselected: {'identifier': 'moveit_configs_utils'}
[0.000180] (-) JobUnselected: {'identifier': 'moveit_core'}
[0.000186] (-) JobUnselected: {'identifier': 'moveit_hybrid_planning'}
[0.000192] (-) JobUnselected: {'identifier': 'moveit_kinematics'}
[0.000197] (-) JobUnselected: {'identifier': 'moveit_planners'}
[0.000203] (-) JobUnselected: {'identifier': 'moveit_planners_chomp'}
[0.000209] (-) JobUnselected: {'identifier': 'moveit_planners_ompl'}
[0.000215] (-) JobUnselected: {'identifier': 'moveit_plugins'}
[0.000221] (-) JobUnselected: {'identifier': 'moveit_resources'}
[0.000227] (-) JobUnselected: {'identifier': 'moveit_resources_fanuc_description'}
[0.000233] (-) JobUnselected: {'identifier': 'moveit_resources_fanuc_moveit_config'}
[0.000239] (-) JobUnselected: {'identifier': 'moveit_resources_panda_description'}
[0.000246] (-) JobUnselected: {'identifier': 'moveit_resources_panda_moveit_config'}
[0.000252] (-) JobUnselected: {'identifier': 'moveit_resources_pr2_description'}
[0.000258] (-) JobUnselected: {'identifier': 'moveit_resources_prbt_ikfast_manipulator_plugin'}
[0.000264] (-) JobUnselected: {'identifier': 'moveit_resources_prbt_moveit_config'}
[0.000270] (-) JobUnselected: {'identifier': 'moveit_resources_prbt_pg70_support'}
[0.000276] (-) JobUnselected: {'identifier': 'moveit_resources_prbt_support'}
[0.000282] (-) JobUnselected: {'identifier': 'moveit_ros'}
[0.000287] (-) JobUnselected: {'identifier': 'moveit_ros_benchmarks'}
[0.000293] (-) JobUnselected: {'identifier': 'moveit_ros_control_interface'}
[0.000299] (-) JobUnselected: {'identifier': 'moveit_ros_move_group'}
[0.000305] (-) JobUnselected: {'identifier': 'moveit_ros_occupancy_map_monitor'}
[0.000311] (-) JobUnselected: {'identifier': 'moveit_ros_perception'}
[0.000316] (-) JobUnselected: {'identifier': 'moveit_ros_planning'}
[0.000322] (-) JobUnselected: {'identifier': 'moveit_ros_planning_interface'}
[0.000328] (-) JobUnselected: {'identifier': 'moveit_ros_robot_interaction'}
[0.000333] (-) JobUnselected: {'identifier': 'moveit_ros_visualization'}
[0.000339] (-) JobUnselected: {'identifier': 'moveit_ros_warehouse'}
[0.000345] (-) JobUnselected: {'identifier': 'moveit_runtime'}
[0.000350] (-) JobUnselected: {'identifier': 'moveit_servo'}
[0.000357] (-) JobUnselected: {'identifier': 'moveit_setup_app_plugins'}
[0.000362] (-) JobUnselected: {'identifier': 'moveit_setup_assistant'}
[0.000368] (-) JobUnselected: {'identifier': 'moveit_setup_controllers'}
[0.000374] (-) JobUnselected: {'identifier': 'moveit_setup_core_plugins'}
[0.000379] (-) JobUnselected: {'identifier': 'moveit_setup_framework'}
[0.000385] (-) JobUnselected: {'identifier': 'moveit_setup_srdf_plugins'}
[0.000391] (-) JobUnselected: {'identifier': 'moveit_simple_controller_manager'}
[0.000396] (-) JobUnselected: {'identifier': 'moveit_task_constructor_capabilities'}
[0.000402] (-) JobUnselected: {'identifier': 'moveit_task_constructor_core'}
[0.000408] (-) JobUnselected: {'identifier': 'moveit_task_constructor_demo'}
[0.000414] (-) JobUnselected: {'identifier': 'moveit_task_constructor_msgs'}
[0.000420] (-) JobUnselected: {'identifier': 'moveit_task_constructor_visualization'}
[0.000425] (-) JobUnselected: {'identifier': 'moveit_visual_tools'}
[0.000431] (-) JobUnselected: {'identifier': 'pilz_industrial_motion_planner'}
[0.000437] (-) JobUnselected: {'identifier': 'pilz_industrial_motion_planner_testutils'}
[0.000443] (-) JobUnselected: {'identifier': 'robot_scripts'}
[0.000449] (-) JobUnselected: {'identifier': 'rosparam_shortcuts'}
[0.000455] (-) JobUnselected: {'identifier': 'rviz_marker_tools'}
[0.000492] (-) JobUnselected: {'identifier': 'srdfdom'}
[0.000793] (-) EventReactorShutdown: {}
