[0.158s] Invoking command in '/root/ws_moveit/build/moveit_resources_fanuc_description': CMAKE_PREFIX_PATH=${CMAKE_PREFIX_PATH}:/root/ws_moveit/install/moveit_configs_utils:/root/ws_moveit/install/launch_param_builder:/opt/ros/humble /usr/bin/cmake /root/ws_moveit/src/moveit_resources/fanuc_description -DAMENT_CMAKE_SYMLINK_INSTALL=1 -DCMAKE_INSTALL_PREFIX=/root/ws_moveit/install/moveit_resources_fanuc_description
[0.284s] -- Found ament_cmake: 1.3.11 (/opt/ros/humble/share/ament_cmake/cmake)
[0.284s] -- Override CMake install command with custom implementation using symlinks instead of copying resources
[0.284s] -- Configuring done
[0.284s] -- Generating done
[0.284s] -- Build files have been written to: /root/ws_moveit/build/moveit_resources_fanuc_description
[0.291s] Invoked command in '/root/ws_moveit/build/moveit_resources_fanuc_description' returned '0': CMAKE_PREFIX_PATH=${CMAKE_PREFIX_PATH}:/root/ws_moveit/install/moveit_configs_utils:/root/ws_moveit/install/launch_param_builder:/opt/ros/humble /usr/bin/cmake /root/ws_moveit/src/moveit_resources/fanuc_description -DAMENT_CMAKE_SYMLINK_INSTALL=1 -DCMAKE_INSTALL_PREFIX=/root/ws_moveit/install/moveit_resources_fanuc_description
[0.292s] Invoking command in '/root/ws_moveit/build/moveit_resources_fanuc_description': CMAKE_PREFIX_PATH=${CMAKE_PREFIX_PATH}:/root/ws_moveit/install/moveit_configs_utils:/root/ws_moveit/install/launch_param_builder:/opt/ros/humble /usr/bin/cmake --build /root/ws_moveit/build/moveit_resources_fanuc_description -- -j20 -l20
[0.320s] Invoked command in '/root/ws_moveit/build/moveit_resources_fanuc_description' returned '0': CMAKE_PREFIX_PATH=${CMAKE_PREFIX_PATH}:/root/ws_moveit/install/moveit_configs_utils:/root/ws_moveit/install/launch_param_builder:/opt/ros/humble /usr/bin/cmake --build /root/ws_moveit/build/moveit_resources_fanuc_description -- -j20 -l20
[0.321s] Invoking command in '/root/ws_moveit/build/moveit_resources_fanuc_description': CMAKE_PREFIX_PATH=${CMAKE_PREFIX_PATH}:/root/ws_moveit/install/moveit_configs_utils:/root/ws_moveit/install/launch_param_builder:/opt/ros/humble /usr/bin/cmake --install /root/ws_moveit/build/moveit_resources_fanuc_description
[0.329s] -- Install configuration: ""
[0.329s] -- Execute custom install script
[0.329s] -- Symlinking: /root/ws_moveit/install/moveit_resources_fanuc_description/share/ament_index/resource_index/package_run_dependencies/moveit_resources_fanuc_description
[0.335s] -- Symlinking: /root/ws_moveit/install/moveit_resources_fanuc_description/share/ament_index/resource_index/parent_prefix_path/moveit_resources_fanuc_description
[0.342s] -- Symlinking: /root/ws_moveit/install/moveit_resources_fanuc_description/share/moveit_resources_fanuc_description/environment/ament_prefix_path.sh
[0.348s] -- Symlinking: /root/ws_moveit/install/moveit_resources_fanuc_description/share/moveit_resources_fanuc_description/environment/ament_prefix_path.dsv
[0.354s] -- Symlinking: /root/ws_moveit/install/moveit_resources_fanuc_description/share/moveit_resources_fanuc_description/environment/path.sh
[0.358s] -- Symlinking: /root/ws_moveit/install/moveit_resources_fanuc_description/share/moveit_resources_fanuc_description/environment/path.dsv
[0.362s] -- Symlinking: /root/ws_moveit/install/moveit_resources_fanuc_description/share/moveit_resources_fanuc_description/local_setup.bash
[0.368s] -- Symlinking: /root/ws_moveit/install/moveit_resources_fanuc_description/share/moveit_resources_fanuc_description/local_setup.sh
[0.372s] -- Symlinking: /root/ws_moveit/install/moveit_resources_fanuc_description/share/moveit_resources_fanuc_description/local_setup.zsh
[0.376s] -- Symlinking: /root/ws_moveit/install/moveit_resources_fanuc_description/share/moveit_resources_fanuc_description/local_setup.dsv
[0.381s] -- Symlinking: /root/ws_moveit/install/moveit_resources_fanuc_description/share/moveit_resources_fanuc_description/package.dsv
[0.386s] -- Symlinking: /root/ws_moveit/install/moveit_resources_fanuc_description/share/ament_index/resource_index/packages/moveit_resources_fanuc_description
[0.391s] -- Symlinking: /root/ws_moveit/install/moveit_resources_fanuc_description/share/moveit_resources_fanuc_description/cmake/moveit_resources_fanuc_descriptionConfig.cmake
[0.395s] -- Symlinking: /root/ws_moveit/install/moveit_resources_fanuc_description/share/moveit_resources_fanuc_description/cmake/moveit_resources_fanuc_descriptionConfig-version.cmake
[0.399s] -- Symlinking: /root/ws_moveit/install/moveit_resources_fanuc_description/share/moveit_resources_fanuc_description/package.xml
[0.408s] -- Symlinking: /root/ws_moveit/install/moveit_resources_fanuc_description/share/moveit_resources_fanuc_description/meshes/collision/base_link.stl
[0.413s] -- Symlinking: /root/ws_moveit/install/moveit_resources_fanuc_description/share/moveit_resources_fanuc_description/meshes/collision/link_1.stl
[0.417s] -- Symlinking: /root/ws_moveit/install/moveit_resources_fanuc_description/share/moveit_resources_fanuc_description/meshes/collision/link_2.stl
[0.422s] -- Symlinking: /root/ws_moveit/install/moveit_resources_fanuc_description/share/moveit_resources_fanuc_description/meshes/collision/link_3.stl
[0.430s] -- Symlinking: /root/ws_moveit/install/moveit_resources_fanuc_description/share/moveit_resources_fanuc_description/meshes/collision/link_4.stl
[0.438s] -- Symlinking: /root/ws_moveit/install/moveit_resources_fanuc_description/share/moveit_resources_fanuc_description/meshes/collision/link_5.stl
[0.444s] -- Symlinking: /root/ws_moveit/install/moveit_resources_fanuc_description/share/moveit_resources_fanuc_description/meshes/collision/link_6.stl
[0.449s] -- Symlinking: /root/ws_moveit/install/moveit_resources_fanuc_description/share/moveit_resources_fanuc_description/meshes/visual/base_link.stl
[0.454s] -- Symlinking: /root/ws_moveit/install/moveit_resources_fanuc_description/share/moveit_resources_fanuc_description/meshes/visual/link_1.stl
[0.460s] -- Symlinking: /root/ws_moveit/install/moveit_resources_fanuc_description/share/moveit_resources_fanuc_description/meshes/visual/link_2.stl
[0.465s] -- Symlinking: /root/ws_moveit/install/moveit_resources_fanuc_description/share/moveit_resources_fanuc_description/meshes/visual/link_3.stl
[0.471s] -- Symlinking: /root/ws_moveit/install/moveit_resources_fanuc_description/share/moveit_resources_fanuc_description/meshes/visual/link_4.stl
[0.475s] -- Symlinking: /root/ws_moveit/install/moveit_resources_fanuc_description/share/moveit_resources_fanuc_description/meshes/visual/link_5.stl
[0.481s] -- Symlinking: /root/ws_moveit/install/moveit_resources_fanuc_description/share/moveit_resources_fanuc_description/meshes/visual/link_6.stl
[0.488s] -- Symlinking: /root/ws_moveit/install/moveit_resources_fanuc_description/share/moveit_resources_fanuc_description/urdf/fanuc.urdf
