[0.147s] Invoking command in '/root/ws_moveit/build/moveit_task_constructor_visualization': AMENT_PREFIX_PATH=/root/ws_moveit/install/moveit_task_constructor_core:/root/ws_moveit/install/moveit_planners:/root/ws_moveit/install/pilz_industrial_motion_planner:/root/ws_moveit/install/moveit_ros_visualization:/root/ws_moveit/install/moveit_resources_prbt_pg70_support:/root/ws_moveit/install/moveit_ros_planning_interface:/root/ws_moveit/install/moveit_resources_prbt_moveit_config:/root/ws_moveit/install/moveit_ros_move_group:/root/ws_moveit/install/moveit_ros_warehouse:/root/ws_moveit/install/moveit_ros_robot_interaction:/root/ws_moveit/install/moveit_planners_ompl:/root/ws_moveit/install/moveit_kinematics:/root/ws_moveit/install/moveit_ros_planning:/root/ws_moveit/install/moveit_planners_chomp:/root/ws_moveit/install/pilz_industrial_motion_planner_testutils:/root/ws_moveit/install/moveit_simple_controller_manager:/root/ws_moveit/install/moveit_ros_occupancy_map_monitor:/root/ws_moveit/install/moveit_resources_prbt_ikfast_manipulator_plugin:/root/ws_moveit/install/chomp_motion_planner:/root/ws_moveit/install/moveit_core:/root/ws_moveit/install/rviz_marker_tools:/root/ws_moveit/install/moveit_resources_panda_moveit_config:/root/ws_moveit/install/moveit_resources_fanuc_moveit_config:/root/ws_moveit/install/moveit_configs_utils:/root/ws_moveit/install/srdfdom:/root/ws_moveit/install/moveit_task_constructor_msgs:/root/ws_moveit/install/moveit_resources_prbt_support:/root/ws_moveit/install/moveit_resources_pr2_description:/root/ws_moveit/install/moveit_resources_panda_description:/root/ws_moveit/install/moveit_resources_fanuc_description:/root/ws_moveit/install/moveit_common:/root/ws_moveit/install/launch_param_builder:${AMENT_PREFIX_PATH} CMAKE_MODULE_PATH=/root/ws_moveit/install/moveit_task_constructor_core/share/moveit_task_constructor_core/cmake CMAKE_PREFIX_PATH=/root/ws_moveit/install/moveit_task_constructor_core:/root/ws_moveit/install/moveit_planners:/root/ws_moveit/install/pilz_industrial_motion_planner:/root/ws_moveit/install/moveit_ros_visualization:/root/ws_moveit/install/moveit_resources_prbt_pg70_support:/root/ws_moveit/install/moveit_ros_planning_interface:/root/ws_moveit/install/moveit_resources_prbt_moveit_config:/root/ws_moveit/install/moveit_ros_move_group:/root/ws_moveit/install/moveit_ros_warehouse:/root/ws_moveit/install/moveit_ros_robot_interaction:/root/ws_moveit/install/moveit_planners_ompl:/root/ws_moveit/install/moveit_kinematics:/root/ws_moveit/install/moveit_ros_planning:/root/ws_moveit/install/moveit_planners_chomp:/root/ws_moveit/install/pilz_industrial_motion_planner_testutils:/root/ws_moveit/install/moveit_simple_controller_manager:/root/ws_moveit/install/moveit_ros_occupancy_map_monitor:/root/ws_moveit/install/moveit_resources_prbt_ikfast_manipulator_plugin:/root/ws_moveit/install/chomp_motion_planner:/root/ws_moveit/install/moveit_core:/root/ws_moveit/install/rviz_marker_tools:/root/ws_moveit/install/moveit_resources_panda_moveit_config:/root/ws_moveit/install/moveit_resources_fanuc_moveit_config:/root/ws_moveit/install/srdfdom:/root/ws_moveit/install/moveit_task_constructor_msgs:/root/ws_moveit/install/moveit_resources_prbt_support:/root/ws_moveit/install/moveit_resources_pr2_description:/root/ws_moveit/install/moveit_resources_panda_description:/root/ws_moveit/install/moveit_resources_fanuc_description:/root/ws_moveit/install/moveit_common:/opt/ros/humble LD_LIBRARY_PATH=/root/ws_moveit/install/moveit_task_constructor_core/lib:/root/ws_moveit/install/pilz_industrial_motion_planner/lib:/root/ws_moveit/install/moveit_ros_visualization/lib:/root/ws_moveit/install/moveit_ros_planning_interface/lib:/root/ws_moveit/install/moveit_ros_move_group/lib:/root/ws_moveit/install/moveit_ros_warehouse/lib:/root/ws_moveit/install/moveit_ros_robot_interaction/lib:/root/ws_moveit/install/moveit_planners_ompl/lib:/root/ws_moveit/install/moveit_kinematics/lib:/root/ws_moveit/install/moveit_ros_planning/lib:/root/ws_moveit/install/moveit_planners_chomp/lib:/root/ws_moveit/install/pilz_industrial_motion_planner_testutils/lib:/root/ws_moveit/install/moveit_simple_controller_manager/lib:/root/ws_moveit/install/moveit_ros_occupancy_map_monitor/lib:/root/ws_moveit/install/moveit_resources_prbt_ikfast_manipulator_plugin/lib:/root/ws_moveit/install/chomp_motion_planner/lib:/root/ws_moveit/install/moveit_core/lib:/root/ws_moveit/install/rviz_marker_tools/lib:/root/ws_moveit/install/srdfdom/lib:/root/ws_moveit/install/moveit_task_constructor_msgs/lib:${LD_LIBRARY_PATH} PATH=/root/ws_moveit/install/moveit_core/bin:${PATH} PYTHONPATH=/root/ws_moveit/install/moveit_task_constructor_core/local/lib/python3.10/dist-packages:/root/ws_moveit/install/moveit_configs_utils/lib/python3.10/site-packages:/root/ws_moveit/install/srdfdom/local/lib/python3.10/dist-packages:/root/ws_moveit/install/moveit_task_constructor_msgs/local/lib/python3.10/dist-packages:/root/ws_moveit/install/launch_param_builder/lib/python3.10/site-packages:${PYTHONPATH} /usr/bin/cmake /root/ws_moveit/src/moveit_task_constructor/visualization -DCMAKE_INSTALL_PREFIX=/root/ws_moveit/install/moveit_task_constructor_visualization
[0.235s] -- The C compiler identification is GNU 11.4.0
[0.313s] -- The CXX compiler identification is GNU 11.4.0
[0.317s] -- Detecting C compiler ABI info
[0.416s] -- Detecting C compiler ABI info - done
[0.425s] -- Check for working C compiler: /usr/bin/cc - skipped
[0.426s] -- Detecting C compile features
[0.426s] -- Detecting C compile features - done
[0.429s] -- Detecting CXX compiler ABI info
[0.532s] -- Detecting CXX compiler ABI info - done
[0.538s] -- Check for working CXX compiler: /usr/bin/c++ - skipped
[0.538s] -- Detecting CXX compile features
[0.539s] -- Detecting CXX compile features - done
[0.543s] -- Found ament_cmake: 1.3.11 (/opt/ros/humble/share/ament_cmake/cmake)
[0.649s] -- Found Python3: /usr/bin/python3 (found version "3.10.12") found components: Interpreter 
[0.718s] -- Found Boost: /usr/lib/x86_64-linux-gnu/cmake/Boost-1.74.0/BoostConfig.cmake (found version "1.74.0")  
[0.720s] -- Found moveit_common: 2.5.9 (/root/ws_moveit/install/moveit_common/share/moveit_common/cmake)
[0.755s] [0mmoveit_task_constructor_visualization: You did not request a specific build type: Choosing 'Release' for maximum performance[0m
[0.756s] -- Found moveit_core: 2.5.9 (/root/ws_moveit/install/moveit_core/share/moveit_core/cmake)
[1.002s] -- Found Boost: /usr/lib/x86_64-linux-gnu/cmake/Boost-1.74.0/BoostConfig.cmake (found version "1.74.0") found components: chrono date_time filesystem iostreams program_options regex serialization system thread 
[1.039s] -- Found parameter_traits: 0.5.0 (/opt/ros/humble/share/parameter_traits/cmake)
[1.072s] -- Found rosidl_generator_c: 3.1.6 (/opt/ros/humble/share/rosidl_generator_c/cmake)
[1.077s] -- Found rosidl_adapter: 3.1.6 (/opt/ros/humble/share/rosidl_adapter/cmake)
[1.084s] -- Found rosidl_generator_cpp: 3.1.6 (/opt/ros/humble/share/rosidl_generator_cpp/cmake)
[1.093s] -- Using all available rosidl_typesupport_c: rosidl_typesupport_fastrtps_c;rosidl_typesupport_introspection_c
[1.105s] -- Using all available rosidl_typesupport_cpp: rosidl_typesupport_fastrtps_cpp;rosidl_typesupport_introspection_cpp
[1.139s] -- Found rmw_implementation_cmake: 6.1.2 (/opt/ros/humble/share/rmw_implementation_cmake/cmake)
[1.142s] -- Found rmw_fastrtps_cpp: 6.2.7 (/opt/ros/humble/share/rmw_fastrtps_cpp/cmake)
[1.231s] -- Found OpenSSL: /usr/lib/x86_64-linux-gnu/libcrypto.so (found version "3.0.2")  
[1.252s] -- Found FastRTPS: /opt/ros/humble/include  
[1.277s] -- Using RMW implementation 'rmw_fastrtps_cpp' as default
[1.285s] -- Found Threads: TRUE  
[1.321s] -- Found rclcpp_lifecycle: 16.0.12 (/opt/ros/humble/share/rclcpp_lifecycle/cmake)
[1.337s] -- Found Boost: /usr/lib/x86_64-linux-gnu/cmake/Boost-1.74.0/BoostConfig.cmake (found version "1.74.0") found components: filesystem 
[1.467s] -- library: /usr/lib/x86_64-linux-gnu/libcurl.so
[1.512s] -- Found Eigen3: TRUE (found version "3.4.0") 
[1.512s] -- Ensuring Eigen3 include directory is part of orocos-kdl CMake target
[1.660s] -- Found moveit_ros_visualization: 2.5.9 (/root/ws_moveit/install/moveit_ros_visualization/share/moveit_ros_visualization/cmake)
[1.663s] -- Found Boost: /usr/lib/x86_64-linux-gnu/cmake/Boost-1.74.0/BoostConfig.cmake (found version "1.74.0") found components: thread date_time system filesystem 
[1.671s] -- Found Boost: /usr/lib/x86_64-linux-gnu/cmake/Boost-1.74.0/BoostConfig.cmake (found version "1.74.0") found components: system filesystem date_time program_options thread chrono 
[1.686s] -- Found Boost: /usr/lib/x86_64-linux-gnu/cmake/Boost-1.74.0/BoostConfig.cmake (found version "1.74.0") found components: date_time filesystem program_options system thread 
[1.693s] -- Found Boost: /usr/lib/x86_64-linux-gnu/cmake/Boost-1.74.0/BoostConfig.cmake (found version "1.74.0") found components: thread system filesystem regex date_time program_options 
[1.706s] -- Found Boost: /usr/lib/x86_64-linux-gnu/cmake/Boost-1.74.0/BoostConfig.cmake (found version "1.74.0") found components: system filesystem date_time program_options thread 
[1.738s] -- Setting OGRE_DIR to: '/opt/ros/humble/share/rviz_ogre_vendor/cmake/../../../opt/rviz_ogre_vendor/lib/OGRE/cmake'
[1.739s] -- Found OGRE
[1.739s] --   static     : OFF
[1.739s] --   components : HLMS;MeshLodGenerator;Overlay;Paging;Property;RTShaderSystem;Terrain;Volume
[1.739s] --   plugins    : Plugin_BSPSceneManager;Plugin_OctreeSceneManager;Plugin_PCZSceneManager;Plugin_ParticleFX;RenderSystem_GL;RenderSystem_GL3Plus;Codec_STBI
[1.739s] --   media      : /opt/ros/humble/opt/rviz_ogre_vendor/share/OGRE/Media
[1.739s] -- OGRE_LIBRARIES: OgreHLMS;OgreMeshLodGenerator;OgreOverlay;OgrePaging;OgreProperty;OgreRTShaderSystem;OgreTerrain;OgreVolume;OgreMain
[1.739s] -- OGRE_LIBRARY_DIRS: /opt/ros/humble/opt/rviz_ogre_vendor/lib
[1.739s] -- OGRE_PLUGINS: Plugin_BSPSceneManager;Plugin_OctreeSceneManager;Plugin_PCZSceneManager;Plugin_ParticleFX;RenderSystem_GL;RenderSystem_GL3Plus;Codec_STBI
[1.739s] -- OGRE_PLUGIN_DIR: /opt/ros/humble/opt/rviz_ogre_vendor/lib/OGRE
[1.739s] -- rviz_ogre_vendor::OgreOverlay for IMPORTED_LOCATION_RELEASE: /opt/ros/humble/opt/rviz_ogre_vendor/lib/libOgreOverlay.so
[1.739s] -- rviz_ogre_vendor::OgreOverlay for IMPORTED_LOCATION_DEBUG: /opt/ros/humble/opt/rviz_ogre_vendor/lib/libOgreOverlay.so
[1.739s] -- rviz_ogre_vendor::OgreMain for IMPORTED_LOCATION_RELEASE: /opt/ros/humble/opt/rviz_ogre_vendor/lib/libOgreMain.so
[1.739s] -- rviz_ogre_vendor::OgreMain for IMPORTED_LOCATION_DEBUG: /opt/ros/humble/opt/rviz_ogre_vendor/lib/libOgreMain.so
[1.739s] -- Could not find freeimage library
[1.748s] -- Found ZLIB: /usr/lib/x86_64-linux-gnu/libz.so (found version "1.2.11") 
[1.751s] -- Found OpenGL: /usr/lib/x86_64-linux-gnu/libOpenGL.so   
[1.870s] -- Found X11: /usr/include   
[1.871s] -- Looking for XOpenDisplay in /usr/lib/x86_64-linux-gnu/libX11.so;/usr/lib/x86_64-linux-gnu/libXext.so
[2.020s] -- Looking for XOpenDisplay in /usr/lib/x86_64-linux-gnu/libX11.so;/usr/lib/x86_64-linux-gnu/libXext.so - found
[2.020s] -- Looking for gethostbyname
[2.096s] -- Looking for gethostbyname - found
[2.096s] -- Looking for connect
[2.175s] -- Looking for connect - found
[2.175s] -- Looking for remove
[2.277s] -- Looking for remove - found
[2.277s] -- Looking for shmat
[2.396s] -- Looking for shmat - found
[2.396s] -- Looking for IceConnectionNumber in ICE
[2.491s] -- Looking for IceConnectionNumber in ICE - found
[2.506s] -- Setting assimp_DIR to: '/opt/ros/humble/share/rviz_assimp_vendor/cmake/../../../opt/rviz_assimp_vendor/lib/cmake/assimp-4.1'
[2.557s] -- Found moveit_task_constructor_core: 0.1.3 (/root/ws_moveit/install/moveit_task_constructor_core/share/moveit_task_constructor_core/cmake)
[2.596s] -- Found PkgConfig: /usr/bin/pkg-config (found version "0.29.2") 
[2.596s] -- Checking for module 'yaml-0.1'
[2.609s] --   Found yaml-0.1, version 0.2.2
[2.706s] -- Found ament_cmake_gtest: 1.3.11 (/opt/ros/humble/share/ament_cmake_gtest/cmake)
[2.709s] -- Found ament_cmake_gmock: 1.3.11 (/opt/ros/humble/share/ament_cmake_gmock/cmake)
[2.711s] -- Found launch_testing_ament_cmake: 1.0.9 (/opt/ros/humble/share/launch_testing_ament_cmake/cmake)
[2.713s] -- Found python_cmake_module: 0.10.0 (/opt/ros/humble/share/python_cmake_module/cmake)
[2.724s] -- Found PythonInterp: /usr/bin/python3 (found suitable version "3.10.12", minimum required is "3.6") 
[2.727s] -- Found PythonLibs: /usr/lib/x86_64-linux-gnu/libpython3.10.so (found suitable version "3.10.12", minimum required is "3.5") 
[2.727s] -- Using PYTHON_EXECUTABLE: /usr/bin/python3
[2.727s] -- Using PYTHON_INCLUDE_DIRS: /usr/include/python3.10
[2.727s] -- Using PYTHON_LIBRARIES: /usr/lib/x86_64-linux-gnu/libpython3.10.so
[2.741s] -- Found PythonExtra: .so  
[2.743s] -- Found gtest sources under '/opt/ros/humble/src/gtest_vendor': C++ tests using 'Google Test' will be built
[2.749s] -- Found gmock sources under '/opt/ros/humble/src/gmock_vendor': C++ tests using 'Google Mock' will be built
[2.755s] -- Configuring done
[2.861s] -- Generating done
[2.877s] -- Build files have been written to: /root/ws_moveit/build/moveit_task_constructor_visualization
[2.889s] Invoked command in '/root/ws_moveit/build/moveit_task_constructor_visualization' returned '0': AMENT_PREFIX_PATH=/root/ws_moveit/install/moveit_task_constructor_core:/root/ws_moveit/install/moveit_planners:/root/ws_moveit/install/pilz_industrial_motion_planner:/root/ws_moveit/install/moveit_ros_visualization:/root/ws_moveit/install/moveit_resources_prbt_pg70_support:/root/ws_moveit/install/moveit_ros_planning_interface:/root/ws_moveit/install/moveit_resources_prbt_moveit_config:/root/ws_moveit/install/moveit_ros_move_group:/root/ws_moveit/install/moveit_ros_warehouse:/root/ws_moveit/install/moveit_ros_robot_interaction:/root/ws_moveit/install/moveit_planners_ompl:/root/ws_moveit/install/moveit_kinematics:/root/ws_moveit/install/moveit_ros_planning:/root/ws_moveit/install/moveit_planners_chomp:/root/ws_moveit/install/pilz_industrial_motion_planner_testutils:/root/ws_moveit/install/moveit_simple_controller_manager:/root/ws_moveit/install/moveit_ros_occupancy_map_monitor:/root/ws_moveit/install/moveit_resources_prbt_ikfast_manipulator_plugin:/root/ws_moveit/install/chomp_motion_planner:/root/ws_moveit/install/moveit_core:/root/ws_moveit/install/rviz_marker_tools:/root/ws_moveit/install/moveit_resources_panda_moveit_config:/root/ws_moveit/install/moveit_resources_fanuc_moveit_config:/root/ws_moveit/install/moveit_configs_utils:/root/ws_moveit/install/srdfdom:/root/ws_moveit/install/moveit_task_constructor_msgs:/root/ws_moveit/install/moveit_resources_prbt_support:/root/ws_moveit/install/moveit_resources_pr2_description:/root/ws_moveit/install/moveit_resources_panda_description:/root/ws_moveit/install/moveit_resources_fanuc_description:/root/ws_moveit/install/moveit_common:/root/ws_moveit/install/launch_param_builder:${AMENT_PREFIX_PATH} CMAKE_MODULE_PATH=/root/ws_moveit/install/moveit_task_constructor_core/share/moveit_task_constructor_core/cmake CMAKE_PREFIX_PATH=/root/ws_moveit/install/moveit_task_constructor_core:/root/ws_moveit/install/moveit_planners:/root/ws_moveit/install/pilz_industrial_motion_planner:/root/ws_moveit/install/moveit_ros_visualization:/root/ws_moveit/install/moveit_resources_prbt_pg70_support:/root/ws_moveit/install/moveit_ros_planning_interface:/root/ws_moveit/install/moveit_resources_prbt_moveit_config:/root/ws_moveit/install/moveit_ros_move_group:/root/ws_moveit/install/moveit_ros_warehouse:/root/ws_moveit/install/moveit_ros_robot_interaction:/root/ws_moveit/install/moveit_planners_ompl:/root/ws_moveit/install/moveit_kinematics:/root/ws_moveit/install/moveit_ros_planning:/root/ws_moveit/install/moveit_planners_chomp:/root/ws_moveit/install/pilz_industrial_motion_planner_testutils:/root/ws_moveit/install/moveit_simple_controller_manager:/root/ws_moveit/install/moveit_ros_occupancy_map_monitor:/root/ws_moveit/install/moveit_resources_prbt_ikfast_manipulator_plugin:/root/ws_moveit/install/chomp_motion_planner:/root/ws_moveit/install/moveit_core:/root/ws_moveit/install/rviz_marker_tools:/root/ws_moveit/install/moveit_resources_panda_moveit_config:/root/ws_moveit/install/moveit_resources_fanuc_moveit_config:/root/ws_moveit/install/srdfdom:/root/ws_moveit/install/moveit_task_constructor_msgs:/root/ws_moveit/install/moveit_resources_prbt_support:/root/ws_moveit/install/moveit_resources_pr2_description:/root/ws_moveit/install/moveit_resources_panda_description:/root/ws_moveit/install/moveit_resources_fanuc_description:/root/ws_moveit/install/moveit_common:/opt/ros/humble LD_LIBRARY_PATH=/root/ws_moveit/install/moveit_task_constructor_core/lib:/root/ws_moveit/install/pilz_industrial_motion_planner/lib:/root/ws_moveit/install/moveit_ros_visualization/lib:/root/ws_moveit/install/moveit_ros_planning_interface/lib:/root/ws_moveit/install/moveit_ros_move_group/lib:/root/ws_moveit/install/moveit_ros_warehouse/lib:/root/ws_moveit/install/moveit_ros_robot_interaction/lib:/root/ws_moveit/install/moveit_planners_ompl/lib:/root/ws_moveit/install/moveit_kinematics/lib:/root/ws_moveit/install/moveit_ros_planning/lib:/root/ws_moveit/install/moveit_planners_chomp/lib:/root/ws_moveit/install/pilz_industrial_motion_planner_testutils/lib:/root/ws_moveit/install/moveit_simple_controller_manager/lib:/root/ws_moveit/install/moveit_ros_occupancy_map_monitor/lib:/root/ws_moveit/install/moveit_resources_prbt_ikfast_manipulator_plugin/lib:/root/ws_moveit/install/chomp_motion_planner/lib:/root/ws_moveit/install/moveit_core/lib:/root/ws_moveit/install/rviz_marker_tools/lib:/root/ws_moveit/install/srdfdom/lib:/root/ws_moveit/install/moveit_task_constructor_msgs/lib:${LD_LIBRARY_PATH} PATH=/root/ws_moveit/install/moveit_core/bin:${PATH} PYTHONPATH=/root/ws_moveit/install/moveit_task_constructor_core/local/lib/python3.10/dist-packages:/root/ws_moveit/install/moveit_configs_utils/lib/python3.10/site-packages:/root/ws_moveit/install/srdfdom/local/lib/python3.10/dist-packages:/root/ws_moveit/install/moveit_task_constructor_msgs/local/lib/python3.10/dist-packages:/root/ws_moveit/install/launch_param_builder/lib/python3.10/site-packages:${PYTHONPATH} /usr/bin/cmake /root/ws_moveit/src/moveit_task_constructor/visualization -DCMAKE_INSTALL_PREFIX=/root/ws_moveit/install/moveit_task_constructor_visualization
[2.891s] Invoking command in '/root/ws_moveit/build/moveit_task_constructor_visualization': AMENT_PREFIX_PATH=/root/ws_moveit/install/moveit_task_constructor_core:/root/ws_moveit/install/moveit_planners:/root/ws_moveit/install/pilz_industrial_motion_planner:/root/ws_moveit/install/moveit_ros_visualization:/root/ws_moveit/install/moveit_resources_prbt_pg70_support:/root/ws_moveit/install/moveit_ros_planning_interface:/root/ws_moveit/install/moveit_resources_prbt_moveit_config:/root/ws_moveit/install/moveit_ros_move_group:/root/ws_moveit/install/moveit_ros_warehouse:/root/ws_moveit/install/moveit_ros_robot_interaction:/root/ws_moveit/install/moveit_planners_ompl:/root/ws_moveit/install/moveit_kinematics:/root/ws_moveit/install/moveit_ros_planning:/root/ws_moveit/install/moveit_planners_chomp:/root/ws_moveit/install/pilz_industrial_motion_planner_testutils:/root/ws_moveit/install/moveit_simple_controller_manager:/root/ws_moveit/install/moveit_ros_occupancy_map_monitor:/root/ws_moveit/install/moveit_resources_prbt_ikfast_manipulator_plugin:/root/ws_moveit/install/chomp_motion_planner:/root/ws_moveit/install/moveit_core:/root/ws_moveit/install/rviz_marker_tools:/root/ws_moveit/install/moveit_resources_panda_moveit_config:/root/ws_moveit/install/moveit_resources_fanuc_moveit_config:/root/ws_moveit/install/moveit_configs_utils:/root/ws_moveit/install/srdfdom:/root/ws_moveit/install/moveit_task_constructor_msgs:/root/ws_moveit/install/moveit_resources_prbt_support:/root/ws_moveit/install/moveit_resources_pr2_description:/root/ws_moveit/install/moveit_resources_panda_description:/root/ws_moveit/install/moveit_resources_fanuc_description:/root/ws_moveit/install/moveit_common:/root/ws_moveit/install/launch_param_builder:${AMENT_PREFIX_PATH} CMAKE_MODULE_PATH=/root/ws_moveit/install/moveit_task_constructor_core/share/moveit_task_constructor_core/cmake CMAKE_PREFIX_PATH=/root/ws_moveit/install/moveit_task_constructor_core:/root/ws_moveit/install/moveit_planners:/root/ws_moveit/install/pilz_industrial_motion_planner:/root/ws_moveit/install/moveit_ros_visualization:/root/ws_moveit/install/moveit_resources_prbt_pg70_support:/root/ws_moveit/install/moveit_ros_planning_interface:/root/ws_moveit/install/moveit_resources_prbt_moveit_config:/root/ws_moveit/install/moveit_ros_move_group:/root/ws_moveit/install/moveit_ros_warehouse:/root/ws_moveit/install/moveit_ros_robot_interaction:/root/ws_moveit/install/moveit_planners_ompl:/root/ws_moveit/install/moveit_kinematics:/root/ws_moveit/install/moveit_ros_planning:/root/ws_moveit/install/moveit_planners_chomp:/root/ws_moveit/install/pilz_industrial_motion_planner_testutils:/root/ws_moveit/install/moveit_simple_controller_manager:/root/ws_moveit/install/moveit_ros_occupancy_map_monitor:/root/ws_moveit/install/moveit_resources_prbt_ikfast_manipulator_plugin:/root/ws_moveit/install/chomp_motion_planner:/root/ws_moveit/install/moveit_core:/root/ws_moveit/install/rviz_marker_tools:/root/ws_moveit/install/moveit_resources_panda_moveit_config:/root/ws_moveit/install/moveit_resources_fanuc_moveit_config:/root/ws_moveit/install/srdfdom:/root/ws_moveit/install/moveit_task_constructor_msgs:/root/ws_moveit/install/moveit_resources_prbt_support:/root/ws_moveit/install/moveit_resources_pr2_description:/root/ws_moveit/install/moveit_resources_panda_description:/root/ws_moveit/install/moveit_resources_fanuc_description:/root/ws_moveit/install/moveit_common:/opt/ros/humble LD_LIBRARY_PATH=/root/ws_moveit/install/moveit_task_constructor_core/lib:/root/ws_moveit/install/pilz_industrial_motion_planner/lib:/root/ws_moveit/install/moveit_ros_visualization/lib:/root/ws_moveit/install/moveit_ros_planning_interface/lib:/root/ws_moveit/install/moveit_ros_move_group/lib:/root/ws_moveit/install/moveit_ros_warehouse/lib:/root/ws_moveit/install/moveit_ros_robot_interaction/lib:/root/ws_moveit/install/moveit_planners_ompl/lib:/root/ws_moveit/install/moveit_kinematics/lib:/root/ws_moveit/install/moveit_ros_planning/lib:/root/ws_moveit/install/moveit_planners_chomp/lib:/root/ws_moveit/install/pilz_industrial_motion_planner_testutils/lib:/root/ws_moveit/install/moveit_simple_controller_manager/lib:/root/ws_moveit/install/moveit_ros_occupancy_map_monitor/lib:/root/ws_moveit/install/moveit_resources_prbt_ikfast_manipulator_plugin/lib:/root/ws_moveit/install/chomp_motion_planner/lib:/root/ws_moveit/install/moveit_core/lib:/root/ws_moveit/install/rviz_marker_tools/lib:/root/ws_moveit/install/srdfdom/lib:/root/ws_moveit/install/moveit_task_constructor_msgs/lib:${LD_LIBRARY_PATH} PATH=/root/ws_moveit/install/moveit_core/bin:${PATH} PYTHONPATH=/root/ws_moveit/install/moveit_task_constructor_core/local/lib/python3.10/dist-packages:/root/ws_moveit/install/moveit_configs_utils/lib/python3.10/site-packages:/root/ws_moveit/install/srdfdom/local/lib/python3.10/dist-packages:/root/ws_moveit/install/moveit_task_constructor_msgs/local/lib/python3.10/dist-packages:/root/ws_moveit/install/launch_param_builder/lib/python3.10/site-packages:${PYTHONPATH} /usr/bin/cmake --build /root/ws_moveit/build/moveit_task_constructor_visualization
[2.935s] [  1%] [34m[1mAutomatic MOC for target moveit_task_visualization_tools[0m
[2.939s] [  3%] [34m[1mAutomatic MOC for target motion_planning_tasks_utils[0m
[3.043s] [  3%] Built target motion_planning_tasks_utils_autogen
[3.058s] [  4%] [34m[1mAutomatic MOC for target motion_planning_tasks_properties[0m
[3.082s] [  4%] Built target motion_planning_tasks_properties_autogen
[3.093s] [  4%] Built target moveit_task_visualization_tools_autogen
[3.095s] [  6%] [34m[1mAutomatic MOC for target gtest_main[0m
[3.106s] [  7%] [34m[1mAutomatic MOC for target gtest[0m
[3.117s] [  7%] Built target gtest_main_autogen
[3.124s] [  7%] Built target gtest_autogen
[3.130s] [  9%] [34m[1mAutomatic MOC for target gmock_main[0m
[3.139s] [ 10%] [34m[1mAutomatic MOC for target gmock[0m
[3.153s] [ 10%] Built target gmock_main_autogen
[3.173s] [ 10%] Built target gmock_autogen
[3.183s] [ 12%] [32mBuilding CXX object visualization_tools/CMakeFiles/moveit_task_visualization_tools.dir/moveit_task_visualization_tools_autogen/mocs_compilation.cpp.o[0m
[3.198s] [ 13%] [32mBuilding CXX object motion_planning_tasks/utils/CMakeFiles/motion_planning_tasks_utils.dir/motion_planning_tasks_utils_autogen/mocs_compilation.cpp.o[0m
[3.215s] [ 15%] [32mBuilding CXX object motion_planning_tasks/utils/CMakeFiles/motion_planning_tasks_utils.dir/flat_merge_proxy_model.cpp.o[0m
[4.218s] [ 16%] [32mBuilding CXX object motion_planning_tasks/utils/CMakeFiles/motion_planning_tasks_utils.dir/tree_merge_proxy_model.cpp.o[0m
[5.142s] [ 18%] [32mBuilding CXX object motion_planning_tasks/utils/CMakeFiles/motion_planning_tasks_utils.dir/icon.cpp.o[0m
[5.548s] [ 20%] [32mBuilding CXX object visualization_tools/CMakeFiles/moveit_task_visualization_tools.dir/src/display_solution.cpp.o[0m
[5.744s] [ 21%] [32m[1mLinking CXX shared library libmotion_planning_tasks_utils.so[0m
[5.895s] [ 21%] Built target motion_planning_tasks_utils
[5.914s] [ 23%] [32mBuilding CXX object motion_planning_tasks/properties/CMakeFiles/motion_planning_tasks_properties.dir/motion_planning_tasks_properties_autogen/mocs_compilation.cpp.o[0m
[5.930s] [ 24%] [32mBuilding CXX object motion_planning_tasks/properties/CMakeFiles/motion_planning_tasks_properties.dir/property_factory.cpp.o[0m
[7.518s] [ 26%] [32mBuilding CXX object motion_planning_tasks/properties/CMakeFiles/motion_planning_tasks_properties.dir/property_from_yaml.cpp.o[0m
[8.172s] [ 27%] [32m[1mLinking CXX shared library libmotion_planning_tasks_properties.so[0m
[8.434s] [ 27%] Built target motion_planning_tasks_properties
[8.452s] [ 29%] [32mBuilding CXX object gtest/CMakeFiles/gtest_main.dir/gtest_main_autogen/mocs_compilation.cpp.o[0m
[8.468s] [ 30%] [32mBuilding CXX object gtest/CMakeFiles/gtest_main.dir/src/gtest_main.cc.o[0m
[8.861s] [ 32%] [32m[1mLinking CXX static library libgtest_main.a[0m
[8.885s] [ 32%] Built target gtest_main
[8.900s] [ 33%] [32mBuilding CXX object gtest/CMakeFiles/gtest.dir/gtest_autogen/mocs_compilation.cpp.o[0m
[8.913s] [ 35%] [32mBuilding CXX object gtest/CMakeFiles/gtest.dir/src/gtest-all.cc.o[0m
[9.852s] [ 36%] [32mBuilding CXX object visualization_tools/CMakeFiles/moveit_task_visualization_tools.dir/src/marker_visualization.cpp.o[0m
[12.460s] [ 38%] [32m[1mLinking CXX static library libgtest.a[0m
[12.488s] [ 38%] Built target gtest
[12.503s] [ 40%] [32mBuilding CXX object gmock/CMakeFiles/gmock_main.dir/gmock_main_autogen/mocs_compilation.cpp.o[0m
[12.517s] [ 41%] [32mBuilding CXX object gmock/CMakeFiles/gmock_main.dir/src/gmock_main.cc.o[0m
[13.026s] [ 43%] [32m[1mLinking CXX static library libgmock_main.a[0m
[13.052s] [ 43%] Built target gmock_main
[13.067s] [ 44%] [32mBuilding CXX object gmock/CMakeFiles/gmock.dir/gmock_autogen/mocs_compilation.cpp.o[0m
[13.081s] [ 46%] [32mBuilding CXX object gmock/CMakeFiles/gmock.dir/opt/ros/humble/src/gtest_vendor/src/gtest-all.cc.o[0m
[15.296s] [ 47%] [32mBuilding CXX object visualization_tools/CMakeFiles/moveit_task_visualization_tools.dir/src/task_solution_panel.cpp.o[0m
[16.597s] [ 49%] [32mBuilding CXX object gmock/CMakeFiles/gmock.dir/src/gmock-all.cc.o[0m
[16.836s] [ 50%] [32mBuilding CXX object visualization_tools/CMakeFiles/moveit_task_visualization_tools.dir/src/task_solution_visualization.cpp.o[0m
[17.968s] [ 52%] [32m[1mLinking CXX static library libgmock.a[0m
[17.998s] [ 52%] Built target gmock
[18.014s] [ 53%] [34m[1mAutomatic MOC for target moveit_task_constructor_visualization-test-merge-models[0m
[18.034s] [ 53%] Built target moveit_task_constructor_visualization-test-merge-models_autogen
[18.047s] [ 55%] [32mBuilding CXX object motion_planning_tasks/test/CMakeFiles/moveit_task_constructor_visualization-test-merge-models.dir/moveit_task_constructor_visualization-test-merge-models_autogen/mocs_compilation.cpp.o[0m
[18.060s] [ 56%] [32mBuilding CXX object motion_planning_tasks/test/CMakeFiles/moveit_task_constructor_visualization-test-merge-models.dir/test_merge_models.cpp.o[0m
[19.325s] [ 58%] [32m[1mLinking CXX executable moveit_task_constructor_visualization-test-merge-models[0m
[19.480s] [ 58%] Built target moveit_task_constructor_visualization-test-merge-models
[23.106s] [ 60%] [32m[1mLinking CXX shared library libmoveit_task_visualization_tools.so[0m
[24.588s] [ 60%] Built target moveit_task_visualization_tools
[24.606s] [ 61%] [34m[1mAutomatic MOC for target motion_planning_tasks_rviz_plugin[0m
[25.011s] [ 61%] Built target motion_planning_tasks_rviz_plugin_autogen
[25.018s] [ 64%] [34m[1mGenerating ui_task_view.h[0m
[25.018s] [ 64%] [34m[1mAutomatic RCC for resources.qrc[0m
[25.032s] [ 66%] [34m[1mGenerating ui_global_settings.h[0m
[25.037s] [ 67%] [34m[1mGenerating ui_task_panel.h[0m
[25.074s] [ 70%] [32mBuilding CXX object motion_planning_tasks/src/CMakeFiles/motion_planning_tasks_rviz_plugin.dir/motion_planning_tasks_rviz_plugin_autogen/mocs_compilation.cpp.o[0m
[25.074s] [ 70%] [32mBuilding CXX object motion_planning_tasks/src/CMakeFiles/motion_planning_tasks_rviz_plugin.dir/factory_model.cpp.o[0m
[25.825s] [ 72%] [32mBuilding CXX object motion_planning_tasks/src/CMakeFiles/motion_planning_tasks_rviz_plugin.dir/icons.cpp.o[0m
[26.179s] [ 73%] [32mBuilding CXX object motion_planning_tasks/src/CMakeFiles/motion_planning_tasks_rviz_plugin.dir/job_queue.cpp.o[0m
[27.281s] [ 75%] [32mBuilding CXX object motion_planning_tasks/src/CMakeFiles/motion_planning_tasks_rviz_plugin.dir/local_task_model.cpp.o[0m
[28.812s] [ 76%] [32mBuilding CXX object motion_planning_tasks/src/CMakeFiles/motion_planning_tasks_rviz_plugin.dir/meta_task_list_model.cpp.o[0m
[29.872s] [ 78%] [32mBuilding CXX object motion_planning_tasks/src/CMakeFiles/motion_planning_tasks_rviz_plugin.dir/plugin_init.cpp.o[0m
[32.422s] [ 80%] [32mBuilding CXX object motion_planning_tasks/src/CMakeFiles/motion_planning_tasks_rviz_plugin.dir/remote_task_model.cpp.o[0m
[33.532s] [ 81%] [32mBuilding CXX object motion_planning_tasks/src/CMakeFiles/motion_planning_tasks_rviz_plugin.dir/task_display.cpp.o[0m
[38.093s] [ 83%] [32mBuilding CXX object motion_planning_tasks/src/CMakeFiles/motion_planning_tasks_rviz_plugin.dir/task_list_model.cpp.o[0m
[42.875s] [ 84%] [32mBuilding CXX object motion_planning_tasks/src/CMakeFiles/motion_planning_tasks_rviz_plugin.dir/task_panel.cpp.o[0m
[45.489s] [ 86%] [32mBuilding CXX object motion_planning_tasks/src/CMakeFiles/motion_planning_tasks_rviz_plugin.dir/motion_planning_tasks_rviz_plugin_autogen/EWIEGA46WW/qrc_resources.cpp.o[0m
[48.871s] [ 87%] [32m[1mLinking CXX shared library libmotion_planning_tasks_rviz_plugin.so[0m
[50.025s] [ 87%] Built target motion_planning_tasks_rviz_plugin
[50.048s] [ 89%] [34m[1mAutomatic MOC for target moveit_task_constructor_visualization-test-solution-models[0m
[50.049s] [ 90%] [34m[1mAutomatic MOC for target moveit_task_constructor_visualization-test-task_model[0m
[50.089s] [ 90%] Built target moveit_task_constructor_visualization-test-task_model_autogen
[50.089s] [ 90%] Built target moveit_task_constructor_visualization-test-solution-models_autogen
[50.132s] [ 92%] [32mBuilding CXX object motion_planning_tasks/test/CMakeFiles/moveit_task_constructor_visualization-test-task_model.dir/moveit_task_constructor_visualization-test-task_model_autogen/mocs_compilation.cpp.o[0m
[50.134s] [ 93%] [32mBuilding CXX object motion_planning_tasks/test/CMakeFiles/moveit_task_constructor_visualization-test-solution-models.dir/moveit_task_constructor_visualization-test-solution-models_autogen/mocs_compilation.cpp.o[0m
[50.160s] [ 95%] [32mBuilding CXX object motion_planning_tasks/test/CMakeFiles/moveit_task_constructor_visualization-test-task_model.dir/test_task_model.cpp.o[0m
[50.162s] [ 96%] [32mBuilding CXX object motion_planning_tasks/test/CMakeFiles/moveit_task_constructor_visualization-test-solution-models.dir/test_solution_models.cpp.o[0m
[53.105s] [ 98%] [32m[1mLinking CXX executable moveit_task_constructor_visualization-test-solution-models[0m
[53.361s] [100%] [32m[1mLinking CXX executable moveit_task_constructor_visualization-test-task_model[0m
[53.466s] [100%] Built target moveit_task_constructor_visualization-test-solution-models
[53.747s] [100%] Built target moveit_task_constructor_visualization-test-task_model
[53.757s] Invoked command in '/root/ws_moveit/build/moveit_task_constructor_visualization' returned '0': AMENT_PREFIX_PATH=/root/ws_moveit/install/moveit_task_constructor_core:/root/ws_moveit/install/moveit_planners:/root/ws_moveit/install/pilz_industrial_motion_planner:/root/ws_moveit/install/moveit_ros_visualization:/root/ws_moveit/install/moveit_resources_prbt_pg70_support:/root/ws_moveit/install/moveit_ros_planning_interface:/root/ws_moveit/install/moveit_resources_prbt_moveit_config:/root/ws_moveit/install/moveit_ros_move_group:/root/ws_moveit/install/moveit_ros_warehouse:/root/ws_moveit/install/moveit_ros_robot_interaction:/root/ws_moveit/install/moveit_planners_ompl:/root/ws_moveit/install/moveit_kinematics:/root/ws_moveit/install/moveit_ros_planning:/root/ws_moveit/install/moveit_planners_chomp:/root/ws_moveit/install/pilz_industrial_motion_planner_testutils:/root/ws_moveit/install/moveit_simple_controller_manager:/root/ws_moveit/install/moveit_ros_occupancy_map_monitor:/root/ws_moveit/install/moveit_resources_prbt_ikfast_manipulator_plugin:/root/ws_moveit/install/chomp_motion_planner:/root/ws_moveit/install/moveit_core:/root/ws_moveit/install/rviz_marker_tools:/root/ws_moveit/install/moveit_resources_panda_moveit_config:/root/ws_moveit/install/moveit_resources_fanuc_moveit_config:/root/ws_moveit/install/moveit_configs_utils:/root/ws_moveit/install/srdfdom:/root/ws_moveit/install/moveit_task_constructor_msgs:/root/ws_moveit/install/moveit_resources_prbt_support:/root/ws_moveit/install/moveit_resources_pr2_description:/root/ws_moveit/install/moveit_resources_panda_description:/root/ws_moveit/install/moveit_resources_fanuc_description:/root/ws_moveit/install/moveit_common:/root/ws_moveit/install/launch_param_builder:${AMENT_PREFIX_PATH} CMAKE_MODULE_PATH=/root/ws_moveit/install/moveit_task_constructor_core/share/moveit_task_constructor_core/cmake CMAKE_PREFIX_PATH=/root/ws_moveit/install/moveit_task_constructor_core:/root/ws_moveit/install/moveit_planners:/root/ws_moveit/install/pilz_industrial_motion_planner:/root/ws_moveit/install/moveit_ros_visualization:/root/ws_moveit/install/moveit_resources_prbt_pg70_support:/root/ws_moveit/install/moveit_ros_planning_interface:/root/ws_moveit/install/moveit_resources_prbt_moveit_config:/root/ws_moveit/install/moveit_ros_move_group:/root/ws_moveit/install/moveit_ros_warehouse:/root/ws_moveit/install/moveit_ros_robot_interaction:/root/ws_moveit/install/moveit_planners_ompl:/root/ws_moveit/install/moveit_kinematics:/root/ws_moveit/install/moveit_ros_planning:/root/ws_moveit/install/moveit_planners_chomp:/root/ws_moveit/install/pilz_industrial_motion_planner_testutils:/root/ws_moveit/install/moveit_simple_controller_manager:/root/ws_moveit/install/moveit_ros_occupancy_map_monitor:/root/ws_moveit/install/moveit_resources_prbt_ikfast_manipulator_plugin:/root/ws_moveit/install/chomp_motion_planner:/root/ws_moveit/install/moveit_core:/root/ws_moveit/install/rviz_marker_tools:/root/ws_moveit/install/moveit_resources_panda_moveit_config:/root/ws_moveit/install/moveit_resources_fanuc_moveit_config:/root/ws_moveit/install/srdfdom:/root/ws_moveit/install/moveit_task_constructor_msgs:/root/ws_moveit/install/moveit_resources_prbt_support:/root/ws_moveit/install/moveit_resources_pr2_description:/root/ws_moveit/install/moveit_resources_panda_description:/root/ws_moveit/install/moveit_resources_fanuc_description:/root/ws_moveit/install/moveit_common:/opt/ros/humble LD_LIBRARY_PATH=/root/ws_moveit/install/moveit_task_constructor_core/lib:/root/ws_moveit/install/pilz_industrial_motion_planner/lib:/root/ws_moveit/install/moveit_ros_visualization/lib:/root/ws_moveit/install/moveit_ros_planning_interface/lib:/root/ws_moveit/install/moveit_ros_move_group/lib:/root/ws_moveit/install/moveit_ros_warehouse/lib:/root/ws_moveit/install/moveit_ros_robot_interaction/lib:/root/ws_moveit/install/moveit_planners_ompl/lib:/root/ws_moveit/install/moveit_kinematics/lib:/root/ws_moveit/install/moveit_ros_planning/lib:/root/ws_moveit/install/moveit_planners_chomp/lib:/root/ws_moveit/install/pilz_industrial_motion_planner_testutils/lib:/root/ws_moveit/install/moveit_simple_controller_manager/lib:/root/ws_moveit/install/moveit_ros_occupancy_map_monitor/lib:/root/ws_moveit/install/moveit_resources_prbt_ikfast_manipulator_plugin/lib:/root/ws_moveit/install/chomp_motion_planner/lib:/root/ws_moveit/install/moveit_core/lib:/root/ws_moveit/install/rviz_marker_tools/lib:/root/ws_moveit/install/srdfdom/lib:/root/ws_moveit/install/moveit_task_constructor_msgs/lib:${LD_LIBRARY_PATH} PATH=/root/ws_moveit/install/moveit_core/bin:${PATH} PYTHONPATH=/root/ws_moveit/install/moveit_task_constructor_core/local/lib/python3.10/dist-packages:/root/ws_moveit/install/moveit_configs_utils/lib/python3.10/site-packages:/root/ws_moveit/install/srdfdom/local/lib/python3.10/dist-packages:/root/ws_moveit/install/moveit_task_constructor_msgs/local/lib/python3.10/dist-packages:/root/ws_moveit/install/launch_param_builder/lib/python3.10/site-packages:${PYTHONPATH} /usr/bin/cmake --build /root/ws_moveit/build/moveit_task_constructor_visualization
[53.757s] Invoking command in '/root/ws_moveit/build/moveit_task_constructor_visualization': AMENT_PREFIX_PATH=/root/ws_moveit/install/moveit_task_constructor_core:/root/ws_moveit/install/moveit_planners:/root/ws_moveit/install/pilz_industrial_motion_planner:/root/ws_moveit/install/moveit_ros_visualization:/root/ws_moveit/install/moveit_resources_prbt_pg70_support:/root/ws_moveit/install/moveit_ros_planning_interface:/root/ws_moveit/install/moveit_resources_prbt_moveit_config:/root/ws_moveit/install/moveit_ros_move_group:/root/ws_moveit/install/moveit_ros_warehouse:/root/ws_moveit/install/moveit_ros_robot_interaction:/root/ws_moveit/install/moveit_planners_ompl:/root/ws_moveit/install/moveit_kinematics:/root/ws_moveit/install/moveit_ros_planning:/root/ws_moveit/install/moveit_planners_chomp:/root/ws_moveit/install/pilz_industrial_motion_planner_testutils:/root/ws_moveit/install/moveit_simple_controller_manager:/root/ws_moveit/install/moveit_ros_occupancy_map_monitor:/root/ws_moveit/install/moveit_resources_prbt_ikfast_manipulator_plugin:/root/ws_moveit/install/chomp_motion_planner:/root/ws_moveit/install/moveit_core:/root/ws_moveit/install/rviz_marker_tools:/root/ws_moveit/install/moveit_resources_panda_moveit_config:/root/ws_moveit/install/moveit_resources_fanuc_moveit_config:/root/ws_moveit/install/moveit_configs_utils:/root/ws_moveit/install/srdfdom:/root/ws_moveit/install/moveit_task_constructor_msgs:/root/ws_moveit/install/moveit_resources_prbt_support:/root/ws_moveit/install/moveit_resources_pr2_description:/root/ws_moveit/install/moveit_resources_panda_description:/root/ws_moveit/install/moveit_resources_fanuc_description:/root/ws_moveit/install/moveit_common:/root/ws_moveit/install/launch_param_builder:${AMENT_PREFIX_PATH} CMAKE_MODULE_PATH=/root/ws_moveit/install/moveit_task_constructor_core/share/moveit_task_constructor_core/cmake CMAKE_PREFIX_PATH=/root/ws_moveit/install/moveit_task_constructor_core:/root/ws_moveit/install/moveit_planners:/root/ws_moveit/install/pilz_industrial_motion_planner:/root/ws_moveit/install/moveit_ros_visualization:/root/ws_moveit/install/moveit_resources_prbt_pg70_support:/root/ws_moveit/install/moveit_ros_planning_interface:/root/ws_moveit/install/moveit_resources_prbt_moveit_config:/root/ws_moveit/install/moveit_ros_move_group:/root/ws_moveit/install/moveit_ros_warehouse:/root/ws_moveit/install/moveit_ros_robot_interaction:/root/ws_moveit/install/moveit_planners_ompl:/root/ws_moveit/install/moveit_kinematics:/root/ws_moveit/install/moveit_ros_planning:/root/ws_moveit/install/moveit_planners_chomp:/root/ws_moveit/install/pilz_industrial_motion_planner_testutils:/root/ws_moveit/install/moveit_simple_controller_manager:/root/ws_moveit/install/moveit_ros_occupancy_map_monitor:/root/ws_moveit/install/moveit_resources_prbt_ikfast_manipulator_plugin:/root/ws_moveit/install/chomp_motion_planner:/root/ws_moveit/install/moveit_core:/root/ws_moveit/install/rviz_marker_tools:/root/ws_moveit/install/moveit_resources_panda_moveit_config:/root/ws_moveit/install/moveit_resources_fanuc_moveit_config:/root/ws_moveit/install/srdfdom:/root/ws_moveit/install/moveit_task_constructor_msgs:/root/ws_moveit/install/moveit_resources_prbt_support:/root/ws_moveit/install/moveit_resources_pr2_description:/root/ws_moveit/install/moveit_resources_panda_description:/root/ws_moveit/install/moveit_resources_fanuc_description:/root/ws_moveit/install/moveit_common:/opt/ros/humble LD_LIBRARY_PATH=/root/ws_moveit/install/moveit_task_constructor_core/lib:/root/ws_moveit/install/pilz_industrial_motion_planner/lib:/root/ws_moveit/install/moveit_ros_visualization/lib:/root/ws_moveit/install/moveit_ros_planning_interface/lib:/root/ws_moveit/install/moveit_ros_move_group/lib:/root/ws_moveit/install/moveit_ros_warehouse/lib:/root/ws_moveit/install/moveit_ros_robot_interaction/lib:/root/ws_moveit/install/moveit_planners_ompl/lib:/root/ws_moveit/install/moveit_kinematics/lib:/root/ws_moveit/install/moveit_ros_planning/lib:/root/ws_moveit/install/moveit_planners_chomp/lib:/root/ws_moveit/install/pilz_industrial_motion_planner_testutils/lib:/root/ws_moveit/install/moveit_simple_controller_manager/lib:/root/ws_moveit/install/moveit_ros_occupancy_map_monitor/lib:/root/ws_moveit/install/moveit_resources_prbt_ikfast_manipulator_plugin/lib:/root/ws_moveit/install/chomp_motion_planner/lib:/root/ws_moveit/install/moveit_core/lib:/root/ws_moveit/install/rviz_marker_tools/lib:/root/ws_moveit/install/srdfdom/lib:/root/ws_moveit/install/moveit_task_constructor_msgs/lib:${LD_LIBRARY_PATH} PATH=/root/ws_moveit/install/moveit_core/bin:${PATH} PYTHONPATH=/root/ws_moveit/install/moveit_task_constructor_core/local/lib/python3.10/dist-packages:/root/ws_moveit/install/moveit_configs_utils/lib/python3.10/site-packages:/root/ws_moveit/install/srdfdom/local/lib/python3.10/dist-packages:/root/ws_moveit/install/moveit_task_constructor_msgs/local/lib/python3.10/dist-packages:/root/ws_moveit/install/launch_param_builder/lib/python3.10/site-packages:${PYTHONPATH} /usr/bin/cmake --install /root/ws_moveit/build/moveit_task_constructor_visualization
[53.761s] -- Install configuration: "Release"
[53.761s] -- Installing: /root/ws_moveit/install/moveit_task_constructor_visualization/include
[53.761s] -- Installing: /root/ws_moveit/install/moveit_task_constructor_visualization/include/moveit
[53.762s] -- Installing: /root/ws_moveit/install/moveit_task_constructor_visualization/include/moveit/visualization_tools
[53.762s] -- Installing: /root/ws_moveit/install/moveit_task_constructor_visualization/include/moveit/visualization_tools/display_solution.h
[53.762s] -- Installing: /root/ws_moveit/install/moveit_task_constructor_visualization/include/moveit/visualization_tools/marker_visualization.h
[53.762s] -- Installing: /root/ws_moveit/install/moveit_task_constructor_visualization/include/moveit/visualization_tools/task_solution_visualization.h
[53.762s] -- Installing: /root/ws_moveit/install/moveit_task_constructor_visualization/include/moveit/visualization_tools/task_solution_panel.h
[53.762s] -- Installing: /root/ws_moveit/install/moveit_task_constructor_visualization/lib/libmoveit_task_visualization_tools.so.0.1.3
[53.762s] -- Set runtime path of "/root/ws_moveit/install/moveit_task_constructor_visualization/lib/libmoveit_task_visualization_tools.so.0.1.3" to ""
[53.762s] -- Installing: /root/ws_moveit/install/moveit_task_constructor_visualization/lib/libmoveit_task_visualization_tools.so
[53.762s] -- Installing: /root/ws_moveit/install/moveit_task_constructor_visualization/lib/libmotion_planning_tasks_utils.so
[53.762s] -- Installing: /root/ws_moveit/install/moveit_task_constructor_visualization/lib/libmotion_planning_tasks_properties.so
[53.763s] -- Set runtime path of "/root/ws_moveit/install/moveit_task_constructor_visualization/lib/libmotion_planning_tasks_properties.so" to ""
[53.763s] -- Installing: /root/ws_moveit/install/moveit_task_constructor_visualization/lib/libmotion_planning_tasks_rviz_plugin.so.0.1.3
[53.764s] -- Set runtime path of "/root/ws_moveit/install/moveit_task_constructor_visualization/lib/libmotion_planning_tasks_rviz_plugin.so.0.1.3" to ""
[53.764s] -- Installing: /root/ws_moveit/install/moveit_task_constructor_visualization/lib/libmotion_planning_tasks_rviz_plugin.so
[53.764s] -- Installing: /root/ws_moveit/install/moveit_task_constructor_visualization/share/icons
[53.764s] -- Installing: /root/ws_moveit/install/moveit_task_constructor_visualization/share/icons/classes
[53.764s] -- Installing: /root/ws_moveit/install/moveit_task_constructor_visualization/share/icons/classes/Motion Planning Tasks.svg
[53.764s] -- Installing: /root/ws_moveit/install/moveit_task_constructor_visualization/share/moveit_task_constructor_visualization/motion_planning_tasks_rviz_plugin_description.xml
[53.764s] -- Installing: /root/ws_moveit/install/moveit_task_constructor_visualization/share/moveit_task_constructor_visualization/environment/library_path.sh
[53.765s] -- Installing: /root/ws_moveit/install/moveit_task_constructor_visualization/share/moveit_task_constructor_visualization/environment/library_path.dsv
[53.765s] -- Installing: /root/ws_moveit/install/moveit_task_constructor_visualization/share/ament_index/resource_index/package_run_dependencies/moveit_task_constructor_visualization
[53.765s] -- Installing: /root/ws_moveit/install/moveit_task_constructor_visualization/share/ament_index/resource_index/parent_prefix_path/moveit_task_constructor_visualization
[53.765s] -- Installing: /root/ws_moveit/install/moveit_task_constructor_visualization/share/moveit_task_constructor_visualization/environment/ament_prefix_path.sh
[53.765s] -- Installing: /root/ws_moveit/install/moveit_task_constructor_visualization/share/moveit_task_constructor_visualization/environment/ament_prefix_path.dsv
[53.765s] -- Installing: /root/ws_moveit/install/moveit_task_constructor_visualization/share/moveit_task_constructor_visualization/environment/path.sh
[53.765s] -- Installing: /root/ws_moveit/install/moveit_task_constructor_visualization/share/moveit_task_constructor_visualization/environment/path.dsv
[53.765s] -- Installing: /root/ws_moveit/install/moveit_task_constructor_visualization/share/moveit_task_constructor_visualization/local_setup.bash
[53.765s] -- Installing: /root/ws_moveit/install/moveit_task_constructor_visualization/share/moveit_task_constructor_visualization/local_setup.sh
[53.765s] -- Installing: /root/ws_moveit/install/moveit_task_constructor_visualization/share/moveit_task_constructor_visualization/local_setup.zsh
[53.765s] -- Installing: /root/ws_moveit/install/moveit_task_constructor_visualization/share/moveit_task_constructor_visualization/local_setup.dsv
[53.765s] -- Installing: /root/ws_moveit/install/moveit_task_constructor_visualization/share/moveit_task_constructor_visualization/package.dsv
[53.765s] -- Installing: /root/ws_moveit/install/moveit_task_constructor_visualization/share/ament_index/resource_index/packages/moveit_task_constructor_visualization
[53.765s] -- Installing: /root/ws_moveit/install/moveit_task_constructor_visualization/share/ament_index/resource_index/rviz_common__pluginlib__plugin/moveit_task_constructor_visualization
[53.765s] -- Installing: /root/ws_moveit/install/moveit_task_constructor_visualization/share/moveit_task_constructor_visualization/cmake/ament_cmake_export_include_directories-extras.cmake
[53.765s] -- Installing: /root/ws_moveit/install/moveit_task_constructor_visualization/share/moveit_task_constructor_visualization/cmake/ament_cmake_export_libraries-extras.cmake
[53.765s] -- Installing: /root/ws_moveit/install/moveit_task_constructor_visualization/share/moveit_task_constructor_visualization/cmake/ament_cmake_export_dependencies-extras.cmake
[53.765s] -- Installing: /root/ws_moveit/install/moveit_task_constructor_visualization/share/moveit_task_constructor_visualization/cmake/moveit_task_constructor_visualizationConfig.cmake
[53.765s] -- Installing: /root/ws_moveit/install/moveit_task_constructor_visualization/share/moveit_task_constructor_visualization/cmake/moveit_task_constructor_visualizationConfig-version.cmake
[53.765s] -- Installing: /root/ws_moveit/install/moveit_task_constructor_visualization/share/moveit_task_constructor_visualization/package.xml
[53.767s] Invoked command in '/root/ws_moveit/build/moveit_task_constructor_visualization' returned '0': AMENT_PREFIX_PATH=/root/ws_moveit/install/moveit_task_constructor_core:/root/ws_moveit/install/moveit_planners:/root/ws_moveit/install/pilz_industrial_motion_planner:/root/ws_moveit/install/moveit_ros_visualization:/root/ws_moveit/install/moveit_resources_prbt_pg70_support:/root/ws_moveit/install/moveit_ros_planning_interface:/root/ws_moveit/install/moveit_resources_prbt_moveit_config:/root/ws_moveit/install/moveit_ros_move_group:/root/ws_moveit/install/moveit_ros_warehouse:/root/ws_moveit/install/moveit_ros_robot_interaction:/root/ws_moveit/install/moveit_planners_ompl:/root/ws_moveit/install/moveit_kinematics:/root/ws_moveit/install/moveit_ros_planning:/root/ws_moveit/install/moveit_planners_chomp:/root/ws_moveit/install/pilz_industrial_motion_planner_testutils:/root/ws_moveit/install/moveit_simple_controller_manager:/root/ws_moveit/install/moveit_ros_occupancy_map_monitor:/root/ws_moveit/install/moveit_resources_prbt_ikfast_manipulator_plugin:/root/ws_moveit/install/chomp_motion_planner:/root/ws_moveit/install/moveit_core:/root/ws_moveit/install/rviz_marker_tools:/root/ws_moveit/install/moveit_resources_panda_moveit_config:/root/ws_moveit/install/moveit_resources_fanuc_moveit_config:/root/ws_moveit/install/moveit_configs_utils:/root/ws_moveit/install/srdfdom:/root/ws_moveit/install/moveit_task_constructor_msgs:/root/ws_moveit/install/moveit_resources_prbt_support:/root/ws_moveit/install/moveit_resources_pr2_description:/root/ws_moveit/install/moveit_resources_panda_description:/root/ws_moveit/install/moveit_resources_fanuc_description:/root/ws_moveit/install/moveit_common:/root/ws_moveit/install/launch_param_builder:${AMENT_PREFIX_PATH} CMAKE_MODULE_PATH=/root/ws_moveit/install/moveit_task_constructor_core/share/moveit_task_constructor_core/cmake CMAKE_PREFIX_PATH=/root/ws_moveit/install/moveit_task_constructor_core:/root/ws_moveit/install/moveit_planners:/root/ws_moveit/install/pilz_industrial_motion_planner:/root/ws_moveit/install/moveit_ros_visualization:/root/ws_moveit/install/moveit_resources_prbt_pg70_support:/root/ws_moveit/install/moveit_ros_planning_interface:/root/ws_moveit/install/moveit_resources_prbt_moveit_config:/root/ws_moveit/install/moveit_ros_move_group:/root/ws_moveit/install/moveit_ros_warehouse:/root/ws_moveit/install/moveit_ros_robot_interaction:/root/ws_moveit/install/moveit_planners_ompl:/root/ws_moveit/install/moveit_kinematics:/root/ws_moveit/install/moveit_ros_planning:/root/ws_moveit/install/moveit_planners_chomp:/root/ws_moveit/install/pilz_industrial_motion_planner_testutils:/root/ws_moveit/install/moveit_simple_controller_manager:/root/ws_moveit/install/moveit_ros_occupancy_map_monitor:/root/ws_moveit/install/moveit_resources_prbt_ikfast_manipulator_plugin:/root/ws_moveit/install/chomp_motion_planner:/root/ws_moveit/install/moveit_core:/root/ws_moveit/install/rviz_marker_tools:/root/ws_moveit/install/moveit_resources_panda_moveit_config:/root/ws_moveit/install/moveit_resources_fanuc_moveit_config:/root/ws_moveit/install/srdfdom:/root/ws_moveit/install/moveit_task_constructor_msgs:/root/ws_moveit/install/moveit_resources_prbt_support:/root/ws_moveit/install/moveit_resources_pr2_description:/root/ws_moveit/install/moveit_resources_panda_description:/root/ws_moveit/install/moveit_resources_fanuc_description:/root/ws_moveit/install/moveit_common:/opt/ros/humble LD_LIBRARY_PATH=/root/ws_moveit/install/moveit_task_constructor_core/lib:/root/ws_moveit/install/pilz_industrial_motion_planner/lib:/root/ws_moveit/install/moveit_ros_visualization/lib:/root/ws_moveit/install/moveit_ros_planning_interface/lib:/root/ws_moveit/install/moveit_ros_move_group/lib:/root/ws_moveit/install/moveit_ros_warehouse/lib:/root/ws_moveit/install/moveit_ros_robot_interaction/lib:/root/ws_moveit/install/moveit_planners_ompl/lib:/root/ws_moveit/install/moveit_kinematics/lib:/root/ws_moveit/install/moveit_ros_planning/lib:/root/ws_moveit/install/moveit_planners_chomp/lib:/root/ws_moveit/install/pilz_industrial_motion_planner_testutils/lib:/root/ws_moveit/install/moveit_simple_controller_manager/lib:/root/ws_moveit/install/moveit_ros_occupancy_map_monitor/lib:/root/ws_moveit/install/moveit_resources_prbt_ikfast_manipulator_plugin/lib:/root/ws_moveit/install/chomp_motion_planner/lib:/root/ws_moveit/install/moveit_core/lib:/root/ws_moveit/install/rviz_marker_tools/lib:/root/ws_moveit/install/srdfdom/lib:/root/ws_moveit/install/moveit_task_constructor_msgs/lib:${LD_LIBRARY_PATH} PATH=/root/ws_moveit/install/moveit_core/bin:${PATH} PYTHONPATH=/root/ws_moveit/install/moveit_task_constructor_core/local/lib/python3.10/dist-packages:/root/ws_moveit/install/moveit_configs_utils/lib/python3.10/site-packages:/root/ws_moveit/install/srdfdom/local/lib/python3.10/dist-packages:/root/ws_moveit/install/moveit_task_constructor_msgs/local/lib/python3.10/dist-packages:/root/ws_moveit/install/launch_param_builder/lib/python3.10/site-packages:${PYTHONPATH} /usr/bin/cmake --install /root/ws_moveit/build/moveit_task_constructor_visualization
