[0.050s] Invoking command in '/root/ws_moveit/build/moveit_hybrid_planning': AMENT_PREFIX_PATH=/root/ws_moveit/install/moveit_ros_planning_interface:/root/ws_moveit/install/moveit_ros_move_group:/root/ws_moveit/install/moveit_ros_warehouse:/root/ws_moveit/install/moveit_planners_ompl:/root/ws_moveit/install/moveit_kinematics:/root/ws_moveit/install/moveit_ros_planning:/root/ws_moveit/install/moveit_simple_controller_manager:/root/ws_moveit/install/moveit_ros_occupancy_map_monitor:/root/ws_moveit/install/moveit_core:/root/ws_moveit/install/moveit_resources_panda_moveit_config:/root/ws_moveit/install/moveit_resources_fanuc_moveit_config:/root/ws_moveit/install/moveit_configs_utils:/root/ws_moveit/install/srdfdom:/root/ws_moveit/install/moveit_resources_pr2_description:/root/ws_moveit/install/moveit_resources_panda_description:/root/ws_moveit/install/moveit_resources_fanuc_description:/root/ws_moveit/install/moveit_common:/root/ws_moveit/install/launch_param_builder:${AMENT_PREFIX_PATH} CMAKE_PREFIX_PATH=/root/ws_moveit/install/moveit_ros_planning_interface:/root/ws_moveit/install/moveit_ros_move_group:/root/ws_moveit/install/moveit_ros_warehouse:/root/ws_moveit/install/moveit_planners_ompl:/root/ws_moveit/install/moveit_kinematics:/root/ws_moveit/install/moveit_ros_planning:/root/ws_moveit/install/moveit_simple_controller_manager:/root/ws_moveit/install/moveit_ros_occupancy_map_monitor:/root/ws_moveit/install/moveit_core:/root/ws_moveit/install/moveit_resources_panda_moveit_config:/root/ws_moveit/install/moveit_resources_fanuc_moveit_config:/root/ws_moveit/install/srdfdom:/root/ws_moveit/install/moveit_resources_pr2_description:/root/ws_moveit/install/moveit_resources_panda_description:/root/ws_moveit/install/moveit_resources_fanuc_description:/root/ws_moveit/install/moveit_common:/opt/ros/humble LD_LIBRARY_PATH=/root/ws_moveit/install/moveit_ros_planning_interface/lib:/root/ws_moveit/install/moveit_ros_move_group/lib:/root/ws_moveit/install/moveit_ros_warehouse/lib:/root/ws_moveit/install/moveit_planners_ompl/lib:/root/ws_moveit/install/moveit_kinematics/lib:/root/ws_moveit/install/moveit_ros_planning/lib:/root/ws_moveit/install/moveit_simple_controller_manager/lib:/root/ws_moveit/install/moveit_ros_occupancy_map_monitor/lib:/root/ws_moveit/install/moveit_core/lib:/root/ws_moveit/install/srdfdom/lib:${LD_LIBRARY_PATH} PATH=/root/ws_moveit/install/moveit_core/bin:${PATH} PYTHONPATH=/root/ws_moveit/install/moveit_configs_utils/lib/python3.10/site-packages:/root/ws_moveit/install/srdfdom/local/lib/python3.10/dist-packages:/root/ws_moveit/install/launch_param_builder/lib/python3.10/site-packages:${PYTHONPATH} /usr/bin/cmake /root/ws_moveit/src/moveit2/moveit_ros/hybrid_planning -DCMAKE_INSTALL_PREFIX=/root/ws_moveit/install/moveit_hybrid_planning
[0.126s] -- The C compiler identification is GNU 11.4.0
[0.168s] -- The CXX compiler identification is GNU 11.4.0
[0.171s] -- Detecting C compiler ABI info
[0.246s] -- Detecting C compiler ABI info - done
[0.254s] -- Check for working C compiler: /usr/bin/cc - skipped
[0.254s] -- Detecting C compile features
[0.254s] -- Detecting C compile features - done
[0.259s] -- Detecting CXX compiler ABI info
[0.344s] -- Detecting CXX compiler ABI info - done
[0.349s] -- Check for working CXX compiler: /usr/bin/c++ - skipped
[0.349s] -- Detecting CXX compile features
[0.350s] -- Detecting CXX compile features - done
[0.351s] -- Found moveit_common: 2.5.9 (/root/ws_moveit/install/moveit_common/share/moveit_common/cmake)
[0.352s] -- Found ament_cmake: 1.3.11 (/opt/ros/humble/share/ament_cmake/cmake)
[0.433s] -- Found Python3: /usr/bin/python3 (found version "3.10.12") found components: Interpreter 
[0.523s] [0mmoveit_hybrid_planning: You did not request a specific build type: Choosing 'Release' for maximum performance[0m
[0.524s] -- Found moveit_core: 2.5.9 (/root/ws_moveit/install/moveit_core/share/moveit_core/cmake)
[0.739s] -- Found Boost: /usr/lib/x86_64-linux-gnu/cmake/Boost-1.74.0/BoostConfig.cmake (found version "1.74.0") found components: chrono date_time filesystem iostreams program_options regex serialization system thread 
[0.777s] -- Found parameter_traits: 0.5.0 (/opt/ros/humble/share/parameter_traits/cmake)
[0.804s] -- Found rosidl_generator_c: 3.1.6 (/opt/ros/humble/share/rosidl_generator_c/cmake)
[0.808s] -- Found rosidl_adapter: 3.1.6 (/opt/ros/humble/share/rosidl_adapter/cmake)
[0.813s] -- Found rosidl_generator_cpp: 3.1.6 (/opt/ros/humble/share/rosidl_generator_cpp/cmake)
[0.820s] -- Using all available rosidl_typesupport_c: rosidl_typesupport_fastrtps_c;rosidl_typesupport_introspection_c
[0.831s] -- Using all available rosidl_typesupport_cpp: rosidl_typesupport_fastrtps_cpp;rosidl_typesupport_introspection_cpp
[0.859s] -- Found rmw_implementation_cmake: 6.1.2 (/opt/ros/humble/share/rmw_implementation_cmake/cmake)
[0.862s] -- Found rmw_fastrtps_cpp: 6.2.7 (/opt/ros/humble/share/rmw_fastrtps_cpp/cmake)
[0.950s] -- Found OpenSSL: /usr/lib/x86_64-linux-gnu/libcrypto.so (found version "3.0.2")  
[0.974s] -- Found FastRTPS: /opt/ros/humble/include  
[1.017s] -- Using RMW implementation 'rmw_fastrtps_cpp' as default
[1.027s] -- Found Threads: TRUE  
[1.063s] -- Found rclcpp_lifecycle: 16.0.12 (/opt/ros/humble/share/rclcpp_lifecycle/cmake)
[1.077s] -- Found Boost: /usr/lib/x86_64-linux-gnu/cmake/Boost-1.74.0/BoostConfig.cmake (found version "1.74.0") found components: filesystem 
[1.193s] -- library: /usr/lib/x86_64-linux-gnu/libcurl.so
[1.238s] -- Found Eigen3: TRUE (found version "3.4.0") 
[1.238s] -- Ensuring Eigen3 include directory is part of orocos-kdl CMake target
[1.370s] -- Found moveit_ros_planning: 2.5.9 (/root/ws_moveit/install/moveit_ros_planning/share/moveit_ros_planning/cmake)
[1.373s] -- Found Boost: /usr/lib/x86_64-linux-gnu/cmake/Boost-1.74.0/BoostConfig.cmake (found version "1.74.0") found components: system filesystem date_time program_options thread chrono 
[1.384s] -- Found moveit_ros_planning_interface: 2.5.9 (/root/ws_moveit/install/moveit_ros_planning_interface/share/moveit_ros_planning_interface/cmake)
[1.387s] -- Found Boost: /usr/lib/x86_64-linux-gnu/cmake/Boost-1.74.0/BoostConfig.cmake (found version "1.74.0") found components: date_time filesystem program_options system thread 
[1.394s] -- Found Boost: /usr/lib/x86_64-linux-gnu/cmake/Boost-1.74.0/BoostConfig.cmake (found version "1.74.0") found components: thread system filesystem regex date_time program_options 
[1.405s] -- Found Boost: /usr/lib/x86_64-linux-gnu/cmake/Boost-1.74.0/BoostConfig.cmake (found version "1.74.0") found components: system filesystem date_time program_options thread 
[1.470s] -- Found ament_lint_auto: 0.12.12 (/opt/ros/humble/share/ament_lint_auto/cmake)
[1.472s] -- Found ament_cmake_gtest: 1.3.11 (/opt/ros/humble/share/ament_cmake_gtest/cmake)
[1.473s] -- Found ros_testing: 0.4.0 (/opt/ros/humble/share/ros_testing/cmake)
[1.475s] -- Found launch_testing_ament_cmake: 1.0.9 (/opt/ros/humble/share/launch_testing_ament_cmake/cmake)
[1.476s] -- Found python_cmake_module: 0.10.0 (/opt/ros/humble/share/python_cmake_module/cmake)
[1.488s] -- Found PythonInterp: /usr/bin/python3 (found suitable version "3.10.12", minimum required is "3.6") 
[1.490s] -- Found PythonLibs: /usr/lib/x86_64-linux-gnu/libpython3.10.so (found suitable version "3.10.12", minimum required is "3.5") 
[1.490s] -- Using PYTHON_EXECUTABLE: /usr/bin/python3
[1.490s] -- Using PYTHON_INCLUDE_DIRS: /usr/include/python3.10
[1.490s] -- Using PYTHON_LIBRARIES: /usr/lib/x86_64-linux-gnu/libpython3.10.so
[1.504s] -- Found PythonExtra: .so  
[1.507s] -- Found Boost: /usr/lib/x86_64-linux-gnu/cmake/Boost-1.74.0/BoostConfig.cmake (found version "1.74.0") found components: filesystem 
[1.529s] -- Configuring done
[1.613s] -- Generating done
[1.636s] -- Build files have been written to: /root/ws_moveit/build/moveit_hybrid_planning
[1.647s] Invoked command in '/root/ws_moveit/build/moveit_hybrid_planning' returned '0': AMENT_PREFIX_PATH=/root/ws_moveit/install/moveit_ros_planning_interface:/root/ws_moveit/install/moveit_ros_move_group:/root/ws_moveit/install/moveit_ros_warehouse:/root/ws_moveit/install/moveit_planners_ompl:/root/ws_moveit/install/moveit_kinematics:/root/ws_moveit/install/moveit_ros_planning:/root/ws_moveit/install/moveit_simple_controller_manager:/root/ws_moveit/install/moveit_ros_occupancy_map_monitor:/root/ws_moveit/install/moveit_core:/root/ws_moveit/install/moveit_resources_panda_moveit_config:/root/ws_moveit/install/moveit_resources_fanuc_moveit_config:/root/ws_moveit/install/moveit_configs_utils:/root/ws_moveit/install/srdfdom:/root/ws_moveit/install/moveit_resources_pr2_description:/root/ws_moveit/install/moveit_resources_panda_description:/root/ws_moveit/install/moveit_resources_fanuc_description:/root/ws_moveit/install/moveit_common:/root/ws_moveit/install/launch_param_builder:${AMENT_PREFIX_PATH} CMAKE_PREFIX_PATH=/root/ws_moveit/install/moveit_ros_planning_interface:/root/ws_moveit/install/moveit_ros_move_group:/root/ws_moveit/install/moveit_ros_warehouse:/root/ws_moveit/install/moveit_planners_ompl:/root/ws_moveit/install/moveit_kinematics:/root/ws_moveit/install/moveit_ros_planning:/root/ws_moveit/install/moveit_simple_controller_manager:/root/ws_moveit/install/moveit_ros_occupancy_map_monitor:/root/ws_moveit/install/moveit_core:/root/ws_moveit/install/moveit_resources_panda_moveit_config:/root/ws_moveit/install/moveit_resources_fanuc_moveit_config:/root/ws_moveit/install/srdfdom:/root/ws_moveit/install/moveit_resources_pr2_description:/root/ws_moveit/install/moveit_resources_panda_description:/root/ws_moveit/install/moveit_resources_fanuc_description:/root/ws_moveit/install/moveit_common:/opt/ros/humble LD_LIBRARY_PATH=/root/ws_moveit/install/moveit_ros_planning_interface/lib:/root/ws_moveit/install/moveit_ros_move_group/lib:/root/ws_moveit/install/moveit_ros_warehouse/lib:/root/ws_moveit/install/moveit_planners_ompl/lib:/root/ws_moveit/install/moveit_kinematics/lib:/root/ws_moveit/install/moveit_ros_planning/lib:/root/ws_moveit/install/moveit_simple_controller_manager/lib:/root/ws_moveit/install/moveit_ros_occupancy_map_monitor/lib:/root/ws_moveit/install/moveit_core/lib:/root/ws_moveit/install/srdfdom/lib:${LD_LIBRARY_PATH} PATH=/root/ws_moveit/install/moveit_core/bin:${PATH} PYTHONPATH=/root/ws_moveit/install/moveit_configs_utils/lib/python3.10/site-packages:/root/ws_moveit/install/srdfdom/local/lib/python3.10/dist-packages:/root/ws_moveit/install/launch_param_builder/lib/python3.10/site-packages:${PYTHONPATH} /usr/bin/cmake /root/ws_moveit/src/moveit2/moveit_ros/hybrid_planning -DCMAKE_INSTALL_PREFIX=/root/ws_moveit/install/moveit_hybrid_planning
[1.648s] Invoking command in '/root/ws_moveit/build/moveit_hybrid_planning': AMENT_PREFIX_PATH=/root/ws_moveit/install/moveit_ros_planning_interface:/root/ws_moveit/install/moveit_ros_move_group:/root/ws_moveit/install/moveit_ros_warehouse:/root/ws_moveit/install/moveit_planners_ompl:/root/ws_moveit/install/moveit_kinematics:/root/ws_moveit/install/moveit_ros_planning:/root/ws_moveit/install/moveit_simple_controller_manager:/root/ws_moveit/install/moveit_ros_occupancy_map_monitor:/root/ws_moveit/install/moveit_core:/root/ws_moveit/install/moveit_resources_panda_moveit_config:/root/ws_moveit/install/moveit_resources_fanuc_moveit_config:/root/ws_moveit/install/moveit_configs_utils:/root/ws_moveit/install/srdfdom:/root/ws_moveit/install/moveit_resources_pr2_description:/root/ws_moveit/install/moveit_resources_panda_description:/root/ws_moveit/install/moveit_resources_fanuc_description:/root/ws_moveit/install/moveit_common:/root/ws_moveit/install/launch_param_builder:${AMENT_PREFIX_PATH} CMAKE_PREFIX_PATH=/root/ws_moveit/install/moveit_ros_planning_interface:/root/ws_moveit/install/moveit_ros_move_group:/root/ws_moveit/install/moveit_ros_warehouse:/root/ws_moveit/install/moveit_planners_ompl:/root/ws_moveit/install/moveit_kinematics:/root/ws_moveit/install/moveit_ros_planning:/root/ws_moveit/install/moveit_simple_controller_manager:/root/ws_moveit/install/moveit_ros_occupancy_map_monitor:/root/ws_moveit/install/moveit_core:/root/ws_moveit/install/moveit_resources_panda_moveit_config:/root/ws_moveit/install/moveit_resources_fanuc_moveit_config:/root/ws_moveit/install/srdfdom:/root/ws_moveit/install/moveit_resources_pr2_description:/root/ws_moveit/install/moveit_resources_panda_description:/root/ws_moveit/install/moveit_resources_fanuc_description:/root/ws_moveit/install/moveit_common:/opt/ros/humble LD_LIBRARY_PATH=/root/ws_moveit/install/moveit_ros_planning_interface/lib:/root/ws_moveit/install/moveit_ros_move_group/lib:/root/ws_moveit/install/moveit_ros_warehouse/lib:/root/ws_moveit/install/moveit_planners_ompl/lib:/root/ws_moveit/install/moveit_kinematics/lib:/root/ws_moveit/install/moveit_ros_planning/lib:/root/ws_moveit/install/moveit_simple_controller_manager/lib:/root/ws_moveit/install/moveit_ros_occupancy_map_monitor/lib:/root/ws_moveit/install/moveit_core/lib:/root/ws_moveit/install/srdfdom/lib:${LD_LIBRARY_PATH} PATH=/root/ws_moveit/install/moveit_core/bin:${PATH} PYTHONPATH=/root/ws_moveit/install/moveit_configs_utils/lib/python3.10/site-packages:/root/ws_moveit/install/srdfdom/local/lib/python3.10/dist-packages:/root/ws_moveit/install/launch_param_builder/lib/python3.10/site-packages:${PYTHONPATH} /usr/bin/cmake --build /root/ws_moveit/build/moveit_hybrid_planning
[1.696s] [  5%] [32mBuilding CXX object hybrid_planning_manager/hybrid_planning_manager_component/CMakeFiles/moveit_hybrid_planning_manager.dir/src/hybrid_planning_manager.cpp.o[0m
[1.698s] [ 10%] [32mBuilding CXX object global_planner/global_planner_component/CMakeFiles/moveit_global_planner_component.dir/src/global_planner_component.cpp.o[0m
[10.520s] [ 15%] [32m[1mLinking CXX shared library libmoveit_global_planner_component.so[0m
[10.782s] [ 15%] Built target moveit_global_planner_component
[10.797s] [ 20%] [32mBuilding CXX object global_planner/global_planner_plugins/CMakeFiles/motion_planning_pipeline_plugin.dir/src/moveit_planning_pipeline.cpp.o[0m
[12.169s] [ 25%] [32m[1mLinking CXX shared library libmoveit_hybrid_planning_manager.so[0m
[12.464s] [ 25%] Built target moveit_hybrid_planning_manager
[12.479s] [ 30%] [32mBuilding CXX object local_planner/local_planner_component/CMakeFiles/moveit_local_planner_component.dir/src/local_planner_component.cpp.o[0m
[16.359s] [ 35%] [32m[1mLinking CXX shared library libmotion_planning_pipeline_plugin.so[0m
[16.500s] [ 35%] Built target motion_planning_pipeline_plugin
[16.514s] [ 40%] [32mBuilding CXX object local_planner/trajectory_operator_plugins/CMakeFiles/simple_sampler_plugin.dir/src/simple_sampler.cpp.o[0m
[19.548s] [ 45%] [32m[1mLinking CXX shared library libsimple_sampler_plugin.so[0m
[19.690s] [ 45%] Built target simple_sampler_plugin
[19.706s] [ 50%] [32mBuilding CXX object local_planner/local_constraint_solver_plugins/CMakeFiles/forward_trajectory_plugin.dir/src/forward_trajectory.cpp.o[0m
[24.303s] [ 55%] [32m[1mLinking CXX shared library libforward_trajectory_plugin.so[0m
[24.443s] [ 55%] Built target forward_trajectory_plugin
[24.459s] [ 60%] [32mBuilding CXX object hybrid_planning_manager/planner_logic_plugins/CMakeFiles/single_plan_execution_plugin.dir/src/single_plan_execution.cpp.o[0m
[25.106s] [ 65%] [32m[1mLinking CXX shared library libmoveit_local_planner_component.so[0m
[25.289s] [ 65%] Built target moveit_local_planner_component
[26.630s] [ 70%] [32m[1mLinking CXX shared library libsingle_plan_execution_plugin.so[0m
[26.772s] [ 70%] Built target single_plan_execution_plugin
[26.796s] [ 75%] [32mBuilding CXX object hybrid_planning_manager/planner_logic_plugins/CMakeFiles/replan_invalidated_trajectory_plugin.dir/src/replan_invalidated_trajectory.cpp.o[0m
[28.927s] [ 80%] [32m[1mLinking CXX shared library libreplan_invalidated_trajectory_plugin.so[0m
[29.072s] [ 80%] Built target replan_invalidated_trajectory_plugin
[29.086s] [ 85%] [32mBuilding CXX object test/CMakeFiles/hybrid_planning_demo_node.dir/hybrid_planning_demo_node.cpp.o[0m
[29.088s] [ 90%] [32mBuilding CXX object test/CMakeFiles/cancel_action.dir/cancel_action.cpp.o[0m
[30.737s] [ 95%] [32m[1mLinking CXX executable cancel_action[0m
[30.914s] [ 95%] Built target cancel_action
[38.796s] [100%] [32m[1mLinking CXX executable hybrid_planning_demo_node[0m
[39.019s] [100%] Built target hybrid_planning_demo_node
[39.026s] Invoked command in '/root/ws_moveit/build/moveit_hybrid_planning' returned '0': AMENT_PREFIX_PATH=/root/ws_moveit/install/moveit_ros_planning_interface:/root/ws_moveit/install/moveit_ros_move_group:/root/ws_moveit/install/moveit_ros_warehouse:/root/ws_moveit/install/moveit_planners_ompl:/root/ws_moveit/install/moveit_kinematics:/root/ws_moveit/install/moveit_ros_planning:/root/ws_moveit/install/moveit_simple_controller_manager:/root/ws_moveit/install/moveit_ros_occupancy_map_monitor:/root/ws_moveit/install/moveit_core:/root/ws_moveit/install/moveit_resources_panda_moveit_config:/root/ws_moveit/install/moveit_resources_fanuc_moveit_config:/root/ws_moveit/install/moveit_configs_utils:/root/ws_moveit/install/srdfdom:/root/ws_moveit/install/moveit_resources_pr2_description:/root/ws_moveit/install/moveit_resources_panda_description:/root/ws_moveit/install/moveit_resources_fanuc_description:/root/ws_moveit/install/moveit_common:/root/ws_moveit/install/launch_param_builder:${AMENT_PREFIX_PATH} CMAKE_PREFIX_PATH=/root/ws_moveit/install/moveit_ros_planning_interface:/root/ws_moveit/install/moveit_ros_move_group:/root/ws_moveit/install/moveit_ros_warehouse:/root/ws_moveit/install/moveit_planners_ompl:/root/ws_moveit/install/moveit_kinematics:/root/ws_moveit/install/moveit_ros_planning:/root/ws_moveit/install/moveit_simple_controller_manager:/root/ws_moveit/install/moveit_ros_occupancy_map_monitor:/root/ws_moveit/install/moveit_core:/root/ws_moveit/install/moveit_resources_panda_moveit_config:/root/ws_moveit/install/moveit_resources_fanuc_moveit_config:/root/ws_moveit/install/srdfdom:/root/ws_moveit/install/moveit_resources_pr2_description:/root/ws_moveit/install/moveit_resources_panda_description:/root/ws_moveit/install/moveit_resources_fanuc_description:/root/ws_moveit/install/moveit_common:/opt/ros/humble LD_LIBRARY_PATH=/root/ws_moveit/install/moveit_ros_planning_interface/lib:/root/ws_moveit/install/moveit_ros_move_group/lib:/root/ws_moveit/install/moveit_ros_warehouse/lib:/root/ws_moveit/install/moveit_planners_ompl/lib:/root/ws_moveit/install/moveit_kinematics/lib:/root/ws_moveit/install/moveit_ros_planning/lib:/root/ws_moveit/install/moveit_simple_controller_manager/lib:/root/ws_moveit/install/moveit_ros_occupancy_map_monitor/lib:/root/ws_moveit/install/moveit_core/lib:/root/ws_moveit/install/srdfdom/lib:${LD_LIBRARY_PATH} PATH=/root/ws_moveit/install/moveit_core/bin:${PATH} PYTHONPATH=/root/ws_moveit/install/moveit_configs_utils/lib/python3.10/site-packages:/root/ws_moveit/install/srdfdom/local/lib/python3.10/dist-packages:/root/ws_moveit/install/launch_param_builder/lib/python3.10/site-packages:${PYTHONPATH} /usr/bin/cmake --build /root/ws_moveit/build/moveit_hybrid_planning
[39.026s] Invoking command in '/root/ws_moveit/build/moveit_hybrid_planning': AMENT_PREFIX_PATH=/root/ws_moveit/install/moveit_ros_planning_interface:/root/ws_moveit/install/moveit_ros_move_group:/root/ws_moveit/install/moveit_ros_warehouse:/root/ws_moveit/install/moveit_planners_ompl:/root/ws_moveit/install/moveit_kinematics:/root/ws_moveit/install/moveit_ros_planning:/root/ws_moveit/install/moveit_simple_controller_manager:/root/ws_moveit/install/moveit_ros_occupancy_map_monitor:/root/ws_moveit/install/moveit_core:/root/ws_moveit/install/moveit_resources_panda_moveit_config:/root/ws_moveit/install/moveit_resources_fanuc_moveit_config:/root/ws_moveit/install/moveit_configs_utils:/root/ws_moveit/install/srdfdom:/root/ws_moveit/install/moveit_resources_pr2_description:/root/ws_moveit/install/moveit_resources_panda_description:/root/ws_moveit/install/moveit_resources_fanuc_description:/root/ws_moveit/install/moveit_common:/root/ws_moveit/install/launch_param_builder:${AMENT_PREFIX_PATH} CMAKE_PREFIX_PATH=/root/ws_moveit/install/moveit_ros_planning_interface:/root/ws_moveit/install/moveit_ros_move_group:/root/ws_moveit/install/moveit_ros_warehouse:/root/ws_moveit/install/moveit_planners_ompl:/root/ws_moveit/install/moveit_kinematics:/root/ws_moveit/install/moveit_ros_planning:/root/ws_moveit/install/moveit_simple_controller_manager:/root/ws_moveit/install/moveit_ros_occupancy_map_monitor:/root/ws_moveit/install/moveit_core:/root/ws_moveit/install/moveit_resources_panda_moveit_config:/root/ws_moveit/install/moveit_resources_fanuc_moveit_config:/root/ws_moveit/install/srdfdom:/root/ws_moveit/install/moveit_resources_pr2_description:/root/ws_moveit/install/moveit_resources_panda_description:/root/ws_moveit/install/moveit_resources_fanuc_description:/root/ws_moveit/install/moveit_common:/opt/ros/humble LD_LIBRARY_PATH=/root/ws_moveit/install/moveit_ros_planning_interface/lib:/root/ws_moveit/install/moveit_ros_move_group/lib:/root/ws_moveit/install/moveit_ros_warehouse/lib:/root/ws_moveit/install/moveit_planners_ompl/lib:/root/ws_moveit/install/moveit_kinematics/lib:/root/ws_moveit/install/moveit_ros_planning/lib:/root/ws_moveit/install/moveit_simple_controller_manager/lib:/root/ws_moveit/install/moveit_ros_occupancy_map_monitor/lib:/root/ws_moveit/install/moveit_core/lib:/root/ws_moveit/install/srdfdom/lib:${LD_LIBRARY_PATH} PATH=/root/ws_moveit/install/moveit_core/bin:${PATH} PYTHONPATH=/root/ws_moveit/install/moveit_configs_utils/lib/python3.10/site-packages:/root/ws_moveit/install/srdfdom/local/lib/python3.10/dist-packages:/root/ws_moveit/install/launch_param_builder/lib/python3.10/site-packages:${PYTHONPATH} /usr/bin/cmake --install /root/ws_moveit/build/moveit_hybrid_planning
[39.033s] -- Install configuration: "Release"
[39.034s] -- Installing: /root/ws_moveit/install/moveit_hybrid_planning/lib/libmoveit_global_planner_component.so.2.5.9
[39.035s] -- Set runtime path of "/root/ws_moveit/install/moveit_hybrid_planning/lib/libmoveit_global_planner_component.so.2.5.9" to ""
[39.035s] -- Installing: /root/ws_moveit/install/moveit_hybrid_planning/lib/libmoveit_global_planner_component.so
[39.035s] -- Installing: /root/ws_moveit/install/moveit_hybrid_planning/lib/libmoveit_hybrid_planning_manager.so.2.5.9
[39.036s] -- Set runtime path of "/root/ws_moveit/install/moveit_hybrid_planning/lib/libmoveit_hybrid_planning_manager.so.2.5.9" to ""
[39.036s] -- Installing: /root/ws_moveit/install/moveit_hybrid_planning/lib/libmoveit_hybrid_planning_manager.so
[39.036s] -- Installing: /root/ws_moveit/install/moveit_hybrid_planning/lib/libmoveit_local_planner_component.so.2.5.9
[39.037s] -- Set runtime path of "/root/ws_moveit/install/moveit_hybrid_planning/lib/libmoveit_local_planner_component.so.2.5.9" to ""
[39.037s] -- Installing: /root/ws_moveit/install/moveit_hybrid_planning/lib/libmoveit_local_planner_component.so
[39.037s] -- Installing: /root/ws_moveit/install/moveit_hybrid_planning/lib/libforward_trajectory_plugin.so.2.5.9
[39.038s] -- Set runtime path of "/root/ws_moveit/install/moveit_hybrid_planning/lib/libforward_trajectory_plugin.so.2.5.9" to ""
[39.038s] -- Installing: /root/ws_moveit/install/moveit_hybrid_planning/lib/libforward_trajectory_plugin.so
[39.038s] -- Installing: /root/ws_moveit/install/moveit_hybrid_planning/lib/libmotion_planning_pipeline_plugin.so.2.5.9
[39.038s] -- Set runtime path of "/root/ws_moveit/install/moveit_hybrid_planning/lib/libmotion_planning_pipeline_plugin.so.2.5.9" to ""
[39.038s] -- Installing: /root/ws_moveit/install/moveit_hybrid_planning/lib/libmotion_planning_pipeline_plugin.so
[39.038s] -- Installing: /root/ws_moveit/install/moveit_hybrid_planning/lib/libreplan_invalidated_trajectory_plugin.so.2.5.9
[39.038s] -- Set runtime path of "/root/ws_moveit/install/moveit_hybrid_planning/lib/libreplan_invalidated_trajectory_plugin.so.2.5.9" to ""
[39.038s] -- Installing: /root/ws_moveit/install/moveit_hybrid_planning/lib/libreplan_invalidated_trajectory_plugin.so
[39.038s] -- Installing: /root/ws_moveit/install/moveit_hybrid_planning/lib/libsimple_sampler_plugin.so.2.5.9
[39.038s] -- Set runtime path of "/root/ws_moveit/install/moveit_hybrid_planning/lib/libsimple_sampler_plugin.so.2.5.9" to ""
[39.038s] -- Installing: /root/ws_moveit/install/moveit_hybrid_planning/lib/libsimple_sampler_plugin.so
[39.038s] -- Installing: /root/ws_moveit/install/moveit_hybrid_planning/lib/libsingle_plan_execution_plugin.so.2.5.9
[39.038s] -- Set runtime path of "/root/ws_moveit/install/moveit_hybrid_planning/lib/libsingle_plan_execution_plugin.so.2.5.9" to ""
[39.038s] -- Installing: /root/ws_moveit/install/moveit_hybrid_planning/lib/libsingle_plan_execution_plugin.so
[39.038s] -- Installing: /root/ws_moveit/install/moveit_hybrid_planning/lib/moveit_hybrid_planning/cancel_action
[39.039s] -- Set runtime path of "/root/ws_moveit/install/moveit_hybrid_planning/lib/moveit_hybrid_planning/cancel_action" to ""
[39.039s] -- Installing: /root/ws_moveit/install/moveit_hybrid_planning/lib/moveit_hybrid_planning/hybrid_planning_demo_node
[39.039s] -- Set runtime path of "/root/ws_moveit/install/moveit_hybrid_planning/lib/moveit_hybrid_planning/hybrid_planning_demo_node" to ""
[39.039s] -- Installing: /root/ws_moveit/install/moveit_hybrid_planning/include
[39.039s] -- Installing: /root/ws_moveit/install/moveit_hybrid_planning/include/moveit
[39.039s] -- Installing: /root/ws_moveit/install/moveit_hybrid_planning/include/moveit/global_planner
[39.039s] -- Installing: /root/ws_moveit/install/moveit_hybrid_planning/include/moveit/global_planner/global_planner_interface.h
[39.039s] -- Installing: /root/ws_moveit/install/moveit_hybrid_planning/include/moveit/global_planner/global_planner_component.h
[39.039s] -- Up-to-date: /root/ws_moveit/install/moveit_hybrid_planning/include
[39.039s] -- Up-to-date: /root/ws_moveit/install/moveit_hybrid_planning/include/moveit
[39.039s] -- Up-to-date: /root/ws_moveit/install/moveit_hybrid_planning/include/moveit/global_planner
[39.039s] -- Installing: /root/ws_moveit/install/moveit_hybrid_planning/include/moveit/global_planner/moveit_planning_pipeline.h
[39.039s] -- Up-to-date: /root/ws_moveit/install/moveit_hybrid_planning/include
[39.039s] -- Up-to-date: /root/ws_moveit/install/moveit_hybrid_planning/include/moveit
[39.039s] -- Installing: /root/ws_moveit/install/moveit_hybrid_planning/include/moveit/hybrid_planning_manager
[39.039s] -- Installing: /root/ws_moveit/install/moveit_hybrid_planning/include/moveit/hybrid_planning_manager/moveit_error_code_interface.h
[39.039s] -- Installing: /root/ws_moveit/install/moveit_hybrid_planning/include/moveit/hybrid_planning_manager/hybrid_planning_manager.h
[39.039s] -- Installing: /root/ws_moveit/install/moveit_hybrid_planning/include/moveit/hybrid_planning_manager/planner_logic_interface.h
[39.040s] -- Installing: /root/ws_moveit/install/moveit_hybrid_planning/include/moveit/hybrid_planning_manager/hybrid_planning_events.h
[39.040s] -- Up-to-date: /root/ws_moveit/install/moveit_hybrid_planning/include
[39.040s] -- Up-to-date: /root/ws_moveit/install/moveit_hybrid_planning/include/moveit
[39.040s] -- Installing: /root/ws_moveit/install/moveit_hybrid_planning/include/moveit/planner_logic_plugins
[39.040s] -- Installing: /root/ws_moveit/install/moveit_hybrid_planning/include/moveit/planner_logic_plugins/replan_invalidated_trajectory.h
[39.040s] -- Installing: /root/ws_moveit/install/moveit_hybrid_planning/include/moveit/planner_logic_plugins/single_plan_execution.h
[39.040s] -- Up-to-date: /root/ws_moveit/install/moveit_hybrid_planning/include
[39.040s] -- Up-to-date: /root/ws_moveit/install/moveit_hybrid_planning/include/moveit
[39.040s] -- Installing: /root/ws_moveit/install/moveit_hybrid_planning/include/moveit/local_planner
[39.040s] -- Installing: /root/ws_moveit/install/moveit_hybrid_planning/include/moveit/local_planner/local_constraint_solver_interface.h
[39.040s] -- Installing: /root/ws_moveit/install/moveit_hybrid_planning/include/moveit/local_planner/local_planner_component.h
[39.040s] -- Installing: /root/ws_moveit/install/moveit_hybrid_planning/include/moveit/local_planner/trajectory_operator_interface.h
[39.040s] -- Installing: /root/ws_moveit/install/moveit_hybrid_planning/include/moveit/local_planner/feedback_types.h
[39.040s] -- Up-to-date: /root/ws_moveit/install/moveit_hybrid_planning/include
[39.040s] -- Up-to-date: /root/ws_moveit/install/moveit_hybrid_planning/include/moveit
[39.040s] -- Installing: /root/ws_moveit/install/moveit_hybrid_planning/include/moveit/trajectory_operator_plugins
[39.040s] -- Installing: /root/ws_moveit/install/moveit_hybrid_planning/include/moveit/trajectory_operator_plugins/simple_sampler.h
[39.040s] -- Up-to-date: /root/ws_moveit/install/moveit_hybrid_planning/include
[39.040s] -- Up-to-date: /root/ws_moveit/install/moveit_hybrid_planning/include/moveit
[39.040s] -- Installing: /root/ws_moveit/install/moveit_hybrid_planning/include/moveit/local_constraint_solver_plugins
[39.040s] -- Installing: /root/ws_moveit/install/moveit_hybrid_planning/include/moveit/local_constraint_solver_plugins/forward_trajectory.h
[39.040s] -- Installing: /root/ws_moveit/install/moveit_hybrid_planning/share/moveit_hybrid_planning/launch
[39.040s] -- Installing: /root/ws_moveit/install/moveit_hybrid_planning/share/moveit_hybrid_planning/launch/hybrid_planning_demo.launch.py
[39.040s] -- Installing: /root/ws_moveit/install/moveit_hybrid_planning/share/moveit_hybrid_planning/launch/test_basic_integration.test.py
[39.040s] -- Installing: /root/ws_moveit/install/moveit_hybrid_planning/share/moveit_hybrid_planning/launch/hybrid_planning_common.py
[39.040s] -- Installing: /root/ws_moveit/install/moveit_hybrid_planning/share/moveit_hybrid_planning/config
[39.040s] -- Installing: /root/ws_moveit/install/moveit_hybrid_planning/share/moveit_hybrid_planning/config/hybrid_planning_manager.yaml
[39.040s] -- Installing: /root/ws_moveit/install/moveit_hybrid_planning/share/moveit_hybrid_planning/config/global_planner.yaml
[39.040s] -- Installing: /root/ws_moveit/install/moveit_hybrid_planning/share/moveit_hybrid_planning/config/local_planner.yaml
[39.040s] -- Installing: /root/ws_moveit/install/moveit_hybrid_planning/share/moveit_hybrid_planning/config/hybrid_planning_demo.rviz
[39.040s] -- Installing: /root/ws_moveit/install/moveit_hybrid_planning/share/moveit_hybrid_planning/config/demo_controller.yaml
[39.040s] -- Installing: /root/ws_moveit/install/moveit_hybrid_planning/share/moveit_hybrid_planning/config/common_hybrid_planning_params.yaml
[39.040s] -- Installing: /root/ws_moveit/install/moveit_hybrid_planning/share/moveit_hybrid_planning/single_plan_execution_plugin.xml
[39.040s] -- Installing: /root/ws_moveit/install/moveit_hybrid_planning/share/moveit_hybrid_planning/moveit_planning_pipeline_plugin.xml
[39.041s] -- Installing: /root/ws_moveit/install/moveit_hybrid_planning/share/moveit_hybrid_planning/simple_sampler_plugin.xml
[39.041s] -- Installing: /root/ws_moveit/install/moveit_hybrid_planning/share/moveit_hybrid_planning/replan_invalidated_trajectory_plugin.xml
[39.041s] -- Installing: /root/ws_moveit/install/moveit_hybrid_planning/share/moveit_hybrid_planning/forward_trajectory_plugin.xml
[39.041s] -- Installing: /root/ws_moveit/install/moveit_hybrid_planning/share/moveit_hybrid_planning/environment/library_path.sh
[39.041s] -- Installing: /root/ws_moveit/install/moveit_hybrid_planning/share/moveit_hybrid_planning/environment/library_path.dsv
[39.041s] -- Installing: /root/ws_moveit/install/moveit_hybrid_planning/share/ament_index/resource_index/package_run_dependencies/moveit_hybrid_planning
[39.041s] -- Installing: /root/ws_moveit/install/moveit_hybrid_planning/share/ament_index/resource_index/parent_prefix_path/moveit_hybrid_planning
[39.041s] -- Installing: /root/ws_moveit/install/moveit_hybrid_planning/share/moveit_hybrid_planning/environment/ament_prefix_path.sh
[39.041s] -- Installing: /root/ws_moveit/install/moveit_hybrid_planning/share/moveit_hybrid_planning/environment/ament_prefix_path.dsv
[39.041s] -- Installing: /root/ws_moveit/install/moveit_hybrid_planning/share/moveit_hybrid_planning/environment/path.sh
[39.041s] -- Installing: /root/ws_moveit/install/moveit_hybrid_planning/share/moveit_hybrid_planning/environment/path.dsv
[39.041s] -- Installing: /root/ws_moveit/install/moveit_hybrid_planning/share/moveit_hybrid_planning/local_setup.bash
[39.041s] -- Installing: /root/ws_moveit/install/moveit_hybrid_planning/share/moveit_hybrid_planning/local_setup.sh
[39.041s] -- Installing: /root/ws_moveit/install/moveit_hybrid_planning/share/moveit_hybrid_planning/local_setup.zsh
[39.041s] -- Installing: /root/ws_moveit/install/moveit_hybrid_planning/share/moveit_hybrid_planning/local_setup.dsv
[39.041s] -- Installing: /root/ws_moveit/install/moveit_hybrid_planning/share/moveit_hybrid_planning/package.dsv
[39.041s] -- Installing: /root/ws_moveit/install/moveit_hybrid_planning/share/ament_index/resource_index/packages/moveit_hybrid_planning
[39.041s] -- Installing: /root/ws_moveit/install/moveit_hybrid_planning/share/ament_index/resource_index/moveit_hybrid_planning__pluginlib__plugin/moveit_hybrid_planning
[39.041s] -- Installing: /root/ws_moveit/install/moveit_hybrid_planning/share/ament_index/resource_index/rclcpp_components/moveit_hybrid_planning
[39.041s] -- Installing: /root/ws_moveit/install/moveit_hybrid_planning/share/moveit_hybrid_planning/cmake/export_moveit_hybrid_planningExport.cmake
[39.042s] -- Installing: /root/ws_moveit/install/moveit_hybrid_planning/share/moveit_hybrid_planning/cmake/export_moveit_hybrid_planningExport-release.cmake
[39.042s] -- Installing: /root/ws_moveit/install/moveit_hybrid_planning/share/moveit_hybrid_planning/cmake/ament_cmake_export_include_directories-extras.cmake
[39.042s] -- Installing: /root/ws_moveit/install/moveit_hybrid_planning/share/moveit_hybrid_planning/cmake/ament_cmake_export_libraries-extras.cmake
[39.042s] -- Installing: /root/ws_moveit/install/moveit_hybrid_planning/share/moveit_hybrid_planning/cmake/ament_cmake_export_dependencies-extras.cmake
[39.042s] -- Installing: /root/ws_moveit/install/moveit_hybrid_planning/share/moveit_hybrid_planning/cmake/ament_cmake_export_targets-extras.cmake
[39.042s] -- Installing: /root/ws_moveit/install/moveit_hybrid_planning/share/moveit_hybrid_planning/cmake/moveit_hybrid_planningConfig.cmake
[39.042s] -- Installing: /root/ws_moveit/install/moveit_hybrid_planning/share/moveit_hybrid_planning/cmake/moveit_hybrid_planningConfig-version.cmake
[39.042s] -- Installing: /root/ws_moveit/install/moveit_hybrid_planning/share/moveit_hybrid_planning/package.xml
[39.043s] Invoked command in '/root/ws_moveit/build/moveit_hybrid_planning' returned '0': AMENT_PREFIX_PATH=/root/ws_moveit/install/moveit_ros_planning_interface:/root/ws_moveit/install/moveit_ros_move_group:/root/ws_moveit/install/moveit_ros_warehouse:/root/ws_moveit/install/moveit_planners_ompl:/root/ws_moveit/install/moveit_kinematics:/root/ws_moveit/install/moveit_ros_planning:/root/ws_moveit/install/moveit_simple_controller_manager:/root/ws_moveit/install/moveit_ros_occupancy_map_monitor:/root/ws_moveit/install/moveit_core:/root/ws_moveit/install/moveit_resources_panda_moveit_config:/root/ws_moveit/install/moveit_resources_fanuc_moveit_config:/root/ws_moveit/install/moveit_configs_utils:/root/ws_moveit/install/srdfdom:/root/ws_moveit/install/moveit_resources_pr2_description:/root/ws_moveit/install/moveit_resources_panda_description:/root/ws_moveit/install/moveit_resources_fanuc_description:/root/ws_moveit/install/moveit_common:/root/ws_moveit/install/launch_param_builder:${AMENT_PREFIX_PATH} CMAKE_PREFIX_PATH=/root/ws_moveit/install/moveit_ros_planning_interface:/root/ws_moveit/install/moveit_ros_move_group:/root/ws_moveit/install/moveit_ros_warehouse:/root/ws_moveit/install/moveit_planners_ompl:/root/ws_moveit/install/moveit_kinematics:/root/ws_moveit/install/moveit_ros_planning:/root/ws_moveit/install/moveit_simple_controller_manager:/root/ws_moveit/install/moveit_ros_occupancy_map_monitor:/root/ws_moveit/install/moveit_core:/root/ws_moveit/install/moveit_resources_panda_moveit_config:/root/ws_moveit/install/moveit_resources_fanuc_moveit_config:/root/ws_moveit/install/srdfdom:/root/ws_moveit/install/moveit_resources_pr2_description:/root/ws_moveit/install/moveit_resources_panda_description:/root/ws_moveit/install/moveit_resources_fanuc_description:/root/ws_moveit/install/moveit_common:/opt/ros/humble LD_LIBRARY_PATH=/root/ws_moveit/install/moveit_ros_planning_interface/lib:/root/ws_moveit/install/moveit_ros_move_group/lib:/root/ws_moveit/install/moveit_ros_warehouse/lib:/root/ws_moveit/install/moveit_planners_ompl/lib:/root/ws_moveit/install/moveit_kinematics/lib:/root/ws_moveit/install/moveit_ros_planning/lib:/root/ws_moveit/install/moveit_simple_controller_manager/lib:/root/ws_moveit/install/moveit_ros_occupancy_map_monitor/lib:/root/ws_moveit/install/moveit_core/lib:/root/ws_moveit/install/srdfdom/lib:${LD_LIBRARY_PATH} PATH=/root/ws_moveit/install/moveit_core/bin:${PATH} PYTHONPATH=/root/ws_moveit/install/moveit_configs_utils/lib/python3.10/site-packages:/root/ws_moveit/install/srdfdom/local/lib/python3.10/dist-packages:/root/ws_moveit/install/launch_param_builder/lib/python3.10/site-packages:${PYTHONPATH} /usr/bin/cmake --install /root/ws_moveit/build/moveit_hybrid_planning
