[0.013s] Invoking command in '/root/ws_moveit/build/moveit_plugins': AMENT_PREFIX_PATH=/root/ws_moveit/install/moveit_simple_controller_manager:/root/ws_moveit/install/moveit_core:/root/ws_moveit/install/moveit_resources_panda_moveit_config:/root/ws_moveit/install/srdfdom:/root/ws_moveit/install/moveit_resources_pr2_description:/root/ws_moveit/install/moveit_resources_panda_description:/root/ws_moveit/install/moveit_common:${AMENT_PREFIX_PATH} CMAKE_PREFIX_PATH=/root/ws_moveit/install/moveit_simple_controller_manager:/root/ws_moveit/install/moveit_core:/root/ws_moveit/install/moveit_resources_panda_moveit_config:/root/ws_moveit/install/srdfdom:/root/ws_moveit/install/moveit_resources_pr2_description:/root/ws_moveit/install/moveit_resources_panda_description:/root/ws_moveit/install/moveit_common:/opt/ros/humble LD_LIBRARY_PATH=/root/ws_moveit/install/moveit_simple_controller_manager/lib:/root/ws_moveit/install/moveit_core/lib:/root/ws_moveit/install/srdfdom/lib:${LD_LIBRARY_PATH} PATH=/root/ws_moveit/install/moveit_core/bin:${PATH} PYTHONPATH=/root/ws_moveit/install/srdfdom/local/lib/python3.10/dist-packages:${PYTHONPATH} /usr/bin/cmake /root/ws_moveit/src/moveit2/moveit_plugins/moveit_plugins -DCMAKE_INSTALL_PREFIX=/root/ws_moveit/install/moveit_plugins
[0.087s] -- The C compiler identification is GNU 11.4.0
[0.144s] -- The CXX compiler identification is GNU 11.4.0
[0.147s] -- Detecting C compiler ABI info
[0.198s] -- Detecting C compiler ABI info - done
[0.203s] -- Check for working C compiler: /usr/bin/cc - skipped
[0.203s] -- Detecting C compile features
[0.203s] -- Detecting C compile features - done
[0.204s] -- Detecting CXX compiler ABI info
[0.282s] -- Detecting CXX compiler ABI info - done
[0.286s] -- Check for working CXX compiler: /usr/bin/c++ - skipped
[0.286s] -- Detecting CXX compile features
[0.286s] -- Detecting CXX compile features - done
[0.288s] -- Found ament_cmake: 1.3.11 (/opt/ros/humble/share/ament_cmake/cmake)
[0.380s] -- Found Python3: /usr/bin/python3 (found version "3.10.12") found components: Interpreter 
[0.432s] -- Found ament_lint_auto: 0.12.12 (/opt/ros/humble/share/ament_lint_auto/cmake)
[0.480s] -- Added test 'copyright' to check source files copyright and LICENSE
[0.481s] -- Added test 'lint_cmake' to check CMake code style
[0.482s] -- Added test 'xmllint' to check XML markup files
[0.482s] -- Configuring done
[0.483s] -- Generating done
[0.484s] -- Build files have been written to: /root/ws_moveit/build/moveit_plugins
[0.486s] Invoked command in '/root/ws_moveit/build/moveit_plugins' returned '0': AMENT_PREFIX_PATH=/root/ws_moveit/install/moveit_simple_controller_manager:/root/ws_moveit/install/moveit_core:/root/ws_moveit/install/moveit_resources_panda_moveit_config:/root/ws_moveit/install/srdfdom:/root/ws_moveit/install/moveit_resources_pr2_description:/root/ws_moveit/install/moveit_resources_panda_description:/root/ws_moveit/install/moveit_common:${AMENT_PREFIX_PATH} CMAKE_PREFIX_PATH=/root/ws_moveit/install/moveit_simple_controller_manager:/root/ws_moveit/install/moveit_core:/root/ws_moveit/install/moveit_resources_panda_moveit_config:/root/ws_moveit/install/srdfdom:/root/ws_moveit/install/moveit_resources_pr2_description:/root/ws_moveit/install/moveit_resources_panda_description:/root/ws_moveit/install/moveit_common:/opt/ros/humble LD_LIBRARY_PATH=/root/ws_moveit/install/moveit_simple_controller_manager/lib:/root/ws_moveit/install/moveit_core/lib:/root/ws_moveit/install/srdfdom/lib:${LD_LIBRARY_PATH} PATH=/root/ws_moveit/install/moveit_core/bin:${PATH} PYTHONPATH=/root/ws_moveit/install/srdfdom/local/lib/python3.10/dist-packages:${PYTHONPATH} /usr/bin/cmake /root/ws_moveit/src/moveit2/moveit_plugins/moveit_plugins -DCMAKE_INSTALL_PREFIX=/root/ws_moveit/install/moveit_plugins
[0.487s] Invoking command in '/root/ws_moveit/build/moveit_plugins': AMENT_PREFIX_PATH=/root/ws_moveit/install/moveit_simple_controller_manager:/root/ws_moveit/install/moveit_core:/root/ws_moveit/install/moveit_resources_panda_moveit_config:/root/ws_moveit/install/srdfdom:/root/ws_moveit/install/moveit_resources_pr2_description:/root/ws_moveit/install/moveit_resources_panda_description:/root/ws_moveit/install/moveit_common:${AMENT_PREFIX_PATH} CMAKE_PREFIX_PATH=/root/ws_moveit/install/moveit_simple_controller_manager:/root/ws_moveit/install/moveit_core:/root/ws_moveit/install/moveit_resources_panda_moveit_config:/root/ws_moveit/install/srdfdom:/root/ws_moveit/install/moveit_resources_pr2_description:/root/ws_moveit/install/moveit_resources_panda_description:/root/ws_moveit/install/moveit_common:/opt/ros/humble LD_LIBRARY_PATH=/root/ws_moveit/install/moveit_simple_controller_manager/lib:/root/ws_moveit/install/moveit_core/lib:/root/ws_moveit/install/srdfdom/lib:${LD_LIBRARY_PATH} PATH=/root/ws_moveit/install/moveit_core/bin:${PATH} PYTHONPATH=/root/ws_moveit/install/srdfdom/local/lib/python3.10/dist-packages:${PYTHONPATH} /usr/bin/cmake --build /root/ws_moveit/build/moveit_plugins
[0.522s] Invoked command in '/root/ws_moveit/build/moveit_plugins' returned '0': AMENT_PREFIX_PATH=/root/ws_moveit/install/moveit_simple_controller_manager:/root/ws_moveit/install/moveit_core:/root/ws_moveit/install/moveit_resources_panda_moveit_config:/root/ws_moveit/install/srdfdom:/root/ws_moveit/install/moveit_resources_pr2_description:/root/ws_moveit/install/moveit_resources_panda_description:/root/ws_moveit/install/moveit_common:${AMENT_PREFIX_PATH} CMAKE_PREFIX_PATH=/root/ws_moveit/install/moveit_simple_controller_manager:/root/ws_moveit/install/moveit_core:/root/ws_moveit/install/moveit_resources_panda_moveit_config:/root/ws_moveit/install/srdfdom:/root/ws_moveit/install/moveit_resources_pr2_description:/root/ws_moveit/install/moveit_resources_panda_description:/root/ws_moveit/install/moveit_common:/opt/ros/humble LD_LIBRARY_PATH=/root/ws_moveit/install/moveit_simple_controller_manager/lib:/root/ws_moveit/install/moveit_core/lib:/root/ws_moveit/install/srdfdom/lib:${LD_LIBRARY_PATH} PATH=/root/ws_moveit/install/moveit_core/bin:${PATH} PYTHONPATH=/root/ws_moveit/install/srdfdom/local/lib/python3.10/dist-packages:${PYTHONPATH} /usr/bin/cmake --build /root/ws_moveit/build/moveit_plugins
[0.524s] Invoking command in '/root/ws_moveit/build/moveit_plugins': AMENT_PREFIX_PATH=/root/ws_moveit/install/moveit_simple_controller_manager:/root/ws_moveit/install/moveit_core:/root/ws_moveit/install/moveit_resources_panda_moveit_config:/root/ws_moveit/install/srdfdom:/root/ws_moveit/install/moveit_resources_pr2_description:/root/ws_moveit/install/moveit_resources_panda_description:/root/ws_moveit/install/moveit_common:${AMENT_PREFIX_PATH} CMAKE_PREFIX_PATH=/root/ws_moveit/install/moveit_simple_controller_manager:/root/ws_moveit/install/moveit_core:/root/ws_moveit/install/moveit_resources_panda_moveit_config:/root/ws_moveit/install/srdfdom:/root/ws_moveit/install/moveit_resources_pr2_description:/root/ws_moveit/install/moveit_resources_panda_description:/root/ws_moveit/install/moveit_common:/opt/ros/humble LD_LIBRARY_PATH=/root/ws_moveit/install/moveit_simple_controller_manager/lib:/root/ws_moveit/install/moveit_core/lib:/root/ws_moveit/install/srdfdom/lib:${LD_LIBRARY_PATH} PATH=/root/ws_moveit/install/moveit_core/bin:${PATH} PYTHONPATH=/root/ws_moveit/install/srdfdom/local/lib/python3.10/dist-packages:${PYTHONPATH} /usr/bin/cmake --install /root/ws_moveit/build/moveit_plugins
[0.534s] -- Install configuration: ""
[0.534s] -- Installing: /root/ws_moveit/install/moveit_plugins/share/ament_index/resource_index/package_run_dependencies/moveit_plugins
[0.534s] -- Installing: /root/ws_moveit/install/moveit_plugins/share/ament_index/resource_index/parent_prefix_path/moveit_plugins
[0.534s] -- Installing: /root/ws_moveit/install/moveit_plugins/share/moveit_plugins/environment/ament_prefix_path.sh
[0.534s] -- Installing: /root/ws_moveit/install/moveit_plugins/share/moveit_plugins/environment/ament_prefix_path.dsv
[0.534s] -- Installing: /root/ws_moveit/install/moveit_plugins/share/moveit_plugins/environment/path.sh
[0.534s] -- Installing: /root/ws_moveit/install/moveit_plugins/share/moveit_plugins/environment/path.dsv
[0.534s] -- Installing: /root/ws_moveit/install/moveit_plugins/share/moveit_plugins/local_setup.bash
[0.535s] -- Installing: /root/ws_moveit/install/moveit_plugins/share/moveit_plugins/local_setup.sh
[0.535s] -- Installing: /root/ws_moveit/install/moveit_plugins/share/moveit_plugins/local_setup.zsh
[0.535s] -- Installing: /root/ws_moveit/install/moveit_plugins/share/moveit_plugins/local_setup.dsv
[0.535s] -- Installing: /root/ws_moveit/install/moveit_plugins/share/moveit_plugins/package.dsv
[0.535s] -- Installing: /root/ws_moveit/install/moveit_plugins/share/ament_index/resource_index/packages/moveit_plugins
[0.535s] -- Installing: /root/ws_moveit/install/moveit_plugins/share/moveit_plugins/cmake/moveit_pluginsConfig.cmake
[0.535s] -- Installing: /root/ws_moveit/install/moveit_plugins/share/moveit_plugins/cmake/moveit_pluginsConfig-version.cmake
[0.535s] -- Installing: /root/ws_moveit/install/moveit_plugins/share/moveit_plugins/package.xml
[0.537s] Invoked command in '/root/ws_moveit/build/moveit_plugins' returned '0': AMENT_PREFIX_PATH=/root/ws_moveit/install/moveit_simple_controller_manager:/root/ws_moveit/install/moveit_core:/root/ws_moveit/install/moveit_resources_panda_moveit_config:/root/ws_moveit/install/srdfdom:/root/ws_moveit/install/moveit_resources_pr2_description:/root/ws_moveit/install/moveit_resources_panda_description:/root/ws_moveit/install/moveit_common:${AMENT_PREFIX_PATH} CMAKE_PREFIX_PATH=/root/ws_moveit/install/moveit_simple_controller_manager:/root/ws_moveit/install/moveit_core:/root/ws_moveit/install/moveit_resources_panda_moveit_config:/root/ws_moveit/install/srdfdom:/root/ws_moveit/install/moveit_resources_pr2_description:/root/ws_moveit/install/moveit_resources_panda_description:/root/ws_moveit/install/moveit_common:/opt/ros/humble LD_LIBRARY_PATH=/root/ws_moveit/install/moveit_simple_controller_manager/lib:/root/ws_moveit/install/moveit_core/lib:/root/ws_moveit/install/srdfdom/lib:${LD_LIBRARY_PATH} PATH=/root/ws_moveit/install/moveit_core/bin:${PATH} PYTHONPATH=/root/ws_moveit/install/srdfdom/local/lib/python3.10/dist-packages:${PYTHONPATH} /usr/bin/cmake --install /root/ws_moveit/build/moveit_plugins
