[0.006s] Invoking command in '/root/ws_moveit/build/rviz_marker_tools': AMENT_PREFIX_PATH=/root/ws_moveit/install/moveit_common:${AMENT_PREFIX_PATH} CMAKE_PREFIX_PATH=/root/ws_moveit/install/moveit_common:/opt/ros/humble /usr/bin/cmake /root/ws_moveit/src/moveit_task_constructor/rviz_marker_tools -DCMAKE_INSTALL_PREFIX=/root/ws_moveit/install/rviz_marker_tools
[0.086s] -- The C compiler identification is GNU 11.4.0
[0.151s] -- The CXX compiler identification is GNU 11.4.0
[0.154s] -- Detecting C compiler ABI info
[0.272s] -- Detecting C compiler ABI info - done
[0.283s] -- Check for working C compiler: /usr/bin/cc - skipped
[0.283s] -- Detecting C compile features
[0.284s] -- Detecting C compile features - done
[0.287s] -- Detecting CXX compiler ABI info
[0.377s] -- Detecting CXX compiler ABI info - done
[0.381s] -- Check for working CXX compiler: /usr/bin/c++ - skipped
[0.382s] -- Detecting CXX compile features
[0.382s] -- Detecting CXX compile features - done
[0.383s] -- Found ament_cmake: 1.3.11 (/opt/ros/humble/share/ament_cmake/cmake)
[0.477s] -- Found Python3: /usr/bin/python3 (found version "3.10.12") found components: Interpreter 
[0.526s] -- Found moveit_common: 2.5.9 (/root/ws_moveit/install/moveit_common/share/moveit_common/cmake)
[0.562s] [0mrviz_marker_tools: You did not request a specific build type: Choosing 'Release' for maximum performance[0m
[0.563s] -- Found eigen3_cmake_module: 0.1.1 (/opt/ros/humble/share/eigen3_cmake_module/cmake)
[0.567s] -- Found Eigen3: TRUE (found version "3.4.0") 
[0.568s] -- Found geometry_msgs: 4.9.0 (/opt/ros/humble/share/geometry_msgs/cmake)
[0.586s] -- Found rosidl_generator_c: 3.1.6 (/opt/ros/humble/share/rosidl_generator_c/cmake)
[0.589s] -- Found rosidl_adapter: 3.1.6 (/opt/ros/humble/share/rosidl_adapter/cmake)
[0.593s] -- Found rosidl_generator_cpp: 3.1.6 (/opt/ros/humble/share/rosidl_generator_cpp/cmake)
[0.599s] -- Using all available rosidl_typesupport_c: rosidl_typesupport_fastrtps_c;rosidl_typesupport_introspection_c
[0.608s] -- Using all available rosidl_typesupport_cpp: rosidl_typesupport_fastrtps_cpp;rosidl_typesupport_introspection_cpp
[0.627s] -- Found rclcpp: 16.0.12 (/opt/ros/humble/share/rclcpp/cmake)
[0.647s] -- Found rmw_implementation_cmake: 6.1.2 (/opt/ros/humble/share/rmw_implementation_cmake/cmake)
[0.648s] -- Found rmw_fastrtps_cpp: 6.2.7 (/opt/ros/humble/share/rmw_fastrtps_cpp/cmake)
[0.708s] -- Found OpenSSL: /usr/lib/x86_64-linux-gnu/libcrypto.so (found version "3.0.2")  
[0.731s] -- Found FastRTPS: /opt/ros/humble/include  
[0.771s] -- Using RMW implementation 'rmw_fastrtps_cpp' as default
[0.776s] -- Looking for pthread.h
[0.837s] -- Looking for pthread.h - found
[0.837s] -- Performing Test CMAKE_HAVE_LIBC_PTHREAD
[0.909s] -- Performing Test CMAKE_HAVE_LIBC_PTHREAD - Success
[0.909s] -- Found Threads: TRUE  
[0.933s] -- Found tf2_eigen: 0.25.13 (/opt/ros/humble/share/tf2_eigen/cmake)
[0.985s] -- Found visualization_msgs: 4.9.0 (/opt/ros/humble/share/visualization_msgs/cmake)
[1.006s] -- Configuring done
[1.012s] -- Generating done
[1.014s] -- Build files have been written to: /root/ws_moveit/build/rviz_marker_tools
[1.019s] Invoked command in '/root/ws_moveit/build/rviz_marker_tools' returned '0': AMENT_PREFIX_PATH=/root/ws_moveit/install/moveit_common:${AMENT_PREFIX_PATH} CMAKE_PREFIX_PATH=/root/ws_moveit/install/moveit_common:/opt/ros/humble /usr/bin/cmake /root/ws_moveit/src/moveit_task_constructor/rviz_marker_tools -DCMAKE_INSTALL_PREFIX=/root/ws_moveit/install/rviz_marker_tools
[1.019s] Invoking command in '/root/ws_moveit/build/rviz_marker_tools': AMENT_PREFIX_PATH=/root/ws_moveit/install/moveit_common:${AMENT_PREFIX_PATH} CMAKE_PREFIX_PATH=/root/ws_moveit/install/moveit_common:/opt/ros/humble /usr/bin/cmake --build /root/ws_moveit/build/rviz_marker_tools
[1.065s] [ 50%] [32mBuilding CXX object CMakeFiles/rviz_marker_tools.dir/src/marker_creation.cpp.o[0m
[3.606s] [100%] [32m[1mLinking CXX shared library librviz_marker_tools.so[0m
[3.670s] [100%] Built target rviz_marker_tools
[3.677s] Invoked command in '/root/ws_moveit/build/rviz_marker_tools' returned '0': AMENT_PREFIX_PATH=/root/ws_moveit/install/moveit_common:${AMENT_PREFIX_PATH} CMAKE_PREFIX_PATH=/root/ws_moveit/install/moveit_common:/opt/ros/humble /usr/bin/cmake --build /root/ws_moveit/build/rviz_marker_tools
[3.678s] Invoking command in '/root/ws_moveit/build/rviz_marker_tools': AMENT_PREFIX_PATH=/root/ws_moveit/install/moveit_common:${AMENT_PREFIX_PATH} CMAKE_PREFIX_PATH=/root/ws_moveit/install/moveit_common:/opt/ros/humble /usr/bin/cmake --install /root/ws_moveit/build/rviz_marker_tools
[3.683s] -- Install configuration: "Release"
[3.684s] -- Installing: /root/ws_moveit/install/rviz_marker_tools/include
[3.684s] -- Installing: /root/ws_moveit/install/rviz_marker_tools/include/rviz_marker_tools
[3.684s] -- Installing: /root/ws_moveit/install/rviz_marker_tools/include/rviz_marker_tools/marker_creation.h
[3.684s] -- Installing: /root/ws_moveit/install/rviz_marker_tools/lib/librviz_marker_tools.so
[3.684s] -- Set runtime path of "/root/ws_moveit/install/rviz_marker_tools/lib/librviz_marker_tools.so" to ""
[3.684s] -- Installing: /root/ws_moveit/install/rviz_marker_tools/share/rviz_marker_tools/environment/library_path.sh
[3.684s] -- Installing: /root/ws_moveit/install/rviz_marker_tools/share/rviz_marker_tools/environment/library_path.dsv
[3.684s] -- Installing: /root/ws_moveit/install/rviz_marker_tools/share/ament_index/resource_index/package_run_dependencies/rviz_marker_tools
[3.684s] -- Installing: /root/ws_moveit/install/rviz_marker_tools/share/ament_index/resource_index/parent_prefix_path/rviz_marker_tools
[3.684s] -- Installing: /root/ws_moveit/install/rviz_marker_tools/share/rviz_marker_tools/environment/ament_prefix_path.sh
[3.684s] -- Installing: /root/ws_moveit/install/rviz_marker_tools/share/rviz_marker_tools/environment/ament_prefix_path.dsv
[3.684s] -- Installing: /root/ws_moveit/install/rviz_marker_tools/share/rviz_marker_tools/environment/path.sh
[3.684s] -- Installing: /root/ws_moveit/install/rviz_marker_tools/share/rviz_marker_tools/environment/path.dsv
[3.684s] -- Installing: /root/ws_moveit/install/rviz_marker_tools/share/rviz_marker_tools/local_setup.bash
[3.684s] -- Installing: /root/ws_moveit/install/rviz_marker_tools/share/rviz_marker_tools/local_setup.sh
[3.684s] -- Installing: /root/ws_moveit/install/rviz_marker_tools/share/rviz_marker_tools/local_setup.zsh
[3.684s] -- Installing: /root/ws_moveit/install/rviz_marker_tools/share/rviz_marker_tools/local_setup.dsv
[3.684s] -- Installing: /root/ws_moveit/install/rviz_marker_tools/share/rviz_marker_tools/package.dsv
[3.684s] -- Installing: /root/ws_moveit/install/rviz_marker_tools/share/ament_index/resource_index/packages/rviz_marker_tools
[3.684s] -- Installing: /root/ws_moveit/install/rviz_marker_tools/share/rviz_marker_tools/cmake/rviz_marker_toolsTargetsExport.cmake
[3.684s] -- Installing: /root/ws_moveit/install/rviz_marker_tools/share/rviz_marker_tools/cmake/rviz_marker_toolsTargetsExport-release.cmake
[3.685s] -- Installing: /root/ws_moveit/install/rviz_marker_tools/share/rviz_marker_tools/cmake/ament_cmake_export_targets-extras.cmake
[3.685s] -- Installing: /root/ws_moveit/install/rviz_marker_tools/share/rviz_marker_tools/cmake/ament_cmake_export_dependencies-extras.cmake
[3.685s] -- Installing: /root/ws_moveit/install/rviz_marker_tools/share/rviz_marker_tools/cmake/rviz_marker_toolsConfig.cmake
[3.685s] -- Installing: /root/ws_moveit/install/rviz_marker_tools/share/rviz_marker_tools/cmake/rviz_marker_toolsConfig-version.cmake
[3.685s] -- Installing: /root/ws_moveit/install/rviz_marker_tools/share/rviz_marker_tools/package.xml
[3.686s] Invoked command in '/root/ws_moveit/build/rviz_marker_tools' returned '0': AMENT_PREFIX_PATH=/root/ws_moveit/install/moveit_common:${AMENT_PREFIX_PATH} CMAKE_PREFIX_PATH=/root/ws_moveit/install/moveit_common:/opt/ros/humble /usr/bin/cmake --install /root/ws_moveit/build/rviz_marker_tools
