[0.303s] Invoking command in '/root/ws_moveit/src/robot_scripts': PYTHONPATH=/root/ws_moveit/build/robot_scripts/prefix_override:/usr/lib/python3/dist-packages/colcon_core/task/python/colcon_distutils_commands:/root/ws_moveit/install/robot_scripts/lib/python3.10/site-packages:${PYTHONPATH} /usr/bin/python3 -W ignore:setup.py install is deprecated -W ignore:easy_install command is deprecated setup.py egg_info --egg-base ../../build/robot_scripts build --build-base /root/ws_moveit/build/robot_scripts/build install --record /root/ws_moveit/build/robot_scripts/install.log --single-version-externally-managed install_data
[0.410s] running egg_info
[0.410s] creating ../../build/robot_scripts/robot_scripts.egg-info
[0.411s] writing ../../build/robot_scripts/robot_scripts.egg-info/PKG-INFO
[0.411s] writing dependency_links to ../../build/robot_scripts/robot_scripts.egg-info/dependency_links.txt
[0.411s] writing entry points to ../../build/robot_scripts/robot_scripts.egg-info/entry_points.txt
[0.411s] writing requirements to ../../build/robot_scripts/robot_scripts.egg-info/requires.txt
[0.411s] writing top-level names to ../../build/robot_scripts/robot_scripts.egg-info/top_level.txt
[0.411s] writing manifest file '../../build/robot_scripts/robot_scripts.egg-info/SOURCES.txt'
[0.412s] reading manifest file '../../build/robot_scripts/robot_scripts.egg-info/SOURCES.txt'
[0.412s] writing manifest file '../../build/robot_scripts/robot_scripts.egg-info/SOURCES.txt'
[0.412s] running build
[0.412s] running build_py
[0.412s] creating /root/ws_moveit/build/robot_scripts/build
[0.413s] creating /root/ws_moveit/build/robot_scripts/build/lib
[0.413s] creating /root/ws_moveit/build/robot_scripts/build/lib/robot_scripts
[0.413s] copying robot_scripts/move_to_joint_position.py -> /root/ws_moveit/build/robot_scripts/build/lib/robot_scripts
[0.413s] copying robot_scripts/__init__.py -> /root/ws_moveit/build/robot_scripts/build/lib/robot_scripts
[0.413s] running install
[0.413s] running install_lib
[0.413s] creating /root/ws_moveit/install/robot_scripts/lib/python3.10/site-packages/robot_scripts
[0.413s] copying /root/ws_moveit/build/robot_scripts/build/lib/robot_scripts/move_to_joint_position.py -> /root/ws_moveit/install/robot_scripts/lib/python3.10/site-packages/robot_scripts
[0.413s] copying /root/ws_moveit/build/robot_scripts/build/lib/robot_scripts/__init__.py -> /root/ws_moveit/install/robot_scripts/lib/python3.10/site-packages/robot_scripts
[0.414s] byte-compiling /root/ws_moveit/install/robot_scripts/lib/python3.10/site-packages/robot_scripts/move_to_joint_position.py to move_to_joint_position.cpython-310.pyc
[0.414s] byte-compiling /root/ws_moveit/install/robot_scripts/lib/python3.10/site-packages/robot_scripts/__init__.py to __init__.cpython-310.pyc
[0.414s] running install_data
[0.414s] copying package.xml -> /root/ws_moveit/install/robot_scripts/share/robot_scripts
[0.414s] running install_egg_info
[0.415s] Copying ../../build/robot_scripts/robot_scripts.egg-info to /root/ws_moveit/install/robot_scripts/lib/python3.10/site-packages/robot_scripts-0.0.0-py3.10.egg-info
[0.415s] running install_scripts
[0.425s] Installing move_to_joint_position script to /root/ws_moveit/install/robot_scripts/lib/robot_scripts
[0.426s] writing list of installed files to '/root/ws_moveit/build/robot_scripts/install.log'
[0.437s] Invoked command in '/root/ws_moveit/src/robot_scripts' returned '0': PYTHONPATH=/root/ws_moveit/build/robot_scripts/prefix_override:/usr/lib/python3/dist-packages/colcon_core/task/python/colcon_distutils_commands:/root/ws_moveit/install/robot_scripts/lib/python3.10/site-packages:${PYTHONPATH} /usr/bin/python3 -W ignore:setup.py install is deprecated -W ignore:easy_install command is deprecated setup.py egg_info --egg-base ../../build/robot_scripts build --build-base /root/ws_moveit/build/robot_scripts/build install --record /root/ws_moveit/build/robot_scripts/install.log --single-version-externally-managed install_data
