[0.106s] Invoking command in '/root/ws_moveit/build/moveit_setup_assistant': AMENT_PREFIX_PATH=/root/ws_moveit/install/moveit_setup_srdf_plugins:/root/ws_moveit/install/moveit_setup_core_plugins:/root/ws_moveit/install/moveit_setup_controllers:/root/ws_moveit/install/moveit_setup_app_plugins:/root/ws_moveit/install/moveit_setup_framework:/root/ws_moveit/install/moveit_ros_visualization:/root/ws_moveit/install/moveit_ros_planning_interface:/root/ws_moveit/install/moveit_ros_move_group:/root/ws_moveit/install/moveit_ros_warehouse:/root/ws_moveit/install/moveit_ros_robot_interaction:/root/ws_moveit/install/moveit_planners_ompl:/root/ws_moveit/install/moveit_kinematics:/root/ws_moveit/install/moveit_ros_planning:/root/ws_moveit/install/moveit_simple_controller_manager:/root/ws_moveit/install/moveit_ros_occupancy_map_monitor:/root/ws_moveit/install/moveit_core:/root/ws_moveit/install/moveit_resources_panda_moveit_config:/root/ws_moveit/install/moveit_resources_fanuc_moveit_config:/root/ws_moveit/install/moveit_configs_utils:/root/ws_moveit/install/srdfdom:/root/ws_moveit/install/moveit_resources_pr2_description:/root/ws_moveit/install/moveit_resources_panda_description:/root/ws_moveit/install/moveit_resources_fanuc_description:/root/ws_moveit/install/moveit_common:/root/ws_moveit/install/launch_param_builder:${AMENT_PREFIX_PATH} CMAKE_PREFIX_PATH=/root/ws_moveit/install/moveit_setup_srdf_plugins:/root/ws_moveit/install/moveit_setup_core_plugins:/root/ws_moveit/install/moveit_setup_controllers:/root/ws_moveit/install/moveit_setup_app_plugins:/root/ws_moveit/install/moveit_setup_framework:/root/ws_moveit/install/moveit_ros_visualization:/root/ws_moveit/install/moveit_ros_planning_interface:/root/ws_moveit/install/moveit_ros_move_group:/root/ws_moveit/install/moveit_ros_warehouse:/root/ws_moveit/install/moveit_ros_robot_interaction:/root/ws_moveit/install/moveit_planners_ompl:/root/ws_moveit/install/moveit_kinematics:/root/ws_moveit/install/moveit_ros_planning:/root/ws_moveit/install/moveit_simple_controller_manager:/root/ws_moveit/install/moveit_ros_occupancy_map_monitor:/root/ws_moveit/install/moveit_core:/root/ws_moveit/install/moveit_resources_panda_moveit_config:/root/ws_moveit/install/moveit_resources_fanuc_moveit_config:/root/ws_moveit/install/srdfdom:/root/ws_moveit/install/moveit_resources_pr2_description:/root/ws_moveit/install/moveit_resources_panda_description:/root/ws_moveit/install/moveit_resources_fanuc_description:/root/ws_moveit/install/moveit_common:/opt/ros/humble LD_LIBRARY_PATH=/root/ws_moveit/install/moveit_setup_srdf_plugins/lib:/root/ws_moveit/install/moveit_setup_core_plugins/lib:/root/ws_moveit/install/moveit_setup_controllers/lib:/root/ws_moveit/install/moveit_setup_app_plugins/lib:/root/ws_moveit/install/moveit_setup_framework/lib:/root/ws_moveit/install/moveit_ros_visualization/lib:/root/ws_moveit/install/moveit_ros_planning_interface/lib:/root/ws_moveit/install/moveit_ros_move_group/lib:/root/ws_moveit/install/moveit_ros_warehouse/lib:/root/ws_moveit/install/moveit_ros_robot_interaction/lib:/root/ws_moveit/install/moveit_planners_ompl/lib:/root/ws_moveit/install/moveit_kinematics/lib:/root/ws_moveit/install/moveit_ros_planning/lib:/root/ws_moveit/install/moveit_simple_controller_manager/lib:/root/ws_moveit/install/moveit_ros_occupancy_map_monitor/lib:/root/ws_moveit/install/moveit_core/lib:/root/ws_moveit/install/srdfdom/lib:${LD_LIBRARY_PATH} PATH=/root/ws_moveit/install/moveit_core/bin:${PATH} PYTHONPATH=/root/ws_moveit/install/moveit_configs_utils/lib/python3.10/site-packages:/root/ws_moveit/install/srdfdom/local/lib/python3.10/dist-packages:/root/ws_moveit/install/launch_param_builder/lib/python3.10/site-packages:${PYTHONPATH} /usr/bin/cmake /root/ws_moveit/src/moveit2/moveit_setup_assistant/moveit_setup_assistant -DCMAKE_INSTALL_PREFIX=/root/ws_moveit/install/moveit_setup_assistant
[0.194s] -- The C compiler identification is GNU 11.4.0
[0.258s] -- The CXX compiler identification is GNU 11.4.0
[0.262s] -- Detecting C compiler ABI info
[0.353s] -- Detecting C compiler ABI info - done
[0.364s] -- Check for working C compiler: /usr/bin/cc - skipped
[0.364s] -- Detecting C compile features
[0.365s] -- Detecting C compile features - done
[0.372s] -- Detecting CXX compiler ABI info
[0.478s] -- Detecting CXX compiler ABI info - done
[0.484s] -- Check for working CXX compiler: /usr/bin/c++ - skipped
[0.485s] -- Detecting CXX compile features
[0.485s] -- Detecting CXX compile features - done
[0.487s] -- Found moveit_common: 2.5.9 (/root/ws_moveit/install/moveit_common/share/moveit_common/cmake)
[0.489s] -- Found ament_cmake: 1.3.11 (/opt/ros/humble/share/ament_cmake/cmake)
[0.586s] -- Found Python3: /usr/bin/python3 (found version "3.10.12") found components: Interpreter 
[0.683s] [0mmoveit_setup_assistant: You did not request a specific build type: Choosing 'Release' for maximum performance[0m
[0.685s] -- Found ament_index_cpp: 1.4.0 (/opt/ros/humble/share/ament_index_cpp/cmake)
[0.693s] -- Found Boost: /usr/lib/x86_64-linux-gnu/cmake/Boost-1.74.0/BoostConfig.cmake (found version "1.74.0") found components: program_options 
[0.694s] -- Found moveit_setup_framework: 2.5.9 (/root/ws_moveit/install/moveit_setup_framework/share/moveit_setup_framework/cmake)
[0.725s] -- Found rosidl_generator_c: 3.1.6 (/opt/ros/humble/share/rosidl_generator_c/cmake)
[0.730s] -- Found rosidl_adapter: 3.1.6 (/opt/ros/humble/share/rosidl_adapter/cmake)
[0.736s] -- Found rosidl_generator_cpp: 3.1.6 (/opt/ros/humble/share/rosidl_generator_cpp/cmake)
[0.744s] -- Using all available rosidl_typesupport_c: rosidl_typesupport_fastrtps_c;rosidl_typesupport_introspection_c
[0.755s] -- Using all available rosidl_typesupport_cpp: rosidl_typesupport_fastrtps_cpp;rosidl_typesupport_introspection_cpp
[0.786s] -- Found rmw_implementation_cmake: 6.1.2 (/opt/ros/humble/share/rmw_implementation_cmake/cmake)
[0.789s] -- Found rmw_fastrtps_cpp: 6.2.7 (/opt/ros/humble/share/rmw_fastrtps_cpp/cmake)
[0.894s] -- Found OpenSSL: /usr/lib/x86_64-linux-gnu/libcrypto.so (found version "3.0.2")  
[0.911s] -- Found FastRTPS: /opt/ros/humble/include  
[0.938s] -- Using RMW implementation 'rmw_fastrtps_cpp' as default
[0.946s] -- Looking for pthread.h
[1.055s] -- Looking for pthread.h - found
[1.055s] -- Performing Test CMAKE_HAVE_LIBC_PTHREAD
[1.154s] -- Performing Test CMAKE_HAVE_LIBC_PTHREAD - Success
[1.155s] -- Found Threads: TRUE  
[1.215s] -- Found Boost: /usr/lib/x86_64-linux-gnu/cmake/Boost-1.74.0/BoostConfig.cmake (found version "1.74.0") found components: chrono date_time filesystem iostreams program_options regex serialization system thread 
[1.243s] -- Found parameter_traits: 0.5.0 (/opt/ros/humble/share/parameter_traits/cmake)
[1.253s] -- Found rclcpp_lifecycle: 16.0.12 (/opt/ros/humble/share/rclcpp_lifecycle/cmake)
[1.268s] -- Found Boost: /usr/lib/x86_64-linux-gnu/cmake/Boost-1.74.0/BoostConfig.cmake (found version "1.74.0") found components: filesystem 
[1.384s] -- library: /usr/lib/x86_64-linux-gnu/libcurl.so
[1.421s] -- Found Eigen3: TRUE (found version "3.4.0") 
[1.421s] -- Ensuring Eigen3 include directory is part of orocos-kdl CMake target
[1.567s] -- Found Boost: /usr/lib/x86_64-linux-gnu/cmake/Boost-1.74.0/BoostConfig.cmake (found version "1.74.0") found components: system filesystem date_time program_options thread chrono 
[1.582s] -- Found Boost: /usr/lib/x86_64-linux-gnu/cmake/Boost-1.74.0/BoostConfig.cmake (found version "1.74.0") found components: thread date_time system filesystem 
[1.590s] -- Found Boost: /usr/lib/x86_64-linux-gnu/cmake/Boost-1.74.0/BoostConfig.cmake (found version "1.74.0") found components: date_time filesystem program_options system thread 
[1.597s] -- Found Boost: /usr/lib/x86_64-linux-gnu/cmake/Boost-1.74.0/BoostConfig.cmake (found version "1.74.0") found components: thread system filesystem regex date_time program_options 
[1.609s] -- Found Boost: /usr/lib/x86_64-linux-gnu/cmake/Boost-1.74.0/BoostConfig.cmake (found version "1.74.0") found components: system filesystem date_time program_options thread 
[1.640s] -- Setting OGRE_DIR to: '/opt/ros/humble/share/rviz_ogre_vendor/cmake/../../../opt/rviz_ogre_vendor/lib/OGRE/cmake'
[1.641s] -- Found OGRE
[1.641s] --   static     : OFF
[1.641s] --   components : HLMS;MeshLodGenerator;Overlay;Paging;Property;RTShaderSystem;Terrain;Volume
[1.641s] --   plugins    : Plugin_BSPSceneManager;Plugin_OctreeSceneManager;Plugin_PCZSceneManager;Plugin_ParticleFX;RenderSystem_GL;RenderSystem_GL3Plus;Codec_STBI
[1.641s] --   media      : /opt/ros/humble/opt/rviz_ogre_vendor/share/OGRE/Media
[1.641s] -- OGRE_LIBRARIES: OgreHLMS;OgreMeshLodGenerator;OgreOverlay;OgrePaging;OgreProperty;OgreRTShaderSystem;OgreTerrain;OgreVolume;OgreMain
[1.641s] -- OGRE_LIBRARY_DIRS: /opt/ros/humble/opt/rviz_ogre_vendor/lib
[1.641s] -- OGRE_PLUGINS: Plugin_BSPSceneManager;Plugin_OctreeSceneManager;Plugin_PCZSceneManager;Plugin_ParticleFX;RenderSystem_GL;RenderSystem_GL3Plus;Codec_STBI
[1.641s] -- OGRE_PLUGIN_DIR: /opt/ros/humble/opt/rviz_ogre_vendor/lib/OGRE
[1.642s] -- rviz_ogre_vendor::OgreOverlay for IMPORTED_LOCATION_RELEASE: /opt/ros/humble/opt/rviz_ogre_vendor/lib/libOgreOverlay.so
[1.642s] -- rviz_ogre_vendor::OgreOverlay for IMPORTED_LOCATION_DEBUG: /opt/ros/humble/opt/rviz_ogre_vendor/lib/libOgreOverlay.so
[1.642s] -- rviz_ogre_vendor::OgreMain for IMPORTED_LOCATION_RELEASE: /opt/ros/humble/opt/rviz_ogre_vendor/lib/libOgreMain.so
[1.642s] -- rviz_ogre_vendor::OgreMain for IMPORTED_LOCATION_DEBUG: /opt/ros/humble/opt/rviz_ogre_vendor/lib/libOgreMain.so
[1.642s] -- Could not find freeimage library
[1.650s] -- Found ZLIB: /usr/lib/x86_64-linux-gnu/libz.so (found version "1.2.11") 
[1.652s] -- Found OpenGL: /usr/lib/x86_64-linux-gnu/libOpenGL.so   
[1.774s] -- Found X11: /usr/include   
[1.774s] -- Looking for XOpenDisplay in /usr/lib/x86_64-linux-gnu/libX11.so;/usr/lib/x86_64-linux-gnu/libXext.so
[1.911s] -- Looking for XOpenDisplay in /usr/lib/x86_64-linux-gnu/libX11.so;/usr/lib/x86_64-linux-gnu/libXext.so - found
[1.911s] -- Looking for gethostbyname
[1.989s] -- Looking for gethostbyname - found
[1.989s] -- Looking for connect
[2.082s] -- Looking for connect - found
[2.082s] -- Looking for remove
[2.192s] -- Looking for remove - found
[2.192s] -- Looking for shmat
[2.290s] -- Looking for shmat - found
[2.290s] -- Looking for IceConnectionNumber in ICE
[2.366s] -- Looking for IceConnectionNumber in ICE - found
[2.379s] -- Setting assimp_DIR to: '/opt/ros/humble/share/rviz_assimp_vendor/cmake/../../../opt/rviz_assimp_vendor/lib/cmake/assimp-4.1'
[2.429s] -- Found moveit_setup_srdf_plugins: 2.5.9 (/root/ws_moveit/install/moveit_setup_srdf_plugins/share/moveit_setup_srdf_plugins/cmake)
[2.440s] -- Found ament_lint_auto: 0.12.12 (/opt/ros/humble/share/ament_lint_auto/cmake)
[2.455s] -- Added test 'lint_cmake' to check CMake code style
[2.456s] -- Added test 'xmllint' to check XML markup files
[2.457s] -- Configuring done
[2.498s] -- Generating done
[2.505s] -- Build files have been written to: /root/ws_moveit/build/moveit_setup_assistant
[2.512s] Invoked command in '/root/ws_moveit/build/moveit_setup_assistant' returned '0': AMENT_PREFIX_PATH=/root/ws_moveit/install/moveit_setup_srdf_plugins:/root/ws_moveit/install/moveit_setup_core_plugins:/root/ws_moveit/install/moveit_setup_controllers:/root/ws_moveit/install/moveit_setup_app_plugins:/root/ws_moveit/install/moveit_setup_framework:/root/ws_moveit/install/moveit_ros_visualization:/root/ws_moveit/install/moveit_ros_planning_interface:/root/ws_moveit/install/moveit_ros_move_group:/root/ws_moveit/install/moveit_ros_warehouse:/root/ws_moveit/install/moveit_ros_robot_interaction:/root/ws_moveit/install/moveit_planners_ompl:/root/ws_moveit/install/moveit_kinematics:/root/ws_moveit/install/moveit_ros_planning:/root/ws_moveit/install/moveit_simple_controller_manager:/root/ws_moveit/install/moveit_ros_occupancy_map_monitor:/root/ws_moveit/install/moveit_core:/root/ws_moveit/install/moveit_resources_panda_moveit_config:/root/ws_moveit/install/moveit_resources_fanuc_moveit_config:/root/ws_moveit/install/moveit_configs_utils:/root/ws_moveit/install/srdfdom:/root/ws_moveit/install/moveit_resources_pr2_description:/root/ws_moveit/install/moveit_resources_panda_description:/root/ws_moveit/install/moveit_resources_fanuc_description:/root/ws_moveit/install/moveit_common:/root/ws_moveit/install/launch_param_builder:${AMENT_PREFIX_PATH} CMAKE_PREFIX_PATH=/root/ws_moveit/install/moveit_setup_srdf_plugins:/root/ws_moveit/install/moveit_setup_core_plugins:/root/ws_moveit/install/moveit_setup_controllers:/root/ws_moveit/install/moveit_setup_app_plugins:/root/ws_moveit/install/moveit_setup_framework:/root/ws_moveit/install/moveit_ros_visualization:/root/ws_moveit/install/moveit_ros_planning_interface:/root/ws_moveit/install/moveit_ros_move_group:/root/ws_moveit/install/moveit_ros_warehouse:/root/ws_moveit/install/moveit_ros_robot_interaction:/root/ws_moveit/install/moveit_planners_ompl:/root/ws_moveit/install/moveit_kinematics:/root/ws_moveit/install/moveit_ros_planning:/root/ws_moveit/install/moveit_simple_controller_manager:/root/ws_moveit/install/moveit_ros_occupancy_map_monitor:/root/ws_moveit/install/moveit_core:/root/ws_moveit/install/moveit_resources_panda_moveit_config:/root/ws_moveit/install/moveit_resources_fanuc_moveit_config:/root/ws_moveit/install/srdfdom:/root/ws_moveit/install/moveit_resources_pr2_description:/root/ws_moveit/install/moveit_resources_panda_description:/root/ws_moveit/install/moveit_resources_fanuc_description:/root/ws_moveit/install/moveit_common:/opt/ros/humble LD_LIBRARY_PATH=/root/ws_moveit/install/moveit_setup_srdf_plugins/lib:/root/ws_moveit/install/moveit_setup_core_plugins/lib:/root/ws_moveit/install/moveit_setup_controllers/lib:/root/ws_moveit/install/moveit_setup_app_plugins/lib:/root/ws_moveit/install/moveit_setup_framework/lib:/root/ws_moveit/install/moveit_ros_visualization/lib:/root/ws_moveit/install/moveit_ros_planning_interface/lib:/root/ws_moveit/install/moveit_ros_move_group/lib:/root/ws_moveit/install/moveit_ros_warehouse/lib:/root/ws_moveit/install/moveit_ros_robot_interaction/lib:/root/ws_moveit/install/moveit_planners_ompl/lib:/root/ws_moveit/install/moveit_kinematics/lib:/root/ws_moveit/install/moveit_ros_planning/lib:/root/ws_moveit/install/moveit_simple_controller_manager/lib:/root/ws_moveit/install/moveit_ros_occupancy_map_monitor/lib:/root/ws_moveit/install/moveit_core/lib:/root/ws_moveit/install/srdfdom/lib:${LD_LIBRARY_PATH} PATH=/root/ws_moveit/install/moveit_core/bin:${PATH} PYTHONPATH=/root/ws_moveit/install/moveit_configs_utils/lib/python3.10/site-packages:/root/ws_moveit/install/srdfdom/local/lib/python3.10/dist-packages:/root/ws_moveit/install/launch_param_builder/lib/python3.10/site-packages:${PYTHONPATH} /usr/bin/cmake /root/ws_moveit/src/moveit2/moveit_setup_assistant/moveit_setup_assistant -DCMAKE_INSTALL_PREFIX=/root/ws_moveit/install/moveit_setup_assistant
[2.514s] Invoking command in '/root/ws_moveit/build/moveit_setup_assistant': AMENT_PREFIX_PATH=/root/ws_moveit/install/moveit_setup_srdf_plugins:/root/ws_moveit/install/moveit_setup_core_plugins:/root/ws_moveit/install/moveit_setup_controllers:/root/ws_moveit/install/moveit_setup_app_plugins:/root/ws_moveit/install/moveit_setup_framework:/root/ws_moveit/install/moveit_ros_visualization:/root/ws_moveit/install/moveit_ros_planning_interface:/root/ws_moveit/install/moveit_ros_move_group:/root/ws_moveit/install/moveit_ros_warehouse:/root/ws_moveit/install/moveit_ros_robot_interaction:/root/ws_moveit/install/moveit_planners_ompl:/root/ws_moveit/install/moveit_kinematics:/root/ws_moveit/install/moveit_ros_planning:/root/ws_moveit/install/moveit_simple_controller_manager:/root/ws_moveit/install/moveit_ros_occupancy_map_monitor:/root/ws_moveit/install/moveit_core:/root/ws_moveit/install/moveit_resources_panda_moveit_config:/root/ws_moveit/install/moveit_resources_fanuc_moveit_config:/root/ws_moveit/install/moveit_configs_utils:/root/ws_moveit/install/srdfdom:/root/ws_moveit/install/moveit_resources_pr2_description:/root/ws_moveit/install/moveit_resources_panda_description:/root/ws_moveit/install/moveit_resources_fanuc_description:/root/ws_moveit/install/moveit_common:/root/ws_moveit/install/launch_param_builder:${AMENT_PREFIX_PATH} CMAKE_PREFIX_PATH=/root/ws_moveit/install/moveit_setup_srdf_plugins:/root/ws_moveit/install/moveit_setup_core_plugins:/root/ws_moveit/install/moveit_setup_controllers:/root/ws_moveit/install/moveit_setup_app_plugins:/root/ws_moveit/install/moveit_setup_framework:/root/ws_moveit/install/moveit_ros_visualization:/root/ws_moveit/install/moveit_ros_planning_interface:/root/ws_moveit/install/moveit_ros_move_group:/root/ws_moveit/install/moveit_ros_warehouse:/root/ws_moveit/install/moveit_ros_robot_interaction:/root/ws_moveit/install/moveit_planners_ompl:/root/ws_moveit/install/moveit_kinematics:/root/ws_moveit/install/moveit_ros_planning:/root/ws_moveit/install/moveit_simple_controller_manager:/root/ws_moveit/install/moveit_ros_occupancy_map_monitor:/root/ws_moveit/install/moveit_core:/root/ws_moveit/install/moveit_resources_panda_moveit_config:/root/ws_moveit/install/moveit_resources_fanuc_moveit_config:/root/ws_moveit/install/srdfdom:/root/ws_moveit/install/moveit_resources_pr2_description:/root/ws_moveit/install/moveit_resources_panda_description:/root/ws_moveit/install/moveit_resources_fanuc_description:/root/ws_moveit/install/moveit_common:/opt/ros/humble LD_LIBRARY_PATH=/root/ws_moveit/install/moveit_setup_srdf_plugins/lib:/root/ws_moveit/install/moveit_setup_core_plugins/lib:/root/ws_moveit/install/moveit_setup_controllers/lib:/root/ws_moveit/install/moveit_setup_app_plugins/lib:/root/ws_moveit/install/moveit_setup_framework/lib:/root/ws_moveit/install/moveit_ros_visualization/lib:/root/ws_moveit/install/moveit_ros_planning_interface/lib:/root/ws_moveit/install/moveit_ros_move_group/lib:/root/ws_moveit/install/moveit_ros_warehouse/lib:/root/ws_moveit/install/moveit_ros_robot_interaction/lib:/root/ws_moveit/install/moveit_planners_ompl/lib:/root/ws_moveit/install/moveit_kinematics/lib:/root/ws_moveit/install/moveit_ros_planning/lib:/root/ws_moveit/install/moveit_simple_controller_manager/lib:/root/ws_moveit/install/moveit_ros_occupancy_map_monitor/lib:/root/ws_moveit/install/moveit_core/lib:/root/ws_moveit/install/srdfdom/lib:${LD_LIBRARY_PATH} PATH=/root/ws_moveit/install/moveit_core/bin:${PATH} PYTHONPATH=/root/ws_moveit/install/moveit_configs_utils/lib/python3.10/site-packages:/root/ws_moveit/install/srdfdom/local/lib/python3.10/dist-packages:/root/ws_moveit/install/launch_param_builder/lib/python3.10/site-packages:${PYTHONPATH} /usr/bin/cmake --build /root/ws_moveit/build/moveit_setup_assistant
[2.576s] [  7%] [34m[1mAutomatic MOC for target moveit_setup_assistant[0m
[2.577s] [ 14%] [34m[1mAutomatic MOC for target moveit_setup_assistant_updater[0m
[2.622s] [ 14%] Built target moveit_setup_assistant_autogen
[2.623s] [ 14%] Built target moveit_setup_assistant_updater_autogen
[2.639s] [ 21%] [34m[1mGenerating include/moveit_setup_assistant/moc_setup_assistant_widget.cpp[0m
[2.657s] [ 28%] [34m[1mGenerating include/moveit_setup_assistant/moc_navigation_widget.cpp[0m
[2.658s] [ 35%] [32mBuilding CXX object CMakeFiles/moveit_setup_assistant_updater.dir/moveit_setup_assistant_updater_autogen/mocs_compilation.cpp.o[0m
[2.693s] [ 42%] [32mBuilding CXX object CMakeFiles/moveit_setup_assistant_updater.dir/src/collisions_updater.cpp.o[0m
[2.695s] [ 50%] [32mBuilding CXX object CMakeFiles/moveit_setup_assistant.dir/moveit_setup_assistant_autogen/mocs_compilation.cpp.o[0m
[2.727s] [ 57%] [32mBuilding CXX object CMakeFiles/moveit_setup_assistant.dir/src/main.cpp.o[0m
[9.949s] [ 64%] [32m[1mLinking CXX executable collisions_updater[0m
[10.314s] [ 64%] Built target moveit_setup_assistant_updater
[10.322s] [ 71%] [32mBuilding CXX object CMakeFiles/moveit_setup_assistant.dir/src/setup_assistant_widget.cpp.o[0m
[11.018s] [ 78%] [32mBuilding CXX object CMakeFiles/moveit_setup_assistant.dir/src/navigation_widget.cpp.o[0m
[11.680s] [ 85%] [32mBuilding CXX object CMakeFiles/moveit_setup_assistant.dir/include/moveit_setup_assistant/moc_navigation_widget.cpp.o[0m
[12.245s] [ 92%] [32mBuilding CXX object CMakeFiles/moveit_setup_assistant.dir/include/moveit_setup_assistant/moc_setup_assistant_widget.cpp.o[0m
[19.171s] [100%] [32m[1mLinking CXX executable moveit_setup_assistant[0m
[19.690s] [100%] Built target moveit_setup_assistant
[19.698s] Invoked command in '/root/ws_moveit/build/moveit_setup_assistant' returned '0': AMENT_PREFIX_PATH=/root/ws_moveit/install/moveit_setup_srdf_plugins:/root/ws_moveit/install/moveit_setup_core_plugins:/root/ws_moveit/install/moveit_setup_controllers:/root/ws_moveit/install/moveit_setup_app_plugins:/root/ws_moveit/install/moveit_setup_framework:/root/ws_moveit/install/moveit_ros_visualization:/root/ws_moveit/install/moveit_ros_planning_interface:/root/ws_moveit/install/moveit_ros_move_group:/root/ws_moveit/install/moveit_ros_warehouse:/root/ws_moveit/install/moveit_ros_robot_interaction:/root/ws_moveit/install/moveit_planners_ompl:/root/ws_moveit/install/moveit_kinematics:/root/ws_moveit/install/moveit_ros_planning:/root/ws_moveit/install/moveit_simple_controller_manager:/root/ws_moveit/install/moveit_ros_occupancy_map_monitor:/root/ws_moveit/install/moveit_core:/root/ws_moveit/install/moveit_resources_panda_moveit_config:/root/ws_moveit/install/moveit_resources_fanuc_moveit_config:/root/ws_moveit/install/moveit_configs_utils:/root/ws_moveit/install/srdfdom:/root/ws_moveit/install/moveit_resources_pr2_description:/root/ws_moveit/install/moveit_resources_panda_description:/root/ws_moveit/install/moveit_resources_fanuc_description:/root/ws_moveit/install/moveit_common:/root/ws_moveit/install/launch_param_builder:${AMENT_PREFIX_PATH} CMAKE_PREFIX_PATH=/root/ws_moveit/install/moveit_setup_srdf_plugins:/root/ws_moveit/install/moveit_setup_core_plugins:/root/ws_moveit/install/moveit_setup_controllers:/root/ws_moveit/install/moveit_setup_app_plugins:/root/ws_moveit/install/moveit_setup_framework:/root/ws_moveit/install/moveit_ros_visualization:/root/ws_moveit/install/moveit_ros_planning_interface:/root/ws_moveit/install/moveit_ros_move_group:/root/ws_moveit/install/moveit_ros_warehouse:/root/ws_moveit/install/moveit_ros_robot_interaction:/root/ws_moveit/install/moveit_planners_ompl:/root/ws_moveit/install/moveit_kinematics:/root/ws_moveit/install/moveit_ros_planning:/root/ws_moveit/install/moveit_simple_controller_manager:/root/ws_moveit/install/moveit_ros_occupancy_map_monitor:/root/ws_moveit/install/moveit_core:/root/ws_moveit/install/moveit_resources_panda_moveit_config:/root/ws_moveit/install/moveit_resources_fanuc_moveit_config:/root/ws_moveit/install/srdfdom:/root/ws_moveit/install/moveit_resources_pr2_description:/root/ws_moveit/install/moveit_resources_panda_description:/root/ws_moveit/install/moveit_resources_fanuc_description:/root/ws_moveit/install/moveit_common:/opt/ros/humble LD_LIBRARY_PATH=/root/ws_moveit/install/moveit_setup_srdf_plugins/lib:/root/ws_moveit/install/moveit_setup_core_plugins/lib:/root/ws_moveit/install/moveit_setup_controllers/lib:/root/ws_moveit/install/moveit_setup_app_plugins/lib:/root/ws_moveit/install/moveit_setup_framework/lib:/root/ws_moveit/install/moveit_ros_visualization/lib:/root/ws_moveit/install/moveit_ros_planning_interface/lib:/root/ws_moveit/install/moveit_ros_move_group/lib:/root/ws_moveit/install/moveit_ros_warehouse/lib:/root/ws_moveit/install/moveit_ros_robot_interaction/lib:/root/ws_moveit/install/moveit_planners_ompl/lib:/root/ws_moveit/install/moveit_kinematics/lib:/root/ws_moveit/install/moveit_ros_planning/lib:/root/ws_moveit/install/moveit_simple_controller_manager/lib:/root/ws_moveit/install/moveit_ros_occupancy_map_monitor/lib:/root/ws_moveit/install/moveit_core/lib:/root/ws_moveit/install/srdfdom/lib:${LD_LIBRARY_PATH} PATH=/root/ws_moveit/install/moveit_core/bin:${PATH} PYTHONPATH=/root/ws_moveit/install/moveit_configs_utils/lib/python3.10/site-packages:/root/ws_moveit/install/srdfdom/local/lib/python3.10/dist-packages:/root/ws_moveit/install/launch_param_builder/lib/python3.10/site-packages:${PYTHONPATH} /usr/bin/cmake --build /root/ws_moveit/build/moveit_setup_assistant
[19.699s] Invoking command in '/root/ws_moveit/build/moveit_setup_assistant': AMENT_PREFIX_PATH=/root/ws_moveit/install/moveit_setup_srdf_plugins:/root/ws_moveit/install/moveit_setup_core_plugins:/root/ws_moveit/install/moveit_setup_controllers:/root/ws_moveit/install/moveit_setup_app_plugins:/root/ws_moveit/install/moveit_setup_framework:/root/ws_moveit/install/moveit_ros_visualization:/root/ws_moveit/install/moveit_ros_planning_interface:/root/ws_moveit/install/moveit_ros_move_group:/root/ws_moveit/install/moveit_ros_warehouse:/root/ws_moveit/install/moveit_ros_robot_interaction:/root/ws_moveit/install/moveit_planners_ompl:/root/ws_moveit/install/moveit_kinematics:/root/ws_moveit/install/moveit_ros_planning:/root/ws_moveit/install/moveit_simple_controller_manager:/root/ws_moveit/install/moveit_ros_occupancy_map_monitor:/root/ws_moveit/install/moveit_core:/root/ws_moveit/install/moveit_resources_panda_moveit_config:/root/ws_moveit/install/moveit_resources_fanuc_moveit_config:/root/ws_moveit/install/moveit_configs_utils:/root/ws_moveit/install/srdfdom:/root/ws_moveit/install/moveit_resources_pr2_description:/root/ws_moveit/install/moveit_resources_panda_description:/root/ws_moveit/install/moveit_resources_fanuc_description:/root/ws_moveit/install/moveit_common:/root/ws_moveit/install/launch_param_builder:${AMENT_PREFIX_PATH} CMAKE_PREFIX_PATH=/root/ws_moveit/install/moveit_setup_srdf_plugins:/root/ws_moveit/install/moveit_setup_core_plugins:/root/ws_moveit/install/moveit_setup_controllers:/root/ws_moveit/install/moveit_setup_app_plugins:/root/ws_moveit/install/moveit_setup_framework:/root/ws_moveit/install/moveit_ros_visualization:/root/ws_moveit/install/moveit_ros_planning_interface:/root/ws_moveit/install/moveit_ros_move_group:/root/ws_moveit/install/moveit_ros_warehouse:/root/ws_moveit/install/moveit_ros_robot_interaction:/root/ws_moveit/install/moveit_planners_ompl:/root/ws_moveit/install/moveit_kinematics:/root/ws_moveit/install/moveit_ros_planning:/root/ws_moveit/install/moveit_simple_controller_manager:/root/ws_moveit/install/moveit_ros_occupancy_map_monitor:/root/ws_moveit/install/moveit_core:/root/ws_moveit/install/moveit_resources_panda_moveit_config:/root/ws_moveit/install/moveit_resources_fanuc_moveit_config:/root/ws_moveit/install/srdfdom:/root/ws_moveit/install/moveit_resources_pr2_description:/root/ws_moveit/install/moveit_resources_panda_description:/root/ws_moveit/install/moveit_resources_fanuc_description:/root/ws_moveit/install/moveit_common:/opt/ros/humble LD_LIBRARY_PATH=/root/ws_moveit/install/moveit_setup_srdf_plugins/lib:/root/ws_moveit/install/moveit_setup_core_plugins/lib:/root/ws_moveit/install/moveit_setup_controllers/lib:/root/ws_moveit/install/moveit_setup_app_plugins/lib:/root/ws_moveit/install/moveit_setup_framework/lib:/root/ws_moveit/install/moveit_ros_visualization/lib:/root/ws_moveit/install/moveit_ros_planning_interface/lib:/root/ws_moveit/install/moveit_ros_move_group/lib:/root/ws_moveit/install/moveit_ros_warehouse/lib:/root/ws_moveit/install/moveit_ros_robot_interaction/lib:/root/ws_moveit/install/moveit_planners_ompl/lib:/root/ws_moveit/install/moveit_kinematics/lib:/root/ws_moveit/install/moveit_ros_planning/lib:/root/ws_moveit/install/moveit_simple_controller_manager/lib:/root/ws_moveit/install/moveit_ros_occupancy_map_monitor/lib:/root/ws_moveit/install/moveit_core/lib:/root/ws_moveit/install/srdfdom/lib:${LD_LIBRARY_PATH} PATH=/root/ws_moveit/install/moveit_core/bin:${PATH} PYTHONPATH=/root/ws_moveit/install/moveit_configs_utils/lib/python3.10/site-packages:/root/ws_moveit/install/srdfdom/local/lib/python3.10/dist-packages:/root/ws_moveit/install/launch_param_builder/lib/python3.10/site-packages:${PYTHONPATH} /usr/bin/cmake --install /root/ws_moveit/build/moveit_setup_assistant
[19.705s] -- Install configuration: "Release"
[19.705s] -- Installing: /root/ws_moveit/install/moveit_setup_assistant/lib/moveit_setup_assistant/moveit_setup_assistant
[19.706s] -- Set runtime path of "/root/ws_moveit/install/moveit_setup_assistant/lib/moveit_setup_assistant/moveit_setup_assistant" to ""
[19.706s] -- Installing: /root/ws_moveit/install/moveit_setup_assistant/lib/moveit_setup_assistant/collisions_updater
[19.706s] -- Set runtime path of "/root/ws_moveit/install/moveit_setup_assistant/lib/moveit_setup_assistant/collisions_updater" to ""
[19.706s] -- Installing: /root/ws_moveit/install/moveit_setup_assistant/include
[19.707s] -- Installing: /root/ws_moveit/install/moveit_setup_assistant/include/moveit_setup_assistant
[19.707s] -- Installing: /root/ws_moveit/install/moveit_setup_assistant/include/moveit_setup_assistant/navigation_widget.hpp
[19.707s] -- Installing: /root/ws_moveit/install/moveit_setup_assistant/include/moveit_setup_assistant/setup_assistant_widget.hpp
[19.707s] -- Installing: /root/ws_moveit/install/moveit_setup_assistant/share/moveit_setup_assistant/launch
[19.707s] -- Installing: /root/ws_moveit/install/moveit_setup_assistant/share/moveit_setup_assistant/launch/setup_assistant.launch.py
[19.707s] -- Installing: /root/ws_moveit/install/moveit_setup_assistant/share/moveit_setup_assistant/resources
[19.707s] -- Installing: /root/ws_moveit/install/moveit_setup_assistant/share/moveit_setup_assistant/resources/MoveIt_Setup_Assistant2.png
[19.707s] -- Installing: /root/ws_moveit/install/moveit_setup_assistant/share/moveit_setup_assistant/environment/library_path.sh
[19.707s] -- Installing: /root/ws_moveit/install/moveit_setup_assistant/share/moveit_setup_assistant/environment/library_path.dsv
[19.707s] -- Installing: /root/ws_moveit/install/moveit_setup_assistant/share/ament_index/resource_index/package_run_dependencies/moveit_setup_assistant
[19.707s] -- Installing: /root/ws_moveit/install/moveit_setup_assistant/share/ament_index/resource_index/parent_prefix_path/moveit_setup_assistant
[19.707s] -- Installing: /root/ws_moveit/install/moveit_setup_assistant/share/moveit_setup_assistant/environment/ament_prefix_path.sh
[19.707s] -- Installing: /root/ws_moveit/install/moveit_setup_assistant/share/moveit_setup_assistant/environment/ament_prefix_path.dsv
[19.707s] -- Installing: /root/ws_moveit/install/moveit_setup_assistant/share/moveit_setup_assistant/environment/path.sh
[19.708s] -- Installing: /root/ws_moveit/install/moveit_setup_assistant/share/moveit_setup_assistant/environment/path.dsv
[19.708s] -- Installing: /root/ws_moveit/install/moveit_setup_assistant/share/moveit_setup_assistant/local_setup.bash
[19.708s] -- Installing: /root/ws_moveit/install/moveit_setup_assistant/share/moveit_setup_assistant/local_setup.sh
[19.708s] -- Installing: /root/ws_moveit/install/moveit_setup_assistant/share/moveit_setup_assistant/local_setup.zsh
[19.708s] -- Installing: /root/ws_moveit/install/moveit_setup_assistant/share/moveit_setup_assistant/local_setup.dsv
[19.708s] -- Installing: /root/ws_moveit/install/moveit_setup_assistant/share/moveit_setup_assistant/package.dsv
[19.708s] -- Installing: /root/ws_moveit/install/moveit_setup_assistant/share/ament_index/resource_index/packages/moveit_setup_assistant
[19.708s] -- Installing: /root/ws_moveit/install/moveit_setup_assistant/share/moveit_setup_assistant/cmake/moveit_setup_assistantTargetsExport.cmake
[19.708s] -- Installing: /root/ws_moveit/install/moveit_setup_assistant/share/moveit_setup_assistant/cmake/moveit_setup_assistantTargetsExport-release.cmake
[19.708s] -- Installing: /root/ws_moveit/install/moveit_setup_assistant/share/moveit_setup_assistant/cmake/ament_cmake_export_include_directories-extras.cmake
[19.708s] -- Installing: /root/ws_moveit/install/moveit_setup_assistant/share/moveit_setup_assistant/cmake/ament_cmake_export_targets-extras.cmake
[19.708s] -- Installing: /root/ws_moveit/install/moveit_setup_assistant/share/moveit_setup_assistant/cmake/ament_cmake_export_dependencies-extras.cmake
[19.708s] -- Installing: /root/ws_moveit/install/moveit_setup_assistant/share/moveit_setup_assistant/cmake/moveit_setup_assistantConfig.cmake
[19.708s] -- Installing: /root/ws_moveit/install/moveit_setup_assistant/share/moveit_setup_assistant/cmake/moveit_setup_assistantConfig-version.cmake
[19.708s] -- Installing: /root/ws_moveit/install/moveit_setup_assistant/share/moveit_setup_assistant/package.xml
[19.709s] Invoked command in '/root/ws_moveit/build/moveit_setup_assistant' returned '0': AMENT_PREFIX_PATH=/root/ws_moveit/install/moveit_setup_srdf_plugins:/root/ws_moveit/install/moveit_setup_core_plugins:/root/ws_moveit/install/moveit_setup_controllers:/root/ws_moveit/install/moveit_setup_app_plugins:/root/ws_moveit/install/moveit_setup_framework:/root/ws_moveit/install/moveit_ros_visualization:/root/ws_moveit/install/moveit_ros_planning_interface:/root/ws_moveit/install/moveit_ros_move_group:/root/ws_moveit/install/moveit_ros_warehouse:/root/ws_moveit/install/moveit_ros_robot_interaction:/root/ws_moveit/install/moveit_planners_ompl:/root/ws_moveit/install/moveit_kinematics:/root/ws_moveit/install/moveit_ros_planning:/root/ws_moveit/install/moveit_simple_controller_manager:/root/ws_moveit/install/moveit_ros_occupancy_map_monitor:/root/ws_moveit/install/moveit_core:/root/ws_moveit/install/moveit_resources_panda_moveit_config:/root/ws_moveit/install/moveit_resources_fanuc_moveit_config:/root/ws_moveit/install/moveit_configs_utils:/root/ws_moveit/install/srdfdom:/root/ws_moveit/install/moveit_resources_pr2_description:/root/ws_moveit/install/moveit_resources_panda_description:/root/ws_moveit/install/moveit_resources_fanuc_description:/root/ws_moveit/install/moveit_common:/root/ws_moveit/install/launch_param_builder:${AMENT_PREFIX_PATH} CMAKE_PREFIX_PATH=/root/ws_moveit/install/moveit_setup_srdf_plugins:/root/ws_moveit/install/moveit_setup_core_plugins:/root/ws_moveit/install/moveit_setup_controllers:/root/ws_moveit/install/moveit_setup_app_plugins:/root/ws_moveit/install/moveit_setup_framework:/root/ws_moveit/install/moveit_ros_visualization:/root/ws_moveit/install/moveit_ros_planning_interface:/root/ws_moveit/install/moveit_ros_move_group:/root/ws_moveit/install/moveit_ros_warehouse:/root/ws_moveit/install/moveit_ros_robot_interaction:/root/ws_moveit/install/moveit_planners_ompl:/root/ws_moveit/install/moveit_kinematics:/root/ws_moveit/install/moveit_ros_planning:/root/ws_moveit/install/moveit_simple_controller_manager:/root/ws_moveit/install/moveit_ros_occupancy_map_monitor:/root/ws_moveit/install/moveit_core:/root/ws_moveit/install/moveit_resources_panda_moveit_config:/root/ws_moveit/install/moveit_resources_fanuc_moveit_config:/root/ws_moveit/install/srdfdom:/root/ws_moveit/install/moveit_resources_pr2_description:/root/ws_moveit/install/moveit_resources_panda_description:/root/ws_moveit/install/moveit_resources_fanuc_description:/root/ws_moveit/install/moveit_common:/opt/ros/humble LD_LIBRARY_PATH=/root/ws_moveit/install/moveit_setup_srdf_plugins/lib:/root/ws_moveit/install/moveit_setup_core_plugins/lib:/root/ws_moveit/install/moveit_setup_controllers/lib:/root/ws_moveit/install/moveit_setup_app_plugins/lib:/root/ws_moveit/install/moveit_setup_framework/lib:/root/ws_moveit/install/moveit_ros_visualization/lib:/root/ws_moveit/install/moveit_ros_planning_interface/lib:/root/ws_moveit/install/moveit_ros_move_group/lib:/root/ws_moveit/install/moveit_ros_warehouse/lib:/root/ws_moveit/install/moveit_ros_robot_interaction/lib:/root/ws_moveit/install/moveit_planners_ompl/lib:/root/ws_moveit/install/moveit_kinematics/lib:/root/ws_moveit/install/moveit_ros_planning/lib:/root/ws_moveit/install/moveit_simple_controller_manager/lib:/root/ws_moveit/install/moveit_ros_occupancy_map_monitor/lib:/root/ws_moveit/install/moveit_core/lib:/root/ws_moveit/install/srdfdom/lib:${LD_LIBRARY_PATH} PATH=/root/ws_moveit/install/moveit_core/bin:${PATH} PYTHONPATH=/root/ws_moveit/install/moveit_configs_utils/lib/python3.10/site-packages:/root/ws_moveit/install/srdfdom/local/lib/python3.10/dist-packages:/root/ws_moveit/install/launch_param_builder/lib/python3.10/site-packages:${PYTHONPATH} /usr/bin/cmake --install /root/ws_moveit/build/moveit_setup_assistant
