[0.064s] Invoking command in '/root/ws_moveit/build/pilz_industrial_motion_planner': AMENT_PREFIX_PATH=/root/ws_moveit/install/moveit_resources_prbt_pg70_support:/root/ws_moveit/install/moveit_ros_planning_interface:/root/ws_moveit/install/moveit_resources_prbt_moveit_config:/root/ws_moveit/install/moveit_ros_move_group:/root/ws_moveit/install/moveit_ros_warehouse:/root/ws_moveit/install/moveit_planners_ompl:/root/ws_moveit/install/moveit_kinematics:/root/ws_moveit/install/moveit_ros_planning:/root/ws_moveit/install/pilz_industrial_motion_planner_testutils:/root/ws_moveit/install/moveit_simple_controller_manager:/root/ws_moveit/install/moveit_ros_occupancy_map_monitor:/root/ws_moveit/install/moveit_resources_prbt_ikfast_manipulator_plugin:/root/ws_moveit/install/moveit_core:/root/ws_moveit/install/moveit_resources_panda_moveit_config:/root/ws_moveit/install/moveit_resources_fanuc_moveit_config:/root/ws_moveit/install/moveit_configs_utils:/root/ws_moveit/install/srdfdom:/root/ws_moveit/install/moveit_resources_prbt_support:/root/ws_moveit/install/moveit_resources_pr2_description:/root/ws_moveit/install/moveit_resources_panda_description:/root/ws_moveit/install/moveit_resources_fanuc_description:/root/ws_moveit/install/moveit_common:/root/ws_moveit/install/launch_param_builder:${AMENT_PREFIX_PATH} CMAKE_PREFIX_PATH=/root/ws_moveit/install/moveit_resources_prbt_pg70_support:/root/ws_moveit/install/moveit_ros_planning_interface:/root/ws_moveit/install/moveit_resources_prbt_moveit_config:/root/ws_moveit/install/moveit_ros_move_group:/root/ws_moveit/install/moveit_ros_warehouse:/root/ws_moveit/install/moveit_planners_ompl:/root/ws_moveit/install/moveit_kinematics:/root/ws_moveit/install/moveit_ros_planning:/root/ws_moveit/install/pilz_industrial_motion_planner_testutils:/root/ws_moveit/install/moveit_simple_controller_manager:/root/ws_moveit/install/moveit_ros_occupancy_map_monitor:/root/ws_moveit/install/moveit_resources_prbt_ikfast_manipulator_plugin:/root/ws_moveit/install/moveit_core:/root/ws_moveit/install/moveit_resources_panda_moveit_config:/root/ws_moveit/install/moveit_resources_fanuc_moveit_config:/root/ws_moveit/install/srdfdom:/root/ws_moveit/install/moveit_resources_prbt_support:/root/ws_moveit/install/moveit_resources_pr2_description:/root/ws_moveit/install/moveit_resources_panda_description:/root/ws_moveit/install/moveit_resources_fanuc_description:/root/ws_moveit/install/moveit_common:/opt/ros/humble LD_LIBRARY_PATH=/root/ws_moveit/install/moveit_ros_planning_interface/lib:/root/ws_moveit/install/moveit_ros_move_group/lib:/root/ws_moveit/install/moveit_ros_warehouse/lib:/root/ws_moveit/install/moveit_planners_ompl/lib:/root/ws_moveit/install/moveit_kinematics/lib:/root/ws_moveit/install/moveit_ros_planning/lib:/root/ws_moveit/install/pilz_industrial_motion_planner_testutils/lib:/root/ws_moveit/install/moveit_simple_controller_manager/lib:/root/ws_moveit/install/moveit_ros_occupancy_map_monitor/lib:/root/ws_moveit/install/moveit_resources_prbt_ikfast_manipulator_plugin/lib:/root/ws_moveit/install/moveit_core/lib:/root/ws_moveit/install/srdfdom/lib:${LD_LIBRARY_PATH} PATH=/root/ws_moveit/install/moveit_core/bin:${PATH} PYTHONPATH=/root/ws_moveit/install/moveit_configs_utils/lib/python3.10/site-packages:/root/ws_moveit/install/srdfdom/local/lib/python3.10/dist-packages:/root/ws_moveit/install/launch_param_builder/lib/python3.10/site-packages:${PYTHONPATH} /usr/bin/cmake /root/ws_moveit/src/moveit2/moveit_planners/pilz_industrial_motion_planner -DCMAKE_INSTALL_PREFIX=/root/ws_moveit/install/pilz_industrial_motion_planner
[0.148s] -- The C compiler identification is GNU 11.4.0
[0.219s] -- The CXX compiler identification is GNU 11.4.0
[0.223s] -- Detecting C compiler ABI info
[0.314s] -- Detecting C compiler ABI info - done
[0.322s] -- Check for working C compiler: /usr/bin/cc - skipped
[0.323s] -- Detecting C compile features
[0.323s] -- Detecting C compile features - done
[0.326s] -- Detecting CXX compiler ABI info
[0.429s] -- Detecting CXX compiler ABI info - done
[0.433s] -- Check for working CXX compiler: /usr/bin/c++ - skipped
[0.433s] -- Detecting CXX compile features
[0.433s] -- Detecting CXX compile features - done
[0.435s] -- Found moveit_common: 2.5.9 (/root/ws_moveit/install/moveit_common/share/moveit_common/cmake)
[0.437s] -- Found ament_cmake: 1.3.11 (/opt/ros/humble/share/ament_cmake/cmake)
[0.553s] -- Found Python3: /usr/bin/python3 (found version "3.10.12") found components: Interpreter 
[0.645s] [0mpilz_industrial_motion_planner: You did not request a specific build type: Choosing 'Release' for maximum performance[0m
[0.646s] -- Found eigen3_cmake_module: 0.1.1 (/opt/ros/humble/share/eigen3_cmake_module/cmake)
[0.651s] -- Found Eigen3: TRUE (found version "3.4.0") 
[0.652s] -- Found geometry_msgs: 4.9.0 (/opt/ros/humble/share/geometry_msgs/cmake)
[0.679s] -- Found rosidl_generator_c: 3.1.6 (/opt/ros/humble/share/rosidl_generator_c/cmake)
[0.683s] -- Found rosidl_adapter: 3.1.6 (/opt/ros/humble/share/rosidl_adapter/cmake)
[0.688s] -- Found rosidl_generator_cpp: 3.1.6 (/opt/ros/humble/share/rosidl_generator_cpp/cmake)
[0.696s] -- Using all available rosidl_typesupport_c: rosidl_typesupport_fastrtps_c;rosidl_typesupport_introspection_c
[0.707s] -- Using all available rosidl_typesupport_cpp: rosidl_typesupport_fastrtps_cpp;rosidl_typesupport_introspection_cpp
[0.728s] -- Found moveit_core: 2.5.9 (/root/ws_moveit/install/moveit_core/share/moveit_core/cmake)
[0.929s] -- Found Boost: /usr/lib/x86_64-linux-gnu/cmake/Boost-1.74.0/BoostConfig.cmake (found version "1.74.0") found components: chrono date_time filesystem iostreams program_options regex serialization system thread 
[0.955s] -- Found parameter_traits: 0.5.0 (/opt/ros/humble/share/parameter_traits/cmake)
[0.984s] -- Found rmw_implementation_cmake: 6.1.2 (/opt/ros/humble/share/rmw_implementation_cmake/cmake)
[0.987s] -- Found rmw_fastrtps_cpp: 6.2.7 (/opt/ros/humble/share/rmw_fastrtps_cpp/cmake)
[1.080s] -- Found OpenSSL: /usr/lib/x86_64-linux-gnu/libcrypto.so (found version "3.0.2")  
[1.103s] -- Found FastRTPS: /opt/ros/humble/include  
[1.134s] -- Using RMW implementation 'rmw_fastrtps_cpp' as default
[1.141s] -- Found Threads: TRUE  
[1.169s] -- Found rclcpp_lifecycle: 16.0.12 (/opt/ros/humble/share/rclcpp_lifecycle/cmake)
[1.183s] -- Found Boost: /usr/lib/x86_64-linux-gnu/cmake/Boost-1.74.0/BoostConfig.cmake (found version "1.74.0") found components: filesystem 
[1.301s] -- library: /usr/lib/x86_64-linux-gnu/libcurl.so
[1.344s] -- Ensuring Eigen3 include directory is part of orocos-kdl CMake target
[1.481s] -- Found moveit_ros_move_group: 2.5.9 (/root/ws_moveit/install/moveit_ros_move_group/share/moveit_ros_move_group/cmake)
[1.484s] -- Found Boost: /usr/lib/x86_64-linux-gnu/cmake/Boost-1.74.0/BoostConfig.cmake (found version "1.74.0") found components: system filesystem date_time program_options thread 
[1.501s] -- Found Boost: /usr/lib/x86_64-linux-gnu/cmake/Boost-1.74.0/BoostConfig.cmake (found version "1.74.0") found components: system filesystem date_time program_options thread chrono 
[1.509s] -- Found moveit_ros_planning_interface: 2.5.9 (/root/ws_moveit/install/moveit_ros_planning_interface/share/moveit_ros_planning_interface/cmake)
[1.512s] -- Found Boost: /usr/lib/x86_64-linux-gnu/cmake/Boost-1.74.0/BoostConfig.cmake (found version "1.74.0") found components: date_time filesystem program_options system thread 
[1.518s] -- Found Boost: /usr/lib/x86_64-linux-gnu/cmake/Boost-1.74.0/BoostConfig.cmake (found version "1.74.0") found components: thread system filesystem regex date_time program_options 
[1.532s] -- Found tf2_eigen_kdl: 0.25.13 (/opt/ros/humble/share/tf2_eigen_kdl/cmake)
[1.536s] -- Found Boost: /usr/lib/x86_64-linux-gnu/cmake/Boost-1.74.0/BoostConfig.cmake (found version "1.74.0")  
[1.588s] -- Found ament_cmake_gtest: 1.3.11 (/opt/ros/humble/share/ament_cmake_gtest/cmake)
[1.590s] -- Found ament_cmake_gmock: 1.3.11 (/opt/ros/humble/share/ament_cmake_gmock/cmake)
[1.591s] -- Found ros_testing: 0.4.0 (/opt/ros/humble/share/ros_testing/cmake)
[1.593s] -- Found launch_testing_ament_cmake: 1.0.9 (/opt/ros/humble/share/launch_testing_ament_cmake/cmake)
[1.595s] -- Found python_cmake_module: 0.10.0 (/opt/ros/humble/share/python_cmake_module/cmake)
[1.606s] -- Found PythonInterp: /usr/bin/python3 (found suitable version "3.10.12", minimum required is "3.6") 
[1.608s] -- Found PythonLibs: /usr/lib/x86_64-linux-gnu/libpython3.10.so (found suitable version "3.10.12", minimum required is "3.5") 
[1.608s] -- Using PYTHON_EXECUTABLE: /usr/bin/python3
[1.608s] -- Using PYTHON_INCLUDE_DIRS: /usr/include/python3.10
[1.608s] -- Using PYTHON_LIBRARIES: /usr/lib/x86_64-linux-gnu/libpython3.10.so
[1.622s] -- Found PythonExtra: .so  
[1.623s] -- Found moveit_resources_prbt_support: 2.5.9 (/root/ws_moveit/install/moveit_resources_prbt_support/share/moveit_resources_prbt_support/cmake)
[1.623s] -- Found moveit_resources_prbt_moveit_config: 2.5.9 (/root/ws_moveit/install/moveit_resources_prbt_moveit_config/share/moveit_resources_prbt_moveit_config/cmake)
[1.625s] -- Found Boost: /usr/lib/x86_64-linux-gnu/cmake/Boost-1.74.0/BoostConfig.cmake (found version "1.74.0") found components: thread 
[1.626s] -- Found pilz_industrial_motion_planner_testutils: 2.5.9 (/root/ws_moveit/install/pilz_industrial_motion_planner_testutils/share/pilz_industrial_motion_planner_testutils/cmake)
[1.638s] -- Found gtest sources under '/opt/ros/humble/src/gtest_vendor': C++ tests using 'Google Test' will be built
[1.659s] -- Found gmock sources under '/opt/ros/humble/src/gmock_vendor': C++ tests using 'Google Mock' will be built
[1.663s] -- Found ament_lint_auto: 0.12.12 (/opt/ros/humble/share/ament_lint_auto/cmake)
[1.693s] -- Found launch_testing_ament_cmake: 1.0.9 (/opt/ros/humble/share/launch_testing_ament_cmake/cmake)
[1.693s] -- Found python_cmake_module: 0.10.0 (/opt/ros/humble/share/python_cmake_module/cmake)
[1.705s] -- Using PYTHON_EXECUTABLE: /usr/bin/python3
[1.705s] -- Using PYTHON_INCLUDE_DIRS: /usr/include/python3.10
[1.705s] -- Using PYTHON_LIBRARIES: /usr/lib/x86_64-linux-gnu/libpython3.10.so
[1.711s] -- Added test 'cppcheck' to perform static code analysis on C / C++ code
[1.712s] -- Configured cppcheck include dirs: /root/ws_moveit/src/moveit2/moveit_planners/pilz_industrial_motion_planner/include
[1.712s] -- Configured cppcheck exclude dirs and/or files: 
[1.713s] -- Added test 'pep257' to check Python code against some of the docstring style conventions in PEP 257
[1.714s] -- Added test 'xmllint' to check XML markup files
[1.715s] -- Configuring done
[1.908s] -- Generating done
[1.967s] -- Build files have been written to: /root/ws_moveit/build/pilz_industrial_motion_planner
[1.980s] Invoked command in '/root/ws_moveit/build/pilz_industrial_motion_planner' returned '0': AMENT_PREFIX_PATH=/root/ws_moveit/install/moveit_resources_prbt_pg70_support:/root/ws_moveit/install/moveit_ros_planning_interface:/root/ws_moveit/install/moveit_resources_prbt_moveit_config:/root/ws_moveit/install/moveit_ros_move_group:/root/ws_moveit/install/moveit_ros_warehouse:/root/ws_moveit/install/moveit_planners_ompl:/root/ws_moveit/install/moveit_kinematics:/root/ws_moveit/install/moveit_ros_planning:/root/ws_moveit/install/pilz_industrial_motion_planner_testutils:/root/ws_moveit/install/moveit_simple_controller_manager:/root/ws_moveit/install/moveit_ros_occupancy_map_monitor:/root/ws_moveit/install/moveit_resources_prbt_ikfast_manipulator_plugin:/root/ws_moveit/install/moveit_core:/root/ws_moveit/install/moveit_resources_panda_moveit_config:/root/ws_moveit/install/moveit_resources_fanuc_moveit_config:/root/ws_moveit/install/moveit_configs_utils:/root/ws_moveit/install/srdfdom:/root/ws_moveit/install/moveit_resources_prbt_support:/root/ws_moveit/install/moveit_resources_pr2_description:/root/ws_moveit/install/moveit_resources_panda_description:/root/ws_moveit/install/moveit_resources_fanuc_description:/root/ws_moveit/install/moveit_common:/root/ws_moveit/install/launch_param_builder:${AMENT_PREFIX_PATH} CMAKE_PREFIX_PATH=/root/ws_moveit/install/moveit_resources_prbt_pg70_support:/root/ws_moveit/install/moveit_ros_planning_interface:/root/ws_moveit/install/moveit_resources_prbt_moveit_config:/root/ws_moveit/install/moveit_ros_move_group:/root/ws_moveit/install/moveit_ros_warehouse:/root/ws_moveit/install/moveit_planners_ompl:/root/ws_moveit/install/moveit_kinematics:/root/ws_moveit/install/moveit_ros_planning:/root/ws_moveit/install/pilz_industrial_motion_planner_testutils:/root/ws_moveit/install/moveit_simple_controller_manager:/root/ws_moveit/install/moveit_ros_occupancy_map_monitor:/root/ws_moveit/install/moveit_resources_prbt_ikfast_manipulator_plugin:/root/ws_moveit/install/moveit_core:/root/ws_moveit/install/moveit_resources_panda_moveit_config:/root/ws_moveit/install/moveit_resources_fanuc_moveit_config:/root/ws_moveit/install/srdfdom:/root/ws_moveit/install/moveit_resources_prbt_support:/root/ws_moveit/install/moveit_resources_pr2_description:/root/ws_moveit/install/moveit_resources_panda_description:/root/ws_moveit/install/moveit_resources_fanuc_description:/root/ws_moveit/install/moveit_common:/opt/ros/humble LD_LIBRARY_PATH=/root/ws_moveit/install/moveit_ros_planning_interface/lib:/root/ws_moveit/install/moveit_ros_move_group/lib:/root/ws_moveit/install/moveit_ros_warehouse/lib:/root/ws_moveit/install/moveit_planners_ompl/lib:/root/ws_moveit/install/moveit_kinematics/lib:/root/ws_moveit/install/moveit_ros_planning/lib:/root/ws_moveit/install/pilz_industrial_motion_planner_testutils/lib:/root/ws_moveit/install/moveit_simple_controller_manager/lib:/root/ws_moveit/install/moveit_ros_occupancy_map_monitor/lib:/root/ws_moveit/install/moveit_resources_prbt_ikfast_manipulator_plugin/lib:/root/ws_moveit/install/moveit_core/lib:/root/ws_moveit/install/srdfdom/lib:${LD_LIBRARY_PATH} PATH=/root/ws_moveit/install/moveit_core/bin:${PATH} PYTHONPATH=/root/ws_moveit/install/moveit_configs_utils/lib/python3.10/site-packages:/root/ws_moveit/install/srdfdom/local/lib/python3.10/dist-packages:/root/ws_moveit/install/launch_param_builder/lib/python3.10/site-packages:${PYTHONPATH} /usr/bin/cmake /root/ws_moveit/src/moveit2/moveit_planners/pilz_industrial_motion_planner -DCMAKE_INSTALL_PREFIX=/root/ws_moveit/install/pilz_industrial_motion_planner
[1.980s] Invoking command in '/root/ws_moveit/build/pilz_industrial_motion_planner': AMENT_PREFIX_PATH=/root/ws_moveit/install/moveit_resources_prbt_pg70_support:/root/ws_moveit/install/moveit_ros_planning_interface:/root/ws_moveit/install/moveit_resources_prbt_moveit_config:/root/ws_moveit/install/moveit_ros_move_group:/root/ws_moveit/install/moveit_ros_warehouse:/root/ws_moveit/install/moveit_planners_ompl:/root/ws_moveit/install/moveit_kinematics:/root/ws_moveit/install/moveit_ros_planning:/root/ws_moveit/install/pilz_industrial_motion_planner_testutils:/root/ws_moveit/install/moveit_simple_controller_manager:/root/ws_moveit/install/moveit_ros_occupancy_map_monitor:/root/ws_moveit/install/moveit_resources_prbt_ikfast_manipulator_plugin:/root/ws_moveit/install/moveit_core:/root/ws_moveit/install/moveit_resources_panda_moveit_config:/root/ws_moveit/install/moveit_resources_fanuc_moveit_config:/root/ws_moveit/install/moveit_configs_utils:/root/ws_moveit/install/srdfdom:/root/ws_moveit/install/moveit_resources_prbt_support:/root/ws_moveit/install/moveit_resources_pr2_description:/root/ws_moveit/install/moveit_resources_panda_description:/root/ws_moveit/install/moveit_resources_fanuc_description:/root/ws_moveit/install/moveit_common:/root/ws_moveit/install/launch_param_builder:${AMENT_PREFIX_PATH} CMAKE_PREFIX_PATH=/root/ws_moveit/install/moveit_resources_prbt_pg70_support:/root/ws_moveit/install/moveit_ros_planning_interface:/root/ws_moveit/install/moveit_resources_prbt_moveit_config:/root/ws_moveit/install/moveit_ros_move_group:/root/ws_moveit/install/moveit_ros_warehouse:/root/ws_moveit/install/moveit_planners_ompl:/root/ws_moveit/install/moveit_kinematics:/root/ws_moveit/install/moveit_ros_planning:/root/ws_moveit/install/pilz_industrial_motion_planner_testutils:/root/ws_moveit/install/moveit_simple_controller_manager:/root/ws_moveit/install/moveit_ros_occupancy_map_monitor:/root/ws_moveit/install/moveit_resources_prbt_ikfast_manipulator_plugin:/root/ws_moveit/install/moveit_core:/root/ws_moveit/install/moveit_resources_panda_moveit_config:/root/ws_moveit/install/moveit_resources_fanuc_moveit_config:/root/ws_moveit/install/srdfdom:/root/ws_moveit/install/moveit_resources_prbt_support:/root/ws_moveit/install/moveit_resources_pr2_description:/root/ws_moveit/install/moveit_resources_panda_description:/root/ws_moveit/install/moveit_resources_fanuc_description:/root/ws_moveit/install/moveit_common:/opt/ros/humble LD_LIBRARY_PATH=/root/ws_moveit/install/moveit_ros_planning_interface/lib:/root/ws_moveit/install/moveit_ros_move_group/lib:/root/ws_moveit/install/moveit_ros_warehouse/lib:/root/ws_moveit/install/moveit_planners_ompl/lib:/root/ws_moveit/install/moveit_kinematics/lib:/root/ws_moveit/install/moveit_ros_planning/lib:/root/ws_moveit/install/pilz_industrial_motion_planner_testutils/lib:/root/ws_moveit/install/moveit_simple_controller_manager/lib:/root/ws_moveit/install/moveit_ros_occupancy_map_monitor/lib:/root/ws_moveit/install/moveit_resources_prbt_ikfast_manipulator_plugin/lib:/root/ws_moveit/install/moveit_core/lib:/root/ws_moveit/install/srdfdom/lib:${LD_LIBRARY_PATH} PATH=/root/ws_moveit/install/moveit_core/bin:${PATH} PYTHONPATH=/root/ws_moveit/install/moveit_configs_utils/lib/python3.10/site-packages:/root/ws_moveit/install/srdfdom/local/lib/python3.10/dist-packages:/root/ws_moveit/install/launch_param_builder/lib/python3.10/site-packages:${PYTHONPATH} /usr/bin/cmake --build /root/ws_moveit/build/pilz_industrial_motion_planner
[2.036s] [  1%] [32mBuilding CXX object CMakeFiles/planning_context_loader_base.dir/src/planning_context_loader.cpp.o[0m
[2.037s] [  2%] [32mBuilding CXX object CMakeFiles/joint_limits_common.dir/src/joint_limits_aggregator.cpp.o[0m
[4.919s] [  3%] [32m[1mLinking CXX shared library libplanning_context_loader_base.so[0m
[5.611s] [  4%] [32mBuilding CXX object CMakeFiles/joint_limits_common.dir/src/joint_limits_container.cpp.o[0m
[6.059s] [  6%] [32mBuilding CXX object CMakeFiles/joint_limits_common.dir/src/joint_limits_validator.cpp.o[0m
[8.310s] [  7%] [32mBuilding CXX object CMakeFiles/joint_limits_common.dir/src/limits_container.cpp.o[0m
[8.583s] [  8%] [32mBuilding CXX object CMakeFiles/joint_limits_common.dir/src/cartesian_limit.cpp.o[0m
[8.608s] [  9%] [32mBuilding CXX object CMakeFiles/joint_limits_common.dir/src/cartesian_limits_aggregator.cpp.o[0m
[9.953s] [ 10%] [32m[1mLinking CXX shared library libjoint_limits_common.so[0m
[10.713s] [ 10%] Built target joint_limits_common
[10.729s] [ 12%] [32mBuilding CXX object CMakeFiles/trajectory_generation_common.dir/src/trajectory_functions.cpp.o[0m
[12.327s] [ 12%] Built target planning_context_loader_base
[12.342s] [ 13%] [32mBuilding CXX object gtest/CMakeFiles/gtest_main.dir/src/gtest_main.cc.o[0m
[12.734s] [ 14%] [32m[1mLinking CXX static library libgtest_main.a[0m
[12.757s] [ 14%] Built target gtest_main
[12.773s] [ 15%] [32mBuilding CXX object gtest/CMakeFiles/gtest.dir/src/gtest-all.cc.o[0m
[15.222s] [ 16%] [32mBuilding CXX object CMakeFiles/trajectory_generation_common.dir/src/trajectory_generator.cpp.o[0m
[16.312s] [ 18%] [32m[1mLinking CXX static library libgtest.a[0m
[16.338s] [ 18%] Built target gtest
[16.350s] [ 19%] [32mBuilding CXX object gmock/CMakeFiles/gmock_main.dir/src/gmock_main.cc.o[0m
[16.863s] [ 20%] [32m[1mLinking CXX static library libgmock_main.a[0m
[16.885s] [ 20%] Built target gmock_main
[16.897s] [ 21%] [32mBuilding CXX object gmock/CMakeFiles/gmock.dir/opt/ros/humble/src/gtest_vendor/src/gtest-all.cc.o[0m
[19.577s] [ 22%] [32mBuilding CXX object CMakeFiles/trajectory_generation_common.dir/src/trajectory_blender_transition_window.cpp.o[0m
[20.458s] [ 24%] [32mBuilding CXX object gmock/CMakeFiles/gmock.dir/src/gmock-all.cc.o[0m
[21.845s] [ 25%] [32m[1mLinking CXX static library libgmock.a[0m
[21.871s] [ 25%] Built target gmock
[21.886s] [ 26%] [32mBuilding CXX object CMakeFiles/pilz_industrial_motion_planner.dir/src/pilz_industrial_motion_planner.cpp.o[0m
[23.926s] [ 27%] [32m[1mLinking CXX shared library libtrajectory_generation_common.so[0m
[24.050s] [ 27%] Built target trajectory_generation_common
[24.066s] [ 28%] [32mBuilding CXX object test/unit_tests/CMakeFiles/unittest_joint_limit.dir/src/unittest_joint_limit.cpp.o[0m
[26.072s] [ 30%] [32m[1mLinking CXX executable unittest_joint_limit[0m
[26.222s] [ 30%] Built target unittest_joint_limit
[26.238s] [ 31%] [32mBuilding CXX object test/unit_tests/CMakeFiles/unittest_joint_limits_aggregator.dir/src/unittest_joint_limits_aggregator.cpp.o[0m
[27.602s] [ 32%] [32m[1mLinking CXX shared library libpilz_industrial_motion_planner.so[0m
[27.721s] [ 32%] Built target pilz_industrial_motion_planner
[27.736s] [ 33%] [32mBuilding CXX object test/unit_tests/CMakeFiles/unittest_joint_limits_container.dir/src/unittest_joint_limits_container.cpp.o[0m
[28.446s] [ 34%] [32m[1mLinking CXX executable unittest_joint_limits_container[0m
[28.564s] [ 34%] Built target unittest_joint_limits_container
[28.579s] [ 36%] [32mBuilding CXX object test/unit_tests/CMakeFiles/unittest_joint_limits_validator.dir/src/unittest_joint_limits_validator.cpp.o[0m
[29.548s] [ 37%] [32m[1mLinking CXX executable unittest_joint_limits_validator[0m
[29.665s] [ 37%] Built target unittest_joint_limits_validator
[29.682s] [ 38%] [32mBuilding CXX object test/unit_tests/CMakeFiles/unittest_cartesian_limits_aggregator.dir/src/unittest_cartesian_limits_aggregator.cpp.o[0m
[29.744s] [ 39%] [32m[1mLinking CXX executable unittest_joint_limits_aggregator[0m
[29.898s] [ 39%] Built target unittest_joint_limits_aggregator
[29.916s] [ 40%] [32mBuilding CXX object test/unit_tests/CMakeFiles/unittest_get_solver_tip_frame.dir/src/unittest_get_solver_tip_frame.cpp.o[0m
[31.379s] [ 42%] [32m[1mLinking CXX executable unittest_cartesian_limits_aggregator[0m
[31.526s] [ 42%] Built target unittest_cartesian_limits_aggregator
[31.542s] [ 43%] [32mBuilding CXX object CMakeFiles/command_list_manager.dir/src/command_list_manager.cpp.o[0m
[32.993s] [ 44%] [32m[1mLinking CXX executable unittest_get_solver_tip_frame[0m
[34.924s] [ 44%] Built target unittest_get_solver_tip_frame
[34.940s] [ 45%] [32mBuilding CXX object CMakeFiles/planning_context_loader_ptp.dir/src/planning_context_loader_ptp.cpp.o[0m
[35.930s] [ 46%] [32mBuilding CXX object CMakeFiles/command_list_manager.dir/src/plan_components_builder.cpp.o[0m
[38.325s] [ 48%] [32mBuilding CXX object CMakeFiles/planning_context_loader_ptp.dir/src/trajectory_generator_ptp.cpp.o[0m
[39.129s] [ 49%] [32m[1mLinking CXX shared library libcommand_list_manager.so[0m
[39.236s] [ 49%] Built target command_list_manager
[39.251s] [ 50%] [32mBuilding CXX object CMakeFiles/planning_context_loader_lin.dir/src/planning_context_loader_lin.cpp.o[0m
[42.631s] [ 51%] [32mBuilding CXX object CMakeFiles/planning_context_loader_lin.dir/src/trajectory_generator_lin.cpp.o[0m
[42.706s] [ 53%] [32mBuilding CXX object CMakeFiles/planning_context_loader_ptp.dir/src/velocity_profile_atrap.cpp.o[0m
[42.988s] [ 54%] [32m[1mLinking CXX shared library libplanning_context_loader_ptp.so[0m
[43.113s] [ 54%] Built target planning_context_loader_ptp
[43.128s] [ 55%] [32mBuilding CXX object CMakeFiles/planning_context_loader_circ.dir/src/planning_context_loader_circ.cpp.o[0m
[46.536s] [ 56%] [32mBuilding CXX object CMakeFiles/planning_context_loader_circ.dir/src/trajectory_generator_circ.cpp.o[0m
[46.711s] [ 57%] [32mBuilding CXX object CMakeFiles/planning_context_loader_lin.dir/src/velocity_profile_atrap.cpp.o[0m
[46.989s] [ 59%] [32m[1mLinking CXX shared library libplanning_context_loader_lin.so[0m
[47.116s] [ 59%] Built target planning_context_loader_lin
[47.134s] [ 60%] [32mBuilding CXX object CMakeFiles/sequence_capability.dir/src/move_group_sequence_action.cpp.o[0m
[50.646s] [ 61%] [32mBuilding CXX object CMakeFiles/planning_context_loader_circ.dir/src/path_circle_generator.cpp.o[0m
[51.166s] [ 62%] [32m[1mLinking CXX shared library libplanning_context_loader_circ.so[0m
[51.294s] [ 62%] Built target planning_context_loader_circ
[51.308s] [ 63%] [32mBuilding CXX object test/CMakeFiles/pilz_industrial_motion_planner_test_utils.dir/test_utils.cpp.o[0m
[53.324s] [ 65%] [32mBuilding CXX object CMakeFiles/sequence_capability.dir/src/move_group_sequence_service.cpp.o[0m
[57.938s] [ 66%] [32m[1mLinking CXX static library libpilz_industrial_motion_planner_test_utils.a[0m
[57.960s] [ 66%] Built target pilz_industrial_motion_planner_test_utils
[57.973s] [ 67%] [32mBuilding CXX object test/unit_tests/CMakeFiles/unittest_pilz_industrial_motion_planner_direct.dir/src/unittest_pilz_industrial_motion_planner_direct.cpp.o[0m
[58.628s] [ 68%] [32m[1mLinking CXX shared library libsequence_capability.so[0m
[58.769s] [ 68%] Built target sequence_capability
[58.786s] [ 69%] [32mBuilding CXX object test/unit_tests/CMakeFiles/unittest_velocity_profile_atrap.dir/src/unittest_velocity_profile_atrap.cpp.o[0m
[60.143s] [ 71%] [32mBuilding CXX object test/unit_tests/CMakeFiles/unittest_velocity_profile_atrap.dir/__/__/src/velocity_profile_atrap.cpp.o[0m
[60.428s] [ 72%] [32m[1mLinking CXX executable unittest_velocity_profile_atrap[0m
[62.238s] [ 72%] Built target unittest_velocity_profile_atrap
[62.255s] [ 73%] [32mBuilding CXX object test/unit_tests/CMakeFiles/unittest_trajectory_generator.dir/src/unittest_trajectory_generator.cpp.o[0m
[63.759s] [ 74%] [32m[1mLinking CXX executable unittest_pilz_industrial_motion_planner_direct[0m
[63.913s] [ 74%] Built target unittest_pilz_industrial_motion_planner_direct
[63.930s] [ 75%] [32mBuilding CXX object test/unit_tests/CMakeFiles/unittest_trajectory_functions.dir/src/unittest_trajectory_functions.cpp.o[0m
[66.231s] [ 77%] [32mBuilding CXX object test/unit_tests/CMakeFiles/unittest_trajectory_generator.dir/__/__/src/trajectory_generator.cpp.o[0m
[69.895s] [ 78%] [32m[1mLinking CXX executable unittest_trajectory_functions[0m
[70.081s] [ 78%] Built target unittest_trajectory_functions
[70.098s] [ 79%] [32mBuilding CXX object test/unit_tests/CMakeFiles/unittest_trajectory_blender_transition_window.dir/src/unittest_trajectory_blender_transition_window.cpp.o[0m
[70.616s] [ 80%] [32m[1mLinking CXX executable unittest_trajectory_generator[0m
[70.798s] [ 80%] Built target unittest_trajectory_generator
[70.813s] [ 81%] [32mBuilding CXX object test/unit_tests/CMakeFiles/unittest_trajectory_generator_common.dir/src/unittest_trajectory_generator_common.cpp.o[0m
[76.254s] [ 83%] [32mBuilding CXX object test/unit_tests/CMakeFiles/unittest_trajectory_blender_transition_window.dir/__/__/src/trajectory_blender_transition_window.cpp.o[0m
[79.150s] [ 84%] [32m[1mLinking CXX executable unittest_trajectory_generator_common[0m
[79.355s] [ 84%] Built target unittest_trajectory_generator_common
[79.373s] [ 85%] [32mBuilding CXX object test/unit_tests/CMakeFiles/unittest_trajectory_generator_circ.dir/src/unittest_trajectory_generator_circ.cpp.o[0m
[80.634s] [ 86%] [32m[1mLinking CXX executable unittest_trajectory_blender_transition_window[0m
[80.819s] [ 86%] Built target unittest_trajectory_blender_transition_window
[80.837s] [ 87%] [32mBuilding CXX object test/unit_tests/CMakeFiles/unittest_trajectory_generator_lin.dir/src/unittest_trajectory_generator_lin.cpp.o[0m
[86.078s] [ 89%] [32m[1mLinking CXX executable unittest_trajectory_generator_circ[0m
[86.221s] [ 90%] [32m[1mLinking CXX executable unittest_trajectory_generator_lin[0m
[86.269s] [ 90%] Built target unittest_trajectory_generator_circ
[86.283s] [ 91%] [32mBuilding CXX object test/unit_tests/CMakeFiles/unittest_trajectory_generator_ptp.dir/src/unittest_trajectory_generator_ptp.cpp.o[0m
[86.404s] [ 91%] Built target unittest_trajectory_generator_lin
[86.419s] [ 92%] [32mBuilding CXX object test/unit_tests/CMakeFiles/unittest_pilz_industrial_motion_planner.dir/src/unittest_pilz_industrial_motion_planner.cpp.o[0m
[92.569s] [ 93%] [32m[1mLinking CXX executable unittest_trajectory_generator_ptp[0m
[92.752s] [ 93%] Built target unittest_trajectory_generator_ptp
[92.768s] [ 95%] [32mBuilding CXX object test/unit_tests/CMakeFiles/unittest_planning_context_loaders.dir/src/unittest_planning_context_loaders.cpp.o[0m
[93.551s] [ 96%] [32m[1mLinking CXX executable unittest_pilz_industrial_motion_planner[0m
[93.714s] [ 96%] Built target unittest_pilz_industrial_motion_planner
[93.729s] [ 97%] [32mBuilding CXX object test/unit_tests/CMakeFiles/unittest_planning_context.dir/src/unittest_planning_context.cpp.o[0m
[99.594s] [ 98%] [32m[1mLinking CXX executable unittest_planning_context_loaders[0m
[99.772s] [ 98%] Built target unittest_planning_context_loaders
[100.120s] [100%] [32m[1mLinking CXX executable unittest_planning_context[0m
[100.307s] [100%] Built target unittest_planning_context
[100.316s] Invoked command in '/root/ws_moveit/build/pilz_industrial_motion_planner' returned '0': AMENT_PREFIX_PATH=/root/ws_moveit/install/moveit_resources_prbt_pg70_support:/root/ws_moveit/install/moveit_ros_planning_interface:/root/ws_moveit/install/moveit_resources_prbt_moveit_config:/root/ws_moveit/install/moveit_ros_move_group:/root/ws_moveit/install/moveit_ros_warehouse:/root/ws_moveit/install/moveit_planners_ompl:/root/ws_moveit/install/moveit_kinematics:/root/ws_moveit/install/moveit_ros_planning:/root/ws_moveit/install/pilz_industrial_motion_planner_testutils:/root/ws_moveit/install/moveit_simple_controller_manager:/root/ws_moveit/install/moveit_ros_occupancy_map_monitor:/root/ws_moveit/install/moveit_resources_prbt_ikfast_manipulator_plugin:/root/ws_moveit/install/moveit_core:/root/ws_moveit/install/moveit_resources_panda_moveit_config:/root/ws_moveit/install/moveit_resources_fanuc_moveit_config:/root/ws_moveit/install/moveit_configs_utils:/root/ws_moveit/install/srdfdom:/root/ws_moveit/install/moveit_resources_prbt_support:/root/ws_moveit/install/moveit_resources_pr2_description:/root/ws_moveit/install/moveit_resources_panda_description:/root/ws_moveit/install/moveit_resources_fanuc_description:/root/ws_moveit/install/moveit_common:/root/ws_moveit/install/launch_param_builder:${AMENT_PREFIX_PATH} CMAKE_PREFIX_PATH=/root/ws_moveit/install/moveit_resources_prbt_pg70_support:/root/ws_moveit/install/moveit_ros_planning_interface:/root/ws_moveit/install/moveit_resources_prbt_moveit_config:/root/ws_moveit/install/moveit_ros_move_group:/root/ws_moveit/install/moveit_ros_warehouse:/root/ws_moveit/install/moveit_planners_ompl:/root/ws_moveit/install/moveit_kinematics:/root/ws_moveit/install/moveit_ros_planning:/root/ws_moveit/install/pilz_industrial_motion_planner_testutils:/root/ws_moveit/install/moveit_simple_controller_manager:/root/ws_moveit/install/moveit_ros_occupancy_map_monitor:/root/ws_moveit/install/moveit_resources_prbt_ikfast_manipulator_plugin:/root/ws_moveit/install/moveit_core:/root/ws_moveit/install/moveit_resources_panda_moveit_config:/root/ws_moveit/install/moveit_resources_fanuc_moveit_config:/root/ws_moveit/install/srdfdom:/root/ws_moveit/install/moveit_resources_prbt_support:/root/ws_moveit/install/moveit_resources_pr2_description:/root/ws_moveit/install/moveit_resources_panda_description:/root/ws_moveit/install/moveit_resources_fanuc_description:/root/ws_moveit/install/moveit_common:/opt/ros/humble LD_LIBRARY_PATH=/root/ws_moveit/install/moveit_ros_planning_interface/lib:/root/ws_moveit/install/moveit_ros_move_group/lib:/root/ws_moveit/install/moveit_ros_warehouse/lib:/root/ws_moveit/install/moveit_planners_ompl/lib:/root/ws_moveit/install/moveit_kinematics/lib:/root/ws_moveit/install/moveit_ros_planning/lib:/root/ws_moveit/install/pilz_industrial_motion_planner_testutils/lib:/root/ws_moveit/install/moveit_simple_controller_manager/lib:/root/ws_moveit/install/moveit_ros_occupancy_map_monitor/lib:/root/ws_moveit/install/moveit_resources_prbt_ikfast_manipulator_plugin/lib:/root/ws_moveit/install/moveit_core/lib:/root/ws_moveit/install/srdfdom/lib:${LD_LIBRARY_PATH} PATH=/root/ws_moveit/install/moveit_core/bin:${PATH} PYTHONPATH=/root/ws_moveit/install/moveit_configs_utils/lib/python3.10/site-packages:/root/ws_moveit/install/srdfdom/local/lib/python3.10/dist-packages:/root/ws_moveit/install/launch_param_builder/lib/python3.10/site-packages:${PYTHONPATH} /usr/bin/cmake --build /root/ws_moveit/build/pilz_industrial_motion_planner
[100.317s] Invoking command in '/root/ws_moveit/build/pilz_industrial_motion_planner': AMENT_PREFIX_PATH=/root/ws_moveit/install/moveit_resources_prbt_pg70_support:/root/ws_moveit/install/moveit_ros_planning_interface:/root/ws_moveit/install/moveit_resources_prbt_moveit_config:/root/ws_moveit/install/moveit_ros_move_group:/root/ws_moveit/install/moveit_ros_warehouse:/root/ws_moveit/install/moveit_planners_ompl:/root/ws_moveit/install/moveit_kinematics:/root/ws_moveit/install/moveit_ros_planning:/root/ws_moveit/install/pilz_industrial_motion_planner_testutils:/root/ws_moveit/install/moveit_simple_controller_manager:/root/ws_moveit/install/moveit_ros_occupancy_map_monitor:/root/ws_moveit/install/moveit_resources_prbt_ikfast_manipulator_plugin:/root/ws_moveit/install/moveit_core:/root/ws_moveit/install/moveit_resources_panda_moveit_config:/root/ws_moveit/install/moveit_resources_fanuc_moveit_config:/root/ws_moveit/install/moveit_configs_utils:/root/ws_moveit/install/srdfdom:/root/ws_moveit/install/moveit_resources_prbt_support:/root/ws_moveit/install/moveit_resources_pr2_description:/root/ws_moveit/install/moveit_resources_panda_description:/root/ws_moveit/install/moveit_resources_fanuc_description:/root/ws_moveit/install/moveit_common:/root/ws_moveit/install/launch_param_builder:${AMENT_PREFIX_PATH} CMAKE_PREFIX_PATH=/root/ws_moveit/install/moveit_resources_prbt_pg70_support:/root/ws_moveit/install/moveit_ros_planning_interface:/root/ws_moveit/install/moveit_resources_prbt_moveit_config:/root/ws_moveit/install/moveit_ros_move_group:/root/ws_moveit/install/moveit_ros_warehouse:/root/ws_moveit/install/moveit_planners_ompl:/root/ws_moveit/install/moveit_kinematics:/root/ws_moveit/install/moveit_ros_planning:/root/ws_moveit/install/pilz_industrial_motion_planner_testutils:/root/ws_moveit/install/moveit_simple_controller_manager:/root/ws_moveit/install/moveit_ros_occupancy_map_monitor:/root/ws_moveit/install/moveit_resources_prbt_ikfast_manipulator_plugin:/root/ws_moveit/install/moveit_core:/root/ws_moveit/install/moveit_resources_panda_moveit_config:/root/ws_moveit/install/moveit_resources_fanuc_moveit_config:/root/ws_moveit/install/srdfdom:/root/ws_moveit/install/moveit_resources_prbt_support:/root/ws_moveit/install/moveit_resources_pr2_description:/root/ws_moveit/install/moveit_resources_panda_description:/root/ws_moveit/install/moveit_resources_fanuc_description:/root/ws_moveit/install/moveit_common:/opt/ros/humble LD_LIBRARY_PATH=/root/ws_moveit/install/moveit_ros_planning_interface/lib:/root/ws_moveit/install/moveit_ros_move_group/lib:/root/ws_moveit/install/moveit_ros_warehouse/lib:/root/ws_moveit/install/moveit_planners_ompl/lib:/root/ws_moveit/install/moveit_kinematics/lib:/root/ws_moveit/install/moveit_ros_planning/lib:/root/ws_moveit/install/pilz_industrial_motion_planner_testutils/lib:/root/ws_moveit/install/moveit_simple_controller_manager/lib:/root/ws_moveit/install/moveit_ros_occupancy_map_monitor/lib:/root/ws_moveit/install/moveit_resources_prbt_ikfast_manipulator_plugin/lib:/root/ws_moveit/install/moveit_core/lib:/root/ws_moveit/install/srdfdom/lib:${LD_LIBRARY_PATH} PATH=/root/ws_moveit/install/moveit_core/bin:${PATH} PYTHONPATH=/root/ws_moveit/install/moveit_configs_utils/lib/python3.10/site-packages:/root/ws_moveit/install/srdfdom/local/lib/python3.10/dist-packages:/root/ws_moveit/install/launch_param_builder/lib/python3.10/site-packages:${PYTHONPATH} /usr/bin/cmake --install /root/ws_moveit/build/pilz_industrial_motion_planner
[100.323s] -- Install configuration: "Release"
[100.323s] -- Installing: /root/ws_moveit/install/pilz_industrial_motion_planner/share/pilz_industrial_motion_planner/plugins/pilz_industrial_motion_planner_plugin_description.xml
[100.323s] -- Installing: /root/ws_moveit/install/pilz_industrial_motion_planner/share/pilz_industrial_motion_planner/plugins/sequence_capability_plugin_description.xml
[100.323s] -- Installing: /root/ws_moveit/install/pilz_industrial_motion_planner/share/pilz_industrial_motion_planner/plugins/planning_context_plugin_description.xml
[100.323s] -- Installing: /root/ws_moveit/install/pilz_industrial_motion_planner/lib/libpilz_industrial_motion_planner.so
[100.323s] -- Set runtime path of "/root/ws_moveit/install/pilz_industrial_motion_planner/lib/libpilz_industrial_motion_planner.so" to ""
[100.323s] -- Installing: /root/ws_moveit/install/pilz_industrial_motion_planner/lib/libjoint_limits_common.so
[100.323s] -- Set runtime path of "/root/ws_moveit/install/pilz_industrial_motion_planner/lib/libjoint_limits_common.so" to ""
[100.323s] -- Installing: /root/ws_moveit/install/pilz_industrial_motion_planner/lib/libplanning_context_loader_base.so
[100.324s] -- Set runtime path of "/root/ws_moveit/install/pilz_industrial_motion_planner/lib/libplanning_context_loader_base.so" to ""
[100.324s] -- Installing: /root/ws_moveit/install/pilz_industrial_motion_planner/lib/libplanning_context_loader_ptp.so
[100.324s] -- Set runtime path of "/root/ws_moveit/install/pilz_industrial_motion_planner/lib/libplanning_context_loader_ptp.so" to ""
[100.324s] -- Installing: /root/ws_moveit/install/pilz_industrial_motion_planner/lib/libplanning_context_loader_lin.so
[100.324s] -- Set runtime path of "/root/ws_moveit/install/pilz_industrial_motion_planner/lib/libplanning_context_loader_lin.so" to ""
[100.324s] -- Installing: /root/ws_moveit/install/pilz_industrial_motion_planner/lib/libplanning_context_loader_circ.so
[100.324s] -- Set runtime path of "/root/ws_moveit/install/pilz_industrial_motion_planner/lib/libplanning_context_loader_circ.so" to ""
[100.324s] -- Installing: /root/ws_moveit/install/pilz_industrial_motion_planner/lib/libcommand_list_manager.so
[100.324s] -- Set runtime path of "/root/ws_moveit/install/pilz_industrial_motion_planner/lib/libcommand_list_manager.so" to ""
[100.324s] -- Installing: /root/ws_moveit/install/pilz_industrial_motion_planner/lib/libsequence_capability.so
[100.325s] -- Set runtime path of "/root/ws_moveit/install/pilz_industrial_motion_planner/lib/libsequence_capability.so" to ""
[100.325s] -- Installing: /root/ws_moveit/install/pilz_industrial_motion_planner/lib/libtrajectory_generation_common.so
[100.325s] -- Set runtime path of "/root/ws_moveit/install/pilz_industrial_motion_planner/lib/libtrajectory_generation_common.so" to ""
[100.325s] -- Installing: /root/ws_moveit/install/pilz_industrial_motion_planner/include
[100.325s] -- Installing: /root/ws_moveit/install/pilz_industrial_motion_planner/include/joint_limits_copy
[100.325s] -- Installing: /root/ws_moveit/install/pilz_industrial_motion_planner/include/joint_limits_copy/joint_limits.hpp
[100.325s] -- Installing: /root/ws_moveit/install/pilz_industrial_motion_planner/include/joint_limits_copy/joint_limits_rosparam.hpp
[100.325s] -- Installing: /root/ws_moveit/install/pilz_industrial_motion_planner/include/pilz_industrial_motion_planner
[100.325s] -- Installing: /root/ws_moveit/install/pilz_industrial_motion_planner/include/pilz_industrial_motion_planner/joint_limits_extension.h
[100.325s] -- Installing: /root/ws_moveit/install/pilz_industrial_motion_planner/include/pilz_industrial_motion_planner/cartesian_trajectory.h
[100.325s] -- Installing: /root/ws_moveit/install/pilz_industrial_motion_planner/include/pilz_industrial_motion_planner/command_list_manager.h
[100.325s] -- Installing: /root/ws_moveit/install/pilz_industrial_motion_planner/include/pilz_industrial_motion_planner/planning_context_loader_circ.h
[100.325s] -- Installing: /root/ws_moveit/install/pilz_industrial_motion_planner/include/pilz_industrial_motion_planner/trajectory_generator_lin.h
[100.325s] -- Installing: /root/ws_moveit/install/pilz_industrial_motion_planner/include/pilz_industrial_motion_planner/trajectory_generator.h
[100.325s] -- Installing: /root/ws_moveit/install/pilz_industrial_motion_planner/include/pilz_industrial_motion_planner/trajectory_generation_exceptions.h
[100.325s] -- Installing: /root/ws_moveit/install/pilz_industrial_motion_planner/include/pilz_industrial_motion_planner/joint_limits_aggregator.h
[100.325s] -- Installing: /root/ws_moveit/install/pilz_industrial_motion_planner/include/pilz_industrial_motion_planner/planning_context_loader.h
[100.325s] -- Installing: /root/ws_moveit/install/pilz_industrial_motion_planner/include/pilz_industrial_motion_planner/trajectory_generator_ptp.h
[100.325s] -- Installing: /root/ws_moveit/install/pilz_industrial_motion_planner/include/pilz_industrial_motion_planner/planning_context_base.h
[100.326s] -- Installing: /root/ws_moveit/install/pilz_industrial_motion_planner/include/pilz_industrial_motion_planner/cartesian_limits_aggregator.h
[100.326s] -- Installing: /root/ws_moveit/install/pilz_industrial_motion_planner/include/pilz_industrial_motion_planner/planning_exceptions.h
[100.326s] -- Installing: /root/ws_moveit/install/pilz_industrial_motion_planner/include/pilz_industrial_motion_planner/cartesian_limit.h
[100.326s] -- Installing: /root/ws_moveit/install/pilz_industrial_motion_planner/include/pilz_industrial_motion_planner/pilz_industrial_motion_planner.h
[100.326s] -- Installing: /root/ws_moveit/install/pilz_industrial_motion_planner/include/pilz_industrial_motion_planner/tip_frame_getter.h
[100.326s] -- Installing: /root/ws_moveit/install/pilz_industrial_motion_planner/include/pilz_industrial_motion_planner/move_group_sequence_action.h
[100.326s] -- Installing: /root/ws_moveit/install/pilz_industrial_motion_planner/include/pilz_industrial_motion_planner/planning_context_ptp.h
[100.326s] -- Installing: /root/ws_moveit/install/pilz_industrial_motion_planner/include/pilz_industrial_motion_planner/trajectory_blend_request.h
[100.326s] -- Installing: /root/ws_moveit/install/pilz_industrial_motion_planner/include/pilz_industrial_motion_planner/path_circle_generator.h
[100.326s] -- Installing: /root/ws_moveit/install/pilz_industrial_motion_planner/include/pilz_industrial_motion_planner/planning_context_loader_lin.h
[100.326s] -- Installing: /root/ws_moveit/install/pilz_industrial_motion_planner/include/pilz_industrial_motion_planner/velocity_profile_atrap.h
[100.326s] -- Installing: /root/ws_moveit/install/pilz_industrial_motion_planner/include/pilz_industrial_motion_planner/cartesian_trajectory_point.h
[100.326s] -- Installing: /root/ws_moveit/install/pilz_industrial_motion_planner/include/pilz_industrial_motion_planner/limits_container.h
[100.326s] -- Installing: /root/ws_moveit/install/pilz_industrial_motion_planner/include/pilz_industrial_motion_planner/planning_context_lin.h
[100.326s] -- Installing: /root/ws_moveit/install/pilz_industrial_motion_planner/include/pilz_industrial_motion_planner/planning_context_circ.h
[100.326s] -- Installing: /root/ws_moveit/install/pilz_industrial_motion_planner/include/pilz_industrial_motion_planner/plan_components_builder.h
[100.326s] -- Installing: /root/ws_moveit/install/pilz_industrial_motion_planner/include/pilz_industrial_motion_planner/trajectory_functions.h
[100.326s] -- Installing: /root/ws_moveit/install/pilz_industrial_motion_planner/include/pilz_industrial_motion_planner/trajectory_generator_circ.h
[100.326s] -- Installing: /root/ws_moveit/install/pilz_industrial_motion_planner/include/pilz_industrial_motion_planner/move_group_sequence_service.h
[100.326s] -- Installing: /root/ws_moveit/install/pilz_industrial_motion_planner/include/pilz_industrial_motion_planner/trajectory_blend_response.h
[100.326s] -- Installing: /root/ws_moveit/install/pilz_industrial_motion_planner/include/pilz_industrial_motion_planner/trajectory_blender.h
[100.326s] -- Installing: /root/ws_moveit/install/pilz_industrial_motion_planner/include/pilz_industrial_motion_planner/joint_limits_validator.h
[100.326s] -- Installing: /root/ws_moveit/install/pilz_industrial_motion_planner/include/pilz_industrial_motion_planner/joint_limits_container.h
[100.326s] -- Installing: /root/ws_moveit/install/pilz_industrial_motion_planner/include/pilz_industrial_motion_planner/planning_context_loader_ptp.h
[100.326s] -- Installing: /root/ws_moveit/install/pilz_industrial_motion_planner/include/pilz_industrial_motion_planner/trajectory_blender_transition_window.h
[100.326s] -- Installing: /root/ws_moveit/install/pilz_industrial_motion_planner/include/pilz_industrial_motion_planner/capability_names.h
[100.326s] -- Installing: /root/ws_moveit/install/pilz_industrial_motion_planner/include/pilz_industrial_motion_planner/joint_limits_interface_extension.h
[100.327s] -- Installing: /root/ws_moveit/install/pilz_industrial_motion_planner/share/pilz_industrial_motion_planner/environment/library_path.sh
[100.327s] -- Installing: /root/ws_moveit/install/pilz_industrial_motion_planner/share/pilz_industrial_motion_planner/environment/library_path.dsv
[100.327s] -- Installing: /root/ws_moveit/install/pilz_industrial_motion_planner/lib/pilz_industrial_motion_planner/unittest_pilz_industrial_motion_planner_direct
[100.328s] -- Set runtime path of "/root/ws_moveit/install/pilz_industrial_motion_planner/lib/pilz_industrial_motion_planner/unittest_pilz_industrial_motion_planner_direct" to ""
[100.328s] -- Installing: /root/ws_moveit/install/pilz_industrial_motion_planner/lib/pilz_industrial_motion_planner/unittest_velocity_profile_atrap
[100.328s] -- Set runtime path of "/root/ws_moveit/install/pilz_industrial_motion_planner/lib/pilz_industrial_motion_planner/unittest_velocity_profile_atrap" to ""
[100.328s] -- Installing: /root/ws_moveit/install/pilz_industrial_motion_planner/lib/pilz_industrial_motion_planner/unittest_trajectory_generator
[100.328s] -- Set runtime path of "/root/ws_moveit/install/pilz_industrial_motion_planner/lib/pilz_industrial_motion_planner/unittest_trajectory_generator" to ""
[100.328s] -- Installing: /root/ws_moveit/install/pilz_industrial_motion_planner/lib/pilz_industrial_motion_planner/unittest_trajectory_functions
[100.329s] -- Set runtime path of "/root/ws_moveit/install/pilz_industrial_motion_planner/lib/pilz_industrial_motion_planner/unittest_trajectory_functions" to ""
[100.329s] -- Installing: /root/ws_moveit/install/pilz_industrial_motion_planner/lib/pilz_industrial_motion_planner/unittest_trajectory_blender_transition_window
[100.329s] -- Set runtime path of "/root/ws_moveit/install/pilz_industrial_motion_planner/lib/pilz_industrial_motion_planner/unittest_trajectory_blender_transition_window" to ""
[100.329s] -- Installing: /root/ws_moveit/install/pilz_industrial_motion_planner/lib/pilz_industrial_motion_planner/unittest_trajectory_generator_common
[100.330s] -- Set runtime path of "/root/ws_moveit/install/pilz_industrial_motion_planner/lib/pilz_industrial_motion_planner/unittest_trajectory_generator_common" to ""
[100.330s] -- Installing: /root/ws_moveit/install/pilz_industrial_motion_planner/lib/pilz_industrial_motion_planner/unittest_trajectory_generator_circ
[100.331s] -- Set runtime path of "/root/ws_moveit/install/pilz_industrial_motion_planner/lib/pilz_industrial_motion_planner/unittest_trajectory_generator_circ" to ""
[100.331s] -- Installing: /root/ws_moveit/install/pilz_industrial_motion_planner/lib/pilz_industrial_motion_planner/unittest_trajectory_generator_lin
[100.331s] -- Set runtime path of "/root/ws_moveit/install/pilz_industrial_motion_planner/lib/pilz_industrial_motion_planner/unittest_trajectory_generator_lin" to ""
[100.331s] -- Installing: /root/ws_moveit/install/pilz_industrial_motion_planner/lib/pilz_industrial_motion_planner/unittest_trajectory_generator_ptp
[100.332s] -- Set runtime path of "/root/ws_moveit/install/pilz_industrial_motion_planner/lib/pilz_industrial_motion_planner/unittest_trajectory_generator_ptp" to ""
[100.332s] -- Installing: /root/ws_moveit/install/pilz_industrial_motion_planner/lib/pilz_industrial_motion_planner/unittest_pilz_industrial_motion_planner
[100.332s] -- Set runtime path of "/root/ws_moveit/install/pilz_industrial_motion_planner/lib/pilz_industrial_motion_planner/unittest_pilz_industrial_motion_planner" to ""
[100.332s] -- Installing: /root/ws_moveit/install/pilz_industrial_motion_planner/lib/pilz_industrial_motion_planner/unittest_joint_limit
[100.333s] -- Set runtime path of "/root/ws_moveit/install/pilz_industrial_motion_planner/lib/pilz_industrial_motion_planner/unittest_joint_limit" to ""
[100.333s] -- Installing: /root/ws_moveit/install/pilz_industrial_motion_planner/lib/pilz_industrial_motion_planner/unittest_joint_limits_aggregator
[100.333s] -- Set runtime path of "/root/ws_moveit/install/pilz_industrial_motion_planner/lib/pilz_industrial_motion_planner/unittest_joint_limits_aggregator" to ""
[100.333s] -- Installing: /root/ws_moveit/install/pilz_industrial_motion_planner/lib/pilz_industrial_motion_planner/unittest_joint_limits_container
[100.333s] -- Set runtime path of "/root/ws_moveit/install/pilz_industrial_motion_planner/lib/pilz_industrial_motion_planner/unittest_joint_limits_container" to ""
[100.333s] -- Installing: /root/ws_moveit/install/pilz_industrial_motion_planner/lib/pilz_industrial_motion_planner/unittest_joint_limits_validator
[100.334s] -- Set runtime path of "/root/ws_moveit/install/pilz_industrial_motion_planner/lib/pilz_industrial_motion_planner/unittest_joint_limits_validator" to ""
[100.334s] -- Installing: /root/ws_moveit/install/pilz_industrial_motion_planner/lib/pilz_industrial_motion_planner/unittest_cartesian_limits_aggregator
[100.334s] -- Set runtime path of "/root/ws_moveit/install/pilz_industrial_motion_planner/lib/pilz_industrial_motion_planner/unittest_cartesian_limits_aggregator" to ""
[100.334s] -- Installing: /root/ws_moveit/install/pilz_industrial_motion_planner/lib/pilz_industrial_motion_planner/unittest_planning_context_loaders
[100.335s] -- Set runtime path of "/root/ws_moveit/install/pilz_industrial_motion_planner/lib/pilz_industrial_motion_planner/unittest_planning_context_loaders" to ""
[100.335s] -- Installing: /root/ws_moveit/install/pilz_industrial_motion_planner/lib/pilz_industrial_motion_planner/unittest_planning_context
[100.335s] -- Set runtime path of "/root/ws_moveit/install/pilz_industrial_motion_planner/lib/pilz_industrial_motion_planner/unittest_planning_context" to ""
[100.335s] -- Installing: /root/ws_moveit/install/pilz_industrial_motion_planner/lib/pilz_industrial_motion_planner/unittest_get_solver_tip_frame
[100.336s] -- Set runtime path of "/root/ws_moveit/install/pilz_industrial_motion_planner/lib/pilz_industrial_motion_planner/unittest_get_solver_tip_frame" to ""
[100.336s] -- Installing: /root/ws_moveit/install/pilz_industrial_motion_planner/share/pilz_industrial_motion_planner/config
[100.336s] -- Installing: /root/ws_moveit/install/pilz_industrial_motion_planner/share/pilz_industrial_motion_planner/config/unittest_trajectory_generator_common.yaml
[100.336s] -- Installing: /root/ws_moveit/install/pilz_industrial_motion_planner/share/pilz_industrial_motion_planner/config/unittest_joint_limits_aggregator.yaml
[100.336s] -- Installing: /root/ws_moveit/install/pilz_industrial_motion_planner/share/pilz_industrial_motion_planner/config/unittest_trajectory_generator_ptp.yaml
[100.336s] -- Installing: /root/ws_moveit/install/pilz_industrial_motion_planner/share/pilz_industrial_motion_planner/config/unittest_trajectory_generator_lin.yaml
[100.336s] -- Installing: /root/ws_moveit/install/pilz_industrial_motion_planner/share/pilz_industrial_motion_planner/config/unittest_trajectory_generator_circ.yaml
[100.336s] -- Installing: /root/ws_moveit/install/pilz_industrial_motion_planner/share/pilz_industrial_motion_planner/config/unittest_trajectory_blender_transition_window.yaml
[100.336s] -- Installing: /root/ws_moveit/install/pilz_industrial_motion_planner/share/pilz_industrial_motion_planner/config/unittest_joint_limit_config.yaml
[100.336s] -- Installing: /root/ws_moveit/install/pilz_industrial_motion_planner/share/pilz_industrial_motion_planner/config/unittest_trajectory_functions.yaml
[100.336s] -- Installing: /root/ws_moveit/install/pilz_industrial_motion_planner/share/pilz_industrial_motion_planner/config/unittest_cartesian_limits_aggregator.yaml
[100.336s] -- Installing: /root/ws_moveit/install/pilz_industrial_motion_planner/share/pilz_industrial_motion_planner/launch
[100.336s] -- Installing: /root/ws_moveit/install/pilz_industrial_motion_planner/share/pilz_industrial_motion_planner/launch/unittest_cartesian_limits_aggregator.test.py
[100.336s] -- Installing: /root/ws_moveit/install/pilz_industrial_motion_planner/share/pilz_industrial_motion_planner/launch/unittest_trajectory_generator_ptp.test.py
[100.336s] -- Installing: /root/ws_moveit/install/pilz_industrial_motion_planner/share/pilz_industrial_motion_planner/launch/common_parameters.py
[100.336s] -- Installing: /root/ws_moveit/install/pilz_industrial_motion_planner/share/pilz_industrial_motion_planner/launch/unittest_joint_limit.test.py
[100.336s] -- Installing: /root/ws_moveit/install/pilz_industrial_motion_planner/share/pilz_industrial_motion_planner/launch/unittest_trajectory_blender_transition_window.test.py
[100.336s] -- Installing: /root/ws_moveit/install/pilz_industrial_motion_planner/share/pilz_industrial_motion_planner/launch/unittest_joint_limits_aggregator.test.py
[100.336s] -- Installing: /root/ws_moveit/install/pilz_industrial_motion_planner/share/pilz_industrial_motion_planner/launch/unittest_trajectory_generator_lin.test.py
[100.337s] -- Installing: /root/ws_moveit/install/pilz_industrial_motion_planner/share/pilz_industrial_motion_planner/launch/unittest_pilz_industrial_motion_planner.test.py
[100.337s] -- Installing: /root/ws_moveit/install/pilz_industrial_motion_planner/share/pilz_industrial_motion_planner/launch/unittest_trajectory_generator_circ.test.py
[100.337s] -- Installing: /root/ws_moveit/install/pilz_industrial_motion_planner/share/pilz_industrial_motion_planner/launch/unittest_trajectory_functions.test.py
[100.337s] -- Installing: /root/ws_moveit/install/pilz_industrial_motion_planner/share/pilz_industrial_motion_planner/launch/unittest_planning_context_loaders.test.py
[100.337s] -- Installing: /root/ws_moveit/install/pilz_industrial_motion_planner/share/pilz_industrial_motion_planner/launch/unittest_trajectory_generator_common.test.py
[100.337s] -- Installing: /root/ws_moveit/install/pilz_industrial_motion_planner/share/pilz_industrial_motion_planner/launch/unittest_planning_context.test.py
[100.337s] -- Installing: /root/ws_moveit/install/pilz_industrial_motion_planner/share/pilz_industrial_motion_planner/test_data
[100.337s] -- Installing: /root/ws_moveit/install/pilz_industrial_motion_planner/share/pilz_industrial_motion_planner/test_data/concept_testdata.odp
[100.337s] -- Installing: /root/ws_moveit/install/pilz_industrial_motion_planner/share/pilz_industrial_motion_planner/test_data/testpoints.py
[100.337s] -- Installing: /root/ws_moveit/install/pilz_industrial_motion_planner/share/pilz_industrial_motion_planner/test_data/concept_testdata.png
[100.337s] -- Installing: /root/ws_moveit/install/pilz_industrial_motion_planner/share/pilz_industrial_motion_planner/test_data/prbt
[100.337s] -- Installing: /root/ws_moveit/install/pilz_industrial_motion_planner/share/pilz_industrial_motion_planner/test_data/prbt/testdata_sequence.xml
[100.337s] -- Installing: /root/ws_moveit/install/pilz_industrial_motion_planner/share/pilz_industrial_motion_planner/test_data/prbt/testdata_with_gripper.xml
[100.337s] -- Installing: /root/ws_moveit/install/pilz_industrial_motion_planner/share/pilz_industrial_motion_planner/test_data/prbt/testdata_deprecated.xml
[100.337s] -- Installing: /root/ws_moveit/install/pilz_industrial_motion_planner/share/pilz_industrial_motion_planner/test_data/frankaemika_panda
[100.337s] -- Installing: /root/ws_moveit/install/pilz_industrial_motion_planner/share/pilz_industrial_motion_planner/test_data/frankaemika_panda/testdata_sequence.xml
[100.337s] -- Installing: /root/ws_moveit/install/pilz_industrial_motion_planner/share/ament_index/resource_index/package_run_dependencies/pilz_industrial_motion_planner
[100.337s] -- Installing: /root/ws_moveit/install/pilz_industrial_motion_planner/share/ament_index/resource_index/parent_prefix_path/pilz_industrial_motion_planner
[100.337s] -- Installing: /root/ws_moveit/install/pilz_industrial_motion_planner/share/pilz_industrial_motion_planner/environment/ament_prefix_path.sh
[100.337s] -- Installing: /root/ws_moveit/install/pilz_industrial_motion_planner/share/pilz_industrial_motion_planner/environment/ament_prefix_path.dsv
[100.337s] -- Installing: /root/ws_moveit/install/pilz_industrial_motion_planner/share/pilz_industrial_motion_planner/environment/path.sh
[100.338s] -- Installing: /root/ws_moveit/install/pilz_industrial_motion_planner/share/pilz_industrial_motion_planner/environment/path.dsv
[100.338s] -- Installing: /root/ws_moveit/install/pilz_industrial_motion_planner/share/pilz_industrial_motion_planner/local_setup.bash
[100.338s] -- Installing: /root/ws_moveit/install/pilz_industrial_motion_planner/share/pilz_industrial_motion_planner/local_setup.sh
[100.338s] -- Installing: /root/ws_moveit/install/pilz_industrial_motion_planner/share/pilz_industrial_motion_planner/local_setup.zsh
[100.338s] -- Installing: /root/ws_moveit/install/pilz_industrial_motion_planner/share/pilz_industrial_motion_planner/local_setup.dsv
[100.338s] -- Installing: /root/ws_moveit/install/pilz_industrial_motion_planner/share/pilz_industrial_motion_planner/package.dsv
[100.338s] -- Installing: /root/ws_moveit/install/pilz_industrial_motion_planner/share/ament_index/resource_index/packages/pilz_industrial_motion_planner
[100.338s] -- Installing: /root/ws_moveit/install/pilz_industrial_motion_planner/share/ament_index/resource_index/moveit_core__pluginlib__plugin/pilz_industrial_motion_planner
[100.338s] -- Installing: /root/ws_moveit/install/pilz_industrial_motion_planner/share/ament_index/resource_index/moveit_ros_move_group__pluginlib__plugin/pilz_industrial_motion_planner
[100.338s] -- Installing: /root/ws_moveit/install/pilz_industrial_motion_planner/share/ament_index/resource_index/pilz_industrial_motion_planner__pluginlib__plugin/pilz_industrial_motion_planner
[100.338s] -- Installing: /root/ws_moveit/install/pilz_industrial_motion_planner/share/pilz_industrial_motion_planner/cmake/pilz_industrial_motion_plannerTargetsExport.cmake
[100.338s] -- Installing: /root/ws_moveit/install/pilz_industrial_motion_planner/share/pilz_industrial_motion_planner/cmake/pilz_industrial_motion_plannerTargetsExport-release.cmake
[100.338s] -- Installing: /root/ws_moveit/install/pilz_industrial_motion_planner/share/pilz_industrial_motion_planner/cmake/ament_cmake_export_include_directories-extras.cmake
[100.338s] -- Installing: /root/ws_moveit/install/pilz_industrial_motion_planner/share/pilz_industrial_motion_planner/cmake/ament_cmake_export_targets-extras.cmake
[100.338s] -- Installing: /root/ws_moveit/install/pilz_industrial_motion_planner/share/pilz_industrial_motion_planner/cmake/ament_cmake_export_dependencies-extras.cmake
[100.338s] -- Installing: /root/ws_moveit/install/pilz_industrial_motion_planner/share/pilz_industrial_motion_planner/cmake/pilz_industrial_motion_plannerConfig.cmake
[100.338s] -- Installing: /root/ws_moveit/install/pilz_industrial_motion_planner/share/pilz_industrial_motion_planner/cmake/pilz_industrial_motion_plannerConfig-version.cmake
[100.338s] -- Installing: /root/ws_moveit/install/pilz_industrial_motion_planner/share/pilz_industrial_motion_planner/package.xml
[100.340s] Invoked command in '/root/ws_moveit/build/pilz_industrial_motion_planner' returned '0': AMENT_PREFIX_PATH=/root/ws_moveit/install/moveit_resources_prbt_pg70_support:/root/ws_moveit/install/moveit_ros_planning_interface:/root/ws_moveit/install/moveit_resources_prbt_moveit_config:/root/ws_moveit/install/moveit_ros_move_group:/root/ws_moveit/install/moveit_ros_warehouse:/root/ws_moveit/install/moveit_planners_ompl:/root/ws_moveit/install/moveit_kinematics:/root/ws_moveit/install/moveit_ros_planning:/root/ws_moveit/install/pilz_industrial_motion_planner_testutils:/root/ws_moveit/install/moveit_simple_controller_manager:/root/ws_moveit/install/moveit_ros_occupancy_map_monitor:/root/ws_moveit/install/moveit_resources_prbt_ikfast_manipulator_plugin:/root/ws_moveit/install/moveit_core:/root/ws_moveit/install/moveit_resources_panda_moveit_config:/root/ws_moveit/install/moveit_resources_fanuc_moveit_config:/root/ws_moveit/install/moveit_configs_utils:/root/ws_moveit/install/srdfdom:/root/ws_moveit/install/moveit_resources_prbt_support:/root/ws_moveit/install/moveit_resources_pr2_description:/root/ws_moveit/install/moveit_resources_panda_description:/root/ws_moveit/install/moveit_resources_fanuc_description:/root/ws_moveit/install/moveit_common:/root/ws_moveit/install/launch_param_builder:${AMENT_PREFIX_PATH} CMAKE_PREFIX_PATH=/root/ws_moveit/install/moveit_resources_prbt_pg70_support:/root/ws_moveit/install/moveit_ros_planning_interface:/root/ws_moveit/install/moveit_resources_prbt_moveit_config:/root/ws_moveit/install/moveit_ros_move_group:/root/ws_moveit/install/moveit_ros_warehouse:/root/ws_moveit/install/moveit_planners_ompl:/root/ws_moveit/install/moveit_kinematics:/root/ws_moveit/install/moveit_ros_planning:/root/ws_moveit/install/pilz_industrial_motion_planner_testutils:/root/ws_moveit/install/moveit_simple_controller_manager:/root/ws_moveit/install/moveit_ros_occupancy_map_monitor:/root/ws_moveit/install/moveit_resources_prbt_ikfast_manipulator_plugin:/root/ws_moveit/install/moveit_core:/root/ws_moveit/install/moveit_resources_panda_moveit_config:/root/ws_moveit/install/moveit_resources_fanuc_moveit_config:/root/ws_moveit/install/srdfdom:/root/ws_moveit/install/moveit_resources_prbt_support:/root/ws_moveit/install/moveit_resources_pr2_description:/root/ws_moveit/install/moveit_resources_panda_description:/root/ws_moveit/install/moveit_resources_fanuc_description:/root/ws_moveit/install/moveit_common:/opt/ros/humble LD_LIBRARY_PATH=/root/ws_moveit/install/moveit_ros_planning_interface/lib:/root/ws_moveit/install/moveit_ros_move_group/lib:/root/ws_moveit/install/moveit_ros_warehouse/lib:/root/ws_moveit/install/moveit_planners_ompl/lib:/root/ws_moveit/install/moveit_kinematics/lib:/root/ws_moveit/install/moveit_ros_planning/lib:/root/ws_moveit/install/pilz_industrial_motion_planner_testutils/lib:/root/ws_moveit/install/moveit_simple_controller_manager/lib:/root/ws_moveit/install/moveit_ros_occupancy_map_monitor/lib:/root/ws_moveit/install/moveit_resources_prbt_ikfast_manipulator_plugin/lib:/root/ws_moveit/install/moveit_core/lib:/root/ws_moveit/install/srdfdom/lib:${LD_LIBRARY_PATH} PATH=/root/ws_moveit/install/moveit_core/bin:${PATH} PYTHONPATH=/root/ws_moveit/install/moveit_configs_utils/lib/python3.10/site-packages:/root/ws_moveit/install/srdfdom/local/lib/python3.10/dist-packages:/root/ws_moveit/install/launch_param_builder/lib/python3.10/site-packages:${PYTHONPATH} /usr/bin/cmake --install /root/ws_moveit/build/pilz_industrial_motion_planner
