[0.000000] (-) TimerEvent: {}
[0.000149] (-) JobUnselected: {'identifier': 'chomp_motion_planner'}
[0.000169] (-) JobUnselected: {'identifier': 'joint_trajectory_bridge'}
[0.000184] (-) JobUnselected: {'identifier': 'launch_param_builder'}
[0.000198] (-) JobUnselected: {'identifier': 'moveit'}
[0.000211] (-) JobUnselected: {'identifier': 'moveit2_tutorials'}
[0.000224] (-) JobUnselected: {'identifier': 'moveit_chomp_optimizer_adapter'}
[0.000236] (-) JobUnselected: {'identifier': 'moveit_common'}
[0.000249] (-) JobUnselected: {'identifier': 'moveit_configs_utils'}
[0.000262] (-) JobUnselected: {'identifier': 'moveit_core'}
[0.000274] (-) JobUnselected: {'identifier': 'moveit_hybrid_planning'}
[0.000286] (-) JobUnselected: {'identifier': 'moveit_kinematics'}
[0.000298] (-) JobUnselected: {'identifier': 'moveit_planners'}
[0.000339] (-) JobUnselected: {'identifier': 'moveit_planners_chomp'}
[0.000360] (-) JobUnselected: {'identifier': 'moveit_planners_ompl'}
[0.000367] (-) JobUnselected: {'identifier': 'moveit_plugins'}
[0.000373] (-) JobUnselected: {'identifier': 'moveit_resources'}
[0.000379] (-) JobUnselected: {'identifier': 'moveit_resources_fanuc_description'}
[0.000384] (-) JobUnselected: {'identifier': 'moveit_resources_fanuc_moveit_config'}
[0.000392] (-) JobUnselected: {'identifier': 'moveit_resources_panda_description'}
[0.000400] (-) JobUnselected: {'identifier': 'moveit_resources_panda_moveit_config'}
[0.000406] (-) JobUnselected: {'identifier': 'moveit_resources_pr2_description'}
[0.000412] (-) JobUnselected: {'identifier': 'moveit_resources_prbt_ikfast_manipulator_plugin'}
[0.000417] (-) JobUnselected: {'identifier': 'moveit_resources_prbt_moveit_config'}
[0.000423] (-) JobUnselected: {'identifier': 'moveit_resources_prbt_pg70_support'}
[0.000428] (-) JobUnselected: {'identifier': 'moveit_resources_prbt_support'}
[0.000433] (-) JobUnselected: {'identifier': 'moveit_ros'}
[0.000439] (-) JobUnselected: {'identifier': 'moveit_ros_benchmarks'}
[0.000444] (-) JobUnselected: {'identifier': 'moveit_ros_control_interface'}
[0.000449] (-) JobUnselected: {'identifier': 'moveit_ros_move_group'}
[0.000454] (-) JobUnselected: {'identifier': 'moveit_ros_occupancy_map_monitor'}
[0.000459] (-) JobUnselected: {'identifier': 'moveit_ros_perception'}
[0.000465] (-) JobUnselected: {'identifier': 'moveit_ros_planning'}
[0.000470] (-) JobUnselected: {'identifier': 'moveit_ros_planning_interface'}
[0.000476] (-) JobUnselected: {'identifier': 'moveit_ros_robot_interaction'}
[0.000481] (-) JobUnselected: {'identifier': 'moveit_ros_visualization'}
[0.000486] (-) JobUnselected: {'identifier': 'moveit_ros_warehouse'}
[0.000492] (-) JobUnselected: {'identifier': 'moveit_runtime'}
[0.000497] (-) JobUnselected: {'identifier': 'moveit_servo'}
[0.000502] (-) JobUnselected: {'identifier': 'moveit_setup_app_plugins'}
[0.000508] (-) JobUnselected: {'identifier': 'moveit_setup_assistant'}
[0.000513] (-) JobUnselected: {'identifier': 'moveit_setup_controllers'}
[0.000518] (-) JobUnselected: {'identifier': 'moveit_setup_core_plugins'}
[0.000524] (-) JobUnselected: {'identifier': 'moveit_setup_framework'}
[0.000529] (-) JobUnselected: {'identifier': 'moveit_setup_srdf_plugins'}
[0.000534] (-) JobUnselected: {'identifier': 'moveit_simple_controller_manager'}
[0.000539] (-) JobUnselected: {'identifier': 'moveit_task_constructor_capabilities'}
[0.000545] (-) JobUnselected: {'identifier': 'moveit_task_constructor_core'}
[0.000550] (-) JobUnselected: {'identifier': 'moveit_task_constructor_demo'}
[0.000555] (-) JobUnselected: {'identifier': 'moveit_task_constructor_msgs'}
[0.000560] (-) JobUnselected: {'identifier': 'moveit_task_constructor_visualization'}
[0.000566] (-) JobUnselected: {'identifier': 'moveit_visual_tools'}
[0.000571] (-) JobUnselected: {'identifier': 'pilz_industrial_motion_planner'}
[0.000576] (-) JobUnselected: {'identifier': 'pilz_industrial_motion_planner_testutils'}
[0.000581] (-) JobUnselected: {'identifier': 'robot_scripts'}
[0.000587] (-) JobUnselected: {'identifier': 'rosparam_shortcuts'}
[0.000592] (-) JobUnselected: {'identifier': 'rviz_marker_tools'}
[0.000603] (-) JobUnselected: {'identifier': 'srdfdom'}
[0.000609] (-) EventReactorShutdown: {}
